[2023-09-27T02:36:49.117+0000] {taskinstance.py:1157} INFO - Dependencies all met for dep_context=non-requeueable deps ti=<TaskInstance: tutorial.templated manual__2023-09-27T02:36:28.353827+00:00 [queued]>
[2023-09-27T02:36:49.216+0000] {taskinstance.py:1157} INFO - Dependencies all met for dep_context=requeueable deps ti=<TaskInstance: tutorial.templated manual__2023-09-27T02:36:28.353827+00:00 [queued]>
[2023-09-27T02:36:49.228+0000] {taskinstance.py:1359} INFO - Starting attempt 1 of 2
[2023-09-27T02:36:49.360+0000] {taskinstance.py:1380} INFO - Executing <Task(BashOperator): templated> on 2023-09-27 02:36:28.353827+00:00
[2023-09-27T02:36:49.402+0000] {standard_task_runner.py:57} INFO - Started process 127 to run task
[2023-09-27T02:36:49.426+0000] {standard_task_runner.py:84} INFO - Running: ['***', 'tasks', 'run', 'tutorial', 'templated', 'manual__2023-09-27T02:36:28.353827+00:00', '--job-id', '7', '--raw', '--subdir', '/home/***/.local/lib/python3.8/site-packages/***/example_dags/tutorial.py', '--cfg-path', '/tmp/tmprdyhe8ed']
[2023-09-27T02:36:49.443+0000] {standard_task_runner.py:85} INFO - Job 7: Subtask templated
[2023-09-27T02:36:49.690+0000] {task_command.py:415} INFO - Running <TaskInstance: tutorial.templated manual__2023-09-27T02:36:28.353827+00:00 [running]> on host 7ab4cb586492
[2023-09-27T02:36:49.915+0000] {taskinstance.py:1660} INFO - Exporting env vars: AIRFLOW_CTX_DAG_EMAIL='***@example.com' AIRFLOW_CTX_DAG_OWNER='***' AIRFLOW_CTX_DAG_ID='tutorial' AIRFLOW_CTX_TASK_ID='templated' AIRFLOW_CTX_EXECUTION_DATE='2023-09-27T02:36:28.353827+00:00' AIRFLOW_CTX_TRY_NUMBER='1' AIRFLOW_CTX_DAG_RUN_ID='manual__2023-09-27T02:36:28.353827+00:00'
[2023-09-27T02:36:49.924+0000] {subprocess.py:63} INFO - Tmp dir root location: /tmp
[2023-09-27T02:36:49.927+0000] {subprocess.py:75} INFO - Running command: ['/bin/bash', '-c', '\n\n    echo "2023-09-27"\n    echo "2023-10-04"\n\n    echo "2023-09-27"\n    echo "2023-10-04"\n\n    echo "2023-09-27"\n    echo "2023-10-04"\n\n    echo "2023-09-27"\n    echo "2023-10-04"\n\n    echo "2023-09-27"\n    echo "2023-10-04"\n']
[2023-09-27T02:36:49.977+0000] {subprocess.py:86} INFO - Output:
[2023-09-27T02:36:49.980+0000] {subprocess.py:93} INFO - 2023-09-27
[2023-09-27T02:36:49.982+0000] {subprocess.py:93} INFO - 2023-10-04
[2023-09-27T02:36:49.986+0000] {subprocess.py:93} INFO - 2023-09-27
[2023-09-27T02:36:49.988+0000] {subprocess.py:93} INFO - 2023-10-04
[2023-09-27T02:36:49.990+0000] {subprocess.py:93} INFO - 2023-09-27
[2023-09-27T02:36:49.991+0000] {subprocess.py:93} INFO - 2023-10-04
[2023-09-27T02:36:49.993+0000] {subprocess.py:93} INFO - 2023-09-27
[2023-09-27T02:36:49.994+0000] {subprocess.py:93} INFO - 2023-10-04
[2023-09-27T02:36:49.996+0000] {subprocess.py:93} INFO - 2023-09-27
[2023-09-27T02:36:49.997+0000] {subprocess.py:93} INFO - 2023-10-04
[2023-09-27T02:36:49.998+0000] {subprocess.py:97} INFO - Command exited with return code 0
[2023-09-27T02:36:50.072+0000] {taskinstance.py:1398} INFO - Marking task as SUCCESS. dag_id=tutorial, task_id=templated, execution_date=20230927T023628, start_date=20230927T023649, end_date=20230927T023650
[2023-09-27T02:36:50.156+0000] {local_task_job_runner.py:228} INFO - Task exited with return code 0
[2023-09-27T02:36:50.202+0000] {taskinstance.py:2776} INFO - 0 downstream tasks scheduled from follow-on schedule check
