[2023-09-27T02:36:47.188+0000] {taskinstance.py:1157} INFO - Dependencies all met for dep_context=non-requeueable deps ti=<TaskInstance: tutorial.templated scheduled__2023-09-26T02:36:08.438939+00:00 [queued]>
[2023-09-27T02:36:47.215+0000] {taskinstance.py:1157} INFO - Dependencies all met for dep_context=requeueable deps ti=<TaskInstance: tutorial.templated scheduled__2023-09-26T02:36:08.438939+00:00 [queued]>
[2023-09-27T02:36:47.218+0000] {taskinstance.py:1359} INFO - Starting attempt 1 of 2
[2023-09-27T02:36:47.253+0000] {taskinstance.py:1380} INFO - Executing <Task(BashOperator): templated> on 2023-09-26 02:36:08.438939+00:00
[2023-09-27T02:36:47.266+0000] {standard_task_runner.py:57} INFO - Started process 124 to run task
[2023-09-27T02:36:47.372+0000] {standard_task_runner.py:84} INFO - Running: ['***', 'tasks', 'run', 'tutorial', 'templated', 'scheduled__2023-09-26T02:36:08.438939+00:00', '--job-id', '6', '--raw', '--subdir', '/home/***/.local/lib/python3.8/site-packages/***/example_dags/tutorial.py', '--cfg-path', '/tmp/tmpshalkbwq']
[2023-09-27T02:36:47.404+0000] {standard_task_runner.py:85} INFO - Job 6: Subtask templated
[2023-09-27T02:36:48.114+0000] {task_command.py:415} INFO - Running <TaskInstance: tutorial.templated scheduled__2023-09-26T02:36:08.438939+00:00 [running]> on host 7ab4cb586492
[2023-09-27T02:36:48.732+0000] {taskinstance.py:1660} INFO - Exporting env vars: AIRFLOW_CTX_DAG_EMAIL='***@example.com' AIRFLOW_CTX_DAG_OWNER='***' AIRFLOW_CTX_DAG_ID='tutorial' AIRFLOW_CTX_TASK_ID='templated' AIRFLOW_CTX_EXECUTION_DATE='2023-09-26T02:36:08.438939+00:00' AIRFLOW_CTX_TRY_NUMBER='1' AIRFLOW_CTX_DAG_RUN_ID='scheduled__2023-09-26T02:36:08.438939+00:00'
[2023-09-27T02:36:48.746+0000] {subprocess.py:63} INFO - Tmp dir root location: /tmp
[2023-09-27T02:36:48.756+0000] {subprocess.py:75} INFO - Running command: ['/bin/bash', '-c', '\n\n    echo "2023-09-26"\n    echo "2023-10-03"\n\n    echo "2023-09-26"\n    echo "2023-10-03"\n\n    echo "2023-09-26"\n    echo "2023-10-03"\n\n    echo "2023-09-26"\n    echo "2023-10-03"\n\n    echo "2023-09-26"\n    echo "2023-10-03"\n']
[2023-09-27T02:36:48.864+0000] {subprocess.py:86} INFO - Output:
[2023-09-27T02:36:48.878+0000] {subprocess.py:93} INFO - 2023-09-26
[2023-09-27T02:36:48.883+0000] {subprocess.py:93} INFO - 2023-10-03
[2023-09-27T02:36:48.891+0000] {subprocess.py:93} INFO - 2023-09-26
[2023-09-27T02:36:48.899+0000] {subprocess.py:93} INFO - 2023-10-03
[2023-09-27T02:36:48.912+0000] {subprocess.py:93} INFO - 2023-09-26
[2023-09-27T02:36:48.925+0000] {subprocess.py:93} INFO - 2023-10-03
[2023-09-27T02:36:48.928+0000] {subprocess.py:93} INFO - 2023-09-26
[2023-09-27T02:36:48.939+0000] {subprocess.py:93} INFO - 2023-10-03
[2023-09-27T02:36:48.950+0000] {subprocess.py:93} INFO - 2023-09-26
[2023-09-27T02:36:48.967+0000] {subprocess.py:93} INFO - 2023-10-03
[2023-09-27T02:36:48.989+0000] {subprocess.py:97} INFO - Command exited with return code 0
[2023-09-27T02:36:49.316+0000] {taskinstance.py:1398} INFO - Marking task as SUCCESS. dag_id=tutorial, task_id=templated, execution_date=20230926T023608, start_date=20230927T023647, end_date=20230927T023649
[2023-09-27T02:36:49.464+0000] {local_task_job_runner.py:228} INFO - Task exited with return code 0
[2023-09-27T02:36:49.555+0000] {taskinstance.py:2776} INFO - 0 downstream tasks scheduled from follow-on schedule check
