[2023-09-27T02:33:36.297+0000] {processor.py:157} INFO - Started process (PID=53) to work on /home/airflow/.local/lib/python3.8/site-packages/airflow/example_dags/example_short_circuit_operator.py
[2023-09-27T02:33:36.302+0000] {processor.py:829} INFO - Processing file /home/airflow/.local/lib/python3.8/site-packages/airflow/example_dags/example_short_circuit_operator.py for tasks to queue
[2023-09-27T02:33:36.315+0000] {logging_mixin.py:151} INFO - [2023-09-27T02:33:36.314+0000] {dagbag.py:539} INFO - Filling up the DagBag from /home/airflow/.local/lib/python3.8/site-packages/airflow/example_dags/example_short_circuit_operator.py
[2023-09-27T02:33:36.387+0000] {processor.py:839} INFO - DAG(s) dict_keys(['example_short_circuit_operator']) retrieved from /home/airflow/.local/lib/python3.8/site-packages/airflow/example_dags/example_short_circuit_operator.py
[2023-09-27T02:33:37.439+0000] {logging_mixin.py:151} INFO - [2023-09-27T02:33:37.439+0000] {manager.py:499} INFO - Created Permission View: %s
[2023-09-27T02:33:37.490+0000] {logging_mixin.py:151} INFO - [2023-09-27T02:33:37.490+0000] {manager.py:499} INFO - Created Permission View: %s
[2023-09-27T02:33:37.529+0000] {logging_mixin.py:151} INFO - [2023-09-27T02:33:37.528+0000] {manager.py:499} INFO - Created Permission View: %s
[2023-09-27T02:33:37.530+0000] {logging_mixin.py:151} INFO - [2023-09-27T02:33:37.530+0000] {security.py:708} INFO - Not syncing DAG-level permissions for DAG 'DAG:example_short_circuit_operator' as access control is unset.
[2023-09-27T02:33:37.532+0000] {logging_mixin.py:151} INFO - [2023-09-27T02:33:37.532+0000] {dag.py:2915} INFO - Sync 1 DAGs
[2023-09-27T02:33:37.592+0000] {logging_mixin.py:151} INFO - [2023-09-27T02:33:37.592+0000] {dag.py:2937} INFO - Creating ORM DAG for example_short_circuit_operator
[2023-09-27T02:33:37.633+0000] {logging_mixin.py:151} INFO - [2023-09-27T02:33:37.632+0000] {dag.py:3696} INFO - Setting next_dagrun for example_short_circuit_operator to 2023-09-26T02:33:37.631178+00:00, run_after=2023-09-27T02:33:37.631178+00:00
[2023-09-27T02:33:37.705+0000] {processor.py:179} INFO - Processing /home/airflow/.local/lib/python3.8/site-packages/airflow/example_dags/example_short_circuit_operator.py took 1.424 seconds
[2023-09-27T02:34:08.012+0000] {processor.py:157} INFO - Started process (PID=105) to work on /home/airflow/.local/lib/python3.8/site-packages/airflow/example_dags/example_short_circuit_operator.py
[2023-09-27T02:34:08.024+0000] {processor.py:829} INFO - Processing file /home/airflow/.local/lib/python3.8/site-packages/airflow/example_dags/example_short_circuit_operator.py for tasks to queue
[2023-09-27T02:34:08.038+0000] {logging_mixin.py:151} INFO - [2023-09-27T02:34:08.029+0000] {dagbag.py:539} INFO - Filling up the DagBag from /home/airflow/.local/lib/python3.8/site-packages/airflow/example_dags/example_short_circuit_operator.py
[2023-09-27T02:34:08.189+0000] {processor.py:839} INFO - DAG(s) dict_keys(['example_short_circuit_operator']) retrieved from /home/airflow/.local/lib/python3.8/site-packages/airflow/example_dags/example_short_circuit_operator.py
[2023-09-27T02:34:08.428+0000] {logging_mixin.py:151} INFO - [2023-09-27T02:34:08.428+0000] {dag.py:2915} INFO - Sync 1 DAGs
[2023-09-27T02:34:08.662+0000] {logging_mixin.py:151} INFO - [2023-09-27T02:34:08.662+0000] {dag.py:3696} INFO - Setting next_dagrun for example_short_circuit_operator to 2023-09-26T02:34:08.659071+00:00, run_after=2023-09-27T02:34:08.659071+00:00
[2023-09-27T02:34:08.830+0000] {processor.py:179} INFO - Processing /home/airflow/.local/lib/python3.8/site-packages/airflow/example_dags/example_short_circuit_operator.py took 0.830 seconds
[2023-09-27T02:34:39.146+0000] {processor.py:157} INFO - Started process (PID=159) to work on /home/airflow/.local/lib/python3.8/site-packages/airflow/example_dags/example_short_circuit_operator.py
[2023-09-27T02:34:39.154+0000] {processor.py:829} INFO - Processing file /home/airflow/.local/lib/python3.8/site-packages/airflow/example_dags/example_short_circuit_operator.py for tasks to queue
[2023-09-27T02:34:39.160+0000] {logging_mixin.py:151} INFO - [2023-09-27T02:34:39.159+0000] {dagbag.py:539} INFO - Filling up the DagBag from /home/airflow/.local/lib/python3.8/site-packages/airflow/example_dags/example_short_circuit_operator.py
[2023-09-27T02:34:39.179+0000] {processor.py:839} INFO - DAG(s) dict_keys(['example_short_circuit_operator']) retrieved from /home/airflow/.local/lib/python3.8/site-packages/airflow/example_dags/example_short_circuit_operator.py
[2023-09-27T02:34:39.229+0000] {logging_mixin.py:151} INFO - [2023-09-27T02:34:39.228+0000] {dag.py:2915} INFO - Sync 1 DAGs
[2023-09-27T02:34:39.279+0000] {logging_mixin.py:151} INFO - [2023-09-27T02:34:39.278+0000] {dag.py:3696} INFO - Setting next_dagrun for example_short_circuit_operator to 2023-09-26T02:34:39.278107+00:00, run_after=2023-09-27T02:34:39.278107+00:00
[2023-09-27T02:34:39.317+0000] {processor.py:179} INFO - Processing /home/airflow/.local/lib/python3.8/site-packages/airflow/example_dags/example_short_circuit_operator.py took 0.180 seconds
[2023-09-27T02:35:09.420+0000] {processor.py:157} INFO - Started process (PID=213) to work on /home/airflow/.local/lib/python3.8/site-packages/airflow/example_dags/example_short_circuit_operator.py
[2023-09-27T02:35:09.427+0000] {processor.py:829} INFO - Processing file /home/airflow/.local/lib/python3.8/site-packages/airflow/example_dags/example_short_circuit_operator.py for tasks to queue
[2023-09-27T02:35:09.434+0000] {logging_mixin.py:151} INFO - [2023-09-27T02:35:09.433+0000] {dagbag.py:539} INFO - Filling up the DagBag from /home/airflow/.local/lib/python3.8/site-packages/airflow/example_dags/example_short_circuit_operator.py
[2023-09-27T02:35:09.458+0000] {processor.py:839} INFO - DAG(s) dict_keys(['example_short_circuit_operator']) retrieved from /home/airflow/.local/lib/python3.8/site-packages/airflow/example_dags/example_short_circuit_operator.py
[2023-09-27T02:35:09.488+0000] {logging_mixin.py:151} INFO - [2023-09-27T02:35:09.488+0000] {dag.py:2915} INFO - Sync 1 DAGs
[2023-09-27T02:35:09.515+0000] {logging_mixin.py:151} INFO - [2023-09-27T02:35:09.515+0000] {dag.py:3696} INFO - Setting next_dagrun for example_short_circuit_operator to 2023-09-26T02:35:09.515172+00:00, run_after=2023-09-27T02:35:09.515172+00:00
[2023-09-27T02:35:09.543+0000] {processor.py:179} INFO - Processing /home/airflow/.local/lib/python3.8/site-packages/airflow/example_dags/example_short_circuit_operator.py took 0.132 seconds
[2023-09-27T02:35:39.727+0000] {processor.py:157} INFO - Started process (PID=267) to work on /home/airflow/.local/lib/python3.8/site-packages/airflow/example_dags/example_short_circuit_operator.py
[2023-09-27T02:35:39.734+0000] {processor.py:829} INFO - Processing file /home/airflow/.local/lib/python3.8/site-packages/airflow/example_dags/example_short_circuit_operator.py for tasks to queue
[2023-09-27T02:35:39.738+0000] {logging_mixin.py:151} INFO - [2023-09-27T02:35:39.737+0000] {dagbag.py:539} INFO - Filling up the DagBag from /home/airflow/.local/lib/python3.8/site-packages/airflow/example_dags/example_short_circuit_operator.py
[2023-09-27T02:35:39.748+0000] {processor.py:839} INFO - DAG(s) dict_keys(['example_short_circuit_operator']) retrieved from /home/airflow/.local/lib/python3.8/site-packages/airflow/example_dags/example_short_circuit_operator.py
[2023-09-27T02:35:39.781+0000] {logging_mixin.py:151} INFO - [2023-09-27T02:35:39.781+0000] {dag.py:2915} INFO - Sync 1 DAGs
[2023-09-27T02:35:39.809+0000] {logging_mixin.py:151} INFO - [2023-09-27T02:35:39.809+0000] {dag.py:3696} INFO - Setting next_dagrun for example_short_circuit_operator to 2023-09-26T02:35:39.809353+00:00, run_after=2023-09-27T02:35:39.809353+00:00
[2023-09-27T02:35:39.835+0000] {processor.py:179} INFO - Processing /home/airflow/.local/lib/python3.8/site-packages/airflow/example_dags/example_short_circuit_operator.py took 0.112 seconds
[2023-09-27T02:36:10.329+0000] {processor.py:157} INFO - Started process (PID=321) to work on /home/airflow/.local/lib/python3.8/site-packages/airflow/example_dags/example_short_circuit_operator.py
[2023-09-27T02:36:10.331+0000] {processor.py:829} INFO - Processing file /home/airflow/.local/lib/python3.8/site-packages/airflow/example_dags/example_short_circuit_operator.py for tasks to queue
[2023-09-27T02:36:10.342+0000] {logging_mixin.py:151} INFO - [2023-09-27T02:36:10.341+0000] {dagbag.py:539} INFO - Filling up the DagBag from /home/airflow/.local/lib/python3.8/site-packages/airflow/example_dags/example_short_circuit_operator.py
[2023-09-27T02:36:10.365+0000] {processor.py:839} INFO - DAG(s) dict_keys(['example_short_circuit_operator']) retrieved from /home/airflow/.local/lib/python3.8/site-packages/airflow/example_dags/example_short_circuit_operator.py
[2023-09-27T02:36:10.451+0000] {logging_mixin.py:151} INFO - [2023-09-27T02:36:10.451+0000] {dag.py:2915} INFO - Sync 1 DAGs
[2023-09-27T02:36:10.509+0000] {logging_mixin.py:151} INFO - [2023-09-27T02:36:10.508+0000] {dag.py:3696} INFO - Setting next_dagrun for example_short_circuit_operator to 2023-09-26T02:36:10.508174+00:00, run_after=2023-09-27T02:36:10.508174+00:00
[2023-09-27T02:36:10.553+0000] {processor.py:179} INFO - Processing /home/airflow/.local/lib/python3.8/site-packages/airflow/example_dags/example_short_circuit_operator.py took 0.239 seconds
[2023-09-27T02:36:40.626+0000] {processor.py:157} INFO - Started process (PID=379) to work on /home/airflow/.local/lib/python3.8/site-packages/airflow/example_dags/example_short_circuit_operator.py
[2023-09-27T02:36:40.630+0000] {processor.py:829} INFO - Processing file /home/airflow/.local/lib/python3.8/site-packages/airflow/example_dags/example_short_circuit_operator.py for tasks to queue
[2023-09-27T02:36:40.639+0000] {logging_mixin.py:151} INFO - [2023-09-27T02:36:40.638+0000] {dagbag.py:539} INFO - Filling up the DagBag from /home/airflow/.local/lib/python3.8/site-packages/airflow/example_dags/example_short_circuit_operator.py
[2023-09-27T02:36:40.677+0000] {processor.py:839} INFO - DAG(s) dict_keys(['example_short_circuit_operator']) retrieved from /home/airflow/.local/lib/python3.8/site-packages/airflow/example_dags/example_short_circuit_operator.py
[2023-09-27T02:36:40.776+0000] {logging_mixin.py:151} INFO - [2023-09-27T02:36:40.775+0000] {dag.py:2915} INFO - Sync 1 DAGs
[2023-09-27T02:36:40.868+0000] {logging_mixin.py:151} INFO - [2023-09-27T02:36:40.868+0000] {dag.py:3696} INFO - Setting next_dagrun for example_short_circuit_operator to 2023-09-26T02:36:40.867380+00:00, run_after=2023-09-27T02:36:40.867380+00:00
[2023-09-27T02:36:41.001+0000] {processor.py:179} INFO - Processing /home/airflow/.local/lib/python3.8/site-packages/airflow/example_dags/example_short_circuit_operator.py took 0.387 seconds
[2023-09-27T02:37:11.416+0000] {processor.py:157} INFO - Started process (PID=437) to work on /home/airflow/.local/lib/python3.8/site-packages/airflow/example_dags/example_short_circuit_operator.py
[2023-09-27T02:37:11.421+0000] {processor.py:829} INFO - Processing file /home/airflow/.local/lib/python3.8/site-packages/airflow/example_dags/example_short_circuit_operator.py for tasks to queue
[2023-09-27T02:37:11.428+0000] {logging_mixin.py:151} INFO - [2023-09-27T02:37:11.428+0000] {dagbag.py:539} INFO - Filling up the DagBag from /home/airflow/.local/lib/python3.8/site-packages/airflow/example_dags/example_short_circuit_operator.py
[2023-09-27T02:37:11.454+0000] {processor.py:839} INFO - DAG(s) dict_keys(['example_short_circuit_operator']) retrieved from /home/airflow/.local/lib/python3.8/site-packages/airflow/example_dags/example_short_circuit_operator.py
[2023-09-27T02:37:11.520+0000] {logging_mixin.py:151} INFO - [2023-09-27T02:37:11.519+0000] {dag.py:2915} INFO - Sync 1 DAGs
[2023-09-27T02:37:11.584+0000] {logging_mixin.py:151} INFO - [2023-09-27T02:37:11.583+0000] {dag.py:3696} INFO - Setting next_dagrun for example_short_circuit_operator to 2023-09-26T02:37:11.582640+00:00, run_after=2023-09-27T02:37:11.582640+00:00
[2023-09-27T02:37:11.629+0000] {processor.py:179} INFO - Processing /home/airflow/.local/lib/python3.8/site-packages/airflow/example_dags/example_short_circuit_operator.py took 0.221 seconds
[2023-09-27T02:37:42.119+0000] {processor.py:157} INFO - Started process (PID=491) to work on /home/airflow/.local/lib/python3.8/site-packages/airflow/example_dags/example_short_circuit_operator.py
[2023-09-27T02:37:42.121+0000] {processor.py:829} INFO - Processing file /home/airflow/.local/lib/python3.8/site-packages/airflow/example_dags/example_short_circuit_operator.py for tasks to queue
[2023-09-27T02:37:42.126+0000] {logging_mixin.py:151} INFO - [2023-09-27T02:37:42.126+0000] {dagbag.py:539} INFO - Filling up the DagBag from /home/airflow/.local/lib/python3.8/site-packages/airflow/example_dags/example_short_circuit_operator.py
[2023-09-27T02:37:42.140+0000] {processor.py:839} INFO - DAG(s) dict_keys(['example_short_circuit_operator']) retrieved from /home/airflow/.local/lib/python3.8/site-packages/airflow/example_dags/example_short_circuit_operator.py
[2023-09-27T02:37:42.182+0000] {logging_mixin.py:151} INFO - [2023-09-27T02:37:42.181+0000] {dag.py:2915} INFO - Sync 1 DAGs
[2023-09-27T02:37:42.220+0000] {logging_mixin.py:151} INFO - [2023-09-27T02:37:42.219+0000] {dag.py:3696} INFO - Setting next_dagrun for example_short_circuit_operator to 2023-09-26T02:37:42.218613+00:00, run_after=2023-09-27T02:37:42.218613+00:00
[2023-09-27T02:37:42.251+0000] {processor.py:179} INFO - Processing /home/airflow/.local/lib/python3.8/site-packages/airflow/example_dags/example_short_circuit_operator.py took 0.140 seconds
[2023-09-27T02:38:12.961+0000] {processor.py:157} INFO - Started process (PID=545) to work on /home/airflow/.local/lib/python3.8/site-packages/airflow/example_dags/example_short_circuit_operator.py
[2023-09-27T02:38:12.962+0000] {processor.py:829} INFO - Processing file /home/airflow/.local/lib/python3.8/site-packages/airflow/example_dags/example_short_circuit_operator.py for tasks to queue
[2023-09-27T02:38:12.965+0000] {logging_mixin.py:151} INFO - [2023-09-27T02:38:12.965+0000] {dagbag.py:539} INFO - Filling up the DagBag from /home/airflow/.local/lib/python3.8/site-packages/airflow/example_dags/example_short_circuit_operator.py
[2023-09-27T02:38:12.976+0000] {processor.py:839} INFO - DAG(s) dict_keys(['example_short_circuit_operator']) retrieved from /home/airflow/.local/lib/python3.8/site-packages/airflow/example_dags/example_short_circuit_operator.py
[2023-09-27T02:38:13.007+0000] {logging_mixin.py:151} INFO - [2023-09-27T02:38:13.007+0000] {dag.py:2915} INFO - Sync 1 DAGs
[2023-09-27T02:38:13.041+0000] {logging_mixin.py:151} INFO - [2023-09-27T02:38:13.041+0000] {dag.py:3696} INFO - Setting next_dagrun for example_short_circuit_operator to 2023-09-26T02:38:13.041020+00:00, run_after=2023-09-27T02:38:13.041020+00:00
[2023-09-27T02:38:13.066+0000] {processor.py:179} INFO - Processing /home/airflow/.local/lib/python3.8/site-packages/airflow/example_dags/example_short_circuit_operator.py took 0.109 seconds
[2023-09-27T02:38:43.762+0000] {processor.py:157} INFO - Started process (PID=599) to work on /home/airflow/.local/lib/python3.8/site-packages/airflow/example_dags/example_short_circuit_operator.py
[2023-09-27T02:38:43.764+0000] {processor.py:829} INFO - Processing file /home/airflow/.local/lib/python3.8/site-packages/airflow/example_dags/example_short_circuit_operator.py for tasks to queue
[2023-09-27T02:38:43.767+0000] {logging_mixin.py:151} INFO - [2023-09-27T02:38:43.767+0000] {dagbag.py:539} INFO - Filling up the DagBag from /home/airflow/.local/lib/python3.8/site-packages/airflow/example_dags/example_short_circuit_operator.py
[2023-09-27T02:38:43.776+0000] {processor.py:839} INFO - DAG(s) dict_keys(['example_short_circuit_operator']) retrieved from /home/airflow/.local/lib/python3.8/site-packages/airflow/example_dags/example_short_circuit_operator.py
[2023-09-27T02:38:43.802+0000] {logging_mixin.py:151} INFO - [2023-09-27T02:38:43.802+0000] {dag.py:2915} INFO - Sync 1 DAGs
[2023-09-27T02:38:43.828+0000] {logging_mixin.py:151} INFO - [2023-09-27T02:38:43.827+0000] {dag.py:3696} INFO - Setting next_dagrun for example_short_circuit_operator to 2023-09-26T02:38:43.827687+00:00, run_after=2023-09-27T02:38:43.827687+00:00
[2023-09-27T02:38:43.855+0000] {processor.py:179} INFO - Processing /home/airflow/.local/lib/python3.8/site-packages/airflow/example_dags/example_short_circuit_operator.py took 0.096 seconds
