[2023-09-27T02:33:46.206+0000] {processor.py:157} INFO - Started process (PID=71) to work on /home/airflow/.local/lib/python3.8/site-packages/airflow/example_dags/example_branch_python_dop_operator_3.py
[2023-09-27T02:33:46.289+0000] {processor.py:829} INFO - Processing file /home/airflow/.local/lib/python3.8/site-packages/airflow/example_dags/example_branch_python_dop_operator_3.py for tasks to queue
[2023-09-27T02:33:46.414+0000] {logging_mixin.py:151} INFO - [2023-09-27T02:33:46.407+0000] {dagbag.py:539} INFO - Filling up the DagBag from /home/airflow/.local/lib/python3.8/site-packages/airflow/example_dags/example_branch_python_dop_operator_3.py
[2023-09-27T02:33:46.846+0000] {processor.py:839} INFO - DAG(s) dict_keys(['example_branch_dop_operator_v3']) retrieved from /home/airflow/.local/lib/python3.8/site-packages/airflow/example_dags/example_branch_python_dop_operator_3.py
[2023-09-27T02:33:47.719+0000] {logging_mixin.py:151} INFO - [2023-09-27T02:33:47.718+0000] {manager.py:499} INFO - Created Permission View: %s
[2023-09-27T02:33:47.770+0000] {logging_mixin.py:151} INFO - [2023-09-27T02:33:47.769+0000] {manager.py:499} INFO - Created Permission View: %s
[2023-09-27T02:33:47.804+0000] {logging_mixin.py:151} INFO - [2023-09-27T02:33:47.803+0000] {manager.py:499} INFO - Created Permission View: %s
[2023-09-27T02:33:47.808+0000] {logging_mixin.py:151} INFO - [2023-09-27T02:33:47.807+0000] {security.py:708} INFO - Not syncing DAG-level permissions for DAG 'DAG:example_branch_dop_operator_v3' as access control is unset.
[2023-09-27T02:33:47.809+0000] {logging_mixin.py:151} INFO - [2023-09-27T02:33:47.809+0000] {dag.py:2915} INFO - Sync 1 DAGs
[2023-09-27T02:33:47.897+0000] {logging_mixin.py:151} INFO - [2023-09-27T02:33:47.897+0000] {dag.py:2937} INFO - Creating ORM DAG for example_branch_dop_operator_v3
[2023-09-27T02:33:48.021+0000] {logging_mixin.py:151} INFO - [2023-09-27T02:33:48.008+0000] {dag.py:3696} INFO - Setting next_dagrun for example_branch_dop_operator_v3 to 2023-09-27T02:32:00+00:00, run_after=2023-09-27T02:33:00+00:00
[2023-09-27T02:33:48.125+0000] {processor.py:179} INFO - Processing /home/airflow/.local/lib/python3.8/site-packages/airflow/example_dags/example_branch_python_dop_operator_3.py took 2.146 seconds
[2023-09-27T02:34:18.348+0000] {processor.py:157} INFO - Started process (PID=125) to work on /home/airflow/.local/lib/python3.8/site-packages/airflow/example_dags/example_branch_python_dop_operator_3.py
[2023-09-27T02:34:18.352+0000] {processor.py:829} INFO - Processing file /home/airflow/.local/lib/python3.8/site-packages/airflow/example_dags/example_branch_python_dop_operator_3.py for tasks to queue
[2023-09-27T02:34:18.359+0000] {logging_mixin.py:151} INFO - [2023-09-27T02:34:18.358+0000] {dagbag.py:539} INFO - Filling up the DagBag from /home/airflow/.local/lib/python3.8/site-packages/airflow/example_dags/example_branch_python_dop_operator_3.py
[2023-09-27T02:34:18.381+0000] {processor.py:839} INFO - DAG(s) dict_keys(['example_branch_dop_operator_v3']) retrieved from /home/airflow/.local/lib/python3.8/site-packages/airflow/example_dags/example_branch_python_dop_operator_3.py
[2023-09-27T02:34:18.427+0000] {logging_mixin.py:151} INFO - [2023-09-27T02:34:18.427+0000] {dag.py:2915} INFO - Sync 1 DAGs
[2023-09-27T02:34:18.490+0000] {logging_mixin.py:151} INFO - [2023-09-27T02:34:18.490+0000] {dag.py:3696} INFO - Setting next_dagrun for example_branch_dop_operator_v3 to 2023-09-27T02:33:00+00:00, run_after=2023-09-27T02:34:00+00:00
[2023-09-27T02:34:18.539+0000] {processor.py:179} INFO - Processing /home/airflow/.local/lib/python3.8/site-packages/airflow/example_dags/example_branch_python_dop_operator_3.py took 0.198 seconds
[2023-09-27T02:34:48.980+0000] {processor.py:157} INFO - Started process (PID=179) to work on /home/airflow/.local/lib/python3.8/site-packages/airflow/example_dags/example_branch_python_dop_operator_3.py
[2023-09-27T02:34:48.991+0000] {processor.py:829} INFO - Processing file /home/airflow/.local/lib/python3.8/site-packages/airflow/example_dags/example_branch_python_dop_operator_3.py for tasks to queue
[2023-09-27T02:34:49.009+0000] {logging_mixin.py:151} INFO - [2023-09-27T02:34:49.003+0000] {dagbag.py:539} INFO - Filling up the DagBag from /home/airflow/.local/lib/python3.8/site-packages/airflow/example_dags/example_branch_python_dop_operator_3.py
[2023-09-27T02:34:49.058+0000] {processor.py:839} INFO - DAG(s) dict_keys(['example_branch_dop_operator_v3']) retrieved from /home/airflow/.local/lib/python3.8/site-packages/airflow/example_dags/example_branch_python_dop_operator_3.py
[2023-09-27T02:34:49.156+0000] {logging_mixin.py:151} INFO - [2023-09-27T02:34:49.155+0000] {dag.py:2915} INFO - Sync 1 DAGs
[2023-09-27T02:34:49.252+0000] {logging_mixin.py:151} INFO - [2023-09-27T02:34:49.251+0000] {dag.py:3696} INFO - Setting next_dagrun for example_branch_dop_operator_v3 to 2023-09-27T02:33:00+00:00, run_after=2023-09-27T02:34:00+00:00
[2023-09-27T02:34:49.309+0000] {processor.py:179} INFO - Processing /home/airflow/.local/lib/python3.8/site-packages/airflow/example_dags/example_branch_python_dop_operator_3.py took 0.348 seconds
[2023-09-27T02:35:20.142+0000] {processor.py:157} INFO - Started process (PID=233) to work on /home/airflow/.local/lib/python3.8/site-packages/airflow/example_dags/example_branch_python_dop_operator_3.py
[2023-09-27T02:35:20.149+0000] {processor.py:829} INFO - Processing file /home/airflow/.local/lib/python3.8/site-packages/airflow/example_dags/example_branch_python_dop_operator_3.py for tasks to queue
[2023-09-27T02:35:20.155+0000] {logging_mixin.py:151} INFO - [2023-09-27T02:35:20.155+0000] {dagbag.py:539} INFO - Filling up the DagBag from /home/airflow/.local/lib/python3.8/site-packages/airflow/example_dags/example_branch_python_dop_operator_3.py
[2023-09-27T02:35:20.171+0000] {processor.py:839} INFO - DAG(s) dict_keys(['example_branch_dop_operator_v3']) retrieved from /home/airflow/.local/lib/python3.8/site-packages/airflow/example_dags/example_branch_python_dop_operator_3.py
[2023-09-27T02:35:20.210+0000] {logging_mixin.py:151} INFO - [2023-09-27T02:35:20.209+0000] {dag.py:2915} INFO - Sync 1 DAGs
[2023-09-27T02:35:20.267+0000] {logging_mixin.py:151} INFO - [2023-09-27T02:35:20.267+0000] {dag.py:3696} INFO - Setting next_dagrun for example_branch_dop_operator_v3 to 2023-09-27T02:34:00+00:00, run_after=2023-09-27T02:35:00+00:00
[2023-09-27T02:35:20.308+0000] {processor.py:179} INFO - Processing /home/airflow/.local/lib/python3.8/site-packages/airflow/example_dags/example_branch_python_dop_operator_3.py took 0.172 seconds
[2023-09-27T02:35:50.401+0000] {processor.py:157} INFO - Started process (PID=287) to work on /home/airflow/.local/lib/python3.8/site-packages/airflow/example_dags/example_branch_python_dop_operator_3.py
[2023-09-27T02:35:50.403+0000] {processor.py:829} INFO - Processing file /home/airflow/.local/lib/python3.8/site-packages/airflow/example_dags/example_branch_python_dop_operator_3.py for tasks to queue
[2023-09-27T02:35:50.409+0000] {logging_mixin.py:151} INFO - [2023-09-27T02:35:50.409+0000] {dagbag.py:539} INFO - Filling up the DagBag from /home/airflow/.local/lib/python3.8/site-packages/airflow/example_dags/example_branch_python_dop_operator_3.py
[2023-09-27T02:35:50.430+0000] {processor.py:839} INFO - DAG(s) dict_keys(['example_branch_dop_operator_v3']) retrieved from /home/airflow/.local/lib/python3.8/site-packages/airflow/example_dags/example_branch_python_dop_operator_3.py
[2023-09-27T02:35:50.482+0000] {logging_mixin.py:151} INFO - [2023-09-27T02:35:50.482+0000] {dag.py:2915} INFO - Sync 1 DAGs
[2023-09-27T02:35:50.549+0000] {logging_mixin.py:151} INFO - [2023-09-27T02:35:50.548+0000] {dag.py:3696} INFO - Setting next_dagrun for example_branch_dop_operator_v3 to 2023-09-27T02:34:00+00:00, run_after=2023-09-27T02:35:00+00:00
[2023-09-27T02:35:50.599+0000] {processor.py:179} INFO - Processing /home/airflow/.local/lib/python3.8/site-packages/airflow/example_dags/example_branch_python_dop_operator_3.py took 0.206 seconds
[2023-09-27T02:36:21.049+0000] {processor.py:157} INFO - Started process (PID=341) to work on /home/airflow/.local/lib/python3.8/site-packages/airflow/example_dags/example_branch_python_dop_operator_3.py
[2023-09-27T02:36:21.052+0000] {processor.py:829} INFO - Processing file /home/airflow/.local/lib/python3.8/site-packages/airflow/example_dags/example_branch_python_dop_operator_3.py for tasks to queue
[2023-09-27T02:36:21.055+0000] {logging_mixin.py:151} INFO - [2023-09-27T02:36:21.055+0000] {dagbag.py:539} INFO - Filling up the DagBag from /home/airflow/.local/lib/python3.8/site-packages/airflow/example_dags/example_branch_python_dop_operator_3.py
[2023-09-27T02:36:21.068+0000] {processor.py:839} INFO - DAG(s) dict_keys(['example_branch_dop_operator_v3']) retrieved from /home/airflow/.local/lib/python3.8/site-packages/airflow/example_dags/example_branch_python_dop_operator_3.py
[2023-09-27T02:36:21.095+0000] {logging_mixin.py:151} INFO - [2023-09-27T02:36:21.095+0000] {dag.py:2915} INFO - Sync 1 DAGs
[2023-09-27T02:36:21.136+0000] {logging_mixin.py:151} INFO - [2023-09-27T02:36:21.136+0000] {dag.py:3696} INFO - Setting next_dagrun for example_branch_dop_operator_v3 to 2023-09-27T02:35:00+00:00, run_after=2023-09-27T02:36:00+00:00
[2023-09-27T02:36:21.169+0000] {processor.py:179} INFO - Processing /home/airflow/.local/lib/python3.8/site-packages/airflow/example_dags/example_branch_python_dop_operator_3.py took 0.124 seconds
[2023-09-27T02:36:52.018+0000] {processor.py:157} INFO - Started process (PID=405) to work on /home/airflow/.local/lib/python3.8/site-packages/airflow/example_dags/example_branch_python_dop_operator_3.py
[2023-09-27T02:36:52.021+0000] {processor.py:829} INFO - Processing file /home/airflow/.local/lib/python3.8/site-packages/airflow/example_dags/example_branch_python_dop_operator_3.py for tasks to queue
[2023-09-27T02:36:52.029+0000] {logging_mixin.py:151} INFO - [2023-09-27T02:36:52.028+0000] {dagbag.py:539} INFO - Filling up the DagBag from /home/airflow/.local/lib/python3.8/site-packages/airflow/example_dags/example_branch_python_dop_operator_3.py
[2023-09-27T02:36:52.046+0000] {processor.py:839} INFO - DAG(s) dict_keys(['example_branch_dop_operator_v3']) retrieved from /home/airflow/.local/lib/python3.8/site-packages/airflow/example_dags/example_branch_python_dop_operator_3.py
[2023-09-27T02:36:52.078+0000] {logging_mixin.py:151} INFO - [2023-09-27T02:36:52.078+0000] {dag.py:2915} INFO - Sync 1 DAGs
[2023-09-27T02:36:52.128+0000] {logging_mixin.py:151} INFO - [2023-09-27T02:36:52.127+0000] {dag.py:3696} INFO - Setting next_dagrun for example_branch_dop_operator_v3 to 2023-09-27T02:35:00+00:00, run_after=2023-09-27T02:36:00+00:00
[2023-09-27T02:36:52.158+0000] {processor.py:179} INFO - Processing /home/airflow/.local/lib/python3.8/site-packages/airflow/example_dags/example_branch_python_dop_operator_3.py took 0.147 seconds
[2023-09-27T02:37:22.907+0000] {processor.py:157} INFO - Started process (PID=459) to work on /home/airflow/.local/lib/python3.8/site-packages/airflow/example_dags/example_branch_python_dop_operator_3.py
[2023-09-27T02:37:22.909+0000] {processor.py:829} INFO - Processing file /home/airflow/.local/lib/python3.8/site-packages/airflow/example_dags/example_branch_python_dop_operator_3.py for tasks to queue
[2023-09-27T02:37:22.912+0000] {logging_mixin.py:151} INFO - [2023-09-27T02:37:22.912+0000] {dagbag.py:539} INFO - Filling up the DagBag from /home/airflow/.local/lib/python3.8/site-packages/airflow/example_dags/example_branch_python_dop_operator_3.py
[2023-09-27T02:37:22.925+0000] {processor.py:839} INFO - DAG(s) dict_keys(['example_branch_dop_operator_v3']) retrieved from /home/airflow/.local/lib/python3.8/site-packages/airflow/example_dags/example_branch_python_dop_operator_3.py
[2023-09-27T02:37:22.965+0000] {logging_mixin.py:151} INFO - [2023-09-27T02:37:22.964+0000] {dag.py:2915} INFO - Sync 1 DAGs
[2023-09-27T02:37:23.029+0000] {logging_mixin.py:151} INFO - [2023-09-27T02:37:23.029+0000] {dag.py:3696} INFO - Setting next_dagrun for example_branch_dop_operator_v3 to 2023-09-27T02:36:00+00:00, run_after=2023-09-27T02:37:00+00:00
[2023-09-27T02:37:23.056+0000] {processor.py:179} INFO - Processing /home/airflow/.local/lib/python3.8/site-packages/airflow/example_dags/example_branch_python_dop_operator_3.py took 0.155 seconds
[2023-09-27T02:37:53.285+0000] {processor.py:157} INFO - Started process (PID=513) to work on /home/airflow/.local/lib/python3.8/site-packages/airflow/example_dags/example_branch_python_dop_operator_3.py
[2023-09-27T02:37:53.287+0000] {processor.py:829} INFO - Processing file /home/airflow/.local/lib/python3.8/site-packages/airflow/example_dags/example_branch_python_dop_operator_3.py for tasks to queue
[2023-09-27T02:37:53.291+0000] {logging_mixin.py:151} INFO - [2023-09-27T02:37:53.290+0000] {dagbag.py:539} INFO - Filling up the DagBag from /home/airflow/.local/lib/python3.8/site-packages/airflow/example_dags/example_branch_python_dop_operator_3.py
[2023-09-27T02:37:53.303+0000] {processor.py:839} INFO - DAG(s) dict_keys(['example_branch_dop_operator_v3']) retrieved from /home/airflow/.local/lib/python3.8/site-packages/airflow/example_dags/example_branch_python_dop_operator_3.py
[2023-09-27T02:37:53.406+0000] {logging_mixin.py:151} INFO - [2023-09-27T02:37:53.406+0000] {dag.py:2915} INFO - Sync 1 DAGs
[2023-09-27T02:37:53.462+0000] {logging_mixin.py:151} INFO - [2023-09-27T02:37:53.461+0000] {dag.py:3696} INFO - Setting next_dagrun for example_branch_dop_operator_v3 to 2023-09-27T02:36:00+00:00, run_after=2023-09-27T02:37:00+00:00
[2023-09-27T02:37:53.493+0000] {processor.py:179} INFO - Processing /home/airflow/.local/lib/python3.8/site-packages/airflow/example_dags/example_branch_python_dop_operator_3.py took 0.214 seconds
[2023-09-27T02:38:23.731+0000] {processor.py:157} INFO - Started process (PID=567) to work on /home/airflow/.local/lib/python3.8/site-packages/airflow/example_dags/example_branch_python_dop_operator_3.py
[2023-09-27T02:38:23.737+0000] {processor.py:829} INFO - Processing file /home/airflow/.local/lib/python3.8/site-packages/airflow/example_dags/example_branch_python_dop_operator_3.py for tasks to queue
[2023-09-27T02:38:23.752+0000] {logging_mixin.py:151} INFO - [2023-09-27T02:38:23.751+0000] {dagbag.py:539} INFO - Filling up the DagBag from /home/airflow/.local/lib/python3.8/site-packages/airflow/example_dags/example_branch_python_dop_operator_3.py
[2023-09-27T02:38:23.825+0000] {processor.py:839} INFO - DAG(s) dict_keys(['example_branch_dop_operator_v3']) retrieved from /home/airflow/.local/lib/python3.8/site-packages/airflow/example_dags/example_branch_python_dop_operator_3.py
[2023-09-27T02:38:23.918+0000] {logging_mixin.py:151} INFO - [2023-09-27T02:38:23.918+0000] {dag.py:2915} INFO - Sync 1 DAGs
[2023-09-27T02:38:24.050+0000] {logging_mixin.py:151} INFO - [2023-09-27T02:38:24.050+0000] {dag.py:3696} INFO - Setting next_dagrun for example_branch_dop_operator_v3 to 2023-09-27T02:37:00+00:00, run_after=2023-09-27T02:38:00+00:00
[2023-09-27T02:38:24.133+0000] {processor.py:179} INFO - Processing /home/airflow/.local/lib/python3.8/site-packages/airflow/example_dags/example_branch_python_dop_operator_3.py took 0.420 seconds
