[2023-09-27T02:33:33.587+0000] {processor.py:157} INFO - Started process (PID=51) to work on /home/airflow/.local/lib/python3.8/site-packages/airflow/example_dags/example_local_kubernetes_executor.py
[2023-09-27T02:33:33.595+0000] {processor.py:829} INFO - Processing file /home/airflow/.local/lib/python3.8/site-packages/airflow/example_dags/example_local_kubernetes_executor.py for tasks to queue
[2023-09-27T02:33:33.602+0000] {logging_mixin.py:151} INFO - [2023-09-27T02:33:33.601+0000] {dagbag.py:539} INFO - Filling up the DagBag from /home/airflow/.local/lib/python3.8/site-packages/airflow/example_dags/example_local_kubernetes_executor.py
[2023-09-27T02:33:39.757+0000] {processor.py:839} INFO - DAG(s) dict_keys(['example_local_kubernetes_executor']) retrieved from /home/airflow/.local/lib/python3.8/site-packages/airflow/example_dags/example_local_kubernetes_executor.py
[2023-09-27T02:33:40.379+0000] {logging_mixin.py:151} INFO - [2023-09-27T02:33:40.378+0000] {manager.py:499} INFO - Created Permission View: %s
[2023-09-27T02:33:40.426+0000] {logging_mixin.py:151} INFO - [2023-09-27T02:33:40.426+0000] {manager.py:499} INFO - Created Permission View: %s
[2023-09-27T02:33:40.457+0000] {logging_mixin.py:151} INFO - [2023-09-27T02:33:40.456+0000] {manager.py:499} INFO - Created Permission View: %s
[2023-09-27T02:33:40.464+0000] {logging_mixin.py:151} INFO - [2023-09-27T02:33:40.462+0000] {security.py:708} INFO - Not syncing DAG-level permissions for DAG 'DAG:example_local_kubernetes_executor' as access control is unset.
[2023-09-27T02:33:40.466+0000] {logging_mixin.py:151} INFO - [2023-09-27T02:33:40.465+0000] {dag.py:2915} INFO - Sync 1 DAGs
[2023-09-27T02:33:40.520+0000] {logging_mixin.py:151} INFO - [2023-09-27T02:33:40.520+0000] {dag.py:2937} INFO - Creating ORM DAG for example_local_kubernetes_executor
[2023-09-27T02:33:40.526+0000] {logging_mixin.py:151} INFO - [2023-09-27T02:33:40.525+0000] {dag.py:3696} INFO - Setting next_dagrun for example_local_kubernetes_executor to None, run_after=None
[2023-09-27T02:33:40.632+0000] {processor.py:179} INFO - Processing /home/airflow/.local/lib/python3.8/site-packages/airflow/example_dags/example_local_kubernetes_executor.py took 7.065 seconds
[2023-09-27T02:34:11.009+0000] {processor.py:157} INFO - Started process (PID=108) to work on /home/airflow/.local/lib/python3.8/site-packages/airflow/example_dags/example_local_kubernetes_executor.py
[2023-09-27T02:34:11.021+0000] {processor.py:829} INFO - Processing file /home/airflow/.local/lib/python3.8/site-packages/airflow/example_dags/example_local_kubernetes_executor.py for tasks to queue
[2023-09-27T02:34:11.029+0000] {logging_mixin.py:151} INFO - [2023-09-27T02:34:11.028+0000] {dagbag.py:539} INFO - Filling up the DagBag from /home/airflow/.local/lib/python3.8/site-packages/airflow/example_dags/example_local_kubernetes_executor.py
[2023-09-27T02:34:12.605+0000] {processor.py:839} INFO - DAG(s) dict_keys(['example_local_kubernetes_executor']) retrieved from /home/airflow/.local/lib/python3.8/site-packages/airflow/example_dags/example_local_kubernetes_executor.py
[2023-09-27T02:34:12.744+0000] {logging_mixin.py:151} INFO - [2023-09-27T02:34:12.743+0000] {dag.py:2915} INFO - Sync 1 DAGs
[2023-09-27T02:34:12.815+0000] {logging_mixin.py:151} INFO - [2023-09-27T02:34:12.815+0000] {dag.py:3696} INFO - Setting next_dagrun for example_local_kubernetes_executor to None, run_after=None
[2023-09-27T02:34:12.913+0000] {processor.py:179} INFO - Processing /home/airflow/.local/lib/python3.8/site-packages/airflow/example_dags/example_local_kubernetes_executor.py took 1.913 seconds
[2023-09-27T02:34:43.184+0000] {processor.py:157} INFO - Started process (PID=162) to work on /home/airflow/.local/lib/python3.8/site-packages/airflow/example_dags/example_local_kubernetes_executor.py
[2023-09-27T02:34:43.191+0000] {processor.py:829} INFO - Processing file /home/airflow/.local/lib/python3.8/site-packages/airflow/example_dags/example_local_kubernetes_executor.py for tasks to queue
[2023-09-27T02:34:43.194+0000] {logging_mixin.py:151} INFO - [2023-09-27T02:34:43.194+0000] {dagbag.py:539} INFO - Filling up the DagBag from /home/airflow/.local/lib/python3.8/site-packages/airflow/example_dags/example_local_kubernetes_executor.py
[2023-09-27T02:34:43.718+0000] {processor.py:839} INFO - DAG(s) dict_keys(['example_local_kubernetes_executor']) retrieved from /home/airflow/.local/lib/python3.8/site-packages/airflow/example_dags/example_local_kubernetes_executor.py
[2023-09-27T02:34:43.845+0000] {logging_mixin.py:151} INFO - [2023-09-27T02:34:43.844+0000] {dag.py:2915} INFO - Sync 1 DAGs
[2023-09-27T02:34:43.900+0000] {logging_mixin.py:151} INFO - [2023-09-27T02:34:43.899+0000] {dag.py:3696} INFO - Setting next_dagrun for example_local_kubernetes_executor to None, run_after=None
[2023-09-27T02:34:43.947+0000] {processor.py:179} INFO - Processing /home/airflow/.local/lib/python3.8/site-packages/airflow/example_dags/example_local_kubernetes_executor.py took 0.769 seconds
[2023-09-27T02:35:14.948+0000] {processor.py:157} INFO - Started process (PID=225) to work on /home/airflow/.local/lib/python3.8/site-packages/airflow/example_dags/example_local_kubernetes_executor.py
[2023-09-27T02:35:14.955+0000] {processor.py:829} INFO - Processing file /home/airflow/.local/lib/python3.8/site-packages/airflow/example_dags/example_local_kubernetes_executor.py for tasks to queue
[2023-09-27T02:35:14.958+0000] {logging_mixin.py:151} INFO - [2023-09-27T02:35:14.958+0000] {dagbag.py:539} INFO - Filling up the DagBag from /home/airflow/.local/lib/python3.8/site-packages/airflow/example_dags/example_local_kubernetes_executor.py
[2023-09-27T02:35:15.334+0000] {processor.py:839} INFO - DAG(s) dict_keys(['example_local_kubernetes_executor']) retrieved from /home/airflow/.local/lib/python3.8/site-packages/airflow/example_dags/example_local_kubernetes_executor.py
[2023-09-27T02:35:15.415+0000] {logging_mixin.py:151} INFO - [2023-09-27T02:35:15.414+0000] {dag.py:2915} INFO - Sync 1 DAGs
[2023-09-27T02:35:15.457+0000] {logging_mixin.py:151} INFO - [2023-09-27T02:35:15.457+0000] {dag.py:3696} INFO - Setting next_dagrun for example_local_kubernetes_executor to None, run_after=None
[2023-09-27T02:35:15.500+0000] {processor.py:179} INFO - Processing /home/airflow/.local/lib/python3.8/site-packages/airflow/example_dags/example_local_kubernetes_executor.py took 0.555 seconds
[2023-09-27T02:35:46.181+0000] {processor.py:157} INFO - Started process (PID=279) to work on /home/airflow/.local/lib/python3.8/site-packages/airflow/example_dags/example_local_kubernetes_executor.py
[2023-09-27T02:35:46.184+0000] {processor.py:829} INFO - Processing file /home/airflow/.local/lib/python3.8/site-packages/airflow/example_dags/example_local_kubernetes_executor.py for tasks to queue
[2023-09-27T02:35:46.190+0000] {logging_mixin.py:151} INFO - [2023-09-27T02:35:46.189+0000] {dagbag.py:539} INFO - Filling up the DagBag from /home/airflow/.local/lib/python3.8/site-packages/airflow/example_dags/example_local_kubernetes_executor.py
[2023-09-27T02:35:46.732+0000] {processor.py:839} INFO - DAG(s) dict_keys(['example_local_kubernetes_executor']) retrieved from /home/airflow/.local/lib/python3.8/site-packages/airflow/example_dags/example_local_kubernetes_executor.py
[2023-09-27T02:35:46.806+0000] {logging_mixin.py:151} INFO - [2023-09-27T02:35:46.805+0000] {dag.py:2915} INFO - Sync 1 DAGs
[2023-09-27T02:35:46.843+0000] {logging_mixin.py:151} INFO - [2023-09-27T02:35:46.843+0000] {dag.py:3696} INFO - Setting next_dagrun for example_local_kubernetes_executor to None, run_after=None
[2023-09-27T02:35:46.879+0000] {processor.py:179} INFO - Processing /home/airflow/.local/lib/python3.8/site-packages/airflow/example_dags/example_local_kubernetes_executor.py took 0.705 seconds
[2023-09-27T02:36:17.192+0000] {processor.py:157} INFO - Started process (PID=333) to work on /home/airflow/.local/lib/python3.8/site-packages/airflow/example_dags/example_local_kubernetes_executor.py
[2023-09-27T02:36:17.194+0000] {processor.py:829} INFO - Processing file /home/airflow/.local/lib/python3.8/site-packages/airflow/example_dags/example_local_kubernetes_executor.py for tasks to queue
[2023-09-27T02:36:17.202+0000] {logging_mixin.py:151} INFO - [2023-09-27T02:36:17.200+0000] {dagbag.py:539} INFO - Filling up the DagBag from /home/airflow/.local/lib/python3.8/site-packages/airflow/example_dags/example_local_kubernetes_executor.py
[2023-09-27T02:36:17.639+0000] {processor.py:839} INFO - DAG(s) dict_keys(['example_local_kubernetes_executor']) retrieved from /home/airflow/.local/lib/python3.8/site-packages/airflow/example_dags/example_local_kubernetes_executor.py
[2023-09-27T02:36:17.691+0000] {logging_mixin.py:151} INFO - [2023-09-27T02:36:17.690+0000] {dag.py:2915} INFO - Sync 1 DAGs
[2023-09-27T02:36:17.712+0000] {logging_mixin.py:151} INFO - [2023-09-27T02:36:17.712+0000] {dag.py:3696} INFO - Setting next_dagrun for example_local_kubernetes_executor to None, run_after=None
[2023-09-27T02:36:17.742+0000] {processor.py:179} INFO - Processing /home/airflow/.local/lib/python3.8/site-packages/airflow/example_dags/example_local_kubernetes_executor.py took 0.558 seconds
[2023-09-27T02:36:49.964+0000] {processor.py:157} INFO - Started process (PID=400) to work on /home/airflow/.local/lib/python3.8/site-packages/airflow/example_dags/example_local_kubernetes_executor.py
[2023-09-27T02:36:49.968+0000] {processor.py:829} INFO - Processing file /home/airflow/.local/lib/python3.8/site-packages/airflow/example_dags/example_local_kubernetes_executor.py for tasks to queue
[2023-09-27T02:36:49.978+0000] {logging_mixin.py:151} INFO - [2023-09-27T02:36:49.977+0000] {dagbag.py:539} INFO - Filling up the DagBag from /home/airflow/.local/lib/python3.8/site-packages/airflow/example_dags/example_local_kubernetes_executor.py
[2023-09-27T02:36:50.772+0000] {processor.py:839} INFO - DAG(s) dict_keys(['example_local_kubernetes_executor']) retrieved from /home/airflow/.local/lib/python3.8/site-packages/airflow/example_dags/example_local_kubernetes_executor.py
[2023-09-27T02:36:50.853+0000] {logging_mixin.py:151} INFO - [2023-09-27T02:36:50.850+0000] {dag.py:2915} INFO - Sync 1 DAGs
[2023-09-27T02:36:50.879+0000] {logging_mixin.py:151} INFO - [2023-09-27T02:36:50.879+0000] {dag.py:3696} INFO - Setting next_dagrun for example_local_kubernetes_executor to None, run_after=None
[2023-09-27T02:36:50.921+0000] {processor.py:179} INFO - Processing /home/airflow/.local/lib/python3.8/site-packages/airflow/example_dags/example_local_kubernetes_executor.py took 0.970 seconds
[2023-09-27T02:37:21.599+0000] {processor.py:157} INFO - Started process (PID=456) to work on /home/airflow/.local/lib/python3.8/site-packages/airflow/example_dags/example_local_kubernetes_executor.py
[2023-09-27T02:37:21.603+0000] {processor.py:829} INFO - Processing file /home/airflow/.local/lib/python3.8/site-packages/airflow/example_dags/example_local_kubernetes_executor.py for tasks to queue
[2023-09-27T02:37:21.607+0000] {logging_mixin.py:151} INFO - [2023-09-27T02:37:21.606+0000] {dagbag.py:539} INFO - Filling up the DagBag from /home/airflow/.local/lib/python3.8/site-packages/airflow/example_dags/example_local_kubernetes_executor.py
[2023-09-27T02:37:21.966+0000] {processor.py:839} INFO - DAG(s) dict_keys(['example_local_kubernetes_executor']) retrieved from /home/airflow/.local/lib/python3.8/site-packages/airflow/example_dags/example_local_kubernetes_executor.py
[2023-09-27T02:37:22.012+0000] {logging_mixin.py:151} INFO - [2023-09-27T02:37:22.011+0000] {dag.py:2915} INFO - Sync 1 DAGs
[2023-09-27T02:37:22.028+0000] {logging_mixin.py:151} INFO - [2023-09-27T02:37:22.028+0000] {dag.py:3696} INFO - Setting next_dagrun for example_local_kubernetes_executor to None, run_after=None
[2023-09-27T02:37:22.053+0000] {processor.py:179} INFO - Processing /home/airflow/.local/lib/python3.8/site-packages/airflow/example_dags/example_local_kubernetes_executor.py took 0.458 seconds
[2023-09-27T02:37:52.207+0000] {processor.py:157} INFO - Started process (PID=512) to work on /home/airflow/.local/lib/python3.8/site-packages/airflow/example_dags/example_local_kubernetes_executor.py
[2023-09-27T02:37:52.209+0000] {processor.py:829} INFO - Processing file /home/airflow/.local/lib/python3.8/site-packages/airflow/example_dags/example_local_kubernetes_executor.py for tasks to queue
[2023-09-27T02:37:52.213+0000] {logging_mixin.py:151} INFO - [2023-09-27T02:37:52.212+0000] {dagbag.py:539} INFO - Filling up the DagBag from /home/airflow/.local/lib/python3.8/site-packages/airflow/example_dags/example_local_kubernetes_executor.py
[2023-09-27T02:37:52.560+0000] {processor.py:839} INFO - DAG(s) dict_keys(['example_local_kubernetes_executor']) retrieved from /home/airflow/.local/lib/python3.8/site-packages/airflow/example_dags/example_local_kubernetes_executor.py
[2023-09-27T02:37:52.601+0000] {logging_mixin.py:151} INFO - [2023-09-27T02:37:52.601+0000] {dag.py:2915} INFO - Sync 1 DAGs
[2023-09-27T02:37:52.622+0000] {logging_mixin.py:151} INFO - [2023-09-27T02:37:52.622+0000] {dag.py:3696} INFO - Setting next_dagrun for example_local_kubernetes_executor to None, run_after=None
[2023-09-27T02:37:52.654+0000] {processor.py:179} INFO - Processing /home/airflow/.local/lib/python3.8/site-packages/airflow/example_dags/example_local_kubernetes_executor.py took 0.455 seconds
[2023-09-27T02:38:23.337+0000] {processor.py:157} INFO - Started process (PID=566) to work on /home/airflow/.local/lib/python3.8/site-packages/airflow/example_dags/example_local_kubernetes_executor.py
[2023-09-27T02:38:23.346+0000] {processor.py:829} INFO - Processing file /home/airflow/.local/lib/python3.8/site-packages/airflow/example_dags/example_local_kubernetes_executor.py for tasks to queue
[2023-09-27T02:38:23.352+0000] {logging_mixin.py:151} INFO - [2023-09-27T02:38:23.351+0000] {dagbag.py:539} INFO - Filling up the DagBag from /home/airflow/.local/lib/python3.8/site-packages/airflow/example_dags/example_local_kubernetes_executor.py
[2023-09-27T02:38:24.537+0000] {processor.py:839} INFO - DAG(s) dict_keys(['example_local_kubernetes_executor']) retrieved from /home/airflow/.local/lib/python3.8/site-packages/airflow/example_dags/example_local_kubernetes_executor.py
[2023-09-27T02:38:24.645+0000] {logging_mixin.py:151} INFO - [2023-09-27T02:38:24.643+0000] {dag.py:2915} INFO - Sync 1 DAGs
[2023-09-27T02:38:24.680+0000] {logging_mixin.py:151} INFO - [2023-09-27T02:38:24.679+0000] {dag.py:3696} INFO - Setting next_dagrun for example_local_kubernetes_executor to None, run_after=None
[2023-09-27T02:38:24.726+0000] {processor.py:179} INFO - Processing /home/airflow/.local/lib/python3.8/site-packages/airflow/example_dags/example_local_kubernetes_executor.py took 1.398 seconds
