[2023-09-27T02:33:59.339+0000] {processor.py:157} INFO - Started process (PID=95) to work on /home/airflow/.local/lib/python3.8/site-packages/airflow/example_dags/example_datasets.py
[2023-09-27T02:33:59.342+0000] {processor.py:829} INFO - Processing file /home/airflow/.local/lib/python3.8/site-packages/airflow/example_dags/example_datasets.py for tasks to queue
[2023-09-27T02:33:59.348+0000] {logging_mixin.py:151} INFO - [2023-09-27T02:33:59.348+0000] {dagbag.py:539} INFO - Filling up the DagBag from /home/airflow/.local/lib/python3.8/site-packages/airflow/example_dags/example_datasets.py
[2023-09-27T02:33:59.380+0000] {processor.py:839} INFO - DAG(s) dict_keys(['dataset_consumes_1_never_scheduled', 'dataset_consumes_unknown_never_scheduled', 'dataset_produces_1', 'dataset_consumes_1', 'dataset_produces_2', 'dataset_consumes_1_and_2']) retrieved from /home/airflow/.local/lib/python3.8/site-packages/airflow/example_dags/example_datasets.py
[2023-09-27T02:33:59.656+0000] {logging_mixin.py:151} INFO - [2023-09-27T02:33:59.655+0000] {manager.py:499} INFO - Created Permission View: %s
[2023-09-27T02:33:59.689+0000] {logging_mixin.py:151} INFO - [2023-09-27T02:33:59.689+0000] {manager.py:499} INFO - Created Permission View: %s
[2023-09-27T02:33:59.711+0000] {logging_mixin.py:151} INFO - [2023-09-27T02:33:59.710+0000] {manager.py:499} INFO - Created Permission View: %s
[2023-09-27T02:33:59.713+0000] {logging_mixin.py:151} INFO - [2023-09-27T02:33:59.712+0000] {security.py:708} INFO - Not syncing DAG-level permissions for DAG 'DAG:dataset_consumes_1_never_scheduled' as access control is unset.
[2023-09-27T02:33:59.748+0000] {logging_mixin.py:151} INFO - [2023-09-27T02:33:59.748+0000] {manager.py:499} INFO - Created Permission View: %s
[2023-09-27T02:33:59.770+0000] {logging_mixin.py:151} INFO - [2023-09-27T02:33:59.770+0000] {manager.py:499} INFO - Created Permission View: %s
[2023-09-27T02:33:59.792+0000] {logging_mixin.py:151} INFO - [2023-09-27T02:33:59.792+0000] {manager.py:499} INFO - Created Permission View: %s
[2023-09-27T02:33:59.794+0000] {logging_mixin.py:151} INFO - [2023-09-27T02:33:59.793+0000] {security.py:708} INFO - Not syncing DAG-level permissions for DAG 'DAG:dataset_consumes_unknown_never_scheduled' as access control is unset.
[2023-09-27T02:33:59.845+0000] {logging_mixin.py:151} INFO - [2023-09-27T02:33:59.844+0000] {manager.py:499} INFO - Created Permission View: %s
[2023-09-27T02:33:59.865+0000] {logging_mixin.py:151} INFO - [2023-09-27T02:33:59.864+0000] {manager.py:499} INFO - Created Permission View: %s
[2023-09-27T02:33:59.887+0000] {logging_mixin.py:151} INFO - [2023-09-27T02:33:59.887+0000] {manager.py:499} INFO - Created Permission View: %s
[2023-09-27T02:33:59.889+0000] {logging_mixin.py:151} INFO - [2023-09-27T02:33:59.889+0000] {security.py:708} INFO - Not syncing DAG-level permissions for DAG 'DAG:dataset_produces_1' as access control is unset.
[2023-09-27T02:33:59.926+0000] {logging_mixin.py:151} INFO - [2023-09-27T02:33:59.926+0000] {manager.py:499} INFO - Created Permission View: %s
[2023-09-27T02:33:59.948+0000] {logging_mixin.py:151} INFO - [2023-09-27T02:33:59.947+0000] {manager.py:499} INFO - Created Permission View: %s
[2023-09-27T02:33:59.969+0000] {logging_mixin.py:151} INFO - [2023-09-27T02:33:59.968+0000] {manager.py:499} INFO - Created Permission View: %s
[2023-09-27T02:33:59.971+0000] {logging_mixin.py:151} INFO - [2023-09-27T02:33:59.970+0000] {security.py:708} INFO - Not syncing DAG-level permissions for DAG 'DAG:dataset_consumes_1' as access control is unset.
[2023-09-27T02:34:00.029+0000] {logging_mixin.py:151} INFO - [2023-09-27T02:34:00.028+0000] {manager.py:499} INFO - Created Permission View: %s
[2023-09-27T02:34:00.057+0000] {logging_mixin.py:151} INFO - [2023-09-27T02:34:00.057+0000] {manager.py:499} INFO - Created Permission View: %s
[2023-09-27T02:34:00.094+0000] {logging_mixin.py:151} INFO - [2023-09-27T02:34:00.094+0000] {manager.py:499} INFO - Created Permission View: %s
[2023-09-27T02:34:00.096+0000] {logging_mixin.py:151} INFO - [2023-09-27T02:34:00.096+0000] {security.py:708} INFO - Not syncing DAG-level permissions for DAG 'DAG:dataset_produces_2' as access control is unset.
[2023-09-27T02:34:00.137+0000] {logging_mixin.py:151} INFO - [2023-09-27T02:34:00.137+0000] {manager.py:499} INFO - Created Permission View: %s
[2023-09-27T02:34:00.158+0000] {logging_mixin.py:151} INFO - [2023-09-27T02:34:00.157+0000] {manager.py:499} INFO - Created Permission View: %s
[2023-09-27T02:34:00.179+0000] {logging_mixin.py:151} INFO - [2023-09-27T02:34:00.178+0000] {manager.py:499} INFO - Created Permission View: %s
[2023-09-27T02:34:00.180+0000] {logging_mixin.py:151} INFO - [2023-09-27T02:34:00.180+0000] {security.py:708} INFO - Not syncing DAG-level permissions for DAG 'DAG:dataset_consumes_1_and_2' as access control is unset.
[2023-09-27T02:34:00.182+0000] {logging_mixin.py:151} INFO - [2023-09-27T02:34:00.182+0000] {dag.py:2915} INFO - Sync 6 DAGs
[2023-09-27T02:34:00.214+0000] {logging_mixin.py:151} INFO - [2023-09-27T02:34:00.213+0000] {dag.py:2937} INFO - Creating ORM DAG for dataset_consumes_1_and_2
[2023-09-27T02:34:00.216+0000] {logging_mixin.py:151} INFO - [2023-09-27T02:34:00.216+0000] {dag.py:2937} INFO - Creating ORM DAG for dataset_produces_2
[2023-09-27T02:34:00.218+0000] {logging_mixin.py:151} INFO - [2023-09-27T02:34:00.218+0000] {dag.py:2937} INFO - Creating ORM DAG for dataset_produces_1
[2023-09-27T02:34:00.220+0000] {logging_mixin.py:151} INFO - [2023-09-27T02:34:00.220+0000] {dag.py:2937} INFO - Creating ORM DAG for dataset_consumes_1
[2023-09-27T02:34:00.222+0000] {logging_mixin.py:151} INFO - [2023-09-27T02:34:00.222+0000] {dag.py:2937} INFO - Creating ORM DAG for dataset_consumes_unknown_never_scheduled
[2023-09-27T02:34:00.224+0000] {logging_mixin.py:151} INFO - [2023-09-27T02:34:00.224+0000] {dag.py:2937} INFO - Creating ORM DAG for dataset_consumes_1_never_scheduled
[2023-09-27T02:34:00.249+0000] {logging_mixin.py:151} INFO - [2023-09-27T02:34:00.249+0000] {dag.py:3696} INFO - Setting next_dagrun for dataset_consumes_1 to None, run_after=None
[2023-09-27T02:34:00.252+0000] {logging_mixin.py:151} INFO - [2023-09-27T02:34:00.252+0000] {dag.py:3696} INFO - Setting next_dagrun for dataset_consumes_1_and_2 to None, run_after=None
[2023-09-27T02:34:00.254+0000] {logging_mixin.py:151} INFO - [2023-09-27T02:34:00.254+0000] {dag.py:3696} INFO - Setting next_dagrun for dataset_consumes_1_never_scheduled to None, run_after=None
[2023-09-27T02:34:00.256+0000] {logging_mixin.py:151} INFO - [2023-09-27T02:34:00.256+0000] {dag.py:3696} INFO - Setting next_dagrun for dataset_consumes_unknown_never_scheduled to None, run_after=None
[2023-09-27T02:34:00.265+0000] {logging_mixin.py:151} INFO - [2023-09-27T02:34:00.265+0000] {dag.py:3696} INFO - Setting next_dagrun for dataset_produces_1 to 2023-09-26T00:00:00+00:00, run_after=2023-09-27T00:00:00+00:00
[2023-09-27T02:34:00.268+0000] {logging_mixin.py:151} INFO - [2023-09-27T02:34:00.267+0000] {dag.py:3696} INFO - Setting next_dagrun for dataset_produces_2 to None, run_after=None
[2023-09-27T02:34:00.388+0000] {processor.py:179} INFO - Processing /home/airflow/.local/lib/python3.8/site-packages/airflow/example_dags/example_datasets.py took 1.058 seconds
[2023-09-27T02:34:30.813+0000] {processor.py:157} INFO - Started process (PID=150) to work on /home/airflow/.local/lib/python3.8/site-packages/airflow/example_dags/example_datasets.py
[2023-09-27T02:34:30.822+0000] {processor.py:829} INFO - Processing file /home/airflow/.local/lib/python3.8/site-packages/airflow/example_dags/example_datasets.py for tasks to queue
[2023-09-27T02:34:30.828+0000] {logging_mixin.py:151} INFO - [2023-09-27T02:34:30.827+0000] {dagbag.py:539} INFO - Filling up the DagBag from /home/airflow/.local/lib/python3.8/site-packages/airflow/example_dags/example_datasets.py
[2023-09-27T02:34:30.854+0000] {processor.py:839} INFO - DAG(s) dict_keys(['dataset_consumes_1', 'dataset_consumes_1_and_2', 'dataset_consumes_1_never_scheduled', 'dataset_consumes_unknown_never_scheduled', 'dataset_produces_1', 'dataset_produces_2']) retrieved from /home/airflow/.local/lib/python3.8/site-packages/airflow/example_dags/example_datasets.py
[2023-09-27T02:34:30.914+0000] {logging_mixin.py:151} INFO - [2023-09-27T02:34:30.914+0000] {dag.py:2915} INFO - Sync 6 DAGs
[2023-09-27T02:34:30.946+0000] {logging_mixin.py:151} INFO - [2023-09-27T02:34:30.946+0000] {dag.py:3696} INFO - Setting next_dagrun for dataset_consumes_1 to None, run_after=None
[2023-09-27T02:34:30.951+0000] {logging_mixin.py:151} INFO - [2023-09-27T02:34:30.951+0000] {dag.py:3696} INFO - Setting next_dagrun for dataset_consumes_1_and_2 to None, run_after=None
[2023-09-27T02:34:30.954+0000] {logging_mixin.py:151} INFO - [2023-09-27T02:34:30.954+0000] {dag.py:3696} INFO - Setting next_dagrun for dataset_consumes_1_never_scheduled to None, run_after=None
[2023-09-27T02:34:30.958+0000] {logging_mixin.py:151} INFO - [2023-09-27T02:34:30.958+0000] {dag.py:3696} INFO - Setting next_dagrun for dataset_consumes_unknown_never_scheduled to None, run_after=None
[2023-09-27T02:34:30.965+0000] {logging_mixin.py:151} INFO - [2023-09-27T02:34:30.965+0000] {dag.py:3696} INFO - Setting next_dagrun for dataset_produces_1 to 2023-09-26T00:00:00+00:00, run_after=2023-09-27T00:00:00+00:00
[2023-09-27T02:34:30.969+0000] {logging_mixin.py:151} INFO - [2023-09-27T02:34:30.969+0000] {dag.py:3696} INFO - Setting next_dagrun for dataset_produces_2 to None, run_after=None
[2023-09-27T02:34:31.041+0000] {processor.py:179} INFO - Processing /home/airflow/.local/lib/python3.8/site-packages/airflow/example_dags/example_datasets.py took 0.237 seconds
[2023-09-27T02:35:01.774+0000] {processor.py:157} INFO - Started process (PID=204) to work on /home/airflow/.local/lib/python3.8/site-packages/airflow/example_dags/example_datasets.py
[2023-09-27T02:35:01.777+0000] {processor.py:829} INFO - Processing file /home/airflow/.local/lib/python3.8/site-packages/airflow/example_dags/example_datasets.py for tasks to queue
[2023-09-27T02:35:01.784+0000] {logging_mixin.py:151} INFO - [2023-09-27T02:35:01.783+0000] {dagbag.py:539} INFO - Filling up the DagBag from /home/airflow/.local/lib/python3.8/site-packages/airflow/example_dags/example_datasets.py
[2023-09-27T02:35:01.806+0000] {processor.py:839} INFO - DAG(s) dict_keys(['dataset_consumes_1', 'dataset_consumes_1_never_scheduled', 'dataset_consumes_unknown_never_scheduled', 'dataset_produces_1', 'dataset_consumes_1_and_2', 'dataset_produces_2']) retrieved from /home/airflow/.local/lib/python3.8/site-packages/airflow/example_dags/example_datasets.py
[2023-09-27T02:35:01.887+0000] {logging_mixin.py:151} INFO - [2023-09-27T02:35:01.887+0000] {dag.py:2915} INFO - Sync 6 DAGs
[2023-09-27T02:35:01.935+0000] {logging_mixin.py:151} INFO - [2023-09-27T02:35:01.935+0000] {dag.py:3696} INFO - Setting next_dagrun for dataset_consumes_1 to None, run_after=None
[2023-09-27T02:35:01.942+0000] {logging_mixin.py:151} INFO - [2023-09-27T02:35:01.941+0000] {dag.py:3696} INFO - Setting next_dagrun for dataset_consumes_1_and_2 to None, run_after=None
[2023-09-27T02:35:01.946+0000] {logging_mixin.py:151} INFO - [2023-09-27T02:35:01.945+0000] {dag.py:3696} INFO - Setting next_dagrun for dataset_consumes_1_never_scheduled to None, run_after=None
[2023-09-27T02:35:01.949+0000] {logging_mixin.py:151} INFO - [2023-09-27T02:35:01.948+0000] {dag.py:3696} INFO - Setting next_dagrun for dataset_consumes_unknown_never_scheduled to None, run_after=None
[2023-09-27T02:35:01.955+0000] {logging_mixin.py:151} INFO - [2023-09-27T02:35:01.954+0000] {dag.py:3696} INFO - Setting next_dagrun for dataset_produces_1 to 2023-09-26T00:00:00+00:00, run_after=2023-09-27T00:00:00+00:00
[2023-09-27T02:35:01.957+0000] {logging_mixin.py:151} INFO - [2023-09-27T02:35:01.957+0000] {dag.py:3696} INFO - Setting next_dagrun for dataset_produces_2 to None, run_after=None
[2023-09-27T02:35:02.011+0000] {processor.py:179} INFO - Processing /home/airflow/.local/lib/python3.8/site-packages/airflow/example_dags/example_datasets.py took 0.243 seconds
[2023-09-27T02:35:32.241+0000] {processor.py:157} INFO - Started process (PID=258) to work on /home/airflow/.local/lib/python3.8/site-packages/airflow/example_dags/example_datasets.py
[2023-09-27T02:35:32.249+0000] {processor.py:829} INFO - Processing file /home/airflow/.local/lib/python3.8/site-packages/airflow/example_dags/example_datasets.py for tasks to queue
[2023-09-27T02:35:32.262+0000] {logging_mixin.py:151} INFO - [2023-09-27T02:35:32.261+0000] {dagbag.py:539} INFO - Filling up the DagBag from /home/airflow/.local/lib/python3.8/site-packages/airflow/example_dags/example_datasets.py
[2023-09-27T02:35:32.328+0000] {processor.py:839} INFO - DAG(s) dict_keys(['dataset_produces_2', 'dataset_consumes_1_and_2', 'dataset_consumes_1_never_scheduled', 'dataset_produces_1', 'dataset_consumes_unknown_never_scheduled', 'dataset_consumes_1']) retrieved from /home/airflow/.local/lib/python3.8/site-packages/airflow/example_dags/example_datasets.py
[2023-09-27T02:35:32.574+0000] {logging_mixin.py:151} INFO - [2023-09-27T02:35:32.574+0000] {dag.py:2915} INFO - Sync 6 DAGs
[2023-09-27T02:35:32.724+0000] {logging_mixin.py:151} INFO - [2023-09-27T02:35:32.717+0000] {dag.py:3696} INFO - Setting next_dagrun for dataset_consumes_1 to None, run_after=None
[2023-09-27T02:35:32.750+0000] {logging_mixin.py:151} INFO - [2023-09-27T02:35:32.750+0000] {dag.py:3696} INFO - Setting next_dagrun for dataset_consumes_1_and_2 to None, run_after=None
[2023-09-27T02:35:32.773+0000] {logging_mixin.py:151} INFO - [2023-09-27T02:35:32.772+0000] {dag.py:3696} INFO - Setting next_dagrun for dataset_consumes_1_never_scheduled to None, run_after=None
[2023-09-27T02:35:32.795+0000] {logging_mixin.py:151} INFO - [2023-09-27T02:35:32.794+0000] {dag.py:3696} INFO - Setting next_dagrun for dataset_consumes_unknown_never_scheduled to None, run_after=None
[2023-09-27T02:35:32.811+0000] {logging_mixin.py:151} INFO - [2023-09-27T02:35:32.811+0000] {dag.py:3696} INFO - Setting next_dagrun for dataset_produces_1 to 2023-09-26T00:00:00+00:00, run_after=2023-09-27T00:00:00+00:00
[2023-09-27T02:35:32.827+0000] {logging_mixin.py:151} INFO - [2023-09-27T02:35:32.826+0000] {dag.py:3696} INFO - Setting next_dagrun for dataset_produces_2 to None, run_after=None
[2023-09-27T02:35:33.037+0000] {processor.py:179} INFO - Processing /home/airflow/.local/lib/python3.8/site-packages/airflow/example_dags/example_datasets.py took 0.817 seconds
[2023-09-27T02:36:03.514+0000] {processor.py:157} INFO - Started process (PID=312) to work on /home/airflow/.local/lib/python3.8/site-packages/airflow/example_dags/example_datasets.py
[2023-09-27T02:36:03.516+0000] {processor.py:829} INFO - Processing file /home/airflow/.local/lib/python3.8/site-packages/airflow/example_dags/example_datasets.py for tasks to queue
[2023-09-27T02:36:03.522+0000] {logging_mixin.py:151} INFO - [2023-09-27T02:36:03.521+0000] {dagbag.py:539} INFO - Filling up the DagBag from /home/airflow/.local/lib/python3.8/site-packages/airflow/example_dags/example_datasets.py
[2023-09-27T02:36:03.543+0000] {processor.py:839} INFO - DAG(s) dict_keys(['dataset_consumes_1_never_scheduled', 'dataset_consumes_1', 'dataset_produces_2', 'dataset_consumes_unknown_never_scheduled', 'dataset_produces_1', 'dataset_consumes_1_and_2']) retrieved from /home/airflow/.local/lib/python3.8/site-packages/airflow/example_dags/example_datasets.py
[2023-09-27T02:36:03.626+0000] {logging_mixin.py:151} INFO - [2023-09-27T02:36:03.626+0000] {dag.py:2915} INFO - Sync 6 DAGs
[2023-09-27T02:36:03.688+0000] {logging_mixin.py:151} INFO - [2023-09-27T02:36:03.688+0000] {dag.py:3696} INFO - Setting next_dagrun for dataset_consumes_1 to None, run_after=None
[2023-09-27T02:36:03.694+0000] {logging_mixin.py:151} INFO - [2023-09-27T02:36:03.694+0000] {dag.py:3696} INFO - Setting next_dagrun for dataset_consumes_1_and_2 to None, run_after=None
[2023-09-27T02:36:03.697+0000] {logging_mixin.py:151} INFO - [2023-09-27T02:36:03.697+0000] {dag.py:3696} INFO - Setting next_dagrun for dataset_consumes_1_never_scheduled to None, run_after=None
[2023-09-27T02:36:03.699+0000] {logging_mixin.py:151} INFO - [2023-09-27T02:36:03.699+0000] {dag.py:3696} INFO - Setting next_dagrun for dataset_consumes_unknown_never_scheduled to None, run_after=None
[2023-09-27T02:36:03.709+0000] {logging_mixin.py:151} INFO - [2023-09-27T02:36:03.708+0000] {dag.py:3696} INFO - Setting next_dagrun for dataset_produces_1 to 2023-09-26T00:00:00+00:00, run_after=2023-09-27T00:00:00+00:00
[2023-09-27T02:36:03.711+0000] {logging_mixin.py:151} INFO - [2023-09-27T02:36:03.711+0000] {dag.py:3696} INFO - Setting next_dagrun for dataset_produces_2 to None, run_after=None
[2023-09-27T02:36:03.762+0000] {processor.py:179} INFO - Processing /home/airflow/.local/lib/python3.8/site-packages/airflow/example_dags/example_datasets.py took 0.255 seconds
[2023-09-27T02:36:34.958+0000] {processor.py:157} INFO - Started process (PID=370) to work on /home/airflow/.local/lib/python3.8/site-packages/airflow/example_dags/example_datasets.py
[2023-09-27T02:36:34.965+0000] {processor.py:829} INFO - Processing file /home/airflow/.local/lib/python3.8/site-packages/airflow/example_dags/example_datasets.py for tasks to queue
[2023-09-27T02:36:34.984+0000] {logging_mixin.py:151} INFO - [2023-09-27T02:36:34.982+0000] {dagbag.py:539} INFO - Filling up the DagBag from /home/airflow/.local/lib/python3.8/site-packages/airflow/example_dags/example_datasets.py
[2023-09-27T02:36:35.166+0000] {processor.py:839} INFO - DAG(s) dict_keys(['dataset_consumes_1_and_2', 'dataset_produces_2', 'dataset_produces_1', 'dataset_consumes_1', 'dataset_consumes_1_never_scheduled', 'dataset_consumes_unknown_never_scheduled']) retrieved from /home/airflow/.local/lib/python3.8/site-packages/airflow/example_dags/example_datasets.py
[2023-09-27T02:36:35.477+0000] {logging_mixin.py:151} INFO - [2023-09-27T02:36:35.476+0000] {dag.py:2915} INFO - Sync 6 DAGs
[2023-09-27T02:36:35.672+0000] {logging_mixin.py:151} INFO - [2023-09-27T02:36:35.672+0000] {dag.py:3696} INFO - Setting next_dagrun for dataset_consumes_1 to None, run_after=None
[2023-09-27T02:36:35.709+0000] {logging_mixin.py:151} INFO - [2023-09-27T02:36:35.708+0000] {dag.py:3696} INFO - Setting next_dagrun for dataset_consumes_1_and_2 to None, run_after=None
[2023-09-27T02:36:35.723+0000] {logging_mixin.py:151} INFO - [2023-09-27T02:36:35.723+0000] {dag.py:3696} INFO - Setting next_dagrun for dataset_consumes_1_never_scheduled to None, run_after=None
[2023-09-27T02:36:35.734+0000] {logging_mixin.py:151} INFO - [2023-09-27T02:36:35.733+0000] {dag.py:3696} INFO - Setting next_dagrun for dataset_consumes_unknown_never_scheduled to None, run_after=None
[2023-09-27T02:36:35.762+0000] {logging_mixin.py:151} INFO - [2023-09-27T02:36:35.761+0000] {dag.py:3696} INFO - Setting next_dagrun for dataset_produces_1 to 2023-09-26T00:00:00+00:00, run_after=2023-09-27T00:00:00+00:00
[2023-09-27T02:36:35.773+0000] {logging_mixin.py:151} INFO - [2023-09-27T02:36:35.773+0000] {dag.py:3696} INFO - Setting next_dagrun for dataset_produces_2 to None, run_after=None
[2023-09-27T02:36:35.982+0000] {processor.py:179} INFO - Processing /home/airflow/.local/lib/python3.8/site-packages/airflow/example_dags/example_datasets.py took 1.055 seconds
[2023-09-27T02:37:06.100+0000] {processor.py:157} INFO - Started process (PID=431) to work on /home/airflow/.local/lib/python3.8/site-packages/airflow/example_dags/example_datasets.py
[2023-09-27T02:37:06.103+0000] {processor.py:829} INFO - Processing file /home/airflow/.local/lib/python3.8/site-packages/airflow/example_dags/example_datasets.py for tasks to queue
[2023-09-27T02:37:06.109+0000] {logging_mixin.py:151} INFO - [2023-09-27T02:37:06.108+0000] {dagbag.py:539} INFO - Filling up the DagBag from /home/airflow/.local/lib/python3.8/site-packages/airflow/example_dags/example_datasets.py
[2023-09-27T02:37:06.135+0000] {processor.py:839} INFO - DAG(s) dict_keys(['dataset_produces_1', 'dataset_consumes_1_never_scheduled', 'dataset_consumes_1_and_2', 'dataset_consumes_unknown_never_scheduled', 'dataset_consumes_1', 'dataset_produces_2']) retrieved from /home/airflow/.local/lib/python3.8/site-packages/airflow/example_dags/example_datasets.py
[2023-09-27T02:37:06.219+0000] {logging_mixin.py:151} INFO - [2023-09-27T02:37:06.218+0000] {dag.py:2915} INFO - Sync 6 DAGs
[2023-09-27T02:37:06.280+0000] {logging_mixin.py:151} INFO - [2023-09-27T02:37:06.279+0000] {dag.py:3696} INFO - Setting next_dagrun for dataset_consumes_1 to None, run_after=None
[2023-09-27T02:37:06.289+0000] {logging_mixin.py:151} INFO - [2023-09-27T02:37:06.288+0000] {dag.py:3696} INFO - Setting next_dagrun for dataset_consumes_1_and_2 to None, run_after=None
[2023-09-27T02:37:06.294+0000] {logging_mixin.py:151} INFO - [2023-09-27T02:37:06.294+0000] {dag.py:3696} INFO - Setting next_dagrun for dataset_consumes_1_never_scheduled to None, run_after=None
[2023-09-27T02:37:06.301+0000] {logging_mixin.py:151} INFO - [2023-09-27T02:37:06.300+0000] {dag.py:3696} INFO - Setting next_dagrun for dataset_consumes_unknown_never_scheduled to None, run_after=None
[2023-09-27T02:37:06.310+0000] {logging_mixin.py:151} INFO - [2023-09-27T02:37:06.310+0000] {dag.py:3696} INFO - Setting next_dagrun for dataset_produces_1 to 2023-09-26T00:00:00+00:00, run_after=2023-09-27T00:00:00+00:00
[2023-09-27T02:37:06.313+0000] {logging_mixin.py:151} INFO - [2023-09-27T02:37:06.312+0000] {dag.py:3696} INFO - Setting next_dagrun for dataset_produces_2 to None, run_after=None
[2023-09-27T02:37:06.366+0000] {processor.py:179} INFO - Processing /home/airflow/.local/lib/python3.8/site-packages/airflow/example_dags/example_datasets.py took 0.276 seconds
[2023-09-27T02:37:36.504+0000] {processor.py:157} INFO - Started process (PID=484) to work on /home/airflow/.local/lib/python3.8/site-packages/airflow/example_dags/example_datasets.py
[2023-09-27T02:37:36.505+0000] {processor.py:829} INFO - Processing file /home/airflow/.local/lib/python3.8/site-packages/airflow/example_dags/example_datasets.py for tasks to queue
[2023-09-27T02:37:36.510+0000] {logging_mixin.py:151} INFO - [2023-09-27T02:37:36.509+0000] {dagbag.py:539} INFO - Filling up the DagBag from /home/airflow/.local/lib/python3.8/site-packages/airflow/example_dags/example_datasets.py
[2023-09-27T02:37:36.528+0000] {processor.py:839} INFO - DAG(s) dict_keys(['dataset_produces_1', 'dataset_consumes_unknown_never_scheduled', 'dataset_produces_2', 'dataset_consumes_1', 'dataset_consumes_1_and_2', 'dataset_consumes_1_never_scheduled']) retrieved from /home/airflow/.local/lib/python3.8/site-packages/airflow/example_dags/example_datasets.py
[2023-09-27T02:37:36.597+0000] {logging_mixin.py:151} INFO - [2023-09-27T02:37:36.597+0000] {dag.py:2915} INFO - Sync 6 DAGs
[2023-09-27T02:37:36.645+0000] {logging_mixin.py:151} INFO - [2023-09-27T02:37:36.645+0000] {dag.py:3696} INFO - Setting next_dagrun for dataset_consumes_1 to None, run_after=None
[2023-09-27T02:37:36.653+0000] {logging_mixin.py:151} INFO - [2023-09-27T02:37:36.652+0000] {dag.py:3696} INFO - Setting next_dagrun for dataset_consumes_1_and_2 to None, run_after=None
[2023-09-27T02:37:36.657+0000] {logging_mixin.py:151} INFO - [2023-09-27T02:37:36.656+0000] {dag.py:3696} INFO - Setting next_dagrun for dataset_consumes_1_never_scheduled to None, run_after=None
[2023-09-27T02:37:36.660+0000] {logging_mixin.py:151} INFO - [2023-09-27T02:37:36.660+0000] {dag.py:3696} INFO - Setting next_dagrun for dataset_consumes_unknown_never_scheduled to None, run_after=None
[2023-09-27T02:37:36.672+0000] {logging_mixin.py:151} INFO - [2023-09-27T02:37:36.672+0000] {dag.py:3696} INFO - Setting next_dagrun for dataset_produces_1 to 2023-09-26T00:00:00+00:00, run_after=2023-09-27T00:00:00+00:00
[2023-09-27T02:37:36.677+0000] {logging_mixin.py:151} INFO - [2023-09-27T02:37:36.676+0000] {dag.py:3696} INFO - Setting next_dagrun for dataset_produces_2 to None, run_after=None
[2023-09-27T02:37:36.746+0000] {processor.py:179} INFO - Processing /home/airflow/.local/lib/python3.8/site-packages/airflow/example_dags/example_datasets.py took 0.249 seconds
[2023-09-27T02:38:07.533+0000] {processor.py:157} INFO - Started process (PID=538) to work on /home/airflow/.local/lib/python3.8/site-packages/airflow/example_dags/example_datasets.py
[2023-09-27T02:38:07.535+0000] {processor.py:829} INFO - Processing file /home/airflow/.local/lib/python3.8/site-packages/airflow/example_dags/example_datasets.py for tasks to queue
[2023-09-27T02:38:07.539+0000] {logging_mixin.py:151} INFO - [2023-09-27T02:38:07.538+0000] {dagbag.py:539} INFO - Filling up the DagBag from /home/airflow/.local/lib/python3.8/site-packages/airflow/example_dags/example_datasets.py
[2023-09-27T02:38:07.553+0000] {processor.py:839} INFO - DAG(s) dict_keys(['dataset_consumes_1_never_scheduled', 'dataset_consumes_unknown_never_scheduled', 'dataset_consumes_1_and_2', 'dataset_consumes_1', 'dataset_produces_2', 'dataset_produces_1']) retrieved from /home/airflow/.local/lib/python3.8/site-packages/airflow/example_dags/example_datasets.py
[2023-09-27T02:38:07.603+0000] {logging_mixin.py:151} INFO - [2023-09-27T02:38:07.603+0000] {dag.py:2915} INFO - Sync 6 DAGs
[2023-09-27T02:38:07.633+0000] {logging_mixin.py:151} INFO - [2023-09-27T02:38:07.633+0000] {dag.py:3696} INFO - Setting next_dagrun for dataset_consumes_1 to None, run_after=None
[2023-09-27T02:38:07.639+0000] {logging_mixin.py:151} INFO - [2023-09-27T02:38:07.639+0000] {dag.py:3696} INFO - Setting next_dagrun for dataset_consumes_1_and_2 to None, run_after=None
[2023-09-27T02:38:07.642+0000] {logging_mixin.py:151} INFO - [2023-09-27T02:38:07.641+0000] {dag.py:3696} INFO - Setting next_dagrun for dataset_consumes_1_never_scheduled to None, run_after=None
[2023-09-27T02:38:07.644+0000] {logging_mixin.py:151} INFO - [2023-09-27T02:38:07.644+0000] {dag.py:3696} INFO - Setting next_dagrun for dataset_consumes_unknown_never_scheduled to None, run_after=None
[2023-09-27T02:38:07.649+0000] {logging_mixin.py:151} INFO - [2023-09-27T02:38:07.649+0000] {dag.py:3696} INFO - Setting next_dagrun for dataset_produces_1 to 2023-09-26T00:00:00+00:00, run_after=2023-09-27T00:00:00+00:00
[2023-09-27T02:38:07.652+0000] {logging_mixin.py:151} INFO - [2023-09-27T02:38:07.651+0000] {dag.py:3696} INFO - Setting next_dagrun for dataset_produces_2 to None, run_after=None
[2023-09-27T02:38:07.697+0000] {processor.py:179} INFO - Processing /home/airflow/.local/lib/python3.8/site-packages/airflow/example_dags/example_datasets.py took 0.167 seconds
[2023-09-27T02:38:38.367+0000] {processor.py:157} INFO - Started process (PID=592) to work on /home/airflow/.local/lib/python3.8/site-packages/airflow/example_dags/example_datasets.py
[2023-09-27T02:38:38.369+0000] {processor.py:829} INFO - Processing file /home/airflow/.local/lib/python3.8/site-packages/airflow/example_dags/example_datasets.py for tasks to queue
[2023-09-27T02:38:38.376+0000] {logging_mixin.py:151} INFO - [2023-09-27T02:38:38.375+0000] {dagbag.py:539} INFO - Filling up the DagBag from /home/airflow/.local/lib/python3.8/site-packages/airflow/example_dags/example_datasets.py
[2023-09-27T02:38:38.390+0000] {processor.py:839} INFO - DAG(s) dict_keys(['dataset_consumes_unknown_never_scheduled', 'dataset_consumes_1', 'dataset_consumes_1_never_scheduled', 'dataset_produces_2', 'dataset_produces_1', 'dataset_consumes_1_and_2']) retrieved from /home/airflow/.local/lib/python3.8/site-packages/airflow/example_dags/example_datasets.py
[2023-09-27T02:38:38.431+0000] {logging_mixin.py:151} INFO - [2023-09-27T02:38:38.430+0000] {dag.py:2915} INFO - Sync 6 DAGs
[2023-09-27T02:38:38.463+0000] {logging_mixin.py:151} INFO - [2023-09-27T02:38:38.462+0000] {dag.py:3696} INFO - Setting next_dagrun for dataset_consumes_1 to None, run_after=None
[2023-09-27T02:38:38.468+0000] {logging_mixin.py:151} INFO - [2023-09-27T02:38:38.467+0000] {dag.py:3696} INFO - Setting next_dagrun for dataset_consumes_1_and_2 to None, run_after=None
[2023-09-27T02:38:38.470+0000] {logging_mixin.py:151} INFO - [2023-09-27T02:38:38.470+0000] {dag.py:3696} INFO - Setting next_dagrun for dataset_consumes_1_never_scheduled to None, run_after=None
[2023-09-27T02:38:38.472+0000] {logging_mixin.py:151} INFO - [2023-09-27T02:38:38.472+0000] {dag.py:3696} INFO - Setting next_dagrun for dataset_consumes_unknown_never_scheduled to None, run_after=None
[2023-09-27T02:38:38.478+0000] {logging_mixin.py:151} INFO - [2023-09-27T02:38:38.477+0000] {dag.py:3696} INFO - Setting next_dagrun for dataset_produces_1 to 2023-09-26T00:00:00+00:00, run_after=2023-09-27T00:00:00+00:00
[2023-09-27T02:38:38.480+0000] {logging_mixin.py:151} INFO - [2023-09-27T02:38:38.480+0000] {dag.py:3696} INFO - Setting next_dagrun for dataset_produces_2 to None, run_after=None
[2023-09-27T02:38:38.525+0000] {processor.py:179} INFO - Processing /home/airflow/.local/lib/python3.8/site-packages/airflow/example_dags/example_datasets.py took 0.161 seconds
