[2023-09-27T02:33:52.358+0000] {processor.py:157} INFO - Started process (PID=78) to work on /home/airflow/.local/lib/python3.8/site-packages/airflow/example_dags/example_branch_operator_decorator.py
[2023-09-27T02:33:52.362+0000] {processor.py:829} INFO - Processing file /home/airflow/.local/lib/python3.8/site-packages/airflow/example_dags/example_branch_operator_decorator.py for tasks to queue
[2023-09-27T02:33:52.369+0000] {logging_mixin.py:151} INFO - [2023-09-27T02:33:52.368+0000] {dagbag.py:539} INFO - Filling up the DagBag from /home/airflow/.local/lib/python3.8/site-packages/airflow/example_dags/example_branch_operator_decorator.py
[2023-09-27T02:33:52.404+0000] {processor.py:839} INFO - DAG(s) dict_keys(['example_branch_python_operator_decorator']) retrieved from /home/airflow/.local/lib/python3.8/site-packages/airflow/example_dags/example_branch_operator_decorator.py
[2023-09-27T02:33:52.726+0000] {logging_mixin.py:151} INFO - [2023-09-27T02:33:52.725+0000] {manager.py:499} INFO - Created Permission View: %s
[2023-09-27T02:33:52.758+0000] {logging_mixin.py:151} INFO - [2023-09-27T02:33:52.757+0000] {manager.py:499} INFO - Created Permission View: %s
[2023-09-27T02:33:52.779+0000] {logging_mixin.py:151} INFO - [2023-09-27T02:33:52.779+0000] {manager.py:499} INFO - Created Permission View: %s
[2023-09-27T02:33:52.781+0000] {logging_mixin.py:151} INFO - [2023-09-27T02:33:52.781+0000] {security.py:708} INFO - Not syncing DAG-level permissions for DAG 'DAG:example_branch_python_operator_decorator' as access control is unset.
[2023-09-27T02:33:52.783+0000] {logging_mixin.py:151} INFO - [2023-09-27T02:33:52.782+0000] {dag.py:2915} INFO - Sync 1 DAGs
[2023-09-27T02:33:52.819+0000] {logging_mixin.py:151} INFO - [2023-09-27T02:33:52.819+0000] {dag.py:2937} INFO - Creating ORM DAG for example_branch_python_operator_decorator
[2023-09-27T02:33:52.854+0000] {logging_mixin.py:151} INFO - [2023-09-27T02:33:52.853+0000] {dag.py:3696} INFO - Setting next_dagrun for example_branch_python_operator_decorator to 2023-09-26T00:00:00+00:00, run_after=2023-09-27T00:00:00+00:00
[2023-09-27T02:33:52.912+0000] {processor.py:179} INFO - Processing /home/airflow/.local/lib/python3.8/site-packages/airflow/example_dags/example_branch_operator_decorator.py took 0.566 seconds
[2023-09-27T02:34:23.286+0000] {processor.py:157} INFO - Started process (PID=133) to work on /home/airflow/.local/lib/python3.8/site-packages/airflow/example_dags/example_branch_operator_decorator.py
[2023-09-27T02:34:23.289+0000] {processor.py:829} INFO - Processing file /home/airflow/.local/lib/python3.8/site-packages/airflow/example_dags/example_branch_operator_decorator.py for tasks to queue
[2023-09-27T02:34:23.293+0000] {logging_mixin.py:151} INFO - [2023-09-27T02:34:23.293+0000] {dagbag.py:539} INFO - Filling up the DagBag from /home/airflow/.local/lib/python3.8/site-packages/airflow/example_dags/example_branch_operator_decorator.py
[2023-09-27T02:34:23.310+0000] {processor.py:839} INFO - DAG(s) dict_keys(['example_branch_python_operator_decorator']) retrieved from /home/airflow/.local/lib/python3.8/site-packages/airflow/example_dags/example_branch_operator_decorator.py
[2023-09-27T02:34:23.353+0000] {logging_mixin.py:151} INFO - [2023-09-27T02:34:23.353+0000] {dag.py:2915} INFO - Sync 1 DAGs
[2023-09-27T02:34:23.398+0000] {logging_mixin.py:151} INFO - [2023-09-27T02:34:23.397+0000] {dag.py:3696} INFO - Setting next_dagrun for example_branch_python_operator_decorator to 2023-09-26T00:00:00+00:00, run_after=2023-09-27T00:00:00+00:00
[2023-09-27T02:34:23.431+0000] {processor.py:179} INFO - Processing /home/airflow/.local/lib/python3.8/site-packages/airflow/example_dags/example_branch_operator_decorator.py took 0.151 seconds
[2023-09-27T02:34:54.226+0000] {processor.py:157} INFO - Started process (PID=186) to work on /home/airflow/.local/lib/python3.8/site-packages/airflow/example_dags/example_branch_operator_decorator.py
[2023-09-27T02:34:54.230+0000] {processor.py:829} INFO - Processing file /home/airflow/.local/lib/python3.8/site-packages/airflow/example_dags/example_branch_operator_decorator.py for tasks to queue
[2023-09-27T02:34:54.239+0000] {logging_mixin.py:151} INFO - [2023-09-27T02:34:54.238+0000] {dagbag.py:539} INFO - Filling up the DagBag from /home/airflow/.local/lib/python3.8/site-packages/airflow/example_dags/example_branch_operator_decorator.py
[2023-09-27T02:34:54.279+0000] {processor.py:839} INFO - DAG(s) dict_keys(['example_branch_python_operator_decorator']) retrieved from /home/airflow/.local/lib/python3.8/site-packages/airflow/example_dags/example_branch_operator_decorator.py
[2023-09-27T02:34:54.357+0000] {logging_mixin.py:151} INFO - [2023-09-27T02:34:54.356+0000] {dag.py:2915} INFO - Sync 1 DAGs
[2023-09-27T02:34:54.453+0000] {logging_mixin.py:151} INFO - [2023-09-27T02:34:54.453+0000] {dag.py:3696} INFO - Setting next_dagrun for example_branch_python_operator_decorator to 2023-09-26T00:00:00+00:00, run_after=2023-09-27T00:00:00+00:00
[2023-09-27T02:34:54.527+0000] {processor.py:179} INFO - Processing /home/airflow/.local/lib/python3.8/site-packages/airflow/example_dags/example_branch_operator_decorator.py took 0.311 seconds
[2023-09-27T02:35:24.687+0000] {processor.py:157} INFO - Started process (PID=239) to work on /home/airflow/.local/lib/python3.8/site-packages/airflow/example_dags/example_branch_operator_decorator.py
[2023-09-27T02:35:24.694+0000] {processor.py:829} INFO - Processing file /home/airflow/.local/lib/python3.8/site-packages/airflow/example_dags/example_branch_operator_decorator.py for tasks to queue
[2023-09-27T02:35:24.698+0000] {logging_mixin.py:151} INFO - [2023-09-27T02:35:24.698+0000] {dagbag.py:539} INFO - Filling up the DagBag from /home/airflow/.local/lib/python3.8/site-packages/airflow/example_dags/example_branch_operator_decorator.py
[2023-09-27T02:35:24.718+0000] {processor.py:839} INFO - DAG(s) dict_keys(['example_branch_python_operator_decorator']) retrieved from /home/airflow/.local/lib/python3.8/site-packages/airflow/example_dags/example_branch_operator_decorator.py
[2023-09-27T02:35:24.751+0000] {logging_mixin.py:151} INFO - [2023-09-27T02:35:24.750+0000] {dag.py:2915} INFO - Sync 1 DAGs
[2023-09-27T02:35:24.787+0000] {logging_mixin.py:151} INFO - [2023-09-27T02:35:24.787+0000] {dag.py:3696} INFO - Setting next_dagrun for example_branch_python_operator_decorator to 2023-09-26T00:00:00+00:00, run_after=2023-09-27T00:00:00+00:00
[2023-09-27T02:35:24.824+0000] {processor.py:179} INFO - Processing /home/airflow/.local/lib/python3.8/site-packages/airflow/example_dags/example_branch_operator_decorator.py took 0.146 seconds
[2023-09-27T02:35:55.112+0000] {processor.py:157} INFO - Started process (PID=293) to work on /home/airflow/.local/lib/python3.8/site-packages/airflow/example_dags/example_branch_operator_decorator.py
[2023-09-27T02:35:55.124+0000] {processor.py:829} INFO - Processing file /home/airflow/.local/lib/python3.8/site-packages/airflow/example_dags/example_branch_operator_decorator.py for tasks to queue
[2023-09-27T02:35:55.139+0000] {logging_mixin.py:151} INFO - [2023-09-27T02:35:55.130+0000] {dagbag.py:539} INFO - Filling up the DagBag from /home/airflow/.local/lib/python3.8/site-packages/airflow/example_dags/example_branch_operator_decorator.py
[2023-09-27T02:35:55.196+0000] {processor.py:839} INFO - DAG(s) dict_keys(['example_branch_python_operator_decorator']) retrieved from /home/airflow/.local/lib/python3.8/site-packages/airflow/example_dags/example_branch_operator_decorator.py
[2023-09-27T02:35:55.495+0000] {logging_mixin.py:151} INFO - [2023-09-27T02:35:55.495+0000] {dag.py:2915} INFO - Sync 1 DAGs
[2023-09-27T02:35:55.730+0000] {logging_mixin.py:151} INFO - [2023-09-27T02:35:55.729+0000] {dag.py:3696} INFO - Setting next_dagrun for example_branch_python_operator_decorator to 2023-09-26T00:00:00+00:00, run_after=2023-09-27T00:00:00+00:00
[2023-09-27T02:35:55.870+0000] {processor.py:179} INFO - Processing /home/airflow/.local/lib/python3.8/site-packages/airflow/example_dags/example_branch_operator_decorator.py took 0.774 seconds
[2023-09-27T02:36:26.481+0000] {processor.py:157} INFO - Started process (PID=347) to work on /home/airflow/.local/lib/python3.8/site-packages/airflow/example_dags/example_branch_operator_decorator.py
[2023-09-27T02:36:26.482+0000] {processor.py:829} INFO - Processing file /home/airflow/.local/lib/python3.8/site-packages/airflow/example_dags/example_branch_operator_decorator.py for tasks to queue
[2023-09-27T02:36:26.488+0000] {logging_mixin.py:151} INFO - [2023-09-27T02:36:26.487+0000] {dagbag.py:539} INFO - Filling up the DagBag from /home/airflow/.local/lib/python3.8/site-packages/airflow/example_dags/example_branch_operator_decorator.py
[2023-09-27T02:36:26.516+0000] {processor.py:839} INFO - DAG(s) dict_keys(['example_branch_python_operator_decorator']) retrieved from /home/airflow/.local/lib/python3.8/site-packages/airflow/example_dags/example_branch_operator_decorator.py
[2023-09-27T02:36:26.553+0000] {logging_mixin.py:151} INFO - [2023-09-27T02:36:26.553+0000] {dag.py:2915} INFO - Sync 1 DAGs
[2023-09-27T02:36:26.587+0000] {logging_mixin.py:151} INFO - [2023-09-27T02:36:26.587+0000] {dag.py:3696} INFO - Setting next_dagrun for example_branch_python_operator_decorator to 2023-09-26T00:00:00+00:00, run_after=2023-09-27T00:00:00+00:00
[2023-09-27T02:36:26.614+0000] {processor.py:179} INFO - Processing /home/airflow/.local/lib/python3.8/site-packages/airflow/example_dags/example_branch_operator_decorator.py took 0.138 seconds
[2023-09-27T02:36:56.799+0000] {processor.py:157} INFO - Started process (PID=411) to work on /home/airflow/.local/lib/python3.8/site-packages/airflow/example_dags/example_branch_operator_decorator.py
[2023-09-27T02:36:56.803+0000] {processor.py:829} INFO - Processing file /home/airflow/.local/lib/python3.8/site-packages/airflow/example_dags/example_branch_operator_decorator.py for tasks to queue
[2023-09-27T02:36:56.807+0000] {logging_mixin.py:151} INFO - [2023-09-27T02:36:56.806+0000] {dagbag.py:539} INFO - Filling up the DagBag from /home/airflow/.local/lib/python3.8/site-packages/airflow/example_dags/example_branch_operator_decorator.py
[2023-09-27T02:36:56.825+0000] {processor.py:839} INFO - DAG(s) dict_keys(['example_branch_python_operator_decorator']) retrieved from /home/airflow/.local/lib/python3.8/site-packages/airflow/example_dags/example_branch_operator_decorator.py
[2023-09-27T02:36:56.862+0000] {logging_mixin.py:151} INFO - [2023-09-27T02:36:56.862+0000] {dag.py:2915} INFO - Sync 1 DAGs
[2023-09-27T02:36:56.903+0000] {logging_mixin.py:151} INFO - [2023-09-27T02:36:56.902+0000] {dag.py:3696} INFO - Setting next_dagrun for example_branch_python_operator_decorator to 2023-09-26T00:00:00+00:00, run_after=2023-09-27T00:00:00+00:00
[2023-09-27T02:36:56.942+0000] {processor.py:179} INFO - Processing /home/airflow/.local/lib/python3.8/site-packages/airflow/example_dags/example_branch_operator_decorator.py took 0.147 seconds
[2023-09-27T02:37:27.376+0000] {processor.py:157} INFO - Started process (PID=465) to work on /home/airflow/.local/lib/python3.8/site-packages/airflow/example_dags/example_branch_operator_decorator.py
[2023-09-27T02:37:27.378+0000] {processor.py:829} INFO - Processing file /home/airflow/.local/lib/python3.8/site-packages/airflow/example_dags/example_branch_operator_decorator.py for tasks to queue
[2023-09-27T02:37:27.381+0000] {logging_mixin.py:151} INFO - [2023-09-27T02:37:27.381+0000] {dagbag.py:539} INFO - Filling up the DagBag from /home/airflow/.local/lib/python3.8/site-packages/airflow/example_dags/example_branch_operator_decorator.py
[2023-09-27T02:37:27.400+0000] {processor.py:839} INFO - DAG(s) dict_keys(['example_branch_python_operator_decorator']) retrieved from /home/airflow/.local/lib/python3.8/site-packages/airflow/example_dags/example_branch_operator_decorator.py
[2023-09-27T02:37:27.432+0000] {logging_mixin.py:151} INFO - [2023-09-27T02:37:27.431+0000] {dag.py:2915} INFO - Sync 1 DAGs
[2023-09-27T02:37:27.464+0000] {logging_mixin.py:151} INFO - [2023-09-27T02:37:27.464+0000] {dag.py:3696} INFO - Setting next_dagrun for example_branch_python_operator_decorator to 2023-09-26T00:00:00+00:00, run_after=2023-09-27T00:00:00+00:00
[2023-09-27T02:37:27.494+0000] {processor.py:179} INFO - Processing /home/airflow/.local/lib/python3.8/site-packages/airflow/example_dags/example_branch_operator_decorator.py took 0.123 seconds
[2023-09-27T02:37:57.695+0000] {processor.py:157} INFO - Started process (PID=519) to work on /home/airflow/.local/lib/python3.8/site-packages/airflow/example_dags/example_branch_operator_decorator.py
[2023-09-27T02:37:57.697+0000] {processor.py:829} INFO - Processing file /home/airflow/.local/lib/python3.8/site-packages/airflow/example_dags/example_branch_operator_decorator.py for tasks to queue
[2023-09-27T02:37:57.700+0000] {logging_mixin.py:151} INFO - [2023-09-27T02:37:57.700+0000] {dagbag.py:539} INFO - Filling up the DagBag from /home/airflow/.local/lib/python3.8/site-packages/airflow/example_dags/example_branch_operator_decorator.py
[2023-09-27T02:37:57.715+0000] {processor.py:839} INFO - DAG(s) dict_keys(['example_branch_python_operator_decorator']) retrieved from /home/airflow/.local/lib/python3.8/site-packages/airflow/example_dags/example_branch_operator_decorator.py
[2023-09-27T02:37:57.746+0000] {logging_mixin.py:151} INFO - [2023-09-27T02:37:57.746+0000] {dag.py:2915} INFO - Sync 1 DAGs
[2023-09-27T02:37:57.778+0000] {logging_mixin.py:151} INFO - [2023-09-27T02:37:57.778+0000] {dag.py:3696} INFO - Setting next_dagrun for example_branch_python_operator_decorator to 2023-09-26T00:00:00+00:00, run_after=2023-09-27T00:00:00+00:00
[2023-09-27T02:37:57.828+0000] {processor.py:179} INFO - Processing /home/airflow/.local/lib/python3.8/site-packages/airflow/example_dags/example_branch_operator_decorator.py took 0.137 seconds
[2023-09-27T02:38:28.540+0000] {processor.py:157} INFO - Started process (PID=573) to work on /home/airflow/.local/lib/python3.8/site-packages/airflow/example_dags/example_branch_operator_decorator.py
[2023-09-27T02:38:28.545+0000] {processor.py:829} INFO - Processing file /home/airflow/.local/lib/python3.8/site-packages/airflow/example_dags/example_branch_operator_decorator.py for tasks to queue
[2023-09-27T02:38:28.550+0000] {logging_mixin.py:151} INFO - [2023-09-27T02:38:28.549+0000] {dagbag.py:539} INFO - Filling up the DagBag from /home/airflow/.local/lib/python3.8/site-packages/airflow/example_dags/example_branch_operator_decorator.py
[2023-09-27T02:38:28.573+0000] {processor.py:839} INFO - DAG(s) dict_keys(['example_branch_python_operator_decorator']) retrieved from /home/airflow/.local/lib/python3.8/site-packages/airflow/example_dags/example_branch_operator_decorator.py
[2023-09-27T02:38:28.630+0000] {logging_mixin.py:151} INFO - [2023-09-27T02:38:28.630+0000] {dag.py:2915} INFO - Sync 1 DAGs
[2023-09-27T02:38:28.687+0000] {logging_mixin.py:151} INFO - [2023-09-27T02:38:28.687+0000] {dag.py:3696} INFO - Setting next_dagrun for example_branch_python_operator_decorator to 2023-09-26T00:00:00+00:00, run_after=2023-09-27T00:00:00+00:00
[2023-09-27T02:38:28.729+0000] {processor.py:179} INFO - Processing /home/airflow/.local/lib/python3.8/site-packages/airflow/example_dags/example_branch_operator_decorator.py took 0.195 seconds
