[2023-09-27T02:33:53.651+0000] {processor.py:157} INFO - Started process (PID=83) to work on /home/airflow/.local/lib/python3.8/site-packages/airflow/example_dags/example_setup_teardown_taskflow.py
[2023-09-27T02:33:53.654+0000] {processor.py:829} INFO - Processing file /home/airflow/.local/lib/python3.8/site-packages/airflow/example_dags/example_setup_teardown_taskflow.py for tasks to queue
[2023-09-27T02:33:53.662+0000] {logging_mixin.py:151} INFO - [2023-09-27T02:33:53.661+0000] {dagbag.py:539} INFO - Filling up the DagBag from /home/airflow/.local/lib/python3.8/site-packages/airflow/example_dags/example_setup_teardown_taskflow.py
[2023-09-27T02:33:53.693+0000] {processor.py:839} INFO - DAG(s) dict_keys(['example_setup_teardown_taskflow']) retrieved from /home/airflow/.local/lib/python3.8/site-packages/airflow/example_dags/example_setup_teardown_taskflow.py
[2023-09-27T02:33:53.988+0000] {logging_mixin.py:151} INFO - [2023-09-27T02:33:53.987+0000] {manager.py:499} INFO - Created Permission View: %s
[2023-09-27T02:33:54.019+0000] {logging_mixin.py:151} INFO - [2023-09-27T02:33:54.018+0000] {manager.py:499} INFO - Created Permission View: %s
[2023-09-27T02:33:54.041+0000] {logging_mixin.py:151} INFO - [2023-09-27T02:33:54.040+0000] {manager.py:499} INFO - Created Permission View: %s
[2023-09-27T02:33:54.042+0000] {logging_mixin.py:151} INFO - [2023-09-27T02:33:54.042+0000] {security.py:708} INFO - Not syncing DAG-level permissions for DAG 'DAG:example_setup_teardown_taskflow' as access control is unset.
[2023-09-27T02:33:54.044+0000] {logging_mixin.py:151} INFO - [2023-09-27T02:33:54.044+0000] {dag.py:2915} INFO - Sync 1 DAGs
[2023-09-27T02:33:54.081+0000] {logging_mixin.py:151} INFO - [2023-09-27T02:33:54.081+0000] {dag.py:2937} INFO - Creating ORM DAG for example_setup_teardown_taskflow
[2023-09-27T02:33:54.106+0000] {logging_mixin.py:151} INFO - [2023-09-27T02:33:54.106+0000] {dag.py:3696} INFO - Setting next_dagrun for example_setup_teardown_taskflow to 2023-09-26T02:33:54.105257+00:00, run_after=2023-09-27T02:33:54.105257+00:00
[2023-09-27T02:33:54.167+0000] {processor.py:179} INFO - Processing /home/airflow/.local/lib/python3.8/site-packages/airflow/example_dags/example_setup_teardown_taskflow.py took 0.527 seconds
[2023-09-27T02:34:24.805+0000] {processor.py:157} INFO - Started process (PID=137) to work on /home/airflow/.local/lib/python3.8/site-packages/airflow/example_dags/example_setup_teardown_taskflow.py
[2023-09-27T02:34:24.812+0000] {processor.py:829} INFO - Processing file /home/airflow/.local/lib/python3.8/site-packages/airflow/example_dags/example_setup_teardown_taskflow.py for tasks to queue
[2023-09-27T02:34:24.818+0000] {logging_mixin.py:151} INFO - [2023-09-27T02:34:24.817+0000] {dagbag.py:539} INFO - Filling up the DagBag from /home/airflow/.local/lib/python3.8/site-packages/airflow/example_dags/example_setup_teardown_taskflow.py
[2023-09-27T02:34:24.836+0000] {processor.py:839} INFO - DAG(s) dict_keys(['example_setup_teardown_taskflow']) retrieved from /home/airflow/.local/lib/python3.8/site-packages/airflow/example_dags/example_setup_teardown_taskflow.py
[2023-09-27T02:34:24.866+0000] {logging_mixin.py:151} INFO - [2023-09-27T02:34:24.866+0000] {dag.py:2915} INFO - Sync 1 DAGs
[2023-09-27T02:34:24.901+0000] {logging_mixin.py:151} INFO - [2023-09-27T02:34:24.900+0000] {dag.py:3696} INFO - Setting next_dagrun for example_setup_teardown_taskflow to 2023-09-26T02:34:24.900297+00:00, run_after=2023-09-27T02:34:24.900297+00:00
[2023-09-27T02:34:24.929+0000] {processor.py:179} INFO - Processing /home/airflow/.local/lib/python3.8/site-packages/airflow/example_dags/example_setup_teardown_taskflow.py took 0.128 seconds
[2023-09-27T02:34:55.557+0000] {processor.py:157} INFO - Started process (PID=191) to work on /home/airflow/.local/lib/python3.8/site-packages/airflow/example_dags/example_setup_teardown_taskflow.py
[2023-09-27T02:34:55.562+0000] {processor.py:829} INFO - Processing file /home/airflow/.local/lib/python3.8/site-packages/airflow/example_dags/example_setup_teardown_taskflow.py for tasks to queue
[2023-09-27T02:34:55.576+0000] {logging_mixin.py:151} INFO - [2023-09-27T02:34:55.575+0000] {dagbag.py:539} INFO - Filling up the DagBag from /home/airflow/.local/lib/python3.8/site-packages/airflow/example_dags/example_setup_teardown_taskflow.py
[2023-09-27T02:34:55.630+0000] {processor.py:839} INFO - DAG(s) dict_keys(['example_setup_teardown_taskflow']) retrieved from /home/airflow/.local/lib/python3.8/site-packages/airflow/example_dags/example_setup_teardown_taskflow.py
[2023-09-27T02:34:55.727+0000] {logging_mixin.py:151} INFO - [2023-09-27T02:34:55.726+0000] {dag.py:2915} INFO - Sync 1 DAGs
[2023-09-27T02:34:55.794+0000] {logging_mixin.py:151} INFO - [2023-09-27T02:34:55.793+0000] {dag.py:3696} INFO - Setting next_dagrun for example_setup_teardown_taskflow to 2023-09-26T02:34:55.793128+00:00, run_after=2023-09-27T02:34:55.793128+00:00
[2023-09-27T02:34:55.852+0000] {processor.py:179} INFO - Processing /home/airflow/.local/lib/python3.8/site-packages/airflow/example_dags/example_setup_teardown_taskflow.py took 0.311 seconds
[2023-09-27T02:35:26.780+0000] {processor.py:157} INFO - Started process (PID=245) to work on /home/airflow/.local/lib/python3.8/site-packages/airflow/example_dags/example_setup_teardown_taskflow.py
[2023-09-27T02:35:26.782+0000] {processor.py:829} INFO - Processing file /home/airflow/.local/lib/python3.8/site-packages/airflow/example_dags/example_setup_teardown_taskflow.py for tasks to queue
[2023-09-27T02:35:26.788+0000] {logging_mixin.py:151} INFO - [2023-09-27T02:35:26.787+0000] {dagbag.py:539} INFO - Filling up the DagBag from /home/airflow/.local/lib/python3.8/site-packages/airflow/example_dags/example_setup_teardown_taskflow.py
[2023-09-27T02:35:26.809+0000] {processor.py:839} INFO - DAG(s) dict_keys(['example_setup_teardown_taskflow']) retrieved from /home/airflow/.local/lib/python3.8/site-packages/airflow/example_dags/example_setup_teardown_taskflow.py
[2023-09-27T02:35:26.856+0000] {logging_mixin.py:151} INFO - [2023-09-27T02:35:26.855+0000] {dag.py:2915} INFO - Sync 1 DAGs
[2023-09-27T02:35:26.907+0000] {logging_mixin.py:151} INFO - [2023-09-27T02:35:26.906+0000] {dag.py:3696} INFO - Setting next_dagrun for example_setup_teardown_taskflow to 2023-09-26T02:35:26.906219+00:00, run_after=2023-09-27T02:35:26.906219+00:00
[2023-09-27T02:35:26.944+0000] {processor.py:179} INFO - Processing /home/airflow/.local/lib/python3.8/site-packages/airflow/example_dags/example_setup_teardown_taskflow.py took 0.171 seconds
[2023-09-27T02:35:58.360+0000] {processor.py:157} INFO - Started process (PID=299) to work on /home/airflow/.local/lib/python3.8/site-packages/airflow/example_dags/example_setup_teardown_taskflow.py
[2023-09-27T02:35:58.367+0000] {processor.py:829} INFO - Processing file /home/airflow/.local/lib/python3.8/site-packages/airflow/example_dags/example_setup_teardown_taskflow.py for tasks to queue
[2023-09-27T02:35:58.379+0000] {logging_mixin.py:151} INFO - [2023-09-27T02:35:58.378+0000] {dagbag.py:539} INFO - Filling up the DagBag from /home/airflow/.local/lib/python3.8/site-packages/airflow/example_dags/example_setup_teardown_taskflow.py
[2023-09-27T02:35:58.445+0000] {processor.py:839} INFO - DAG(s) dict_keys(['example_setup_teardown_taskflow']) retrieved from /home/airflow/.local/lib/python3.8/site-packages/airflow/example_dags/example_setup_teardown_taskflow.py
[2023-09-27T02:35:58.607+0000] {logging_mixin.py:151} INFO - [2023-09-27T02:35:58.607+0000] {dag.py:2915} INFO - Sync 1 DAGs
[2023-09-27T02:35:58.670+0000] {logging_mixin.py:151} INFO - [2023-09-27T02:35:58.669+0000] {dag.py:3696} INFO - Setting next_dagrun for example_setup_teardown_taskflow to 2023-09-26T02:35:58.669024+00:00, run_after=2023-09-27T02:35:58.669024+00:00
[2023-09-27T02:35:58.725+0000] {processor.py:179} INFO - Processing /home/airflow/.local/lib/python3.8/site-packages/airflow/example_dags/example_setup_teardown_taskflow.py took 0.409 seconds
[2023-09-27T02:36:29.572+0000] {processor.py:157} INFO - Started process (PID=357) to work on /home/airflow/.local/lib/python3.8/site-packages/airflow/example_dags/example_setup_teardown_taskflow.py
[2023-09-27T02:36:29.575+0000] {processor.py:829} INFO - Processing file /home/airflow/.local/lib/python3.8/site-packages/airflow/example_dags/example_setup_teardown_taskflow.py for tasks to queue
[2023-09-27T02:36:29.579+0000] {logging_mixin.py:151} INFO - [2023-09-27T02:36:29.578+0000] {dagbag.py:539} INFO - Filling up the DagBag from /home/airflow/.local/lib/python3.8/site-packages/airflow/example_dags/example_setup_teardown_taskflow.py
[2023-09-27T02:36:29.613+0000] {processor.py:839} INFO - DAG(s) dict_keys(['example_setup_teardown_taskflow']) retrieved from /home/airflow/.local/lib/python3.8/site-packages/airflow/example_dags/example_setup_teardown_taskflow.py
[2023-09-27T02:36:29.663+0000] {logging_mixin.py:151} INFO - [2023-09-27T02:36:29.662+0000] {dag.py:2915} INFO - Sync 1 DAGs
[2023-09-27T02:36:29.722+0000] {logging_mixin.py:151} INFO - [2023-09-27T02:36:29.721+0000] {dag.py:3696} INFO - Setting next_dagrun for example_setup_teardown_taskflow to 2023-09-26T02:36:29.720414+00:00, run_after=2023-09-27T02:36:29.720414+00:00
[2023-09-27T02:36:29.797+0000] {processor.py:179} INFO - Processing /home/airflow/.local/lib/python3.8/site-packages/airflow/example_dags/example_setup_teardown_taskflow.py took 0.236 seconds
[2023-09-27T02:37:00.255+0000] {processor.py:157} INFO - Started process (PID=416) to work on /home/airflow/.local/lib/python3.8/site-packages/airflow/example_dags/example_setup_teardown_taskflow.py
[2023-09-27T02:37:00.257+0000] {processor.py:829} INFO - Processing file /home/airflow/.local/lib/python3.8/site-packages/airflow/example_dags/example_setup_teardown_taskflow.py for tasks to queue
[2023-09-27T02:37:00.260+0000] {logging_mixin.py:151} INFO - [2023-09-27T02:37:00.260+0000] {dagbag.py:539} INFO - Filling up the DagBag from /home/airflow/.local/lib/python3.8/site-packages/airflow/example_dags/example_setup_teardown_taskflow.py
[2023-09-27T02:37:00.275+0000] {processor.py:839} INFO - DAG(s) dict_keys(['example_setup_teardown_taskflow']) retrieved from /home/airflow/.local/lib/python3.8/site-packages/airflow/example_dags/example_setup_teardown_taskflow.py
[2023-09-27T02:37:00.304+0000] {logging_mixin.py:151} INFO - [2023-09-27T02:37:00.304+0000] {dag.py:2915} INFO - Sync 1 DAGs
[2023-09-27T02:37:00.337+0000] {logging_mixin.py:151} INFO - [2023-09-27T02:37:00.337+0000] {dag.py:3696} INFO - Setting next_dagrun for example_setup_teardown_taskflow to 2023-09-26T02:37:00.336955+00:00, run_after=2023-09-27T02:37:00.336955+00:00
[2023-09-27T02:37:00.366+0000] {processor.py:179} INFO - Processing /home/airflow/.local/lib/python3.8/site-packages/airflow/example_dags/example_setup_teardown_taskflow.py took 0.117 seconds
[2023-09-27T02:37:30.867+0000] {processor.py:157} INFO - Started process (PID=470) to work on /home/airflow/.local/lib/python3.8/site-packages/airflow/example_dags/example_setup_teardown_taskflow.py
[2023-09-27T02:37:30.870+0000] {processor.py:829} INFO - Processing file /home/airflow/.local/lib/python3.8/site-packages/airflow/example_dags/example_setup_teardown_taskflow.py for tasks to queue
[2023-09-27T02:37:30.875+0000] {logging_mixin.py:151} INFO - [2023-09-27T02:37:30.874+0000] {dagbag.py:539} INFO - Filling up the DagBag from /home/airflow/.local/lib/python3.8/site-packages/airflow/example_dags/example_setup_teardown_taskflow.py
[2023-09-27T02:37:30.895+0000] {processor.py:839} INFO - DAG(s) dict_keys(['example_setup_teardown_taskflow']) retrieved from /home/airflow/.local/lib/python3.8/site-packages/airflow/example_dags/example_setup_teardown_taskflow.py
[2023-09-27T02:37:30.932+0000] {logging_mixin.py:151} INFO - [2023-09-27T02:37:30.932+0000] {dag.py:2915} INFO - Sync 1 DAGs
[2023-09-27T02:37:30.980+0000] {logging_mixin.py:151} INFO - [2023-09-27T02:37:30.980+0000] {dag.py:3696} INFO - Setting next_dagrun for example_setup_teardown_taskflow to 2023-09-26T02:37:30.980016+00:00, run_after=2023-09-27T02:37:30.980016+00:00
[2023-09-27T02:37:31.021+0000] {processor.py:179} INFO - Processing /home/airflow/.local/lib/python3.8/site-packages/airflow/example_dags/example_setup_teardown_taskflow.py took 0.158 seconds
[2023-09-27T02:38:01.118+0000] {processor.py:157} INFO - Started process (PID=524) to work on /home/airflow/.local/lib/python3.8/site-packages/airflow/example_dags/example_setup_teardown_taskflow.py
[2023-09-27T02:38:01.123+0000] {processor.py:829} INFO - Processing file /home/airflow/.local/lib/python3.8/site-packages/airflow/example_dags/example_setup_teardown_taskflow.py for tasks to queue
[2023-09-27T02:38:01.129+0000] {logging_mixin.py:151} INFO - [2023-09-27T02:38:01.129+0000] {dagbag.py:539} INFO - Filling up the DagBag from /home/airflow/.local/lib/python3.8/site-packages/airflow/example_dags/example_setup_teardown_taskflow.py
[2023-09-27T02:38:01.148+0000] {processor.py:839} INFO - DAG(s) dict_keys(['example_setup_teardown_taskflow']) retrieved from /home/airflow/.local/lib/python3.8/site-packages/airflow/example_dags/example_setup_teardown_taskflow.py
[2023-09-27T02:38:01.175+0000] {logging_mixin.py:151} INFO - [2023-09-27T02:38:01.175+0000] {dag.py:2915} INFO - Sync 1 DAGs
[2023-09-27T02:38:01.218+0000] {logging_mixin.py:151} INFO - [2023-09-27T02:38:01.218+0000] {dag.py:3696} INFO - Setting next_dagrun for example_setup_teardown_taskflow to 2023-09-26T02:38:01.217797+00:00, run_after=2023-09-27T02:38:01.217797+00:00
[2023-09-27T02:38:01.258+0000] {processor.py:179} INFO - Processing /home/airflow/.local/lib/python3.8/site-packages/airflow/example_dags/example_setup_teardown_taskflow.py took 0.148 seconds
[2023-09-27T02:38:32.103+0000] {processor.py:157} INFO - Started process (PID=578) to work on /home/airflow/.local/lib/python3.8/site-packages/airflow/example_dags/example_setup_teardown_taskflow.py
[2023-09-27T02:38:32.106+0000] {processor.py:829} INFO - Processing file /home/airflow/.local/lib/python3.8/site-packages/airflow/example_dags/example_setup_teardown_taskflow.py for tasks to queue
[2023-09-27T02:38:32.111+0000] {logging_mixin.py:151} INFO - [2023-09-27T02:38:32.111+0000] {dagbag.py:539} INFO - Filling up the DagBag from /home/airflow/.local/lib/python3.8/site-packages/airflow/example_dags/example_setup_teardown_taskflow.py
[2023-09-27T02:38:32.127+0000] {processor.py:839} INFO - DAG(s) dict_keys(['example_setup_teardown_taskflow']) retrieved from /home/airflow/.local/lib/python3.8/site-packages/airflow/example_dags/example_setup_teardown_taskflow.py
[2023-09-27T02:38:32.161+0000] {logging_mixin.py:151} INFO - [2023-09-27T02:38:32.161+0000] {dag.py:2915} INFO - Sync 1 DAGs
[2023-09-27T02:38:32.200+0000] {logging_mixin.py:151} INFO - [2023-09-27T02:38:32.199+0000] {dag.py:3696} INFO - Setting next_dagrun for example_setup_teardown_taskflow to 2023-09-26T02:38:32.199224+00:00, run_after=2023-09-27T02:38:32.199224+00:00
[2023-09-27T02:38:32.232+0000] {processor.py:179} INFO - Processing /home/airflow/.local/lib/python3.8/site-packages/airflow/example_dags/example_setup_teardown_taskflow.py took 0.133 seconds
