[2023-09-27T02:33:58.018+0000] {processor.py:157} INFO - Started process (PID=92) to work on /home/airflow/.local/lib/python3.8/site-packages/airflow/example_dags/example_xcomargs.py
[2023-09-27T02:33:58.021+0000] {processor.py:829} INFO - Processing file /home/airflow/.local/lib/python3.8/site-packages/airflow/example_dags/example_xcomargs.py for tasks to queue
[2023-09-27T02:33:58.028+0000] {logging_mixin.py:151} INFO - [2023-09-27T02:33:58.027+0000] {dagbag.py:539} INFO - Filling up the DagBag from /home/airflow/.local/lib/python3.8/site-packages/airflow/example_dags/example_xcomargs.py
[2023-09-27T02:33:58.058+0000] {processor.py:839} INFO - DAG(s) dict_keys(['example_xcom_args', 'example_xcom_args_with_operators']) retrieved from /home/airflow/.local/lib/python3.8/site-packages/airflow/example_dags/example_xcomargs.py
[2023-09-27T02:33:58.414+0000] {logging_mixin.py:151} INFO - [2023-09-27T02:33:58.413+0000] {manager.py:499} INFO - Created Permission View: %s
[2023-09-27T02:33:58.465+0000] {logging_mixin.py:151} INFO - [2023-09-27T02:33:58.464+0000] {manager.py:499} INFO - Created Permission View: %s
[2023-09-27T02:33:58.496+0000] {logging_mixin.py:151} INFO - [2023-09-27T02:33:58.495+0000] {manager.py:499} INFO - Created Permission View: %s
[2023-09-27T02:33:58.498+0000] {logging_mixin.py:151} INFO - [2023-09-27T02:33:58.498+0000] {security.py:708} INFO - Not syncing DAG-level permissions for DAG 'DAG:example_xcom_args' as access control is unset.
[2023-09-27T02:33:58.562+0000] {logging_mixin.py:151} INFO - [2023-09-27T02:33:58.562+0000] {manager.py:499} INFO - Created Permission View: %s
[2023-09-27T02:33:58.600+0000] {logging_mixin.py:151} INFO - [2023-09-27T02:33:58.599+0000] {manager.py:499} INFO - Created Permission View: %s
[2023-09-27T02:33:58.627+0000] {logging_mixin.py:151} INFO - [2023-09-27T02:33:58.626+0000] {manager.py:499} INFO - Created Permission View: %s
[2023-09-27T02:33:58.628+0000] {logging_mixin.py:151} INFO - [2023-09-27T02:33:58.628+0000] {security.py:708} INFO - Not syncing DAG-level permissions for DAG 'DAG:example_xcom_args_with_operators' as access control is unset.
[2023-09-27T02:33:58.630+0000] {logging_mixin.py:151} INFO - [2023-09-27T02:33:58.630+0000] {dag.py:2915} INFO - Sync 2 DAGs
[2023-09-27T02:33:58.671+0000] {logging_mixin.py:151} INFO - [2023-09-27T02:33:58.670+0000] {dag.py:2937} INFO - Creating ORM DAG for example_xcom_args
[2023-09-27T02:33:58.675+0000] {logging_mixin.py:151} INFO - [2023-09-27T02:33:58.674+0000] {dag.py:2937} INFO - Creating ORM DAG for example_xcom_args_with_operators
[2023-09-27T02:33:58.677+0000] {logging_mixin.py:151} INFO - [2023-09-27T02:33:58.677+0000] {dag.py:3696} INFO - Setting next_dagrun for example_xcom_args to None, run_after=None
[2023-09-27T02:33:58.680+0000] {logging_mixin.py:151} INFO - [2023-09-27T02:33:58.680+0000] {dag.py:3696} INFO - Setting next_dagrun for example_xcom_args_with_operators to None, run_after=None
[2023-09-27T02:33:58.735+0000] {processor.py:179} INFO - Processing /home/airflow/.local/lib/python3.8/site-packages/airflow/example_dags/example_xcomargs.py took 0.726 seconds
[2023-09-27T02:34:29.494+0000] {processor.py:157} INFO - Started process (PID=146) to work on /home/airflow/.local/lib/python3.8/site-packages/airflow/example_dags/example_xcomargs.py
[2023-09-27T02:34:29.499+0000] {processor.py:829} INFO - Processing file /home/airflow/.local/lib/python3.8/site-packages/airflow/example_dags/example_xcomargs.py for tasks to queue
[2023-09-27T02:34:29.502+0000] {logging_mixin.py:151} INFO - [2023-09-27T02:34:29.502+0000] {dagbag.py:539} INFO - Filling up the DagBag from /home/airflow/.local/lib/python3.8/site-packages/airflow/example_dags/example_xcomargs.py
[2023-09-27T02:34:29.512+0000] {processor.py:839} INFO - DAG(s) dict_keys(['example_xcom_args_with_operators', 'example_xcom_args']) retrieved from /home/airflow/.local/lib/python3.8/site-packages/airflow/example_dags/example_xcomargs.py
[2023-09-27T02:34:29.544+0000] {logging_mixin.py:151} INFO - [2023-09-27T02:34:29.543+0000] {dag.py:2915} INFO - Sync 2 DAGs
[2023-09-27T02:34:29.562+0000] {logging_mixin.py:151} INFO - [2023-09-27T02:34:29.561+0000] {dag.py:3696} INFO - Setting next_dagrun for example_xcom_args to None, run_after=None
[2023-09-27T02:34:29.567+0000] {logging_mixin.py:151} INFO - [2023-09-27T02:34:29.567+0000] {dag.py:3696} INFO - Setting next_dagrun for example_xcom_args_with_operators to None, run_after=None
[2023-09-27T02:34:29.594+0000] {processor.py:179} INFO - Processing /home/airflow/.local/lib/python3.8/site-packages/airflow/example_dags/example_xcomargs.py took 0.104 seconds
[2023-09-27T02:35:00.257+0000] {processor.py:157} INFO - Started process (PID=200) to work on /home/airflow/.local/lib/python3.8/site-packages/airflow/example_dags/example_xcomargs.py
[2023-09-27T02:35:00.266+0000] {processor.py:829} INFO - Processing file /home/airflow/.local/lib/python3.8/site-packages/airflow/example_dags/example_xcomargs.py for tasks to queue
[2023-09-27T02:35:00.271+0000] {logging_mixin.py:151} INFO - [2023-09-27T02:35:00.270+0000] {dagbag.py:539} INFO - Filling up the DagBag from /home/airflow/.local/lib/python3.8/site-packages/airflow/example_dags/example_xcomargs.py
[2023-09-27T02:35:00.287+0000] {processor.py:839} INFO - DAG(s) dict_keys(['example_xcom_args_with_operators', 'example_xcom_args']) retrieved from /home/airflow/.local/lib/python3.8/site-packages/airflow/example_dags/example_xcomargs.py
[2023-09-27T02:35:00.333+0000] {logging_mixin.py:151} INFO - [2023-09-27T02:35:00.333+0000] {dag.py:2915} INFO - Sync 2 DAGs
[2023-09-27T02:35:00.362+0000] {logging_mixin.py:151} INFO - [2023-09-27T02:35:00.361+0000] {dag.py:3696} INFO - Setting next_dagrun for example_xcom_args to None, run_after=None
[2023-09-27T02:35:00.371+0000] {logging_mixin.py:151} INFO - [2023-09-27T02:35:00.370+0000] {dag.py:3696} INFO - Setting next_dagrun for example_xcom_args_with_operators to None, run_after=None
[2023-09-27T02:35:00.409+0000] {processor.py:179} INFO - Processing /home/airflow/.local/lib/python3.8/site-packages/airflow/example_dags/example_xcomargs.py took 0.159 seconds
[2023-09-27T02:35:30.586+0000] {processor.py:157} INFO - Started process (PID=254) to work on /home/airflow/.local/lib/python3.8/site-packages/airflow/example_dags/example_xcomargs.py
[2023-09-27T02:35:30.593+0000] {processor.py:829} INFO - Processing file /home/airflow/.local/lib/python3.8/site-packages/airflow/example_dags/example_xcomargs.py for tasks to queue
[2023-09-27T02:35:30.596+0000] {logging_mixin.py:151} INFO - [2023-09-27T02:35:30.596+0000] {dagbag.py:539} INFO - Filling up the DagBag from /home/airflow/.local/lib/python3.8/site-packages/airflow/example_dags/example_xcomargs.py
[2023-09-27T02:35:30.612+0000] {processor.py:839} INFO - DAG(s) dict_keys(['example_xcom_args', 'example_xcom_args_with_operators']) retrieved from /home/airflow/.local/lib/python3.8/site-packages/airflow/example_dags/example_xcomargs.py
[2023-09-27T02:35:30.695+0000] {logging_mixin.py:151} INFO - [2023-09-27T02:35:30.694+0000] {dag.py:2915} INFO - Sync 2 DAGs
[2023-09-27T02:35:30.743+0000] {logging_mixin.py:151} INFO - [2023-09-27T02:35:30.743+0000] {dag.py:3696} INFO - Setting next_dagrun for example_xcom_args to None, run_after=None
[2023-09-27T02:35:30.751+0000] {logging_mixin.py:151} INFO - [2023-09-27T02:35:30.750+0000] {dag.py:3696} INFO - Setting next_dagrun for example_xcom_args_with_operators to None, run_after=None
[2023-09-27T02:35:30.791+0000] {processor.py:179} INFO - Processing /home/airflow/.local/lib/python3.8/site-packages/airflow/example_dags/example_xcomargs.py took 0.211 seconds
[2023-09-27T02:36:01.042+0000] {processor.py:157} INFO - Started process (PID=308) to work on /home/airflow/.local/lib/python3.8/site-packages/airflow/example_dags/example_xcomargs.py
[2023-09-27T02:36:01.044+0000] {processor.py:829} INFO - Processing file /home/airflow/.local/lib/python3.8/site-packages/airflow/example_dags/example_xcomargs.py for tasks to queue
[2023-09-27T02:36:01.049+0000] {logging_mixin.py:151} INFO - [2023-09-27T02:36:01.049+0000] {dagbag.py:539} INFO - Filling up the DagBag from /home/airflow/.local/lib/python3.8/site-packages/airflow/example_dags/example_xcomargs.py
[2023-09-27T02:36:01.066+0000] {processor.py:839} INFO - DAG(s) dict_keys(['example_xcom_args_with_operators', 'example_xcom_args']) retrieved from /home/airflow/.local/lib/python3.8/site-packages/airflow/example_dags/example_xcomargs.py
[2023-09-27T02:36:01.107+0000] {logging_mixin.py:151} INFO - [2023-09-27T02:36:01.107+0000] {dag.py:2915} INFO - Sync 2 DAGs
[2023-09-27T02:36:01.133+0000] {logging_mixin.py:151} INFO - [2023-09-27T02:36:01.132+0000] {dag.py:3696} INFO - Setting next_dagrun for example_xcom_args to None, run_after=None
[2023-09-27T02:36:01.141+0000] {logging_mixin.py:151} INFO - [2023-09-27T02:36:01.140+0000] {dag.py:3696} INFO - Setting next_dagrun for example_xcom_args_with_operators to None, run_after=None
[2023-09-27T02:36:01.172+0000] {processor.py:179} INFO - Processing /home/airflow/.local/lib/python3.8/site-packages/airflow/example_dags/example_xcomargs.py took 0.137 seconds
[2023-09-27T02:36:32.202+0000] {processor.py:157} INFO - Started process (PID=366) to work on /home/airflow/.local/lib/python3.8/site-packages/airflow/example_dags/example_xcomargs.py
[2023-09-27T02:36:32.206+0000] {processor.py:829} INFO - Processing file /home/airflow/.local/lib/python3.8/site-packages/airflow/example_dags/example_xcomargs.py for tasks to queue
[2023-09-27T02:36:32.222+0000] {logging_mixin.py:151} INFO - [2023-09-27T02:36:32.221+0000] {dagbag.py:539} INFO - Filling up the DagBag from /home/airflow/.local/lib/python3.8/site-packages/airflow/example_dags/example_xcomargs.py
[2023-09-27T02:36:32.346+0000] {processor.py:839} INFO - DAG(s) dict_keys(['example_xcom_args_with_operators', 'example_xcom_args']) retrieved from /home/airflow/.local/lib/python3.8/site-packages/airflow/example_dags/example_xcomargs.py
[2023-09-27T02:36:32.561+0000] {logging_mixin.py:151} INFO - [2023-09-27T02:36:32.561+0000] {dag.py:2915} INFO - Sync 2 DAGs
[2023-09-27T02:36:32.779+0000] {logging_mixin.py:151} INFO - [2023-09-27T02:36:32.779+0000] {dag.py:3696} INFO - Setting next_dagrun for example_xcom_args to None, run_after=None
[2023-09-27T02:36:32.823+0000] {logging_mixin.py:151} INFO - [2023-09-27T02:36:32.823+0000] {dag.py:3696} INFO - Setting next_dagrun for example_xcom_args_with_operators to None, run_after=None
[2023-09-27T02:36:32.996+0000] {processor.py:179} INFO - Processing /home/airflow/.local/lib/python3.8/site-packages/airflow/example_dags/example_xcomargs.py took 0.807 seconds
[2023-09-27T02:37:03.396+0000] {processor.py:157} INFO - Started process (PID=426) to work on /home/airflow/.local/lib/python3.8/site-packages/airflow/example_dags/example_xcomargs.py
[2023-09-27T02:37:03.398+0000] {processor.py:829} INFO - Processing file /home/airflow/.local/lib/python3.8/site-packages/airflow/example_dags/example_xcomargs.py for tasks to queue
[2023-09-27T02:37:03.402+0000] {logging_mixin.py:151} INFO - [2023-09-27T02:37:03.402+0000] {dagbag.py:539} INFO - Filling up the DagBag from /home/airflow/.local/lib/python3.8/site-packages/airflow/example_dags/example_xcomargs.py
[2023-09-27T02:37:03.412+0000] {processor.py:839} INFO - DAG(s) dict_keys(['example_xcom_args_with_operators', 'example_xcom_args']) retrieved from /home/airflow/.local/lib/python3.8/site-packages/airflow/example_dags/example_xcomargs.py
[2023-09-27T02:37:03.445+0000] {logging_mixin.py:151} INFO - [2023-09-27T02:37:03.445+0000] {dag.py:2915} INFO - Sync 2 DAGs
[2023-09-27T02:37:03.461+0000] {logging_mixin.py:151} INFO - [2023-09-27T02:37:03.461+0000] {dag.py:3696} INFO - Setting next_dagrun for example_xcom_args to None, run_after=None
[2023-09-27T02:37:03.466+0000] {logging_mixin.py:151} INFO - [2023-09-27T02:37:03.466+0000] {dag.py:3696} INFO - Setting next_dagrun for example_xcom_args_with_operators to None, run_after=None
[2023-09-27T02:37:03.496+0000] {processor.py:179} INFO - Processing /home/airflow/.local/lib/python3.8/site-packages/airflow/example_dags/example_xcomargs.py took 0.104 seconds
[2023-09-27T02:37:34.076+0000] {processor.py:157} INFO - Started process (PID=480) to work on /home/airflow/.local/lib/python3.8/site-packages/airflow/example_dags/example_xcomargs.py
[2023-09-27T02:37:34.080+0000] {processor.py:829} INFO - Processing file /home/airflow/.local/lib/python3.8/site-packages/airflow/example_dags/example_xcomargs.py for tasks to queue
[2023-09-27T02:37:34.086+0000] {logging_mixin.py:151} INFO - [2023-09-27T02:37:34.085+0000] {dagbag.py:539} INFO - Filling up the DagBag from /home/airflow/.local/lib/python3.8/site-packages/airflow/example_dags/example_xcomargs.py
[2023-09-27T02:37:34.111+0000] {processor.py:839} INFO - DAG(s) dict_keys(['example_xcom_args', 'example_xcom_args_with_operators']) retrieved from /home/airflow/.local/lib/python3.8/site-packages/airflow/example_dags/example_xcomargs.py
[2023-09-27T02:37:34.178+0000] {logging_mixin.py:151} INFO - [2023-09-27T02:37:34.178+0000] {dag.py:2915} INFO - Sync 2 DAGs
[2023-09-27T02:37:34.221+0000] {logging_mixin.py:151} INFO - [2023-09-27T02:37:34.221+0000] {dag.py:3696} INFO - Setting next_dagrun for example_xcom_args to None, run_after=None
[2023-09-27T02:37:34.231+0000] {logging_mixin.py:151} INFO - [2023-09-27T02:37:34.231+0000] {dag.py:3696} INFO - Setting next_dagrun for example_xcom_args_with_operators to None, run_after=None
[2023-09-27T02:37:34.278+0000] {processor.py:179} INFO - Processing /home/airflow/.local/lib/python3.8/site-packages/airflow/example_dags/example_xcomargs.py took 0.212 seconds
[2023-09-27T02:38:05.288+0000] {processor.py:157} INFO - Started process (PID=534) to work on /home/airflow/.local/lib/python3.8/site-packages/airflow/example_dags/example_xcomargs.py
[2023-09-27T02:38:05.290+0000] {processor.py:829} INFO - Processing file /home/airflow/.local/lib/python3.8/site-packages/airflow/example_dags/example_xcomargs.py for tasks to queue
[2023-09-27T02:38:05.294+0000] {logging_mixin.py:151} INFO - [2023-09-27T02:38:05.293+0000] {dagbag.py:539} INFO - Filling up the DagBag from /home/airflow/.local/lib/python3.8/site-packages/airflow/example_dags/example_xcomargs.py
[2023-09-27T02:38:05.304+0000] {processor.py:839} INFO - DAG(s) dict_keys(['example_xcom_args', 'example_xcom_args_with_operators']) retrieved from /home/airflow/.local/lib/python3.8/site-packages/airflow/example_dags/example_xcomargs.py
[2023-09-27T02:38:05.333+0000] {logging_mixin.py:151} INFO - [2023-09-27T02:38:05.333+0000] {dag.py:2915} INFO - Sync 2 DAGs
[2023-09-27T02:38:05.350+0000] {logging_mixin.py:151} INFO - [2023-09-27T02:38:05.350+0000] {dag.py:3696} INFO - Setting next_dagrun for example_xcom_args to None, run_after=None
[2023-09-27T02:38:05.355+0000] {logging_mixin.py:151} INFO - [2023-09-27T02:38:05.355+0000] {dag.py:3696} INFO - Setting next_dagrun for example_xcom_args_with_operators to None, run_after=None
[2023-09-27T02:38:05.390+0000] {processor.py:179} INFO - Processing /home/airflow/.local/lib/python3.8/site-packages/airflow/example_dags/example_xcomargs.py took 0.106 seconds
[2023-09-27T02:38:36.100+0000] {processor.py:157} INFO - Started process (PID=588) to work on /home/airflow/.local/lib/python3.8/site-packages/airflow/example_dags/example_xcomargs.py
[2023-09-27T02:38:36.102+0000] {processor.py:829} INFO - Processing file /home/airflow/.local/lib/python3.8/site-packages/airflow/example_dags/example_xcomargs.py for tasks to queue
[2023-09-27T02:38:36.106+0000] {logging_mixin.py:151} INFO - [2023-09-27T02:38:36.105+0000] {dagbag.py:539} INFO - Filling up the DagBag from /home/airflow/.local/lib/python3.8/site-packages/airflow/example_dags/example_xcomargs.py
[2023-09-27T02:38:36.130+0000] {processor.py:839} INFO - DAG(s) dict_keys(['example_xcom_args_with_operators', 'example_xcom_args']) retrieved from /home/airflow/.local/lib/python3.8/site-packages/airflow/example_dags/example_xcomargs.py
[2023-09-27T02:38:36.185+0000] {logging_mixin.py:151} INFO - [2023-09-27T02:38:36.185+0000] {dag.py:2915} INFO - Sync 2 DAGs
[2023-09-27T02:38:36.202+0000] {logging_mixin.py:151} INFO - [2023-09-27T02:38:36.202+0000] {dag.py:3696} INFO - Setting next_dagrun for example_xcom_args to None, run_after=None
[2023-09-27T02:38:36.207+0000] {logging_mixin.py:151} INFO - [2023-09-27T02:38:36.207+0000] {dag.py:3696} INFO - Setting next_dagrun for example_xcom_args_with_operators to None, run_after=None
[2023-09-27T02:38:36.227+0000] {processor.py:179} INFO - Processing /home/airflow/.local/lib/python3.8/site-packages/airflow/example_dags/example_xcomargs.py took 0.136 seconds
