[2023-09-27T02:33:30.602+0000] {processor.py:157} INFO - Started process (PID=49) to work on /home/airflow/.local/lib/python3.8/site-packages/airflow/example_dags/example_nested_branch_dag.py
[2023-09-27T02:33:30.619+0000] {processor.py:829} INFO - Processing file /home/airflow/.local/lib/python3.8/site-packages/airflow/example_dags/example_nested_branch_dag.py for tasks to queue
[2023-09-27T02:33:30.643+0000] {logging_mixin.py:151} INFO - [2023-09-27T02:33:30.641+0000] {dagbag.py:539} INFO - Filling up the DagBag from /home/airflow/.local/lib/python3.8/site-packages/airflow/example_dags/example_nested_branch_dag.py
[2023-09-27T02:33:30.803+0000] {processor.py:839} INFO - DAG(s) dict_keys(['example_nested_branch_dag']) retrieved from /home/airflow/.local/lib/python3.8/site-packages/airflow/example_dags/example_nested_branch_dag.py
[2023-09-27T02:33:32.422+0000] {logging_mixin.py:151} INFO - [2023-09-27T02:33:32.422+0000] {manager.py:499} INFO - Created Permission View: %s
[2023-09-27T02:33:32.477+0000] {logging_mixin.py:151} INFO - [2023-09-27T02:33:32.476+0000] {manager.py:499} INFO - Created Permission View: %s
[2023-09-27T02:33:32.530+0000] {logging_mixin.py:151} INFO - [2023-09-27T02:33:32.529+0000] {manager.py:499} INFO - Created Permission View: %s
[2023-09-27T02:33:32.538+0000] {logging_mixin.py:151} INFO - [2023-09-27T02:33:32.537+0000] {security.py:708} INFO - Not syncing DAG-level permissions for DAG 'DAG:example_nested_branch_dag' as access control is unset.
[2023-09-27T02:33:32.542+0000] {logging_mixin.py:151} INFO - [2023-09-27T02:33:32.541+0000] {dag.py:2915} INFO - Sync 1 DAGs
[2023-09-27T02:33:32.625+0000] {logging_mixin.py:151} INFO - [2023-09-27T02:33:32.625+0000] {dag.py:2937} INFO - Creating ORM DAG for example_nested_branch_dag
[2023-09-27T02:33:32.715+0000] {logging_mixin.py:151} INFO - [2023-09-27T02:33:32.704+0000] {dag.py:3696} INFO - Setting next_dagrun for example_nested_branch_dag to 2023-09-26T00:00:00+00:00, run_after=2023-09-27T00:00:00+00:00
[2023-09-27T02:33:32.861+0000] {processor.py:179} INFO - Processing /home/airflow/.local/lib/python3.8/site-packages/airflow/example_dags/example_nested_branch_dag.py took 2.299 seconds
[2023-09-27T02:34:03.418+0000] {processor.py:157} INFO - Started process (PID=102) to work on /home/airflow/.local/lib/python3.8/site-packages/airflow/example_dags/example_nested_branch_dag.py
[2023-09-27T02:34:03.421+0000] {processor.py:829} INFO - Processing file /home/airflow/.local/lib/python3.8/site-packages/airflow/example_dags/example_nested_branch_dag.py for tasks to queue
[2023-09-27T02:34:03.428+0000] {logging_mixin.py:151} INFO - [2023-09-27T02:34:03.428+0000] {dagbag.py:539} INFO - Filling up the DagBag from /home/airflow/.local/lib/python3.8/site-packages/airflow/example_dags/example_nested_branch_dag.py
[2023-09-27T02:34:03.469+0000] {processor.py:839} INFO - DAG(s) dict_keys(['example_nested_branch_dag']) retrieved from /home/airflow/.local/lib/python3.8/site-packages/airflow/example_dags/example_nested_branch_dag.py
[2023-09-27T02:34:03.547+0000] {logging_mixin.py:151} INFO - [2023-09-27T02:34:03.547+0000] {dag.py:2915} INFO - Sync 1 DAGs
[2023-09-27T02:34:03.626+0000] {logging_mixin.py:151} INFO - [2023-09-27T02:34:03.625+0000] {dag.py:3696} INFO - Setting next_dagrun for example_nested_branch_dag to 2023-09-26T00:00:00+00:00, run_after=2023-09-27T00:00:00+00:00
[2023-09-27T02:34:03.718+0000] {processor.py:179} INFO - Processing /home/airflow/.local/lib/python3.8/site-packages/airflow/example_dags/example_nested_branch_dag.py took 0.308 seconds
[2023-09-27T02:34:34.031+0000] {processor.py:157} INFO - Started process (PID=154) to work on /home/airflow/.local/lib/python3.8/site-packages/airflow/example_dags/example_nested_branch_dag.py
[2023-09-27T02:34:34.038+0000] {processor.py:829} INFO - Processing file /home/airflow/.local/lib/python3.8/site-packages/airflow/example_dags/example_nested_branch_dag.py for tasks to queue
[2023-09-27T02:34:34.042+0000] {logging_mixin.py:151} INFO - [2023-09-27T02:34:34.042+0000] {dagbag.py:539} INFO - Filling up the DagBag from /home/airflow/.local/lib/python3.8/site-packages/airflow/example_dags/example_nested_branch_dag.py
[2023-09-27T02:34:34.063+0000] {processor.py:839} INFO - DAG(s) dict_keys(['example_nested_branch_dag']) retrieved from /home/airflow/.local/lib/python3.8/site-packages/airflow/example_dags/example_nested_branch_dag.py
[2023-09-27T02:34:34.100+0000] {logging_mixin.py:151} INFO - [2023-09-27T02:34:34.100+0000] {dag.py:2915} INFO - Sync 1 DAGs
[2023-09-27T02:34:34.137+0000] {logging_mixin.py:151} INFO - [2023-09-27T02:34:34.137+0000] {dag.py:3696} INFO - Setting next_dagrun for example_nested_branch_dag to 2023-09-26T00:00:00+00:00, run_after=2023-09-27T00:00:00+00:00
[2023-09-27T02:34:34.171+0000] {processor.py:179} INFO - Processing /home/airflow/.local/lib/python3.8/site-packages/airflow/example_dags/example_nested_branch_dag.py took 0.145 seconds
[2023-09-27T02:35:05.018+0000] {processor.py:157} INFO - Started process (PID=208) to work on /home/airflow/.local/lib/python3.8/site-packages/airflow/example_dags/example_nested_branch_dag.py
[2023-09-27T02:35:05.026+0000] {processor.py:829} INFO - Processing file /home/airflow/.local/lib/python3.8/site-packages/airflow/example_dags/example_nested_branch_dag.py for tasks to queue
[2023-09-27T02:35:05.032+0000] {logging_mixin.py:151} INFO - [2023-09-27T02:35:05.031+0000] {dagbag.py:539} INFO - Filling up the DagBag from /home/airflow/.local/lib/python3.8/site-packages/airflow/example_dags/example_nested_branch_dag.py
[2023-09-27T02:35:05.062+0000] {processor.py:839} INFO - DAG(s) dict_keys(['example_nested_branch_dag']) retrieved from /home/airflow/.local/lib/python3.8/site-packages/airflow/example_dags/example_nested_branch_dag.py
[2023-09-27T02:35:05.110+0000] {logging_mixin.py:151} INFO - [2023-09-27T02:35:05.110+0000] {dag.py:2915} INFO - Sync 1 DAGs
[2023-09-27T02:35:05.165+0000] {logging_mixin.py:151} INFO - [2023-09-27T02:35:05.165+0000] {dag.py:3696} INFO - Setting next_dagrun for example_nested_branch_dag to 2023-09-26T00:00:00+00:00, run_after=2023-09-27T00:00:00+00:00
[2023-09-27T02:35:05.210+0000] {processor.py:179} INFO - Processing /home/airflow/.local/lib/python3.8/site-packages/airflow/example_dags/example_nested_branch_dag.py took 0.201 seconds
[2023-09-27T02:35:35.998+0000] {processor.py:157} INFO - Started process (PID=262) to work on /home/airflow/.local/lib/python3.8/site-packages/airflow/example_dags/example_nested_branch_dag.py
[2023-09-27T02:35:36.003+0000] {processor.py:829} INFO - Processing file /home/airflow/.local/lib/python3.8/site-packages/airflow/example_dags/example_nested_branch_dag.py for tasks to queue
[2023-09-27T02:35:36.009+0000] {logging_mixin.py:151} INFO - [2023-09-27T02:35:36.008+0000] {dagbag.py:539} INFO - Filling up the DagBag from /home/airflow/.local/lib/python3.8/site-packages/airflow/example_dags/example_nested_branch_dag.py
[2023-09-27T02:35:36.052+0000] {processor.py:839} INFO - DAG(s) dict_keys(['example_nested_branch_dag']) retrieved from /home/airflow/.local/lib/python3.8/site-packages/airflow/example_dags/example_nested_branch_dag.py
[2023-09-27T02:35:36.163+0000] {logging_mixin.py:151} INFO - [2023-09-27T02:35:36.157+0000] {dag.py:2915} INFO - Sync 1 DAGs
[2023-09-27T02:35:36.408+0000] {logging_mixin.py:151} INFO - [2023-09-27T02:35:36.405+0000] {dag.py:3696} INFO - Setting next_dagrun for example_nested_branch_dag to 2023-09-26T00:00:00+00:00, run_after=2023-09-27T00:00:00+00:00
[2023-09-27T02:35:36.581+0000] {processor.py:179} INFO - Processing /home/airflow/.local/lib/python3.8/site-packages/airflow/example_dags/example_nested_branch_dag.py took 0.600 seconds
[2023-09-27T02:36:06.828+0000] {processor.py:157} INFO - Started process (PID=316) to work on /home/airflow/.local/lib/python3.8/site-packages/airflow/example_dags/example_nested_branch_dag.py
[2023-09-27T02:36:06.831+0000] {processor.py:829} INFO - Processing file /home/airflow/.local/lib/python3.8/site-packages/airflow/example_dags/example_nested_branch_dag.py for tasks to queue
[2023-09-27T02:36:06.845+0000] {logging_mixin.py:151} INFO - [2023-09-27T02:36:06.844+0000] {dagbag.py:539} INFO - Filling up the DagBag from /home/airflow/.local/lib/python3.8/site-packages/airflow/example_dags/example_nested_branch_dag.py
[2023-09-27T02:36:06.907+0000] {processor.py:839} INFO - DAG(s) dict_keys(['example_nested_branch_dag']) retrieved from /home/airflow/.local/lib/python3.8/site-packages/airflow/example_dags/example_nested_branch_dag.py
[2023-09-27T02:36:07.034+0000] {logging_mixin.py:151} INFO - [2023-09-27T02:36:07.033+0000] {dag.py:2915} INFO - Sync 1 DAGs
[2023-09-27T02:36:07.137+0000] {logging_mixin.py:151} INFO - [2023-09-27T02:36:07.136+0000] {dag.py:3696} INFO - Setting next_dagrun for example_nested_branch_dag to 2023-09-26T00:00:00+00:00, run_after=2023-09-27T00:00:00+00:00
[2023-09-27T02:36:07.195+0000] {processor.py:179} INFO - Processing /home/airflow/.local/lib/python3.8/site-packages/airflow/example_dags/example_nested_branch_dag.py took 0.379 seconds
[2023-09-27T02:36:38.470+0000] {processor.py:157} INFO - Started process (PID=374) to work on /home/airflow/.local/lib/python3.8/site-packages/airflow/example_dags/example_nested_branch_dag.py
[2023-09-27T02:36:38.495+0000] {processor.py:829} INFO - Processing file /home/airflow/.local/lib/python3.8/site-packages/airflow/example_dags/example_nested_branch_dag.py for tasks to queue
[2023-09-27T02:36:38.570+0000] {logging_mixin.py:151} INFO - [2023-09-27T02:36:38.566+0000] {dagbag.py:539} INFO - Filling up the DagBag from /home/airflow/.local/lib/python3.8/site-packages/airflow/example_dags/example_nested_branch_dag.py
[2023-09-27T02:36:38.698+0000] {processor.py:839} INFO - DAG(s) dict_keys(['example_nested_branch_dag']) retrieved from /home/airflow/.local/lib/python3.8/site-packages/airflow/example_dags/example_nested_branch_dag.py
[2023-09-27T02:36:39.078+0000] {logging_mixin.py:151} INFO - [2023-09-27T02:36:39.078+0000] {dag.py:2915} INFO - Sync 1 DAGs
[2023-09-27T02:36:39.367+0000] {logging_mixin.py:151} INFO - [2023-09-27T02:36:39.366+0000] {dag.py:3696} INFO - Setting next_dagrun for example_nested_branch_dag to 2023-09-26T00:00:00+00:00, run_after=2023-09-27T00:00:00+00:00
[2023-09-27T02:36:39.457+0000] {processor.py:179} INFO - Processing /home/airflow/.local/lib/python3.8/site-packages/airflow/example_dags/example_nested_branch_dag.py took 1.122 seconds
[2023-09-27T02:37:09.536+0000] {processor.py:157} INFO - Started process (PID=434) to work on /home/airflow/.local/lib/python3.8/site-packages/airflow/example_dags/example_nested_branch_dag.py
[2023-09-27T02:37:09.538+0000] {processor.py:829} INFO - Processing file /home/airflow/.local/lib/python3.8/site-packages/airflow/example_dags/example_nested_branch_dag.py for tasks to queue
[2023-09-27T02:37:09.544+0000] {logging_mixin.py:151} INFO - [2023-09-27T02:37:09.544+0000] {dagbag.py:539} INFO - Filling up the DagBag from /home/airflow/.local/lib/python3.8/site-packages/airflow/example_dags/example_nested_branch_dag.py
[2023-09-27T02:37:09.567+0000] {processor.py:839} INFO - DAG(s) dict_keys(['example_nested_branch_dag']) retrieved from /home/airflow/.local/lib/python3.8/site-packages/airflow/example_dags/example_nested_branch_dag.py
[2023-09-27T02:37:09.627+0000] {logging_mixin.py:151} INFO - [2023-09-27T02:37:09.627+0000] {dag.py:2915} INFO - Sync 1 DAGs
[2023-09-27T02:37:09.692+0000] {logging_mixin.py:151} INFO - [2023-09-27T02:37:09.691+0000] {dag.py:3696} INFO - Setting next_dagrun for example_nested_branch_dag to 2023-09-26T00:00:00+00:00, run_after=2023-09-27T00:00:00+00:00
[2023-09-27T02:37:09.764+0000] {processor.py:179} INFO - Processing /home/airflow/.local/lib/python3.8/site-packages/airflow/example_dags/example_nested_branch_dag.py took 0.236 seconds
[2023-09-27T02:37:39.844+0000] {processor.py:157} INFO - Started process (PID=488) to work on /home/airflow/.local/lib/python3.8/site-packages/airflow/example_dags/example_nested_branch_dag.py
[2023-09-27T02:37:39.846+0000] {processor.py:829} INFO - Processing file /home/airflow/.local/lib/python3.8/site-packages/airflow/example_dags/example_nested_branch_dag.py for tasks to queue
[2023-09-27T02:37:39.850+0000] {logging_mixin.py:151} INFO - [2023-09-27T02:37:39.849+0000] {dagbag.py:539} INFO - Filling up the DagBag from /home/airflow/.local/lib/python3.8/site-packages/airflow/example_dags/example_nested_branch_dag.py
[2023-09-27T02:37:39.870+0000] {processor.py:839} INFO - DAG(s) dict_keys(['example_nested_branch_dag']) retrieved from /home/airflow/.local/lib/python3.8/site-packages/airflow/example_dags/example_nested_branch_dag.py
[2023-09-27T02:37:39.916+0000] {logging_mixin.py:151} INFO - [2023-09-27T02:37:39.915+0000] {dag.py:2915} INFO - Sync 1 DAGs
[2023-09-27T02:37:39.972+0000] {logging_mixin.py:151} INFO - [2023-09-27T02:37:39.972+0000] {dag.py:3696} INFO - Setting next_dagrun for example_nested_branch_dag to 2023-09-26T00:00:00+00:00, run_after=2023-09-27T00:00:00+00:00
[2023-09-27T02:37:40.013+0000] {processor.py:179} INFO - Processing /home/airflow/.local/lib/python3.8/site-packages/airflow/example_dags/example_nested_branch_dag.py took 0.176 seconds
[2023-09-27T02:38:10.772+0000] {processor.py:157} INFO - Started process (PID=542) to work on /home/airflow/.local/lib/python3.8/site-packages/airflow/example_dags/example_nested_branch_dag.py
[2023-09-27T02:38:10.773+0000] {processor.py:829} INFO - Processing file /home/airflow/.local/lib/python3.8/site-packages/airflow/example_dags/example_nested_branch_dag.py for tasks to queue
[2023-09-27T02:38:10.777+0000] {logging_mixin.py:151} INFO - [2023-09-27T02:38:10.776+0000] {dagbag.py:539} INFO - Filling up the DagBag from /home/airflow/.local/lib/python3.8/site-packages/airflow/example_dags/example_nested_branch_dag.py
[2023-09-27T02:38:10.791+0000] {processor.py:839} INFO - DAG(s) dict_keys(['example_nested_branch_dag']) retrieved from /home/airflow/.local/lib/python3.8/site-packages/airflow/example_dags/example_nested_branch_dag.py
[2023-09-27T02:38:10.826+0000] {logging_mixin.py:151} INFO - [2023-09-27T02:38:10.826+0000] {dag.py:2915} INFO - Sync 1 DAGs
[2023-09-27T02:38:10.859+0000] {logging_mixin.py:151} INFO - [2023-09-27T02:38:10.859+0000] {dag.py:3696} INFO - Setting next_dagrun for example_nested_branch_dag to 2023-09-26T00:00:00+00:00, run_after=2023-09-27T00:00:00+00:00
[2023-09-27T02:38:10.884+0000] {processor.py:179} INFO - Processing /home/airflow/.local/lib/python3.8/site-packages/airflow/example_dags/example_nested_branch_dag.py took 0.117 seconds
[2023-09-27T02:38:41.601+0000] {processor.py:157} INFO - Started process (PID=596) to work on /home/airflow/.local/lib/python3.8/site-packages/airflow/example_dags/example_nested_branch_dag.py
[2023-09-27T02:38:41.603+0000] {processor.py:829} INFO - Processing file /home/airflow/.local/lib/python3.8/site-packages/airflow/example_dags/example_nested_branch_dag.py for tasks to queue
[2023-09-27T02:38:41.606+0000] {logging_mixin.py:151} INFO - [2023-09-27T02:38:41.606+0000] {dagbag.py:539} INFO - Filling up the DagBag from /home/airflow/.local/lib/python3.8/site-packages/airflow/example_dags/example_nested_branch_dag.py
[2023-09-27T02:38:41.617+0000] {processor.py:839} INFO - DAG(s) dict_keys(['example_nested_branch_dag']) retrieved from /home/airflow/.local/lib/python3.8/site-packages/airflow/example_dags/example_nested_branch_dag.py
[2023-09-27T02:38:41.641+0000] {logging_mixin.py:151} INFO - [2023-09-27T02:38:41.641+0000] {dag.py:2915} INFO - Sync 1 DAGs
[2023-09-27T02:38:41.671+0000] {logging_mixin.py:151} INFO - [2023-09-27T02:38:41.671+0000] {dag.py:3696} INFO - Setting next_dagrun for example_nested_branch_dag to 2023-09-26T00:00:00+00:00, run_after=2023-09-27T00:00:00+00:00
[2023-09-27T02:38:41.696+0000] {processor.py:179} INFO - Processing /home/airflow/.local/lib/python3.8/site-packages/airflow/example_dags/example_nested_branch_dag.py took 0.099 seconds
