[2023-09-27T02:33:45.339+0000] {processor.py:157} INFO - Started process (PID=70) to work on /home/airflow/.local/lib/python3.8/site-packages/airflow/example_dags/example_sla_dag.py
[2023-09-27T02:33:45.343+0000] {processor.py:829} INFO - Processing file /home/airflow/.local/lib/python3.8/site-packages/airflow/example_dags/example_sla_dag.py for tasks to queue
[2023-09-27T02:33:45.351+0000] {logging_mixin.py:151} INFO - [2023-09-27T02:33:45.351+0000] {dagbag.py:539} INFO - Filling up the DagBag from /home/airflow/.local/lib/python3.8/site-packages/airflow/example_dags/example_sla_dag.py
[2023-09-27T02:33:45.392+0000] {processor.py:839} INFO - DAG(s) dict_keys(['example_sla_dag']) retrieved from /home/airflow/.local/lib/python3.8/site-packages/airflow/example_dags/example_sla_dag.py
[2023-09-27T02:33:46.423+0000] {logging_mixin.py:151} INFO - [2023-09-27T02:33:46.422+0000] {manager.py:499} INFO - Created Permission View: %s
[2023-09-27T02:33:46.522+0000] {logging_mixin.py:151} INFO - [2023-09-27T02:33:46.522+0000] {manager.py:499} INFO - Created Permission View: %s
[2023-09-27T02:33:46.573+0000] {logging_mixin.py:151} INFO - [2023-09-27T02:33:46.572+0000] {manager.py:499} INFO - Created Permission View: %s
[2023-09-27T02:33:46.580+0000] {logging_mixin.py:151} INFO - [2023-09-27T02:33:46.579+0000] {security.py:708} INFO - Not syncing DAG-level permissions for DAG 'DAG:example_sla_dag' as access control is unset.
[2023-09-27T02:33:46.583+0000] {logging_mixin.py:151} INFO - [2023-09-27T02:33:46.583+0000] {dag.py:2915} INFO - Sync 1 DAGs
[2023-09-27T02:33:46.653+0000] {logging_mixin.py:151} INFO - [2023-09-27T02:33:46.653+0000] {dag.py:2937} INFO - Creating ORM DAG for example_sla_dag
[2023-09-27T02:33:46.752+0000] {logging_mixin.py:151} INFO - [2023-09-27T02:33:46.751+0000] {dag.py:3696} INFO - Setting next_dagrun for example_sla_dag to 2023-09-27T02:30:00+00:00, run_after=2023-09-27T02:32:00+00:00
[2023-09-27T02:33:46.909+0000] {processor.py:179} INFO - Processing /home/airflow/.local/lib/python3.8/site-packages/airflow/example_dags/example_sla_dag.py took 1.587 seconds
[2023-09-27T02:34:17.334+0000] {processor.py:157} INFO - Started process (PID=124) to work on /home/airflow/.local/lib/python3.8/site-packages/airflow/example_dags/example_sla_dag.py
[2023-09-27T02:34:17.342+0000] {processor.py:829} INFO - Processing file /home/airflow/.local/lib/python3.8/site-packages/airflow/example_dags/example_sla_dag.py for tasks to queue
[2023-09-27T02:34:17.347+0000] {logging_mixin.py:151} INFO - [2023-09-27T02:34:17.347+0000] {dagbag.py:539} INFO - Filling up the DagBag from /home/airflow/.local/lib/python3.8/site-packages/airflow/example_dags/example_sla_dag.py
[2023-09-27T02:34:17.365+0000] {processor.py:839} INFO - DAG(s) dict_keys(['example_sla_dag']) retrieved from /home/airflow/.local/lib/python3.8/site-packages/airflow/example_dags/example_sla_dag.py
[2023-09-27T02:34:17.411+0000] {logging_mixin.py:151} INFO - [2023-09-27T02:34:17.411+0000] {dag.py:2915} INFO - Sync 1 DAGs
[2023-09-27T02:34:17.471+0000] {logging_mixin.py:151} INFO - [2023-09-27T02:34:17.470+0000] {dag.py:3696} INFO - Setting next_dagrun for example_sla_dag to 2023-09-27T02:32:00+00:00, run_after=2023-09-27T02:34:00+00:00
[2023-09-27T02:34:17.516+0000] {processor.py:179} INFO - Processing /home/airflow/.local/lib/python3.8/site-packages/airflow/example_dags/example_sla_dag.py took 0.189 seconds
[2023-09-27T02:34:48.339+0000] {processor.py:157} INFO - Started process (PID=178) to work on /home/airflow/.local/lib/python3.8/site-packages/airflow/example_dags/example_sla_dag.py
[2023-09-27T02:34:48.344+0000] {processor.py:829} INFO - Processing file /home/airflow/.local/lib/python3.8/site-packages/airflow/example_dags/example_sla_dag.py for tasks to queue
[2023-09-27T02:34:48.356+0000] {logging_mixin.py:151} INFO - [2023-09-27T02:34:48.353+0000] {dagbag.py:539} INFO - Filling up the DagBag from /home/airflow/.local/lib/python3.8/site-packages/airflow/example_dags/example_sla_dag.py
[2023-09-27T02:34:48.395+0000] {processor.py:839} INFO - DAG(s) dict_keys(['example_sla_dag']) retrieved from /home/airflow/.local/lib/python3.8/site-packages/airflow/example_dags/example_sla_dag.py
[2023-09-27T02:34:48.482+0000] {logging_mixin.py:151} INFO - [2023-09-27T02:34:48.481+0000] {dag.py:2915} INFO - Sync 1 DAGs
[2023-09-27T02:34:48.611+0000] {logging_mixin.py:151} INFO - [2023-09-27T02:34:48.609+0000] {dag.py:3696} INFO - Setting next_dagrun for example_sla_dag to 2023-09-27T02:32:00+00:00, run_after=2023-09-27T02:34:00+00:00
[2023-09-27T02:34:48.736+0000] {processor.py:179} INFO - Processing /home/airflow/.local/lib/python3.8/site-packages/airflow/example_dags/example_sla_dag.py took 0.408 seconds
[2023-09-27T02:35:19.097+0000] {processor.py:157} INFO - Started process (PID=232) to work on /home/airflow/.local/lib/python3.8/site-packages/airflow/example_dags/example_sla_dag.py
[2023-09-27T02:35:19.104+0000] {processor.py:829} INFO - Processing file /home/airflow/.local/lib/python3.8/site-packages/airflow/example_dags/example_sla_dag.py for tasks to queue
[2023-09-27T02:35:19.107+0000] {logging_mixin.py:151} INFO - [2023-09-27T02:35:19.107+0000] {dagbag.py:539} INFO - Filling up the DagBag from /home/airflow/.local/lib/python3.8/site-packages/airflow/example_dags/example_sla_dag.py
[2023-09-27T02:35:19.118+0000] {processor.py:839} INFO - DAG(s) dict_keys(['example_sla_dag']) retrieved from /home/airflow/.local/lib/python3.8/site-packages/airflow/example_dags/example_sla_dag.py
[2023-09-27T02:35:19.142+0000] {logging_mixin.py:151} INFO - [2023-09-27T02:35:19.141+0000] {dag.py:2915} INFO - Sync 1 DAGs
[2023-09-27T02:35:19.176+0000] {logging_mixin.py:151} INFO - [2023-09-27T02:35:19.175+0000] {dag.py:3696} INFO - Setting next_dagrun for example_sla_dag to 2023-09-27T02:32:00+00:00, run_after=2023-09-27T02:34:00+00:00
[2023-09-27T02:35:19.207+0000] {processor.py:179} INFO - Processing /home/airflow/.local/lib/python3.8/site-packages/airflow/example_dags/example_sla_dag.py took 0.115 seconds
[2023-09-27T02:35:49.376+0000] {processor.py:157} INFO - Started process (PID=286) to work on /home/airflow/.local/lib/python3.8/site-packages/airflow/example_dags/example_sla_dag.py
[2023-09-27T02:35:49.379+0000] {processor.py:829} INFO - Processing file /home/airflow/.local/lib/python3.8/site-packages/airflow/example_dags/example_sla_dag.py for tasks to queue
[2023-09-27T02:35:49.388+0000] {logging_mixin.py:151} INFO - [2023-09-27T02:35:49.386+0000] {dagbag.py:539} INFO - Filling up the DagBag from /home/airflow/.local/lib/python3.8/site-packages/airflow/example_dags/example_sla_dag.py
[2023-09-27T02:35:49.419+0000] {processor.py:839} INFO - DAG(s) dict_keys(['example_sla_dag']) retrieved from /home/airflow/.local/lib/python3.8/site-packages/airflow/example_dags/example_sla_dag.py
[2023-09-27T02:35:49.489+0000] {logging_mixin.py:151} INFO - [2023-09-27T02:35:49.488+0000] {dag.py:2915} INFO - Sync 1 DAGs
[2023-09-27T02:35:49.580+0000] {logging_mixin.py:151} INFO - [2023-09-27T02:35:49.580+0000] {dag.py:3696} INFO - Setting next_dagrun for example_sla_dag to 2023-09-27T02:32:00+00:00, run_after=2023-09-27T02:34:00+00:00
[2023-09-27T02:35:49.649+0000] {processor.py:179} INFO - Processing /home/airflow/.local/lib/python3.8/site-packages/airflow/example_dags/example_sla_dag.py took 0.283 seconds
[2023-09-27T02:36:20.029+0000] {processor.py:157} INFO - Started process (PID=340) to work on /home/airflow/.local/lib/python3.8/site-packages/airflow/example_dags/example_sla_dag.py
[2023-09-27T02:36:20.031+0000] {processor.py:829} INFO - Processing file /home/airflow/.local/lib/python3.8/site-packages/airflow/example_dags/example_sla_dag.py for tasks to queue
[2023-09-27T02:36:20.037+0000] {logging_mixin.py:151} INFO - [2023-09-27T02:36:20.036+0000] {dagbag.py:539} INFO - Filling up the DagBag from /home/airflow/.local/lib/python3.8/site-packages/airflow/example_dags/example_sla_dag.py
[2023-09-27T02:36:20.052+0000] {processor.py:839} INFO - DAG(s) dict_keys(['example_sla_dag']) retrieved from /home/airflow/.local/lib/python3.8/site-packages/airflow/example_dags/example_sla_dag.py
[2023-09-27T02:36:20.102+0000] {logging_mixin.py:151} INFO - [2023-09-27T02:36:20.102+0000] {dag.py:2915} INFO - Sync 1 DAGs
[2023-09-27T02:36:20.182+0000] {logging_mixin.py:151} INFO - [2023-09-27T02:36:20.181+0000] {dag.py:3696} INFO - Setting next_dagrun for example_sla_dag to 2023-09-27T02:34:00+00:00, run_after=2023-09-27T02:36:00+00:00
[2023-09-27T02:36:20.241+0000] {processor.py:179} INFO - Processing /home/airflow/.local/lib/python3.8/site-packages/airflow/example_dags/example_sla_dag.py took 0.217 seconds
[2023-09-27T02:36:50.787+0000] {processor.py:157} INFO - Started process (PID=404) to work on /home/airflow/.local/lib/python3.8/site-packages/airflow/example_dags/example_sla_dag.py
[2023-09-27T02:36:50.790+0000] {processor.py:829} INFO - Processing file /home/airflow/.local/lib/python3.8/site-packages/airflow/example_dags/example_sla_dag.py for tasks to queue
[2023-09-27T02:36:50.797+0000] {logging_mixin.py:151} INFO - [2023-09-27T02:36:50.796+0000] {dagbag.py:539} INFO - Filling up the DagBag from /home/airflow/.local/lib/python3.8/site-packages/airflow/example_dags/example_sla_dag.py
[2023-09-27T02:36:50.817+0000] {processor.py:839} INFO - DAG(s) dict_keys(['example_sla_dag']) retrieved from /home/airflow/.local/lib/python3.8/site-packages/airflow/example_dags/example_sla_dag.py
[2023-09-27T02:36:50.862+0000] {logging_mixin.py:151} INFO - [2023-09-27T02:36:50.861+0000] {dag.py:2915} INFO - Sync 1 DAGs
[2023-09-27T02:36:50.921+0000] {logging_mixin.py:151} INFO - [2023-09-27T02:36:50.921+0000] {dag.py:3696} INFO - Setting next_dagrun for example_sla_dag to 2023-09-27T02:34:00+00:00, run_after=2023-09-27T02:36:00+00:00
[2023-09-27T02:36:50.960+0000] {processor.py:179} INFO - Processing /home/airflow/.local/lib/python3.8/site-packages/airflow/example_dags/example_sla_dag.py took 0.180 seconds
[2023-09-27T02:37:21.732+0000] {processor.py:157} INFO - Started process (PID=458) to work on /home/airflow/.local/lib/python3.8/site-packages/airflow/example_dags/example_sla_dag.py
[2023-09-27T02:37:21.734+0000] {processor.py:829} INFO - Processing file /home/airflow/.local/lib/python3.8/site-packages/airflow/example_dags/example_sla_dag.py for tasks to queue
[2023-09-27T02:37:21.738+0000] {logging_mixin.py:151} INFO - [2023-09-27T02:37:21.738+0000] {dagbag.py:539} INFO - Filling up the DagBag from /home/airflow/.local/lib/python3.8/site-packages/airflow/example_dags/example_sla_dag.py
[2023-09-27T02:37:21.752+0000] {processor.py:839} INFO - DAG(s) dict_keys(['example_sla_dag']) retrieved from /home/airflow/.local/lib/python3.8/site-packages/airflow/example_dags/example_sla_dag.py
[2023-09-27T02:37:21.780+0000] {logging_mixin.py:151} INFO - [2023-09-27T02:37:21.780+0000] {dag.py:2915} INFO - Sync 1 DAGs
[2023-09-27T02:37:21.819+0000] {logging_mixin.py:151} INFO - [2023-09-27T02:37:21.819+0000] {dag.py:3696} INFO - Setting next_dagrun for example_sla_dag to 2023-09-27T02:34:00+00:00, run_after=2023-09-27T02:36:00+00:00
[2023-09-27T02:37:21.844+0000] {processor.py:179} INFO - Processing /home/airflow/.local/lib/python3.8/site-packages/airflow/example_dags/example_sla_dag.py took 0.115 seconds
[2023-09-27T02:37:52.041+0000] {processor.py:157} INFO - Started process (PID=511) to work on /home/airflow/.local/lib/python3.8/site-packages/airflow/example_dags/example_sla_dag.py
[2023-09-27T02:37:52.043+0000] {processor.py:829} INFO - Processing file /home/airflow/.local/lib/python3.8/site-packages/airflow/example_dags/example_sla_dag.py for tasks to queue
[2023-09-27T02:37:52.049+0000] {logging_mixin.py:151} INFO - [2023-09-27T02:37:52.049+0000] {dagbag.py:539} INFO - Filling up the DagBag from /home/airflow/.local/lib/python3.8/site-packages/airflow/example_dags/example_sla_dag.py
[2023-09-27T02:37:52.070+0000] {processor.py:839} INFO - DAG(s) dict_keys(['example_sla_dag']) retrieved from /home/airflow/.local/lib/python3.8/site-packages/airflow/example_dags/example_sla_dag.py
[2023-09-27T02:37:52.126+0000] {logging_mixin.py:151} INFO - [2023-09-27T02:37:52.126+0000] {dag.py:2915} INFO - Sync 1 DAGs
[2023-09-27T02:37:52.169+0000] {logging_mixin.py:151} INFO - [2023-09-27T02:37:52.169+0000] {dag.py:3696} INFO - Setting next_dagrun for example_sla_dag to 2023-09-27T02:34:00+00:00, run_after=2023-09-27T02:36:00+00:00
[2023-09-27T02:37:52.204+0000] {processor.py:179} INFO - Processing /home/airflow/.local/lib/python3.8/site-packages/airflow/example_dags/example_sla_dag.py took 0.170 seconds
[2023-09-27T02:38:22.279+0000] {processor.py:157} INFO - Started process (PID=565) to work on /home/airflow/.local/lib/python3.8/site-packages/airflow/example_dags/example_sla_dag.py
[2023-09-27T02:38:22.282+0000] {processor.py:829} INFO - Processing file /home/airflow/.local/lib/python3.8/site-packages/airflow/example_dags/example_sla_dag.py for tasks to queue
[2023-09-27T02:38:22.294+0000] {logging_mixin.py:151} INFO - [2023-09-27T02:38:22.287+0000] {dagbag.py:539} INFO - Filling up the DagBag from /home/airflow/.local/lib/python3.8/site-packages/airflow/example_dags/example_sla_dag.py
[2023-09-27T02:38:22.322+0000] {processor.py:839} INFO - DAG(s) dict_keys(['example_sla_dag']) retrieved from /home/airflow/.local/lib/python3.8/site-packages/airflow/example_dags/example_sla_dag.py
[2023-09-27T02:38:22.361+0000] {logging_mixin.py:151} INFO - [2023-09-27T02:38:22.361+0000] {dag.py:2915} INFO - Sync 1 DAGs
[2023-09-27T02:38:22.439+0000] {logging_mixin.py:151} INFO - [2023-09-27T02:38:22.438+0000] {dag.py:3696} INFO - Setting next_dagrun for example_sla_dag to 2023-09-27T02:36:00+00:00, run_after=2023-09-27T02:38:00+00:00
[2023-09-27T02:38:22.519+0000] {processor.py:179} INFO - Processing /home/airflow/.local/lib/python3.8/site-packages/airflow/example_dags/example_sla_dag.py took 0.250 seconds
