[2023-09-27T02:33:52.982+0000] {processor.py:157} INFO - Started process (PID=80) to work on /home/airflow/.local/lib/python3.8/site-packages/airflow/example_dags/example_setup_teardown.py
[2023-09-27T02:33:52.986+0000] {processor.py:829} INFO - Processing file /home/airflow/.local/lib/python3.8/site-packages/airflow/example_dags/example_setup_teardown.py for tasks to queue
[2023-09-27T02:33:52.993+0000] {logging_mixin.py:151} INFO - [2023-09-27T02:33:52.992+0000] {dagbag.py:539} INFO - Filling up the DagBag from /home/airflow/.local/lib/python3.8/site-packages/airflow/example_dags/example_setup_teardown.py
[2023-09-27T02:33:53.014+0000] {processor.py:839} INFO - DAG(s) dict_keys(['example_setup_teardown']) retrieved from /home/airflow/.local/lib/python3.8/site-packages/airflow/example_dags/example_setup_teardown.py
[2023-09-27T02:33:53.324+0000] {logging_mixin.py:151} INFO - [2023-09-27T02:33:53.324+0000] {manager.py:499} INFO - Created Permission View: %s
[2023-09-27T02:33:53.352+0000] {logging_mixin.py:151} INFO - [2023-09-27T02:33:53.352+0000] {manager.py:499} INFO - Created Permission View: %s
[2023-09-27T02:33:53.372+0000] {logging_mixin.py:151} INFO - [2023-09-27T02:33:53.372+0000] {manager.py:499} INFO - Created Permission View: %s
[2023-09-27T02:33:53.374+0000] {logging_mixin.py:151} INFO - [2023-09-27T02:33:53.374+0000] {security.py:708} INFO - Not syncing DAG-level permissions for DAG 'DAG:example_setup_teardown' as access control is unset.
[2023-09-27T02:33:53.376+0000] {logging_mixin.py:151} INFO - [2023-09-27T02:33:53.375+0000] {dag.py:2915} INFO - Sync 1 DAGs
[2023-09-27T02:33:53.408+0000] {logging_mixin.py:151} INFO - [2023-09-27T02:33:53.407+0000] {dag.py:2937} INFO - Creating ORM DAG for example_setup_teardown
[2023-09-27T02:33:53.437+0000] {logging_mixin.py:151} INFO - [2023-09-27T02:33:53.436+0000] {dag.py:3696} INFO - Setting next_dagrun for example_setup_teardown to 2023-09-26T02:33:53.436254+00:00, run_after=2023-09-27T02:33:53.436254+00:00
[2023-09-27T02:33:53.486+0000] {processor.py:179} INFO - Processing /home/airflow/.local/lib/python3.8/site-packages/airflow/example_dags/example_setup_teardown.py took 0.513 seconds
[2023-09-27T02:34:23.601+0000] {processor.py:157} INFO - Started process (PID=134) to work on /home/airflow/.local/lib/python3.8/site-packages/airflow/example_dags/example_setup_teardown.py
[2023-09-27T02:34:23.604+0000] {processor.py:829} INFO - Processing file /home/airflow/.local/lib/python3.8/site-packages/airflow/example_dags/example_setup_teardown.py for tasks to queue
[2023-09-27T02:34:23.609+0000] {logging_mixin.py:151} INFO - [2023-09-27T02:34:23.608+0000] {dagbag.py:539} INFO - Filling up the DagBag from /home/airflow/.local/lib/python3.8/site-packages/airflow/example_dags/example_setup_teardown.py
[2023-09-27T02:34:23.619+0000] {processor.py:839} INFO - DAG(s) dict_keys(['example_setup_teardown']) retrieved from /home/airflow/.local/lib/python3.8/site-packages/airflow/example_dags/example_setup_teardown.py
[2023-09-27T02:34:23.648+0000] {logging_mixin.py:151} INFO - [2023-09-27T02:34:23.648+0000] {dag.py:2915} INFO - Sync 1 DAGs
[2023-09-27T02:34:23.684+0000] {logging_mixin.py:151} INFO - [2023-09-27T02:34:23.683+0000] {dag.py:3696} INFO - Setting next_dagrun for example_setup_teardown to 2023-09-26T02:34:23.683606+00:00, run_after=2023-09-27T02:34:23.683606+00:00
[2023-09-27T02:34:23.722+0000] {processor.py:179} INFO - Processing /home/airflow/.local/lib/python3.8/site-packages/airflow/example_dags/example_setup_teardown.py took 0.126 seconds
[2023-09-27T02:34:54.823+0000] {processor.py:157} INFO - Started process (PID=188) to work on /home/airflow/.local/lib/python3.8/site-packages/airflow/example_dags/example_setup_teardown.py
[2023-09-27T02:34:54.832+0000] {processor.py:829} INFO - Processing file /home/airflow/.local/lib/python3.8/site-packages/airflow/example_dags/example_setup_teardown.py for tasks to queue
[2023-09-27T02:34:54.840+0000] {logging_mixin.py:151} INFO - [2023-09-27T02:34:54.839+0000] {dagbag.py:539} INFO - Filling up the DagBag from /home/airflow/.local/lib/python3.8/site-packages/airflow/example_dags/example_setup_teardown.py
[2023-09-27T02:34:54.871+0000] {processor.py:839} INFO - DAG(s) dict_keys(['example_setup_teardown']) retrieved from /home/airflow/.local/lib/python3.8/site-packages/airflow/example_dags/example_setup_teardown.py
[2023-09-27T02:34:54.975+0000] {logging_mixin.py:151} INFO - [2023-09-27T02:34:54.975+0000] {dag.py:2915} INFO - Sync 1 DAGs
[2023-09-27T02:34:55.059+0000] {logging_mixin.py:151} INFO - [2023-09-27T02:34:55.059+0000] {dag.py:3696} INFO - Setting next_dagrun for example_setup_teardown to 2023-09-26T02:34:55.058290+00:00, run_after=2023-09-27T02:34:55.058290+00:00
[2023-09-27T02:34:55.121+0000] {processor.py:179} INFO - Processing /home/airflow/.local/lib/python3.8/site-packages/airflow/example_dags/example_setup_teardown.py took 0.309 seconds
[2023-09-27T02:35:25.940+0000] {processor.py:157} INFO - Started process (PID=242) to work on /home/airflow/.local/lib/python3.8/site-packages/airflow/example_dags/example_setup_teardown.py
[2023-09-27T02:35:25.946+0000] {processor.py:829} INFO - Processing file /home/airflow/.local/lib/python3.8/site-packages/airflow/example_dags/example_setup_teardown.py for tasks to queue
[2023-09-27T02:35:25.953+0000] {logging_mixin.py:151} INFO - [2023-09-27T02:35:25.952+0000] {dagbag.py:539} INFO - Filling up the DagBag from /home/airflow/.local/lib/python3.8/site-packages/airflow/example_dags/example_setup_teardown.py
[2023-09-27T02:35:25.971+0000] {processor.py:839} INFO - DAG(s) dict_keys(['example_setup_teardown']) retrieved from /home/airflow/.local/lib/python3.8/site-packages/airflow/example_dags/example_setup_teardown.py
[2023-09-27T02:35:26.021+0000] {logging_mixin.py:151} INFO - [2023-09-27T02:35:26.020+0000] {dag.py:2915} INFO - Sync 1 DAGs
[2023-09-27T02:35:26.092+0000] {logging_mixin.py:151} INFO - [2023-09-27T02:35:26.092+0000] {dag.py:3696} INFO - Setting next_dagrun for example_setup_teardown to 2023-09-26T02:35:26.091823+00:00, run_after=2023-09-27T02:35:26.091823+00:00
[2023-09-27T02:35:26.150+0000] {processor.py:179} INFO - Processing /home/airflow/.local/lib/python3.8/site-packages/airflow/example_dags/example_setup_teardown.py took 0.219 seconds
[2023-09-27T02:35:56.561+0000] {processor.py:157} INFO - Started process (PID=295) to work on /home/airflow/.local/lib/python3.8/site-packages/airflow/example_dags/example_setup_teardown.py
[2023-09-27T02:35:56.564+0000] {processor.py:829} INFO - Processing file /home/airflow/.local/lib/python3.8/site-packages/airflow/example_dags/example_setup_teardown.py for tasks to queue
[2023-09-27T02:35:56.579+0000] {logging_mixin.py:151} INFO - [2023-09-27T02:35:56.579+0000] {dagbag.py:539} INFO - Filling up the DagBag from /home/airflow/.local/lib/python3.8/site-packages/airflow/example_dags/example_setup_teardown.py
[2023-09-27T02:35:56.615+0000] {processor.py:839} INFO - DAG(s) dict_keys(['example_setup_teardown']) retrieved from /home/airflow/.local/lib/python3.8/site-packages/airflow/example_dags/example_setup_teardown.py
[2023-09-27T02:35:56.704+0000] {logging_mixin.py:151} INFO - [2023-09-27T02:35:56.703+0000] {dag.py:2915} INFO - Sync 1 DAGs
[2023-09-27T02:35:56.778+0000] {logging_mixin.py:151} INFO - [2023-09-27T02:35:56.777+0000] {dag.py:3696} INFO - Setting next_dagrun for example_setup_teardown to 2023-09-26T02:35:56.777032+00:00, run_after=2023-09-27T02:35:56.777032+00:00
[2023-09-27T02:35:56.847+0000] {processor.py:179} INFO - Processing /home/airflow/.local/lib/python3.8/site-packages/airflow/example_dags/example_setup_teardown.py took 0.351 seconds
[2023-09-27T02:36:27.711+0000] {processor.py:157} INFO - Started process (PID=349) to work on /home/airflow/.local/lib/python3.8/site-packages/airflow/example_dags/example_setup_teardown.py
[2023-09-27T02:36:27.714+0000] {processor.py:829} INFO - Processing file /home/airflow/.local/lib/python3.8/site-packages/airflow/example_dags/example_setup_teardown.py for tasks to queue
[2023-09-27T02:36:27.721+0000] {logging_mixin.py:151} INFO - [2023-09-27T02:36:27.720+0000] {dagbag.py:539} INFO - Filling up the DagBag from /home/airflow/.local/lib/python3.8/site-packages/airflow/example_dags/example_setup_teardown.py
[2023-09-27T02:36:27.736+0000] {processor.py:839} INFO - DAG(s) dict_keys(['example_setup_teardown']) retrieved from /home/airflow/.local/lib/python3.8/site-packages/airflow/example_dags/example_setup_teardown.py
[2023-09-27T02:36:27.780+0000] {logging_mixin.py:151} INFO - [2023-09-27T02:36:27.780+0000] {dag.py:2915} INFO - Sync 1 DAGs
[2023-09-27T02:36:27.822+0000] {logging_mixin.py:151} INFO - [2023-09-27T02:36:27.822+0000] {dag.py:3696} INFO - Setting next_dagrun for example_setup_teardown to 2023-09-26T02:36:27.822151+00:00, run_after=2023-09-27T02:36:27.822151+00:00
[2023-09-27T02:36:27.853+0000] {processor.py:179} INFO - Processing /home/airflow/.local/lib/python3.8/site-packages/airflow/example_dags/example_setup_teardown.py took 0.149 seconds
[2023-09-27T02:36:58.043+0000] {processor.py:157} INFO - Started process (PID=413) to work on /home/airflow/.local/lib/python3.8/site-packages/airflow/example_dags/example_setup_teardown.py
[2023-09-27T02:36:58.045+0000] {processor.py:829} INFO - Processing file /home/airflow/.local/lib/python3.8/site-packages/airflow/example_dags/example_setup_teardown.py for tasks to queue
[2023-09-27T02:36:58.053+0000] {logging_mixin.py:151} INFO - [2023-09-27T02:36:58.051+0000] {dagbag.py:539} INFO - Filling up the DagBag from /home/airflow/.local/lib/python3.8/site-packages/airflow/example_dags/example_setup_teardown.py
[2023-09-27T02:36:58.070+0000] {processor.py:839} INFO - DAG(s) dict_keys(['example_setup_teardown']) retrieved from /home/airflow/.local/lib/python3.8/site-packages/airflow/example_dags/example_setup_teardown.py
[2023-09-27T02:36:58.108+0000] {logging_mixin.py:151} INFO - [2023-09-27T02:36:58.107+0000] {dag.py:2915} INFO - Sync 1 DAGs
[2023-09-27T02:36:58.142+0000] {logging_mixin.py:151} INFO - [2023-09-27T02:36:58.141+0000] {dag.py:3696} INFO - Setting next_dagrun for example_setup_teardown to 2023-09-26T02:36:58.141659+00:00, run_after=2023-09-27T02:36:58.141659+00:00
[2023-09-27T02:36:58.171+0000] {processor.py:179} INFO - Processing /home/airflow/.local/lib/python3.8/site-packages/airflow/example_dags/example_setup_teardown.py took 0.137 seconds
[2023-09-27T02:37:28.595+0000] {processor.py:157} INFO - Started process (PID=467) to work on /home/airflow/.local/lib/python3.8/site-packages/airflow/example_dags/example_setup_teardown.py
[2023-09-27T02:37:28.597+0000] {processor.py:829} INFO - Processing file /home/airflow/.local/lib/python3.8/site-packages/airflow/example_dags/example_setup_teardown.py for tasks to queue
[2023-09-27T02:37:28.606+0000] {logging_mixin.py:151} INFO - [2023-09-27T02:37:28.605+0000] {dagbag.py:539} INFO - Filling up the DagBag from /home/airflow/.local/lib/python3.8/site-packages/airflow/example_dags/example_setup_teardown.py
[2023-09-27T02:37:28.621+0000] {processor.py:839} INFO - DAG(s) dict_keys(['example_setup_teardown']) retrieved from /home/airflow/.local/lib/python3.8/site-packages/airflow/example_dags/example_setup_teardown.py
[2023-09-27T02:37:28.677+0000] {logging_mixin.py:151} INFO - [2023-09-27T02:37:28.677+0000] {dag.py:2915} INFO - Sync 1 DAGs
[2023-09-27T02:37:28.730+0000] {logging_mixin.py:151} INFO - [2023-09-27T02:37:28.729+0000] {dag.py:3696} INFO - Setting next_dagrun for example_setup_teardown to 2023-09-26T02:37:28.729509+00:00, run_after=2023-09-27T02:37:28.729509+00:00
[2023-09-27T02:37:28.767+0000] {processor.py:179} INFO - Processing /home/airflow/.local/lib/python3.8/site-packages/airflow/example_dags/example_setup_teardown.py took 0.180 seconds
[2023-09-27T02:37:58.913+0000] {processor.py:157} INFO - Started process (PID=521) to work on /home/airflow/.local/lib/python3.8/site-packages/airflow/example_dags/example_setup_teardown.py
[2023-09-27T02:37:58.914+0000] {processor.py:829} INFO - Processing file /home/airflow/.local/lib/python3.8/site-packages/airflow/example_dags/example_setup_teardown.py for tasks to queue
[2023-09-27T02:37:58.919+0000] {logging_mixin.py:151} INFO - [2023-09-27T02:37:58.918+0000] {dagbag.py:539} INFO - Filling up the DagBag from /home/airflow/.local/lib/python3.8/site-packages/airflow/example_dags/example_setup_teardown.py
[2023-09-27T02:37:58.931+0000] {processor.py:839} INFO - DAG(s) dict_keys(['example_setup_teardown']) retrieved from /home/airflow/.local/lib/python3.8/site-packages/airflow/example_dags/example_setup_teardown.py
[2023-09-27T02:37:58.966+0000] {logging_mixin.py:151} INFO - [2023-09-27T02:37:58.966+0000] {dag.py:2915} INFO - Sync 1 DAGs
[2023-09-27T02:37:58.998+0000] {logging_mixin.py:151} INFO - [2023-09-27T02:37:58.998+0000] {dag.py:3696} INFO - Setting next_dagrun for example_setup_teardown to 2023-09-26T02:37:58.998426+00:00, run_after=2023-09-27T02:37:58.998426+00:00
[2023-09-27T02:37:59.027+0000] {processor.py:179} INFO - Processing /home/airflow/.local/lib/python3.8/site-packages/airflow/example_dags/example_setup_teardown.py took 0.120 seconds
[2023-09-27T02:38:29.831+0000] {processor.py:157} INFO - Started process (PID=575) to work on /home/airflow/.local/lib/python3.8/site-packages/airflow/example_dags/example_setup_teardown.py
[2023-09-27T02:38:29.834+0000] {processor.py:829} INFO - Processing file /home/airflow/.local/lib/python3.8/site-packages/airflow/example_dags/example_setup_teardown.py for tasks to queue
[2023-09-27T02:38:29.842+0000] {logging_mixin.py:151} INFO - [2023-09-27T02:38:29.841+0000] {dagbag.py:539} INFO - Filling up the DagBag from /home/airflow/.local/lib/python3.8/site-packages/airflow/example_dags/example_setup_teardown.py
[2023-09-27T02:38:29.858+0000] {processor.py:839} INFO - DAG(s) dict_keys(['example_setup_teardown']) retrieved from /home/airflow/.local/lib/python3.8/site-packages/airflow/example_dags/example_setup_teardown.py
[2023-09-27T02:38:29.893+0000] {logging_mixin.py:151} INFO - [2023-09-27T02:38:29.893+0000] {dag.py:2915} INFO - Sync 1 DAGs
[2023-09-27T02:38:29.951+0000] {logging_mixin.py:151} INFO - [2023-09-27T02:38:29.950+0000] {dag.py:3696} INFO - Setting next_dagrun for example_setup_teardown to 2023-09-26T02:38:29.950144+00:00, run_after=2023-09-27T02:38:29.950144+00:00
[2023-09-27T02:38:30.011+0000] {processor.py:179} INFO - Processing /home/airflow/.local/lib/python3.8/site-packages/airflow/example_dags/example_setup_teardown.py took 0.190 seconds
