[2023-09-27T02:33:58.819+0000] {processor.py:157} INFO - Started process (PID=94) to work on /home/airflow/.local/lib/python3.8/site-packages/airflow/example_dags/example_short_circuit_decorator.py
[2023-09-27T02:33:58.823+0000] {processor.py:829} INFO - Processing file /home/airflow/.local/lib/python3.8/site-packages/airflow/example_dags/example_short_circuit_decorator.py for tasks to queue
[2023-09-27T02:33:58.830+0000] {logging_mixin.py:151} INFO - [2023-09-27T02:33:58.829+0000] {dagbag.py:539} INFO - Filling up the DagBag from /home/airflow/.local/lib/python3.8/site-packages/airflow/example_dags/example_short_circuit_decorator.py
[2023-09-27T02:33:58.862+0000] {processor.py:839} INFO - DAG(s) dict_keys(['example_short_circuit_decorator']) retrieved from /home/airflow/.local/lib/python3.8/site-packages/airflow/example_dags/example_short_circuit_decorator.py
[2023-09-27T02:33:59.168+0000] {logging_mixin.py:151} INFO - [2023-09-27T02:33:59.168+0000] {manager.py:499} INFO - Created Permission View: %s
[2023-09-27T02:33:59.199+0000] {logging_mixin.py:151} INFO - [2023-09-27T02:33:59.198+0000] {manager.py:499} INFO - Created Permission View: %s
[2023-09-27T02:33:59.218+0000] {logging_mixin.py:151} INFO - [2023-09-27T02:33:59.218+0000] {manager.py:499} INFO - Created Permission View: %s
[2023-09-27T02:33:59.220+0000] {logging_mixin.py:151} INFO - [2023-09-27T02:33:59.219+0000] {security.py:708} INFO - Not syncing DAG-level permissions for DAG 'DAG:example_short_circuit_decorator' as access control is unset.
[2023-09-27T02:33:59.221+0000] {logging_mixin.py:151} INFO - [2023-09-27T02:33:59.221+0000] {dag.py:2915} INFO - Sync 1 DAGs
[2023-09-27T02:33:59.257+0000] {logging_mixin.py:151} INFO - [2023-09-27T02:33:59.257+0000] {dag.py:2937} INFO - Creating ORM DAG for example_short_circuit_decorator
[2023-09-27T02:33:59.289+0000] {logging_mixin.py:151} INFO - [2023-09-27T02:33:59.289+0000] {dag.py:3696} INFO - Setting next_dagrun for example_short_circuit_decorator to 2023-09-26T02:33:59.288412+00:00, run_after=2023-09-27T02:33:59.288412+00:00
[2023-09-27T02:33:59.347+0000] {processor.py:179} INFO - Processing /home/airflow/.local/lib/python3.8/site-packages/airflow/example_dags/example_short_circuit_decorator.py took 0.538 seconds
[2023-09-27T02:34:29.679+0000] {processor.py:157} INFO - Started process (PID=148) to work on /home/airflow/.local/lib/python3.8/site-packages/airflow/example_dags/example_short_circuit_decorator.py
[2023-09-27T02:34:29.681+0000] {processor.py:829} INFO - Processing file /home/airflow/.local/lib/python3.8/site-packages/airflow/example_dags/example_short_circuit_decorator.py for tasks to queue
[2023-09-27T02:34:29.684+0000] {logging_mixin.py:151} INFO - [2023-09-27T02:34:29.684+0000] {dagbag.py:539} INFO - Filling up the DagBag from /home/airflow/.local/lib/python3.8/site-packages/airflow/example_dags/example_short_circuit_decorator.py
[2023-09-27T02:34:29.698+0000] {processor.py:839} INFO - DAG(s) dict_keys(['example_short_circuit_decorator']) retrieved from /home/airflow/.local/lib/python3.8/site-packages/airflow/example_dags/example_short_circuit_decorator.py
[2023-09-27T02:34:29.728+0000] {logging_mixin.py:151} INFO - [2023-09-27T02:34:29.727+0000] {dag.py:2915} INFO - Sync 1 DAGs
[2023-09-27T02:34:29.759+0000] {logging_mixin.py:151} INFO - [2023-09-27T02:34:29.759+0000] {dag.py:3696} INFO - Setting next_dagrun for example_short_circuit_decorator to 2023-09-26T02:34:29.758752+00:00, run_after=2023-09-27T02:34:29.758752+00:00
[2023-09-27T02:34:29.789+0000] {processor.py:179} INFO - Processing /home/airflow/.local/lib/python3.8/site-packages/airflow/example_dags/example_short_circuit_decorator.py took 0.115 seconds
[2023-09-27T02:35:00.541+0000] {processor.py:157} INFO - Started process (PID=202) to work on /home/airflow/.local/lib/python3.8/site-packages/airflow/example_dags/example_short_circuit_decorator.py
[2023-09-27T02:35:00.544+0000] {processor.py:829} INFO - Processing file /home/airflow/.local/lib/python3.8/site-packages/airflow/example_dags/example_short_circuit_decorator.py for tasks to queue
[2023-09-27T02:35:00.549+0000] {logging_mixin.py:151} INFO - [2023-09-27T02:35:00.548+0000] {dagbag.py:539} INFO - Filling up the DagBag from /home/airflow/.local/lib/python3.8/site-packages/airflow/example_dags/example_short_circuit_decorator.py
[2023-09-27T02:35:00.570+0000] {processor.py:839} INFO - DAG(s) dict_keys(['example_short_circuit_decorator']) retrieved from /home/airflow/.local/lib/python3.8/site-packages/airflow/example_dags/example_short_circuit_decorator.py
[2023-09-27T02:35:00.617+0000] {logging_mixin.py:151} INFO - [2023-09-27T02:35:00.616+0000] {dag.py:2915} INFO - Sync 1 DAGs
[2023-09-27T02:35:00.663+0000] {logging_mixin.py:151} INFO - [2023-09-27T02:35:00.662+0000] {dag.py:3696} INFO - Setting next_dagrun for example_short_circuit_decorator to 2023-09-26T02:35:00.662367+00:00, run_after=2023-09-27T02:35:00.662367+00:00
[2023-09-27T02:35:00.709+0000] {processor.py:179} INFO - Processing /home/airflow/.local/lib/python3.8/site-packages/airflow/example_dags/example_short_circuit_decorator.py took 0.174 seconds
[2023-09-27T02:35:30.897+0000] {processor.py:157} INFO - Started process (PID=256) to work on /home/airflow/.local/lib/python3.8/site-packages/airflow/example_dags/example_short_circuit_decorator.py
[2023-09-27T02:35:30.905+0000] {processor.py:829} INFO - Processing file /home/airflow/.local/lib/python3.8/site-packages/airflow/example_dags/example_short_circuit_decorator.py for tasks to queue
[2023-09-27T02:35:30.923+0000] {logging_mixin.py:151} INFO - [2023-09-27T02:35:30.921+0000] {dagbag.py:539} INFO - Filling up the DagBag from /home/airflow/.local/lib/python3.8/site-packages/airflow/example_dags/example_short_circuit_decorator.py
[2023-09-27T02:35:30.960+0000] {processor.py:839} INFO - DAG(s) dict_keys(['example_short_circuit_decorator']) retrieved from /home/airflow/.local/lib/python3.8/site-packages/airflow/example_dags/example_short_circuit_decorator.py
[2023-09-27T02:35:31.005+0000] {logging_mixin.py:151} INFO - [2023-09-27T02:35:31.004+0000] {dag.py:2915} INFO - Sync 1 DAGs
[2023-09-27T02:35:31.058+0000] {logging_mixin.py:151} INFO - [2023-09-27T02:35:31.057+0000] {dag.py:3696} INFO - Setting next_dagrun for example_short_circuit_decorator to 2023-09-26T02:35:31.057432+00:00, run_after=2023-09-27T02:35:31.057432+00:00
[2023-09-27T02:35:31.097+0000] {processor.py:179} INFO - Processing /home/airflow/.local/lib/python3.8/site-packages/airflow/example_dags/example_short_circuit_decorator.py took 0.219 seconds
[2023-09-27T02:36:01.295+0000] {processor.py:157} INFO - Started process (PID=310) to work on /home/airflow/.local/lib/python3.8/site-packages/airflow/example_dags/example_short_circuit_decorator.py
[2023-09-27T02:36:01.297+0000] {processor.py:829} INFO - Processing file /home/airflow/.local/lib/python3.8/site-packages/airflow/example_dags/example_short_circuit_decorator.py for tasks to queue
[2023-09-27T02:36:01.301+0000] {logging_mixin.py:151} INFO - [2023-09-27T02:36:01.300+0000] {dagbag.py:539} INFO - Filling up the DagBag from /home/airflow/.local/lib/python3.8/site-packages/airflow/example_dags/example_short_circuit_decorator.py
[2023-09-27T02:36:01.322+0000] {processor.py:839} INFO - DAG(s) dict_keys(['example_short_circuit_decorator']) retrieved from /home/airflow/.local/lib/python3.8/site-packages/airflow/example_dags/example_short_circuit_decorator.py
[2023-09-27T02:36:01.367+0000] {logging_mixin.py:151} INFO - [2023-09-27T02:36:01.367+0000] {dag.py:2915} INFO - Sync 1 DAGs
[2023-09-27T02:36:01.405+0000] {logging_mixin.py:151} INFO - [2023-09-27T02:36:01.404+0000] {dag.py:3696} INFO - Setting next_dagrun for example_short_circuit_decorator to 2023-09-26T02:36:01.404356+00:00, run_after=2023-09-27T02:36:01.404356+00:00
[2023-09-27T02:36:01.436+0000] {processor.py:179} INFO - Processing /home/airflow/.local/lib/python3.8/site-packages/airflow/example_dags/example_short_circuit_decorator.py took 0.147 seconds
[2023-09-27T02:36:34.311+0000] {processor.py:157} INFO - Started process (PID=368) to work on /home/airflow/.local/lib/python3.8/site-packages/airflow/example_dags/example_short_circuit_decorator.py
[2023-09-27T02:36:34.323+0000] {processor.py:829} INFO - Processing file /home/airflow/.local/lib/python3.8/site-packages/airflow/example_dags/example_short_circuit_decorator.py for tasks to queue
[2023-09-27T02:36:34.394+0000] {logging_mixin.py:151} INFO - [2023-09-27T02:36:34.386+0000] {dagbag.py:539} INFO - Filling up the DagBag from /home/airflow/.local/lib/python3.8/site-packages/airflow/example_dags/example_short_circuit_decorator.py
[2023-09-27T02:36:34.488+0000] {processor.py:839} INFO - DAG(s) dict_keys(['example_short_circuit_decorator']) retrieved from /home/airflow/.local/lib/python3.8/site-packages/airflow/example_dags/example_short_circuit_decorator.py
[2023-09-27T02:36:34.720+0000] {logging_mixin.py:151} INFO - [2023-09-27T02:36:34.719+0000] {dag.py:2915} INFO - Sync 1 DAGs
[2023-09-27T02:36:34.999+0000] {logging_mixin.py:151} INFO - [2023-09-27T02:36:34.999+0000] {dag.py:3696} INFO - Setting next_dagrun for example_short_circuit_decorator to 2023-09-26T02:36:34.998362+00:00, run_after=2023-09-27T02:36:34.998362+00:00
[2023-09-27T02:36:35.198+0000] {processor.py:179} INFO - Processing /home/airflow/.local/lib/python3.8/site-packages/airflow/example_dags/example_short_circuit_decorator.py took 0.907 seconds
[2023-09-27T02:37:05.780+0000] {processor.py:157} INFO - Started process (PID=429) to work on /home/airflow/.local/lib/python3.8/site-packages/airflow/example_dags/example_short_circuit_decorator.py
[2023-09-27T02:37:05.782+0000] {processor.py:829} INFO - Processing file /home/airflow/.local/lib/python3.8/site-packages/airflow/example_dags/example_short_circuit_decorator.py for tasks to queue
[2023-09-27T02:37:05.786+0000] {logging_mixin.py:151} INFO - [2023-09-27T02:37:05.786+0000] {dagbag.py:539} INFO - Filling up the DagBag from /home/airflow/.local/lib/python3.8/site-packages/airflow/example_dags/example_short_circuit_decorator.py
[2023-09-27T02:37:05.799+0000] {processor.py:839} INFO - DAG(s) dict_keys(['example_short_circuit_decorator']) retrieved from /home/airflow/.local/lib/python3.8/site-packages/airflow/example_dags/example_short_circuit_decorator.py
[2023-09-27T02:37:05.831+0000] {logging_mixin.py:151} INFO - [2023-09-27T02:37:05.831+0000] {dag.py:2915} INFO - Sync 1 DAGs
[2023-09-27T02:37:05.862+0000] {logging_mixin.py:151} INFO - [2023-09-27T02:37:05.862+0000] {dag.py:3696} INFO - Setting next_dagrun for example_short_circuit_decorator to 2023-09-26T02:37:05.861689+00:00, run_after=2023-09-27T02:37:05.861689+00:00
[2023-09-27T02:37:05.890+0000] {processor.py:179} INFO - Processing /home/airflow/.local/lib/python3.8/site-packages/airflow/example_dags/example_short_circuit_decorator.py took 0.115 seconds
[2023-09-27T02:37:36.502+0000] {processor.py:157} INFO - Started process (PID=483) to work on /home/airflow/.local/lib/python3.8/site-packages/airflow/example_dags/example_short_circuit_decorator.py
[2023-09-27T02:37:36.504+0000] {processor.py:829} INFO - Processing file /home/airflow/.local/lib/python3.8/site-packages/airflow/example_dags/example_short_circuit_decorator.py for tasks to queue
[2023-09-27T02:37:36.509+0000] {logging_mixin.py:151} INFO - [2023-09-27T02:37:36.508+0000] {dagbag.py:539} INFO - Filling up the DagBag from /home/airflow/.local/lib/python3.8/site-packages/airflow/example_dags/example_short_circuit_decorator.py
[2023-09-27T02:37:36.529+0000] {processor.py:839} INFO - DAG(s) dict_keys(['example_short_circuit_decorator']) retrieved from /home/airflow/.local/lib/python3.8/site-packages/airflow/example_dags/example_short_circuit_decorator.py
[2023-09-27T02:37:36.572+0000] {logging_mixin.py:151} INFO - [2023-09-27T02:37:36.571+0000] {dag.py:2915} INFO - Sync 1 DAGs
[2023-09-27T02:37:36.613+0000] {logging_mixin.py:151} INFO - [2023-09-27T02:37:36.613+0000] {dag.py:3696} INFO - Setting next_dagrun for example_short_circuit_decorator to 2023-09-26T02:37:36.612520+00:00, run_after=2023-09-27T02:37:36.612520+00:00
[2023-09-27T02:37:36.648+0000] {processor.py:179} INFO - Processing /home/airflow/.local/lib/python3.8/site-packages/airflow/example_dags/example_short_circuit_decorator.py took 0.152 seconds
[2023-09-27T02:38:07.533+0000] {processor.py:157} INFO - Started process (PID=537) to work on /home/airflow/.local/lib/python3.8/site-packages/airflow/example_dags/example_short_circuit_decorator.py
[2023-09-27T02:38:07.535+0000] {processor.py:829} INFO - Processing file /home/airflow/.local/lib/python3.8/site-packages/airflow/example_dags/example_short_circuit_decorator.py for tasks to queue
[2023-09-27T02:38:07.539+0000] {logging_mixin.py:151} INFO - [2023-09-27T02:38:07.538+0000] {dagbag.py:539} INFO - Filling up the DagBag from /home/airflow/.local/lib/python3.8/site-packages/airflow/example_dags/example_short_circuit_decorator.py
[2023-09-27T02:38:07.552+0000] {processor.py:839} INFO - DAG(s) dict_keys(['example_short_circuit_decorator']) retrieved from /home/airflow/.local/lib/python3.8/site-packages/airflow/example_dags/example_short_circuit_decorator.py
[2023-09-27T02:38:07.585+0000] {logging_mixin.py:151} INFO - [2023-09-27T02:38:07.584+0000] {dag.py:2915} INFO - Sync 1 DAGs
[2023-09-27T02:38:07.614+0000] {logging_mixin.py:151} INFO - [2023-09-27T02:38:07.614+0000] {dag.py:3696} INFO - Setting next_dagrun for example_short_circuit_decorator to 2023-09-26T02:38:07.614002+00:00, run_after=2023-09-27T02:38:07.614002+00:00
[2023-09-27T02:38:07.641+0000] {processor.py:179} INFO - Processing /home/airflow/.local/lib/python3.8/site-packages/airflow/example_dags/example_short_circuit_decorator.py took 0.112 seconds
[2023-09-27T02:38:38.367+0000] {processor.py:157} INFO - Started process (PID=591) to work on /home/airflow/.local/lib/python3.8/site-packages/airflow/example_dags/example_short_circuit_decorator.py
[2023-09-27T02:38:38.369+0000] {processor.py:829} INFO - Processing file /home/airflow/.local/lib/python3.8/site-packages/airflow/example_dags/example_short_circuit_decorator.py for tasks to queue
[2023-09-27T02:38:38.375+0000] {logging_mixin.py:151} INFO - [2023-09-27T02:38:38.375+0000] {dagbag.py:539} INFO - Filling up the DagBag from /home/airflow/.local/lib/python3.8/site-packages/airflow/example_dags/example_short_circuit_decorator.py
[2023-09-27T02:38:38.389+0000] {processor.py:839} INFO - DAG(s) dict_keys(['example_short_circuit_decorator']) retrieved from /home/airflow/.local/lib/python3.8/site-packages/airflow/example_dags/example_short_circuit_decorator.py
[2023-09-27T02:38:38.415+0000] {logging_mixin.py:151} INFO - [2023-09-27T02:38:38.415+0000] {dag.py:2915} INFO - Sync 1 DAGs
[2023-09-27T02:38:38.441+0000] {logging_mixin.py:151} INFO - [2023-09-27T02:38:38.441+0000] {dag.py:3696} INFO - Setting next_dagrun for example_short_circuit_decorator to 2023-09-26T02:38:38.441124+00:00, run_after=2023-09-27T02:38:38.441124+00:00
[2023-09-27T02:38:38.467+0000] {processor.py:179} INFO - Processing /home/airflow/.local/lib/python3.8/site-packages/airflow/example_dags/example_short_circuit_decorator.py took 0.104 seconds
