[2023-09-27T02:33:37.846+0000] {processor.py:157} INFO - Started process (PID=54) to work on /home/airflow/.local/lib/python3.8/site-packages/airflow/example_dags/example_sensors.py
[2023-09-27T02:33:37.849+0000] {processor.py:829} INFO - Processing file /home/airflow/.local/lib/python3.8/site-packages/airflow/example_dags/example_sensors.py for tasks to queue
[2023-09-27T02:33:37.857+0000] {logging_mixin.py:151} INFO - [2023-09-27T02:33:37.856+0000] {dagbag.py:539} INFO - Filling up the DagBag from /home/airflow/.local/lib/python3.8/site-packages/airflow/example_dags/example_sensors.py
[2023-09-27T02:33:37.910+0000] {processor.py:839} INFO - DAG(s) dict_keys(['example_sensors']) retrieved from /home/airflow/.local/lib/python3.8/site-packages/airflow/example_dags/example_sensors.py
[2023-09-27T02:33:38.578+0000] {logging_mixin.py:151} INFO - [2023-09-27T02:33:38.578+0000] {manager.py:499} INFO - Created Permission View: %s
[2023-09-27T02:33:38.613+0000] {logging_mixin.py:151} INFO - [2023-09-27T02:33:38.612+0000] {manager.py:499} INFO - Created Permission View: %s
[2023-09-27T02:33:38.637+0000] {logging_mixin.py:151} INFO - [2023-09-27T02:33:38.636+0000] {manager.py:499} INFO - Created Permission View: %s
[2023-09-27T02:33:38.639+0000] {logging_mixin.py:151} INFO - [2023-09-27T02:33:38.638+0000] {security.py:708} INFO - Not syncing DAG-level permissions for DAG 'DAG:example_sensors' as access control is unset.
[2023-09-27T02:33:38.640+0000] {logging_mixin.py:151} INFO - [2023-09-27T02:33:38.640+0000] {dag.py:2915} INFO - Sync 1 DAGs
[2023-09-27T02:33:38.699+0000] {logging_mixin.py:151} INFO - [2023-09-27T02:33:38.699+0000] {dag.py:2937} INFO - Creating ORM DAG for example_sensors
[2023-09-27T02:33:38.702+0000] {logging_mixin.py:151} INFO - [2023-09-27T02:33:38.702+0000] {dag.py:3696} INFO - Setting next_dagrun for example_sensors to None, run_after=None
[2023-09-27T02:33:38.766+0000] {processor.py:179} INFO - Processing /home/airflow/.local/lib/python3.8/site-packages/airflow/example_dags/example_sensors.py took 0.941 seconds
[2023-09-27T02:34:08.991+0000] {processor.py:157} INFO - Started process (PID=106) to work on /home/airflow/.local/lib/python3.8/site-packages/airflow/example_dags/example_sensors.py
[2023-09-27T02:34:09.002+0000] {processor.py:829} INFO - Processing file /home/airflow/.local/lib/python3.8/site-packages/airflow/example_dags/example_sensors.py for tasks to queue
[2023-09-27T02:34:09.009+0000] {logging_mixin.py:151} INFO - [2023-09-27T02:34:09.008+0000] {dagbag.py:539} INFO - Filling up the DagBag from /home/airflow/.local/lib/python3.8/site-packages/airflow/example_dags/example_sensors.py
[2023-09-27T02:34:09.045+0000] {processor.py:839} INFO - DAG(s) dict_keys(['example_sensors']) retrieved from /home/airflow/.local/lib/python3.8/site-packages/airflow/example_dags/example_sensors.py
[2023-09-27T02:34:09.179+0000] {logging_mixin.py:151} INFO - [2023-09-27T02:34:09.178+0000] {dag.py:2915} INFO - Sync 1 DAGs
[2023-09-27T02:34:09.277+0000] {logging_mixin.py:151} INFO - [2023-09-27T02:34:09.276+0000] {dag.py:3696} INFO - Setting next_dagrun for example_sensors to None, run_after=None
[2023-09-27T02:34:09.403+0000] {processor.py:179} INFO - Processing /home/airflow/.local/lib/python3.8/site-packages/airflow/example_dags/example_sensors.py took 0.422 seconds
[2023-09-27T02:34:40.171+0000] {processor.py:157} INFO - Started process (PID=160) to work on /home/airflow/.local/lib/python3.8/site-packages/airflow/example_dags/example_sensors.py
[2023-09-27T02:34:40.176+0000] {processor.py:829} INFO - Processing file /home/airflow/.local/lib/python3.8/site-packages/airflow/example_dags/example_sensors.py for tasks to queue
[2023-09-27T02:34:40.181+0000] {logging_mixin.py:151} INFO - [2023-09-27T02:34:40.181+0000] {dagbag.py:539} INFO - Filling up the DagBag from /home/airflow/.local/lib/python3.8/site-packages/airflow/example_dags/example_sensors.py
[2023-09-27T02:34:40.199+0000] {processor.py:839} INFO - DAG(s) dict_keys(['example_sensors']) retrieved from /home/airflow/.local/lib/python3.8/site-packages/airflow/example_dags/example_sensors.py
[2023-09-27T02:34:40.249+0000] {logging_mixin.py:151} INFO - [2023-09-27T02:34:40.249+0000] {dag.py:2915} INFO - Sync 1 DAGs
[2023-09-27T02:34:40.273+0000] {logging_mixin.py:151} INFO - [2023-09-27T02:34:40.273+0000] {dag.py:3696} INFO - Setting next_dagrun for example_sensors to None, run_after=None
[2023-09-27T02:34:40.311+0000] {processor.py:179} INFO - Processing /home/airflow/.local/lib/python3.8/site-packages/airflow/example_dags/example_sensors.py took 0.148 seconds
[2023-09-27T02:35:10.554+0000] {processor.py:157} INFO - Started process (PID=214) to work on /home/airflow/.local/lib/python3.8/site-packages/airflow/example_dags/example_sensors.py
[2023-09-27T02:35:10.561+0000] {processor.py:829} INFO - Processing file /home/airflow/.local/lib/python3.8/site-packages/airflow/example_dags/example_sensors.py for tasks to queue
[2023-09-27T02:35:10.568+0000] {logging_mixin.py:151} INFO - [2023-09-27T02:35:10.567+0000] {dagbag.py:539} INFO - Filling up the DagBag from /home/airflow/.local/lib/python3.8/site-packages/airflow/example_dags/example_sensors.py
[2023-09-27T02:35:10.588+0000] {processor.py:839} INFO - DAG(s) dict_keys(['example_sensors']) retrieved from /home/airflow/.local/lib/python3.8/site-packages/airflow/example_dags/example_sensors.py
[2023-09-27T02:35:10.626+0000] {logging_mixin.py:151} INFO - [2023-09-27T02:35:10.626+0000] {dag.py:2915} INFO - Sync 1 DAGs
[2023-09-27T02:35:10.645+0000] {logging_mixin.py:151} INFO - [2023-09-27T02:35:10.645+0000] {dag.py:3696} INFO - Setting next_dagrun for example_sensors to None, run_after=None
[2023-09-27T02:35:10.695+0000] {processor.py:179} INFO - Processing /home/airflow/.local/lib/python3.8/site-packages/airflow/example_dags/example_sensors.py took 0.148 seconds
[2023-09-27T02:35:40.925+0000] {processor.py:157} INFO - Started process (PID=268) to work on /home/airflow/.local/lib/python3.8/site-packages/airflow/example_dags/example_sensors.py
[2023-09-27T02:35:40.933+0000] {processor.py:829} INFO - Processing file /home/airflow/.local/lib/python3.8/site-packages/airflow/example_dags/example_sensors.py for tasks to queue
[2023-09-27T02:35:40.938+0000] {logging_mixin.py:151} INFO - [2023-09-27T02:35:40.938+0000] {dagbag.py:539} INFO - Filling up the DagBag from /home/airflow/.local/lib/python3.8/site-packages/airflow/example_dags/example_sensors.py
[2023-09-27T02:35:40.959+0000] {processor.py:839} INFO - DAG(s) dict_keys(['example_sensors']) retrieved from /home/airflow/.local/lib/python3.8/site-packages/airflow/example_dags/example_sensors.py
[2023-09-27T02:35:40.998+0000] {logging_mixin.py:151} INFO - [2023-09-27T02:35:40.997+0000] {dag.py:2915} INFO - Sync 1 DAGs
[2023-09-27T02:35:41.014+0000] {logging_mixin.py:151} INFO - [2023-09-27T02:35:41.014+0000] {dag.py:3696} INFO - Setting next_dagrun for example_sensors to None, run_after=None
[2023-09-27T02:35:41.044+0000] {processor.py:179} INFO - Processing /home/airflow/.local/lib/python3.8/site-packages/airflow/example_dags/example_sensors.py took 0.125 seconds
[2023-09-27T02:36:11.621+0000] {processor.py:157} INFO - Started process (PID=322) to work on /home/airflow/.local/lib/python3.8/site-packages/airflow/example_dags/example_sensors.py
[2023-09-27T02:36:11.624+0000] {processor.py:829} INFO - Processing file /home/airflow/.local/lib/python3.8/site-packages/airflow/example_dags/example_sensors.py for tasks to queue
[2023-09-27T02:36:11.629+0000] {logging_mixin.py:151} INFO - [2023-09-27T02:36:11.628+0000] {dagbag.py:539} INFO - Filling up the DagBag from /home/airflow/.local/lib/python3.8/site-packages/airflow/example_dags/example_sensors.py
[2023-09-27T02:36:11.651+0000] {processor.py:839} INFO - DAG(s) dict_keys(['example_sensors']) retrieved from /home/airflow/.local/lib/python3.8/site-packages/airflow/example_dags/example_sensors.py
[2023-09-27T02:36:11.707+0000] {logging_mixin.py:151} INFO - [2023-09-27T02:36:11.706+0000] {dag.py:2915} INFO - Sync 1 DAGs
[2023-09-27T02:36:11.740+0000] {logging_mixin.py:151} INFO - [2023-09-27T02:36:11.739+0000] {dag.py:3696} INFO - Setting next_dagrun for example_sensors to None, run_after=None
[2023-09-27T02:36:11.791+0000] {processor.py:179} INFO - Processing /home/airflow/.local/lib/python3.8/site-packages/airflow/example_dags/example_sensors.py took 0.176 seconds
[2023-09-27T02:36:42.694+0000] {processor.py:157} INFO - Started process (PID=380) to work on /home/airflow/.local/lib/python3.8/site-packages/airflow/example_dags/example_sensors.py
[2023-09-27T02:36:42.697+0000] {processor.py:829} INFO - Processing file /home/airflow/.local/lib/python3.8/site-packages/airflow/example_dags/example_sensors.py for tasks to queue
[2023-09-27T02:36:42.705+0000] {logging_mixin.py:151} INFO - [2023-09-27T02:36:42.704+0000] {dagbag.py:539} INFO - Filling up the DagBag from /home/airflow/.local/lib/python3.8/site-packages/airflow/example_dags/example_sensors.py
[2023-09-27T02:36:42.729+0000] {processor.py:839} INFO - DAG(s) dict_keys(['example_sensors']) retrieved from /home/airflow/.local/lib/python3.8/site-packages/airflow/example_dags/example_sensors.py
[2023-09-27T02:36:42.796+0000] {logging_mixin.py:151} INFO - [2023-09-27T02:36:42.795+0000] {dag.py:2915} INFO - Sync 1 DAGs
[2023-09-27T02:36:42.838+0000] {logging_mixin.py:151} INFO - [2023-09-27T02:36:42.834+0000] {dag.py:3696} INFO - Setting next_dagrun for example_sensors to None, run_after=None
[2023-09-27T02:36:42.903+0000] {processor.py:179} INFO - Processing /home/airflow/.local/lib/python3.8/site-packages/airflow/example_dags/example_sensors.py took 0.217 seconds
[2023-09-27T02:37:13.441+0000] {processor.py:157} INFO - Started process (PID=440) to work on /home/airflow/.local/lib/python3.8/site-packages/airflow/example_dags/example_sensors.py
[2023-09-27T02:37:13.444+0000] {processor.py:829} INFO - Processing file /home/airflow/.local/lib/python3.8/site-packages/airflow/example_dags/example_sensors.py for tasks to queue
[2023-09-27T02:37:13.459+0000] {logging_mixin.py:151} INFO - [2023-09-27T02:37:13.458+0000] {dagbag.py:539} INFO - Filling up the DagBag from /home/airflow/.local/lib/python3.8/site-packages/airflow/example_dags/example_sensors.py
[2023-09-27T02:37:13.493+0000] {processor.py:839} INFO - DAG(s) dict_keys(['example_sensors']) retrieved from /home/airflow/.local/lib/python3.8/site-packages/airflow/example_dags/example_sensors.py
[2023-09-27T02:37:13.614+0000] {logging_mixin.py:151} INFO - [2023-09-27T02:37:13.614+0000] {dag.py:2915} INFO - Sync 1 DAGs
[2023-09-27T02:37:13.694+0000] {logging_mixin.py:151} INFO - [2023-09-27T02:37:13.693+0000] {dag.py:3696} INFO - Setting next_dagrun for example_sensors to None, run_after=None
[2023-09-27T02:37:13.823+0000] {processor.py:179} INFO - Processing /home/airflow/.local/lib/python3.8/site-packages/airflow/example_dags/example_sensors.py took 0.399 seconds
[2023-09-27T02:37:44.333+0000] {processor.py:157} INFO - Started process (PID=492) to work on /home/airflow/.local/lib/python3.8/site-packages/airflow/example_dags/example_sensors.py
[2023-09-27T02:37:44.337+0000] {processor.py:829} INFO - Processing file /home/airflow/.local/lib/python3.8/site-packages/airflow/example_dags/example_sensors.py for tasks to queue
[2023-09-27T02:37:44.342+0000] {logging_mixin.py:151} INFO - [2023-09-27T02:37:44.341+0000] {dagbag.py:539} INFO - Filling up the DagBag from /home/airflow/.local/lib/python3.8/site-packages/airflow/example_dags/example_sensors.py
[2023-09-27T02:37:44.357+0000] {processor.py:839} INFO - DAG(s) dict_keys(['example_sensors']) retrieved from /home/airflow/.local/lib/python3.8/site-packages/airflow/example_dags/example_sensors.py
[2023-09-27T02:37:44.396+0000] {logging_mixin.py:151} INFO - [2023-09-27T02:37:44.395+0000] {dag.py:2915} INFO - Sync 1 DAGs
[2023-09-27T02:37:44.415+0000] {logging_mixin.py:151} INFO - [2023-09-27T02:37:44.415+0000] {dag.py:3696} INFO - Setting next_dagrun for example_sensors to None, run_after=None
[2023-09-27T02:37:44.441+0000] {processor.py:179} INFO - Processing /home/airflow/.local/lib/python3.8/site-packages/airflow/example_dags/example_sensors.py took 0.116 seconds
[2023-09-27T02:38:15.131+0000] {processor.py:157} INFO - Started process (PID=546) to work on /home/airflow/.local/lib/python3.8/site-packages/airflow/example_dags/example_sensors.py
[2023-09-27T02:38:15.133+0000] {processor.py:829} INFO - Processing file /home/airflow/.local/lib/python3.8/site-packages/airflow/example_dags/example_sensors.py for tasks to queue
[2023-09-27T02:38:15.137+0000] {logging_mixin.py:151} INFO - [2023-09-27T02:38:15.137+0000] {dagbag.py:539} INFO - Filling up the DagBag from /home/airflow/.local/lib/python3.8/site-packages/airflow/example_dags/example_sensors.py
[2023-09-27T02:38:15.152+0000] {processor.py:839} INFO - DAG(s) dict_keys(['example_sensors']) retrieved from /home/airflow/.local/lib/python3.8/site-packages/airflow/example_dags/example_sensors.py
[2023-09-27T02:38:15.186+0000] {logging_mixin.py:151} INFO - [2023-09-27T02:38:15.185+0000] {dag.py:2915} INFO - Sync 1 DAGs
[2023-09-27T02:38:15.202+0000] {logging_mixin.py:151} INFO - [2023-09-27T02:38:15.202+0000] {dag.py:3696} INFO - Setting next_dagrun for example_sensors to None, run_after=None
[2023-09-27T02:38:15.229+0000] {processor.py:179} INFO - Processing /home/airflow/.local/lib/python3.8/site-packages/airflow/example_dags/example_sensors.py took 0.102 seconds
[2023-09-27T02:38:45.921+0000] {processor.py:157} INFO - Started process (PID=607) to work on /home/airflow/.local/lib/python3.8/site-packages/airflow/example_dags/example_sensors.py
[2023-09-27T02:38:45.924+0000] {processor.py:829} INFO - Processing file /home/airflow/.local/lib/python3.8/site-packages/airflow/example_dags/example_sensors.py for tasks to queue
[2023-09-27T02:38:45.931+0000] {logging_mixin.py:151} INFO - [2023-09-27T02:38:45.930+0000] {dagbag.py:539} INFO - Filling up the DagBag from /home/airflow/.local/lib/python3.8/site-packages/airflow/example_dags/example_sensors.py
[2023-09-27T02:38:45.945+0000] {processor.py:839} INFO - DAG(s) dict_keys(['example_sensors']) retrieved from /home/airflow/.local/lib/python3.8/site-packages/airflow/example_dags/example_sensors.py
[2023-09-27T02:38:45.979+0000] {logging_mixin.py:151} INFO - [2023-09-27T02:38:45.979+0000] {dag.py:2915} INFO - Sync 1 DAGs
[2023-09-27T02:38:45.997+0000] {logging_mixin.py:151} INFO - [2023-09-27T02:38:45.997+0000] {dag.py:3696} INFO - Setting next_dagrun for example_sensors to None, run_after=None
[2023-09-27T02:38:46.023+0000] {processor.py:179} INFO - Processing /home/airflow/.local/lib/python3.8/site-packages/airflow/example_dags/example_sensors.py took 0.114 seconds
