[2023-09-27T02:33:50.043+0000] {processor.py:157} INFO - Started process (PID=75) to work on /home/airflow/.local/lib/python3.8/site-packages/airflow/example_dags/example_kubernetes_executor.py
[2023-09-27T02:33:50.058+0000] {processor.py:829} INFO - Processing file /home/airflow/.local/lib/python3.8/site-packages/airflow/example_dags/example_kubernetes_executor.py for tasks to queue
[2023-09-27T02:33:50.106+0000] {logging_mixin.py:151} INFO - [2023-09-27T02:33:50.104+0000] {dagbag.py:539} INFO - Filling up the DagBag from /home/airflow/.local/lib/python3.8/site-packages/airflow/example_dags/example_kubernetes_executor.py
[2023-09-27T02:33:51.622+0000] {processor.py:839} INFO - DAG(s) dict_keys(['example_kubernetes_executor']) retrieved from /home/airflow/.local/lib/python3.8/site-packages/airflow/example_dags/example_kubernetes_executor.py
[2023-09-27T02:33:52.113+0000] {logging_mixin.py:151} INFO - [2023-09-27T02:33:52.112+0000] {manager.py:499} INFO - Created Permission View: %s
[2023-09-27T02:33:52.148+0000] {logging_mixin.py:151} INFO - [2023-09-27T02:33:52.147+0000] {manager.py:499} INFO - Created Permission View: %s
[2023-09-27T02:33:52.174+0000] {logging_mixin.py:151} INFO - [2023-09-27T02:33:52.171+0000] {manager.py:499} INFO - Created Permission View: %s
[2023-09-27T02:33:52.177+0000] {logging_mixin.py:151} INFO - [2023-09-27T02:33:52.176+0000] {security.py:708} INFO - Not syncing DAG-level permissions for DAG 'DAG:example_kubernetes_executor' as access control is unset.
[2023-09-27T02:33:52.179+0000] {logging_mixin.py:151} INFO - [2023-09-27T02:33:52.178+0000] {dag.py:2915} INFO - Sync 1 DAGs
[2023-09-27T02:33:52.215+0000] {logging_mixin.py:151} INFO - [2023-09-27T02:33:52.214+0000] {dag.py:2937} INFO - Creating ORM DAG for example_kubernetes_executor
[2023-09-27T02:33:52.217+0000] {logging_mixin.py:151} INFO - [2023-09-27T02:33:52.217+0000] {dag.py:3696} INFO - Setting next_dagrun for example_kubernetes_executor to None, run_after=None
[2023-09-27T02:33:52.280+0000] {processor.py:179} INFO - Processing /home/airflow/.local/lib/python3.8/site-packages/airflow/example_dags/example_kubernetes_executor.py took 2.312 seconds
[2023-09-27T02:34:22.979+0000] {processor.py:157} INFO - Started process (PID=130) to work on /home/airflow/.local/lib/python3.8/site-packages/airflow/example_dags/example_kubernetes_executor.py
[2023-09-27T02:34:22.987+0000] {processor.py:829} INFO - Processing file /home/airflow/.local/lib/python3.8/site-packages/airflow/example_dags/example_kubernetes_executor.py for tasks to queue
[2023-09-27T02:34:22.993+0000] {logging_mixin.py:151} INFO - [2023-09-27T02:34:22.992+0000] {dagbag.py:539} INFO - Filling up the DagBag from /home/airflow/.local/lib/python3.8/site-packages/airflow/example_dags/example_kubernetes_executor.py
[2023-09-27T02:34:23.429+0000] {processor.py:839} INFO - DAG(s) dict_keys(['example_kubernetes_executor']) retrieved from /home/airflow/.local/lib/python3.8/site-packages/airflow/example_dags/example_kubernetes_executor.py
[2023-09-27T02:34:23.485+0000] {logging_mixin.py:151} INFO - [2023-09-27T02:34:23.484+0000] {dag.py:2915} INFO - Sync 1 DAGs
[2023-09-27T02:34:23.507+0000] {logging_mixin.py:151} INFO - [2023-09-27T02:34:23.507+0000] {dag.py:3696} INFO - Setting next_dagrun for example_kubernetes_executor to None, run_after=None
[2023-09-27T02:34:23.538+0000] {processor.py:179} INFO - Processing /home/airflow/.local/lib/python3.8/site-packages/airflow/example_dags/example_kubernetes_executor.py took 0.566 seconds
[2023-09-27T02:34:53.945+0000] {processor.py:157} INFO - Started process (PID=184) to work on /home/airflow/.local/lib/python3.8/site-packages/airflow/example_dags/example_kubernetes_executor.py
[2023-09-27T02:34:53.948+0000] {processor.py:829} INFO - Processing file /home/airflow/.local/lib/python3.8/site-packages/airflow/example_dags/example_kubernetes_executor.py for tasks to queue
[2023-09-27T02:34:53.962+0000] {logging_mixin.py:151} INFO - [2023-09-27T02:34:53.961+0000] {dagbag.py:539} INFO - Filling up the DagBag from /home/airflow/.local/lib/python3.8/site-packages/airflow/example_dags/example_kubernetes_executor.py
[2023-09-27T02:34:54.860+0000] {processor.py:839} INFO - DAG(s) dict_keys(['example_kubernetes_executor']) retrieved from /home/airflow/.local/lib/python3.8/site-packages/airflow/example_dags/example_kubernetes_executor.py
[2023-09-27T02:34:55.006+0000] {logging_mixin.py:151} INFO - [2023-09-27T02:34:55.004+0000] {dag.py:2915} INFO - Sync 1 DAGs
[2023-09-27T02:34:55.046+0000] {logging_mixin.py:151} INFO - [2023-09-27T02:34:55.045+0000] {dag.py:3696} INFO - Setting next_dagrun for example_kubernetes_executor to None, run_after=None
[2023-09-27T02:34:55.112+0000] {processor.py:179} INFO - Processing /home/airflow/.local/lib/python3.8/site-packages/airflow/example_dags/example_kubernetes_executor.py took 1.184 seconds
[2023-09-27T02:35:25.939+0000] {processor.py:157} INFO - Started process (PID=241) to work on /home/airflow/.local/lib/python3.8/site-packages/airflow/example_dags/example_kubernetes_executor.py
[2023-09-27T02:35:25.946+0000] {processor.py:829} INFO - Processing file /home/airflow/.local/lib/python3.8/site-packages/airflow/example_dags/example_kubernetes_executor.py for tasks to queue
[2023-09-27T02:35:25.953+0000] {logging_mixin.py:151} INFO - [2023-09-27T02:35:25.952+0000] {dagbag.py:539} INFO - Filling up the DagBag from /home/airflow/.local/lib/python3.8/site-packages/airflow/example_dags/example_kubernetes_executor.py
[2023-09-27T02:35:26.704+0000] {processor.py:839} INFO - DAG(s) dict_keys(['example_kubernetes_executor']) retrieved from /home/airflow/.local/lib/python3.8/site-packages/airflow/example_dags/example_kubernetes_executor.py
[2023-09-27T02:35:26.781+0000] {logging_mixin.py:151} INFO - [2023-09-27T02:35:26.781+0000] {dag.py:2915} INFO - Sync 1 DAGs
[2023-09-27T02:35:26.809+0000] {logging_mixin.py:151} INFO - [2023-09-27T02:35:26.809+0000] {dag.py:3696} INFO - Setting next_dagrun for example_kubernetes_executor to None, run_after=None
[2023-09-27T02:35:26.851+0000] {processor.py:179} INFO - Processing /home/airflow/.local/lib/python3.8/site-packages/airflow/example_dags/example_kubernetes_executor.py took 0.921 seconds
[2023-09-27T02:35:57.023+0000] {processor.py:157} INFO - Started process (PID=296) to work on /home/airflow/.local/lib/python3.8/site-packages/airflow/example_dags/example_kubernetes_executor.py
[2023-09-27T02:35:57.026+0000] {processor.py:829} INFO - Processing file /home/airflow/.local/lib/python3.8/site-packages/airflow/example_dags/example_kubernetes_executor.py for tasks to queue
[2023-09-27T02:35:57.033+0000] {logging_mixin.py:151} INFO - [2023-09-27T02:35:57.032+0000] {dagbag.py:539} INFO - Filling up the DagBag from /home/airflow/.local/lib/python3.8/site-packages/airflow/example_dags/example_kubernetes_executor.py
[2023-09-27T02:35:58.598+0000] {processor.py:839} INFO - DAG(s) dict_keys(['example_kubernetes_executor']) retrieved from /home/airflow/.local/lib/python3.8/site-packages/airflow/example_dags/example_kubernetes_executor.py
[2023-09-27T02:35:58.703+0000] {logging_mixin.py:151} INFO - [2023-09-27T02:35:58.702+0000] {dag.py:2915} INFO - Sync 1 DAGs
[2023-09-27T02:35:58.741+0000] {logging_mixin.py:151} INFO - [2023-09-27T02:35:58.741+0000] {dag.py:3696} INFO - Setting next_dagrun for example_kubernetes_executor to None, run_after=None
[2023-09-27T02:35:58.789+0000] {processor.py:179} INFO - Processing /home/airflow/.local/lib/python3.8/site-packages/airflow/example_dags/example_kubernetes_executor.py took 1.794 seconds
[2023-09-27T02:36:29.048+0000] {processor.py:157} INFO - Started process (PID=355) to work on /home/airflow/.local/lib/python3.8/site-packages/airflow/example_dags/example_kubernetes_executor.py
[2023-09-27T02:36:29.054+0000] {processor.py:829} INFO - Processing file /home/airflow/.local/lib/python3.8/site-packages/airflow/example_dags/example_kubernetes_executor.py for tasks to queue
[2023-09-27T02:36:29.066+0000] {logging_mixin.py:151} INFO - [2023-09-27T02:36:29.066+0000] {dagbag.py:539} INFO - Filling up the DagBag from /home/airflow/.local/lib/python3.8/site-packages/airflow/example_dags/example_kubernetes_executor.py
[2023-09-27T02:36:30.432+0000] {processor.py:839} INFO - DAG(s) dict_keys(['example_kubernetes_executor']) retrieved from /home/airflow/.local/lib/python3.8/site-packages/airflow/example_dags/example_kubernetes_executor.py
[2023-09-27T02:36:30.557+0000] {logging_mixin.py:151} INFO - [2023-09-27T02:36:30.556+0000] {dag.py:2915} INFO - Sync 1 DAGs
[2023-09-27T02:36:30.598+0000] {logging_mixin.py:151} INFO - [2023-09-27T02:36:30.597+0000] {dag.py:3696} INFO - Setting next_dagrun for example_kubernetes_executor to None, run_after=None
[2023-09-27T02:36:30.694+0000] {processor.py:179} INFO - Processing /home/airflow/.local/lib/python3.8/site-packages/airflow/example_dags/example_kubernetes_executor.py took 1.661 seconds
[2023-09-27T02:37:01.313+0000] {processor.py:157} INFO - Started process (PID=417) to work on /home/airflow/.local/lib/python3.8/site-packages/airflow/example_dags/example_kubernetes_executor.py
[2023-09-27T02:37:01.315+0000] {processor.py:829} INFO - Processing file /home/airflow/.local/lib/python3.8/site-packages/airflow/example_dags/example_kubernetes_executor.py for tasks to queue
[2023-09-27T02:37:01.321+0000] {logging_mixin.py:151} INFO - [2023-09-27T02:37:01.320+0000] {dagbag.py:539} INFO - Filling up the DagBag from /home/airflow/.local/lib/python3.8/site-packages/airflow/example_dags/example_kubernetes_executor.py
[2023-09-27T02:37:01.700+0000] {processor.py:839} INFO - DAG(s) dict_keys(['example_kubernetes_executor']) retrieved from /home/airflow/.local/lib/python3.8/site-packages/airflow/example_dags/example_kubernetes_executor.py
[2023-09-27T02:37:01.748+0000] {logging_mixin.py:151} INFO - [2023-09-27T02:37:01.747+0000] {dag.py:2915} INFO - Sync 1 DAGs
[2023-09-27T02:37:01.766+0000] {logging_mixin.py:151} INFO - [2023-09-27T02:37:01.766+0000] {dag.py:3696} INFO - Setting next_dagrun for example_kubernetes_executor to None, run_after=None
[2023-09-27T02:37:01.797+0000] {processor.py:179} INFO - Processing /home/airflow/.local/lib/python3.8/site-packages/airflow/example_dags/example_kubernetes_executor.py took 0.490 seconds
[2023-09-27T02:37:32.100+0000] {processor.py:157} INFO - Started process (PID=471) to work on /home/airflow/.local/lib/python3.8/site-packages/airflow/example_dags/example_kubernetes_executor.py
[2023-09-27T02:37:32.104+0000] {processor.py:829} INFO - Processing file /home/airflow/.local/lib/python3.8/site-packages/airflow/example_dags/example_kubernetes_executor.py for tasks to queue
[2023-09-27T02:37:32.109+0000] {logging_mixin.py:151} INFO - [2023-09-27T02:37:32.109+0000] {dagbag.py:539} INFO - Filling up the DagBag from /home/airflow/.local/lib/python3.8/site-packages/airflow/example_dags/example_kubernetes_executor.py
[2023-09-27T02:37:33.094+0000] {processor.py:839} INFO - DAG(s) dict_keys(['example_kubernetes_executor']) retrieved from /home/airflow/.local/lib/python3.8/site-packages/airflow/example_dags/example_kubernetes_executor.py
[2023-09-27T02:37:33.200+0000] {logging_mixin.py:151} INFO - [2023-09-27T02:37:33.199+0000] {dag.py:2915} INFO - Sync 1 DAGs
[2023-09-27T02:37:33.236+0000] {logging_mixin.py:151} INFO - [2023-09-27T02:37:33.235+0000] {dag.py:3696} INFO - Setting next_dagrun for example_kubernetes_executor to None, run_after=None
[2023-09-27T02:37:33.293+0000] {processor.py:179} INFO - Processing /home/airflow/.local/lib/python3.8/site-packages/airflow/example_dags/example_kubernetes_executor.py took 1.200 seconds
[2023-09-27T02:38:03.351+0000] {processor.py:157} INFO - Started process (PID=526) to work on /home/airflow/.local/lib/python3.8/site-packages/airflow/example_dags/example_kubernetes_executor.py
[2023-09-27T02:38:03.356+0000] {processor.py:829} INFO - Processing file /home/airflow/.local/lib/python3.8/site-packages/airflow/example_dags/example_kubernetes_executor.py for tasks to queue
[2023-09-27T02:38:03.363+0000] {logging_mixin.py:151} INFO - [2023-09-27T02:38:03.362+0000] {dagbag.py:539} INFO - Filling up the DagBag from /home/airflow/.local/lib/python3.8/site-packages/airflow/example_dags/example_kubernetes_executor.py
[2023-09-27T02:38:03.814+0000] {processor.py:839} INFO - DAG(s) dict_keys(['example_kubernetes_executor']) retrieved from /home/airflow/.local/lib/python3.8/site-packages/airflow/example_dags/example_kubernetes_executor.py
[2023-09-27T02:38:03.862+0000] {logging_mixin.py:151} INFO - [2023-09-27T02:38:03.861+0000] {dag.py:2915} INFO - Sync 1 DAGs
[2023-09-27T02:38:03.882+0000] {logging_mixin.py:151} INFO - [2023-09-27T02:38:03.882+0000] {dag.py:3696} INFO - Setting next_dagrun for example_kubernetes_executor to None, run_after=None
[2023-09-27T02:38:03.907+0000] {processor.py:179} INFO - Processing /home/airflow/.local/lib/python3.8/site-packages/airflow/example_dags/example_kubernetes_executor.py took 0.561 seconds
[2023-09-27T02:38:34.137+0000] {processor.py:157} INFO - Started process (PID=579) to work on /home/airflow/.local/lib/python3.8/site-packages/airflow/example_dags/example_kubernetes_executor.py
[2023-09-27T02:38:34.138+0000] {processor.py:829} INFO - Processing file /home/airflow/.local/lib/python3.8/site-packages/airflow/example_dags/example_kubernetes_executor.py for tasks to queue
[2023-09-27T02:38:34.141+0000] {logging_mixin.py:151} INFO - [2023-09-27T02:38:34.141+0000] {dagbag.py:539} INFO - Filling up the DagBag from /home/airflow/.local/lib/python3.8/site-packages/airflow/example_dags/example_kubernetes_executor.py
[2023-09-27T02:38:34.454+0000] {processor.py:839} INFO - DAG(s) dict_keys(['example_kubernetes_executor']) retrieved from /home/airflow/.local/lib/python3.8/site-packages/airflow/example_dags/example_kubernetes_executor.py
[2023-09-27T02:38:34.497+0000] {logging_mixin.py:151} INFO - [2023-09-27T02:38:34.497+0000] {dag.py:2915} INFO - Sync 1 DAGs
[2023-09-27T02:38:34.514+0000] {logging_mixin.py:151} INFO - [2023-09-27T02:38:34.514+0000] {dag.py:3696} INFO - Setting next_dagrun for example_kubernetes_executor to None, run_after=None
[2023-09-27T02:38:34.536+0000] {processor.py:179} INFO - Processing /home/airflow/.local/lib/python3.8/site-packages/airflow/example_dags/example_kubernetes_executor.py took 0.403 seconds
