[2023-09-27T02:33:38.886+0000] {processor.py:157} INFO - Started process (PID=55) to work on /home/airflow/.local/lib/python3.8/site-packages/airflow/example_dags/example_dynamic_task_mapping_with_no_taskflow_operators.py
[2023-09-27T02:33:38.900+0000] {processor.py:829} INFO - Processing file /home/airflow/.local/lib/python3.8/site-packages/airflow/example_dags/example_dynamic_task_mapping_with_no_taskflow_operators.py for tasks to queue
[2023-09-27T02:33:38.922+0000] {logging_mixin.py:151} INFO - [2023-09-27T02:33:38.920+0000] {dagbag.py:539} INFO - Filling up the DagBag from /home/airflow/.local/lib/python3.8/site-packages/airflow/example_dags/example_dynamic_task_mapping_with_no_taskflow_operators.py
[2023-09-27T02:33:39.052+0000] {processor.py:839} INFO - DAG(s) dict_keys(['example_dynamic_task_mapping_with_no_taskflow_operators']) retrieved from /home/airflow/.local/lib/python3.8/site-packages/airflow/example_dags/example_dynamic_task_mapping_with_no_taskflow_operators.py
[2023-09-27T02:33:39.917+0000] {logging_mixin.py:151} INFO - [2023-09-27T02:33:39.916+0000] {manager.py:499} INFO - Created Permission View: %s
[2023-09-27T02:33:39.962+0000] {logging_mixin.py:151} INFO - [2023-09-27T02:33:39.961+0000] {manager.py:499} INFO - Created Permission View: %s
[2023-09-27T02:33:39.992+0000] {logging_mixin.py:151} INFO - [2023-09-27T02:33:39.991+0000] {manager.py:499} INFO - Created Permission View: %s
[2023-09-27T02:33:39.995+0000] {logging_mixin.py:151} INFO - [2023-09-27T02:33:39.995+0000] {security.py:708} INFO - Not syncing DAG-level permissions for DAG 'DAG:example_dynamic_task_mapping_with_no_taskflow_operators' as access control is unset.
[2023-09-27T02:33:39.996+0000] {logging_mixin.py:151} INFO - [2023-09-27T02:33:39.996+0000] {dag.py:2915} INFO - Sync 1 DAGs
[2023-09-27T02:33:40.067+0000] {logging_mixin.py:151} INFO - [2023-09-27T02:33:40.067+0000] {dag.py:2937} INFO - Creating ORM DAG for example_dynamic_task_mapping_with_no_taskflow_operators
[2023-09-27T02:33:40.119+0000] {logging_mixin.py:151} INFO - [2023-09-27T02:33:40.118+0000] {dag.py:3696} INFO - Setting next_dagrun for example_dynamic_task_mapping_with_no_taskflow_operators to 2023-09-26T02:33:40.117637+00:00, run_after=2023-09-27T02:33:40.117637+00:00
[2023-09-27T02:33:40.183+0000] {processor.py:179} INFO - Processing /home/airflow/.local/lib/python3.8/site-packages/airflow/example_dags/example_dynamic_task_mapping_with_no_taskflow_operators.py took 1.344 seconds
[2023-09-27T02:34:10.432+0000] {processor.py:157} INFO - Started process (PID=107) to work on /home/airflow/.local/lib/python3.8/site-packages/airflow/example_dags/example_dynamic_task_mapping_with_no_taskflow_operators.py
[2023-09-27T02:34:10.457+0000] {processor.py:829} INFO - Processing file /home/airflow/.local/lib/python3.8/site-packages/airflow/example_dags/example_dynamic_task_mapping_with_no_taskflow_operators.py for tasks to queue
[2023-09-27T02:34:10.489+0000] {logging_mixin.py:151} INFO - [2023-09-27T02:34:10.486+0000] {dagbag.py:539} INFO - Filling up the DagBag from /home/airflow/.local/lib/python3.8/site-packages/airflow/example_dags/example_dynamic_task_mapping_with_no_taskflow_operators.py
[2023-09-27T02:34:10.546+0000] {processor.py:839} INFO - DAG(s) dict_keys(['example_dynamic_task_mapping_with_no_taskflow_operators']) retrieved from /home/airflow/.local/lib/python3.8/site-packages/airflow/example_dags/example_dynamic_task_mapping_with_no_taskflow_operators.py
[2023-09-27T02:34:10.623+0000] {logging_mixin.py:151} INFO - [2023-09-27T02:34:10.623+0000] {dag.py:2915} INFO - Sync 1 DAGs
[2023-09-27T02:34:10.769+0000] {logging_mixin.py:151} INFO - [2023-09-27T02:34:10.769+0000] {dag.py:3696} INFO - Setting next_dagrun for example_dynamic_task_mapping_with_no_taskflow_operators to 2023-09-26T02:34:10.766775+00:00, run_after=2023-09-27T02:34:10.766775+00:00
[2023-09-27T02:34:10.867+0000] {processor.py:179} INFO - Processing /home/airflow/.local/lib/python3.8/site-packages/airflow/example_dags/example_dynamic_task_mapping_with_no_taskflow_operators.py took 0.460 seconds
[2023-09-27T02:34:41.185+0000] {processor.py:157} INFO - Started process (PID=161) to work on /home/airflow/.local/lib/python3.8/site-packages/airflow/example_dags/example_dynamic_task_mapping_with_no_taskflow_operators.py
[2023-09-27T02:34:41.193+0000] {processor.py:829} INFO - Processing file /home/airflow/.local/lib/python3.8/site-packages/airflow/example_dags/example_dynamic_task_mapping_with_no_taskflow_operators.py for tasks to queue
[2023-09-27T02:34:41.197+0000] {logging_mixin.py:151} INFO - [2023-09-27T02:34:41.197+0000] {dagbag.py:539} INFO - Filling up the DagBag from /home/airflow/.local/lib/python3.8/site-packages/airflow/example_dags/example_dynamic_task_mapping_with_no_taskflow_operators.py
[2023-09-27T02:34:41.209+0000] {processor.py:839} INFO - DAG(s) dict_keys(['example_dynamic_task_mapping_with_no_taskflow_operators']) retrieved from /home/airflow/.local/lib/python3.8/site-packages/airflow/example_dags/example_dynamic_task_mapping_with_no_taskflow_operators.py
[2023-09-27T02:34:41.246+0000] {logging_mixin.py:151} INFO - [2023-09-27T02:34:41.246+0000] {dag.py:2915} INFO - Sync 1 DAGs
[2023-09-27T02:34:41.289+0000] {logging_mixin.py:151} INFO - [2023-09-27T02:34:41.288+0000] {dag.py:3696} INFO - Setting next_dagrun for example_dynamic_task_mapping_with_no_taskflow_operators to 2023-09-26T02:34:41.287662+00:00, run_after=2023-09-27T02:34:41.287662+00:00
[2023-09-27T02:34:41.327+0000] {processor.py:179} INFO - Processing /home/airflow/.local/lib/python3.8/site-packages/airflow/example_dags/example_dynamic_task_mapping_with_no_taskflow_operators.py took 0.148 seconds
[2023-09-27T02:35:11.622+0000] {processor.py:157} INFO - Started process (PID=215) to work on /home/airflow/.local/lib/python3.8/site-packages/airflow/example_dags/example_dynamic_task_mapping_with_no_taskflow_operators.py
[2023-09-27T02:35:11.630+0000] {processor.py:829} INFO - Processing file /home/airflow/.local/lib/python3.8/site-packages/airflow/example_dags/example_dynamic_task_mapping_with_no_taskflow_operators.py for tasks to queue
[2023-09-27T02:35:11.635+0000] {logging_mixin.py:151} INFO - [2023-09-27T02:35:11.633+0000] {dagbag.py:539} INFO - Filling up the DagBag from /home/airflow/.local/lib/python3.8/site-packages/airflow/example_dags/example_dynamic_task_mapping_with_no_taskflow_operators.py
[2023-09-27T02:35:11.644+0000] {processor.py:839} INFO - DAG(s) dict_keys(['example_dynamic_task_mapping_with_no_taskflow_operators']) retrieved from /home/airflow/.local/lib/python3.8/site-packages/airflow/example_dags/example_dynamic_task_mapping_with_no_taskflow_operators.py
[2023-09-27T02:35:11.675+0000] {logging_mixin.py:151} INFO - [2023-09-27T02:35:11.674+0000] {dag.py:2915} INFO - Sync 1 DAGs
[2023-09-27T02:35:11.712+0000] {logging_mixin.py:151} INFO - [2023-09-27T02:35:11.712+0000] {dag.py:3696} INFO - Setting next_dagrun for example_dynamic_task_mapping_with_no_taskflow_operators to 2023-09-26T02:35:11.711966+00:00, run_after=2023-09-27T02:35:11.711966+00:00
[2023-09-27T02:35:11.752+0000] {processor.py:179} INFO - Processing /home/airflow/.local/lib/python3.8/site-packages/airflow/example_dags/example_dynamic_task_mapping_with_no_taskflow_operators.py took 0.135 seconds
[2023-09-27T02:35:41.961+0000] {processor.py:157} INFO - Started process (PID=269) to work on /home/airflow/.local/lib/python3.8/site-packages/airflow/example_dags/example_dynamic_task_mapping_with_no_taskflow_operators.py
[2023-09-27T02:35:41.969+0000] {processor.py:829} INFO - Processing file /home/airflow/.local/lib/python3.8/site-packages/airflow/example_dags/example_dynamic_task_mapping_with_no_taskflow_operators.py for tasks to queue
[2023-09-27T02:35:41.973+0000] {logging_mixin.py:151} INFO - [2023-09-27T02:35:41.973+0000] {dagbag.py:539} INFO - Filling up the DagBag from /home/airflow/.local/lib/python3.8/site-packages/airflow/example_dags/example_dynamic_task_mapping_with_no_taskflow_operators.py
[2023-09-27T02:35:41.985+0000] {processor.py:839} INFO - DAG(s) dict_keys(['example_dynamic_task_mapping_with_no_taskflow_operators']) retrieved from /home/airflow/.local/lib/python3.8/site-packages/airflow/example_dags/example_dynamic_task_mapping_with_no_taskflow_operators.py
[2023-09-27T02:35:42.012+0000] {logging_mixin.py:151} INFO - [2023-09-27T02:35:42.012+0000] {dag.py:2915} INFO - Sync 1 DAGs
[2023-09-27T02:35:42.042+0000] {logging_mixin.py:151} INFO - [2023-09-27T02:35:42.042+0000] {dag.py:3696} INFO - Setting next_dagrun for example_dynamic_task_mapping_with_no_taskflow_operators to 2023-09-26T02:35:42.042335+00:00, run_after=2023-09-27T02:35:42.042335+00:00
[2023-09-27T02:35:42.067+0000] {processor.py:179} INFO - Processing /home/airflow/.local/lib/python3.8/site-packages/airflow/example_dags/example_dynamic_task_mapping_with_no_taskflow_operators.py took 0.125 seconds
[2023-09-27T02:36:12.725+0000] {processor.py:157} INFO - Started process (PID=323) to work on /home/airflow/.local/lib/python3.8/site-packages/airflow/example_dags/example_dynamic_task_mapping_with_no_taskflow_operators.py
[2023-09-27T02:36:12.731+0000] {processor.py:829} INFO - Processing file /home/airflow/.local/lib/python3.8/site-packages/airflow/example_dags/example_dynamic_task_mapping_with_no_taskflow_operators.py for tasks to queue
[2023-09-27T02:36:12.738+0000] {logging_mixin.py:151} INFO - [2023-09-27T02:36:12.737+0000] {dagbag.py:539} INFO - Filling up the DagBag from /home/airflow/.local/lib/python3.8/site-packages/airflow/example_dags/example_dynamic_task_mapping_with_no_taskflow_operators.py
[2023-09-27T02:36:12.757+0000] {processor.py:839} INFO - DAG(s) dict_keys(['example_dynamic_task_mapping_with_no_taskflow_operators']) retrieved from /home/airflow/.local/lib/python3.8/site-packages/airflow/example_dags/example_dynamic_task_mapping_with_no_taskflow_operators.py
[2023-09-27T02:36:12.815+0000] {logging_mixin.py:151} INFO - [2023-09-27T02:36:12.815+0000] {dag.py:2915} INFO - Sync 1 DAGs
[2023-09-27T02:36:12.918+0000] {logging_mixin.py:151} INFO - [2023-09-27T02:36:12.917+0000] {dag.py:3696} INFO - Setting next_dagrun for example_dynamic_task_mapping_with_no_taskflow_operators to 2023-09-26T02:36:12.916048+00:00, run_after=2023-09-27T02:36:12.916048+00:00
[2023-09-27T02:36:13.032+0000] {processor.py:179} INFO - Processing /home/airflow/.local/lib/python3.8/site-packages/airflow/example_dags/example_dynamic_task_mapping_with_no_taskflow_operators.py took 0.319 seconds
[2023-09-27T02:36:43.919+0000] {processor.py:157} INFO - Started process (PID=387) to work on /home/airflow/.local/lib/python3.8/site-packages/airflow/example_dags/example_dynamic_task_mapping_with_no_taskflow_operators.py
[2023-09-27T02:36:43.924+0000] {processor.py:829} INFO - Processing file /home/airflow/.local/lib/python3.8/site-packages/airflow/example_dags/example_dynamic_task_mapping_with_no_taskflow_operators.py for tasks to queue
[2023-09-27T02:36:43.938+0000] {logging_mixin.py:151} INFO - [2023-09-27T02:36:43.937+0000] {dagbag.py:539} INFO - Filling up the DagBag from /home/airflow/.local/lib/python3.8/site-packages/airflow/example_dags/example_dynamic_task_mapping_with_no_taskflow_operators.py
[2023-09-27T02:36:43.972+0000] {processor.py:839} INFO - DAG(s) dict_keys(['example_dynamic_task_mapping_with_no_taskflow_operators']) retrieved from /home/airflow/.local/lib/python3.8/site-packages/airflow/example_dags/example_dynamic_task_mapping_with_no_taskflow_operators.py
[2023-09-27T02:36:44.050+0000] {logging_mixin.py:151} INFO - [2023-09-27T02:36:44.050+0000] {dag.py:2915} INFO - Sync 1 DAGs
[2023-09-27T02:36:44.127+0000] {logging_mixin.py:151} INFO - [2023-09-27T02:36:44.127+0000] {dag.py:3696} INFO - Setting next_dagrun for example_dynamic_task_mapping_with_no_taskflow_operators to 2023-09-26T02:36:44.126361+00:00, run_after=2023-09-27T02:36:44.126361+00:00
[2023-09-27T02:36:44.191+0000] {processor.py:179} INFO - Processing /home/airflow/.local/lib/python3.8/site-packages/airflow/example_dags/example_dynamic_task_mapping_with_no_taskflow_operators.py took 0.290 seconds
[2023-09-27T02:37:14.598+0000] {processor.py:157} INFO - Started process (PID=441) to work on /home/airflow/.local/lib/python3.8/site-packages/airflow/example_dags/example_dynamic_task_mapping_with_no_taskflow_operators.py
[2023-09-27T02:37:14.600+0000] {processor.py:829} INFO - Processing file /home/airflow/.local/lib/python3.8/site-packages/airflow/example_dags/example_dynamic_task_mapping_with_no_taskflow_operators.py for tasks to queue
[2023-09-27T02:37:14.608+0000] {logging_mixin.py:151} INFO - [2023-09-27T02:37:14.607+0000] {dagbag.py:539} INFO - Filling up the DagBag from /home/airflow/.local/lib/python3.8/site-packages/airflow/example_dags/example_dynamic_task_mapping_with_no_taskflow_operators.py
[2023-09-27T02:37:14.626+0000] {processor.py:839} INFO - DAG(s) dict_keys(['example_dynamic_task_mapping_with_no_taskflow_operators']) retrieved from /home/airflow/.local/lib/python3.8/site-packages/airflow/example_dags/example_dynamic_task_mapping_with_no_taskflow_operators.py
[2023-09-27T02:37:14.680+0000] {logging_mixin.py:151} INFO - [2023-09-27T02:37:14.680+0000] {dag.py:2915} INFO - Sync 1 DAGs
[2023-09-27T02:37:14.745+0000] {logging_mixin.py:151} INFO - [2023-09-27T02:37:14.744+0000] {dag.py:3696} INFO - Setting next_dagrun for example_dynamic_task_mapping_with_no_taskflow_operators to 2023-09-26T02:37:14.743738+00:00, run_after=2023-09-27T02:37:14.743738+00:00
[2023-09-27T02:37:14.794+0000] {processor.py:179} INFO - Processing /home/airflow/.local/lib/python3.8/site-packages/airflow/example_dags/example_dynamic_task_mapping_with_no_taskflow_operators.py took 0.207 seconds
[2023-09-27T02:37:45.497+0000] {processor.py:157} INFO - Started process (PID=502) to work on /home/airflow/.local/lib/python3.8/site-packages/airflow/example_dags/example_dynamic_task_mapping_with_no_taskflow_operators.py
[2023-09-27T02:37:45.498+0000] {processor.py:829} INFO - Processing file /home/airflow/.local/lib/python3.8/site-packages/airflow/example_dags/example_dynamic_task_mapping_with_no_taskflow_operators.py for tasks to queue
[2023-09-27T02:37:45.502+0000] {logging_mixin.py:151} INFO - [2023-09-27T02:37:45.501+0000] {dagbag.py:539} INFO - Filling up the DagBag from /home/airflow/.local/lib/python3.8/site-packages/airflow/example_dags/example_dynamic_task_mapping_with_no_taskflow_operators.py
[2023-09-27T02:37:45.510+0000] {processor.py:839} INFO - DAG(s) dict_keys(['example_dynamic_task_mapping_with_no_taskflow_operators']) retrieved from /home/airflow/.local/lib/python3.8/site-packages/airflow/example_dags/example_dynamic_task_mapping_with_no_taskflow_operators.py
[2023-09-27T02:37:45.534+0000] {logging_mixin.py:151} INFO - [2023-09-27T02:37:45.534+0000] {dag.py:2915} INFO - Sync 1 DAGs
[2023-09-27T02:37:45.563+0000] {logging_mixin.py:151} INFO - [2023-09-27T02:37:45.562+0000] {dag.py:3696} INFO - Setting next_dagrun for example_dynamic_task_mapping_with_no_taskflow_operators to 2023-09-26T02:37:45.562583+00:00, run_after=2023-09-27T02:37:45.562583+00:00
[2023-09-27T02:37:45.585+0000] {processor.py:179} INFO - Processing /home/airflow/.local/lib/python3.8/site-packages/airflow/example_dags/example_dynamic_task_mapping_with_no_taskflow_operators.py took 0.092 seconds
[2023-09-27T02:38:16.313+0000] {processor.py:157} INFO - Started process (PID=556) to work on /home/airflow/.local/lib/python3.8/site-packages/airflow/example_dags/example_dynamic_task_mapping_with_no_taskflow_operators.py
[2023-09-27T02:38:16.314+0000] {processor.py:829} INFO - Processing file /home/airflow/.local/lib/python3.8/site-packages/airflow/example_dags/example_dynamic_task_mapping_with_no_taskflow_operators.py for tasks to queue
[2023-09-27T02:38:16.318+0000] {logging_mixin.py:151} INFO - [2023-09-27T02:38:16.317+0000] {dagbag.py:539} INFO - Filling up the DagBag from /home/airflow/.local/lib/python3.8/site-packages/airflow/example_dags/example_dynamic_task_mapping_with_no_taskflow_operators.py
[2023-09-27T02:38:16.330+0000] {processor.py:839} INFO - DAG(s) dict_keys(['example_dynamic_task_mapping_with_no_taskflow_operators']) retrieved from /home/airflow/.local/lib/python3.8/site-packages/airflow/example_dags/example_dynamic_task_mapping_with_no_taskflow_operators.py
[2023-09-27T02:38:16.362+0000] {logging_mixin.py:151} INFO - [2023-09-27T02:38:16.361+0000] {dag.py:2915} INFO - Sync 1 DAGs
[2023-09-27T02:38:16.396+0000] {logging_mixin.py:151} INFO - [2023-09-27T02:38:16.395+0000] {dag.py:3696} INFO - Setting next_dagrun for example_dynamic_task_mapping_with_no_taskflow_operators to 2023-09-26T02:38:16.395578+00:00, run_after=2023-09-27T02:38:16.395578+00:00
[2023-09-27T02:38:16.425+0000] {processor.py:179} INFO - Processing /home/airflow/.local/lib/python3.8/site-packages/airflow/example_dags/example_dynamic_task_mapping_with_no_taskflow_operators.py took 0.117 seconds
[2023-09-27T02:38:47.094+0000] {processor.py:157} INFO - Started process (PID=610) to work on /home/airflow/.local/lib/python3.8/site-packages/airflow/example_dags/example_dynamic_task_mapping_with_no_taskflow_operators.py
[2023-09-27T02:38:47.096+0000] {processor.py:829} INFO - Processing file /home/airflow/.local/lib/python3.8/site-packages/airflow/example_dags/example_dynamic_task_mapping_with_no_taskflow_operators.py for tasks to queue
[2023-09-27T02:38:47.100+0000] {logging_mixin.py:151} INFO - [2023-09-27T02:38:47.099+0000] {dagbag.py:539} INFO - Filling up the DagBag from /home/airflow/.local/lib/python3.8/site-packages/airflow/example_dags/example_dynamic_task_mapping_with_no_taskflow_operators.py
[2023-09-27T02:38:47.110+0000] {processor.py:839} INFO - DAG(s) dict_keys(['example_dynamic_task_mapping_with_no_taskflow_operators']) retrieved from /home/airflow/.local/lib/python3.8/site-packages/airflow/example_dags/example_dynamic_task_mapping_with_no_taskflow_operators.py
[2023-09-27T02:38:47.139+0000] {logging_mixin.py:151} INFO - [2023-09-27T02:38:47.139+0000] {dag.py:2915} INFO - Sync 1 DAGs
[2023-09-27T02:38:47.173+0000] {logging_mixin.py:151} INFO - [2023-09-27T02:38:47.173+0000] {dag.py:3696} INFO - Setting next_dagrun for example_dynamic_task_mapping_with_no_taskflow_operators to 2023-09-26T02:38:47.173356+00:00, run_after=2023-09-27T02:38:47.173356+00:00
[2023-09-27T02:38:47.199+0000] {processor.py:179} INFO - Processing /home/airflow/.local/lib/python3.8/site-packages/airflow/example_dags/example_dynamic_task_mapping_with_no_taskflow_operators.py took 0.110 seconds
