[2023-09-27T02:33:43.105+0000] {processor.py:157} INFO - Started process (PID=60) to work on /home/airflow/.local/lib/python3.8/site-packages/airflow/example_dags/example_latest_only.py
[2023-09-27T02:33:43.117+0000] {processor.py:829} INFO - Processing file /home/airflow/.local/lib/python3.8/site-packages/airflow/example_dags/example_latest_only.py for tasks to queue
[2023-09-27T02:33:43.156+0000] {logging_mixin.py:151} INFO - [2023-09-27T02:33:43.153+0000] {dagbag.py:539} INFO - Filling up the DagBag from /home/airflow/.local/lib/python3.8/site-packages/airflow/example_dags/example_latest_only.py
[2023-09-27T02:33:43.192+0000] {processor.py:839} INFO - DAG(s) dict_keys(['latest_only']) retrieved from /home/airflow/.local/lib/python3.8/site-packages/airflow/example_dags/example_latest_only.py
[2023-09-27T02:33:43.827+0000] {logging_mixin.py:151} INFO - [2023-09-27T02:33:43.826+0000] {manager.py:499} INFO - Created Permission View: %s
[2023-09-27T02:33:43.896+0000] {logging_mixin.py:151} INFO - [2023-09-27T02:33:43.895+0000] {manager.py:499} INFO - Created Permission View: %s
[2023-09-27T02:33:43.929+0000] {logging_mixin.py:151} INFO - [2023-09-27T02:33:43.929+0000] {manager.py:499} INFO - Created Permission View: %s
[2023-09-27T02:33:43.936+0000] {logging_mixin.py:151} INFO - [2023-09-27T02:33:43.936+0000] {security.py:708} INFO - Not syncing DAG-level permissions for DAG 'DAG:latest_only' as access control is unset.
[2023-09-27T02:33:43.940+0000] {logging_mixin.py:151} INFO - [2023-09-27T02:33:43.939+0000] {dag.py:2915} INFO - Sync 1 DAGs
[2023-09-27T02:33:44.018+0000] {logging_mixin.py:151} INFO - [2023-09-27T02:33:44.017+0000] {dag.py:2937} INFO - Creating ORM DAG for latest_only
[2023-09-27T02:33:44.076+0000] {logging_mixin.py:151} INFO - [2023-09-27T02:33:44.075+0000] {dag.py:3696} INFO - Setting next_dagrun for latest_only to 2023-09-26T22:33:44.073493+00:00, run_after=2023-09-27T02:33:44.073493+00:00
[2023-09-27T02:33:44.209+0000] {processor.py:179} INFO - Processing /home/airflow/.local/lib/python3.8/site-packages/airflow/example_dags/example_latest_only.py took 1.153 seconds
[2023-09-27T02:34:15.229+0000] {processor.py:157} INFO - Started process (PID=120) to work on /home/airflow/.local/lib/python3.8/site-packages/airflow/example_dags/example_latest_only.py
[2023-09-27T02:34:15.236+0000] {processor.py:829} INFO - Processing file /home/airflow/.local/lib/python3.8/site-packages/airflow/example_dags/example_latest_only.py for tasks to queue
[2023-09-27T02:34:15.240+0000] {logging_mixin.py:151} INFO - [2023-09-27T02:34:15.240+0000] {dagbag.py:539} INFO - Filling up the DagBag from /home/airflow/.local/lib/python3.8/site-packages/airflow/example_dags/example_latest_only.py
[2023-09-27T02:34:15.251+0000] {processor.py:839} INFO - DAG(s) dict_keys(['latest_only']) retrieved from /home/airflow/.local/lib/python3.8/site-packages/airflow/example_dags/example_latest_only.py
[2023-09-27T02:34:15.300+0000] {logging_mixin.py:151} INFO - [2023-09-27T02:34:15.299+0000] {dag.py:2915} INFO - Sync 1 DAGs
[2023-09-27T02:34:15.358+0000] {logging_mixin.py:151} INFO - [2023-09-27T02:34:15.358+0000] {dag.py:3696} INFO - Setting next_dagrun for latest_only to 2023-09-26T22:34:15.357960+00:00, run_after=2023-09-27T02:34:15.357960+00:00
[2023-09-27T02:34:15.430+0000] {processor.py:179} INFO - Processing /home/airflow/.local/lib/python3.8/site-packages/airflow/example_dags/example_latest_only.py took 0.208 seconds
[2023-09-27T02:34:46.061+0000] {processor.py:157} INFO - Started process (PID=174) to work on /home/airflow/.local/lib/python3.8/site-packages/airflow/example_dags/example_latest_only.py
[2023-09-27T02:34:46.080+0000] {processor.py:829} INFO - Processing file /home/airflow/.local/lib/python3.8/site-packages/airflow/example_dags/example_latest_only.py for tasks to queue
[2023-09-27T02:34:46.099+0000] {logging_mixin.py:151} INFO - [2023-09-27T02:34:46.097+0000] {dagbag.py:539} INFO - Filling up the DagBag from /home/airflow/.local/lib/python3.8/site-packages/airflow/example_dags/example_latest_only.py
[2023-09-27T02:34:46.152+0000] {processor.py:839} INFO - DAG(s) dict_keys(['latest_only']) retrieved from /home/airflow/.local/lib/python3.8/site-packages/airflow/example_dags/example_latest_only.py
[2023-09-27T02:34:46.340+0000] {logging_mixin.py:151} INFO - [2023-09-27T02:34:46.339+0000] {dag.py:2915} INFO - Sync 1 DAGs
[2023-09-27T02:34:46.500+0000] {logging_mixin.py:151} INFO - [2023-09-27T02:34:46.499+0000] {dag.py:3696} INFO - Setting next_dagrun for latest_only to 2023-09-26T22:34:46.496474+00:00, run_after=2023-09-27T02:34:46.496474+00:00
[2023-09-27T02:34:46.625+0000] {processor.py:179} INFO - Processing /home/airflow/.local/lib/python3.8/site-packages/airflow/example_dags/example_latest_only.py took 0.574 seconds
[2023-09-27T02:35:16.751+0000] {processor.py:157} INFO - Started process (PID=228) to work on /home/airflow/.local/lib/python3.8/site-packages/airflow/example_dags/example_latest_only.py
[2023-09-27T02:35:16.755+0000] {processor.py:829} INFO - Processing file /home/airflow/.local/lib/python3.8/site-packages/airflow/example_dags/example_latest_only.py for tasks to queue
[2023-09-27T02:35:16.760+0000] {logging_mixin.py:151} INFO - [2023-09-27T02:35:16.759+0000] {dagbag.py:539} INFO - Filling up the DagBag from /home/airflow/.local/lib/python3.8/site-packages/airflow/example_dags/example_latest_only.py
[2023-09-27T02:35:16.771+0000] {processor.py:839} INFO - DAG(s) dict_keys(['latest_only']) retrieved from /home/airflow/.local/lib/python3.8/site-packages/airflow/example_dags/example_latest_only.py
[2023-09-27T02:35:16.808+0000] {logging_mixin.py:151} INFO - [2023-09-27T02:35:16.808+0000] {dag.py:2915} INFO - Sync 1 DAGs
[2023-09-27T02:35:16.851+0000] {logging_mixin.py:151} INFO - [2023-09-27T02:35:16.851+0000] {dag.py:3696} INFO - Setting next_dagrun for latest_only to 2023-09-26T22:35:16.851184+00:00, run_after=2023-09-27T02:35:16.851184+00:00
[2023-09-27T02:35:16.886+0000] {processor.py:179} INFO - Processing /home/airflow/.local/lib/python3.8/site-packages/airflow/example_dags/example_latest_only.py took 0.141 seconds
[2023-09-27T02:35:46.952+0000] {processor.py:157} INFO - Started process (PID=282) to work on /home/airflow/.local/lib/python3.8/site-packages/airflow/example_dags/example_latest_only.py
[2023-09-27T02:35:46.954+0000] {processor.py:829} INFO - Processing file /home/airflow/.local/lib/python3.8/site-packages/airflow/example_dags/example_latest_only.py for tasks to queue
[2023-09-27T02:35:46.958+0000] {logging_mixin.py:151} INFO - [2023-09-27T02:35:46.957+0000] {dagbag.py:539} INFO - Filling up the DagBag from /home/airflow/.local/lib/python3.8/site-packages/airflow/example_dags/example_latest_only.py
[2023-09-27T02:35:46.964+0000] {processor.py:839} INFO - DAG(s) dict_keys(['latest_only']) retrieved from /home/airflow/.local/lib/python3.8/site-packages/airflow/example_dags/example_latest_only.py
[2023-09-27T02:35:47.007+0000] {logging_mixin.py:151} INFO - [2023-09-27T02:35:47.007+0000] {dag.py:2915} INFO - Sync 1 DAGs
[2023-09-27T02:35:47.043+0000] {logging_mixin.py:151} INFO - [2023-09-27T02:35:47.043+0000] {dag.py:3696} INFO - Setting next_dagrun for latest_only to 2023-09-26T22:35:47.042930+00:00, run_after=2023-09-27T02:35:47.042930+00:00
[2023-09-27T02:35:47.083+0000] {processor.py:179} INFO - Processing /home/airflow/.local/lib/python3.8/site-packages/airflow/example_dags/example_latest_only.py took 0.137 seconds
[2023-09-27T02:36:17.518+0000] {processor.py:157} INFO - Started process (PID=336) to work on /home/airflow/.local/lib/python3.8/site-packages/airflow/example_dags/example_latest_only.py
[2023-09-27T02:36:17.520+0000] {processor.py:829} INFO - Processing file /home/airflow/.local/lib/python3.8/site-packages/airflow/example_dags/example_latest_only.py for tasks to queue
[2023-09-27T02:36:17.524+0000] {logging_mixin.py:151} INFO - [2023-09-27T02:36:17.523+0000] {dagbag.py:539} INFO - Filling up the DagBag from /home/airflow/.local/lib/python3.8/site-packages/airflow/example_dags/example_latest_only.py
[2023-09-27T02:36:17.530+0000] {processor.py:839} INFO - DAG(s) dict_keys(['latest_only']) retrieved from /home/airflow/.local/lib/python3.8/site-packages/airflow/example_dags/example_latest_only.py
[2023-09-27T02:36:17.565+0000] {logging_mixin.py:151} INFO - [2023-09-27T02:36:17.565+0000] {dag.py:2915} INFO - Sync 1 DAGs
[2023-09-27T02:36:17.598+0000] {logging_mixin.py:151} INFO - [2023-09-27T02:36:17.597+0000] {dag.py:3696} INFO - Setting next_dagrun for latest_only to 2023-09-26T22:36:17.597296+00:00, run_after=2023-09-27T02:36:17.597296+00:00
[2023-09-27T02:36:17.628+0000] {processor.py:179} INFO - Processing /home/airflow/.local/lib/python3.8/site-packages/airflow/example_dags/example_latest_only.py took 0.115 seconds
[2023-09-27T02:36:49.576+0000] {processor.py:157} INFO - Started process (PID=399) to work on /home/airflow/.local/lib/python3.8/site-packages/airflow/example_dags/example_latest_only.py
[2023-09-27T02:36:49.579+0000] {processor.py:829} INFO - Processing file /home/airflow/.local/lib/python3.8/site-packages/airflow/example_dags/example_latest_only.py for tasks to queue
[2023-09-27T02:36:49.592+0000] {logging_mixin.py:151} INFO - [2023-09-27T02:36:49.591+0000] {dagbag.py:539} INFO - Filling up the DagBag from /home/airflow/.local/lib/python3.8/site-packages/airflow/example_dags/example_latest_only.py
[2023-09-27T02:36:49.624+0000] {processor.py:839} INFO - DAG(s) dict_keys(['latest_only']) retrieved from /home/airflow/.local/lib/python3.8/site-packages/airflow/example_dags/example_latest_only.py
[2023-09-27T02:36:49.714+0000] {logging_mixin.py:151} INFO - [2023-09-27T02:36:49.714+0000] {dag.py:2915} INFO - Sync 1 DAGs
[2023-09-27T02:36:49.791+0000] {logging_mixin.py:151} INFO - [2023-09-27T02:36:49.790+0000] {dag.py:3696} INFO - Setting next_dagrun for latest_only to 2023-09-26T22:36:49.789733+00:00, run_after=2023-09-27T02:36:49.789733+00:00
[2023-09-27T02:36:49.852+0000] {processor.py:179} INFO - Processing /home/airflow/.local/lib/python3.8/site-packages/airflow/example_dags/example_latest_only.py took 0.291 seconds
[2023-09-27T02:37:20.212+0000] {processor.py:157} INFO - Started process (PID=453) to work on /home/airflow/.local/lib/python3.8/site-packages/airflow/example_dags/example_latest_only.py
[2023-09-27T02:37:20.213+0000] {processor.py:829} INFO - Processing file /home/airflow/.local/lib/python3.8/site-packages/airflow/example_dags/example_latest_only.py for tasks to queue
[2023-09-27T02:37:20.217+0000] {logging_mixin.py:151} INFO - [2023-09-27T02:37:20.216+0000] {dagbag.py:539} INFO - Filling up the DagBag from /home/airflow/.local/lib/python3.8/site-packages/airflow/example_dags/example_latest_only.py
[2023-09-27T02:37:20.226+0000] {processor.py:839} INFO - DAG(s) dict_keys(['latest_only']) retrieved from /home/airflow/.local/lib/python3.8/site-packages/airflow/example_dags/example_latest_only.py
[2023-09-27T02:37:20.254+0000] {logging_mixin.py:151} INFO - [2023-09-27T02:37:20.254+0000] {dag.py:2915} INFO - Sync 1 DAGs
[2023-09-27T02:37:20.307+0000] {logging_mixin.py:151} INFO - [2023-09-27T02:37:20.307+0000] {dag.py:3696} INFO - Setting next_dagrun for latest_only to 2023-09-26T22:37:20.306761+00:00, run_after=2023-09-27T02:37:20.306761+00:00
[2023-09-27T02:37:20.339+0000] {processor.py:179} INFO - Processing /home/airflow/.local/lib/python3.8/site-packages/airflow/example_dags/example_latest_only.py took 0.131 seconds
[2023-09-27T02:37:50.865+0000] {processor.py:157} INFO - Started process (PID=507) to work on /home/airflow/.local/lib/python3.8/site-packages/airflow/example_dags/example_latest_only.py
[2023-09-27T02:37:50.866+0000] {processor.py:829} INFO - Processing file /home/airflow/.local/lib/python3.8/site-packages/airflow/example_dags/example_latest_only.py for tasks to queue
[2023-09-27T02:37:50.870+0000] {logging_mixin.py:151} INFO - [2023-09-27T02:37:50.869+0000] {dagbag.py:539} INFO - Filling up the DagBag from /home/airflow/.local/lib/python3.8/site-packages/airflow/example_dags/example_latest_only.py
[2023-09-27T02:37:50.876+0000] {processor.py:839} INFO - DAG(s) dict_keys(['latest_only']) retrieved from /home/airflow/.local/lib/python3.8/site-packages/airflow/example_dags/example_latest_only.py
[2023-09-27T02:37:50.900+0000] {logging_mixin.py:151} INFO - [2023-09-27T02:37:50.900+0000] {dag.py:2915} INFO - Sync 1 DAGs
[2023-09-27T02:37:50.928+0000] {logging_mixin.py:151} INFO - [2023-09-27T02:37:50.928+0000] {dag.py:3696} INFO - Setting next_dagrun for latest_only to 2023-09-26T22:37:50.927753+00:00, run_after=2023-09-27T02:37:50.927753+00:00
[2023-09-27T02:37:50.952+0000] {processor.py:179} INFO - Processing /home/airflow/.local/lib/python3.8/site-packages/airflow/example_dags/example_latest_only.py took 0.091 seconds
[2023-09-27T02:38:21.847+0000] {processor.py:157} INFO - Started process (PID=561) to work on /home/airflow/.local/lib/python3.8/site-packages/airflow/example_dags/example_latest_only.py
[2023-09-27T02:38:21.849+0000] {processor.py:829} INFO - Processing file /home/airflow/.local/lib/python3.8/site-packages/airflow/example_dags/example_latest_only.py for tasks to queue
[2023-09-27T02:38:21.853+0000] {logging_mixin.py:151} INFO - [2023-09-27T02:38:21.852+0000] {dagbag.py:539} INFO - Filling up the DagBag from /home/airflow/.local/lib/python3.8/site-packages/airflow/example_dags/example_latest_only.py
[2023-09-27T02:38:21.864+0000] {processor.py:839} INFO - DAG(s) dict_keys(['latest_only']) retrieved from /home/airflow/.local/lib/python3.8/site-packages/airflow/example_dags/example_latest_only.py
[2023-09-27T02:38:21.899+0000] {logging_mixin.py:151} INFO - [2023-09-27T02:38:21.899+0000] {dag.py:2915} INFO - Sync 1 DAGs
[2023-09-27T02:38:21.946+0000] {logging_mixin.py:151} INFO - [2023-09-27T02:38:21.946+0000] {dag.py:3696} INFO - Setting next_dagrun for latest_only to 2023-09-26T22:38:21.945599+00:00, run_after=2023-09-27T02:38:21.945599+00:00
[2023-09-27T02:38:21.982+0000] {processor.py:179} INFO - Processing /home/airflow/.local/lib/python3.8/site-packages/airflow/example_dags/example_latest_only.py took 0.140 seconds
