[2023-09-27T02:33:54.164+0000] {processor.py:157} INFO - Started process (PID=84) to work on /home/airflow/.local/lib/python3.8/site-packages/airflow/example_dags/example_branch_datetime_operator.py
[2023-09-27T02:33:54.167+0000] {processor.py:829} INFO - Processing file /home/airflow/.local/lib/python3.8/site-packages/airflow/example_dags/example_branch_datetime_operator.py for tasks to queue
[2023-09-27T02:33:54.175+0000] {logging_mixin.py:151} INFO - [2023-09-27T02:33:54.174+0000] {dagbag.py:539} INFO - Filling up the DagBag from /home/airflow/.local/lib/python3.8/site-packages/airflow/example_dags/example_branch_datetime_operator.py
[2023-09-27T02:33:54.211+0000] {processor.py:839} INFO - DAG(s) dict_keys(['example_branch_datetime_operator_2', 'example_branch_datetime_operator', 'example_branch_datetime_operator_3']) retrieved from /home/airflow/.local/lib/python3.8/site-packages/airflow/example_dags/example_branch_datetime_operator.py
[2023-09-27T02:33:54.576+0000] {logging_mixin.py:151} INFO - [2023-09-27T02:33:54.575+0000] {manager.py:499} INFO - Created Permission View: %s
[2023-09-27T02:33:54.619+0000] {logging_mixin.py:151} INFO - [2023-09-27T02:33:54.619+0000] {manager.py:499} INFO - Created Permission View: %s
[2023-09-27T02:33:54.649+0000] {logging_mixin.py:151} INFO - [2023-09-27T02:33:54.648+0000] {manager.py:499} INFO - Created Permission View: %s
[2023-09-27T02:33:54.654+0000] {logging_mixin.py:151} INFO - [2023-09-27T02:33:54.653+0000] {security.py:708} INFO - Not syncing DAG-level permissions for DAG 'DAG:example_branch_datetime_operator_2' as access control is unset.
[2023-09-27T02:33:54.762+0000] {logging_mixin.py:151} INFO - [2023-09-27T02:33:54.762+0000] {manager.py:499} INFO - Created Permission View: %s
[2023-09-27T02:33:54.826+0000] {logging_mixin.py:151} INFO - [2023-09-27T02:33:54.825+0000] {manager.py:499} INFO - Created Permission View: %s
[2023-09-27T02:33:54.861+0000] {logging_mixin.py:151} INFO - [2023-09-27T02:33:54.860+0000] {manager.py:499} INFO - Created Permission View: %s
[2023-09-27T02:33:54.869+0000] {logging_mixin.py:151} INFO - [2023-09-27T02:33:54.868+0000] {security.py:708} INFO - Not syncing DAG-level permissions for DAG 'DAG:example_branch_datetime_operator' as access control is unset.
[2023-09-27T02:33:54.962+0000] {logging_mixin.py:151} INFO - [2023-09-27T02:33:54.961+0000] {manager.py:499} INFO - Created Permission View: %s
[2023-09-27T02:33:55.040+0000] {logging_mixin.py:151} INFO - [2023-09-27T02:33:55.040+0000] {manager.py:499} INFO - Created Permission View: %s
[2023-09-27T02:33:55.120+0000] {logging_mixin.py:151} INFO - [2023-09-27T02:33:55.120+0000] {manager.py:499} INFO - Created Permission View: %s
[2023-09-27T02:33:55.127+0000] {logging_mixin.py:151} INFO - [2023-09-27T02:33:55.126+0000] {security.py:708} INFO - Not syncing DAG-level permissions for DAG 'DAG:example_branch_datetime_operator_3' as access control is unset.
[2023-09-27T02:33:55.129+0000] {logging_mixin.py:151} INFO - [2023-09-27T02:33:55.128+0000] {dag.py:2915} INFO - Sync 3 DAGs
[2023-09-27T02:33:55.173+0000] {logging_mixin.py:151} INFO - [2023-09-27T02:33:55.172+0000] {dag.py:2937} INFO - Creating ORM DAG for example_branch_datetime_operator_3
[2023-09-27T02:33:55.175+0000] {logging_mixin.py:151} INFO - [2023-09-27T02:33:55.175+0000] {dag.py:2937} INFO - Creating ORM DAG for example_branch_datetime_operator_2
[2023-09-27T02:33:55.178+0000] {logging_mixin.py:151} INFO - [2023-09-27T02:33:55.177+0000] {dag.py:2937} INFO - Creating ORM DAG for example_branch_datetime_operator
[2023-09-27T02:33:55.228+0000] {logging_mixin.py:151} INFO - [2023-09-27T02:33:55.228+0000] {dag.py:3696} INFO - Setting next_dagrun for example_branch_datetime_operator to 2023-09-26T00:00:00+00:00, run_after=2023-09-27T00:00:00+00:00
[2023-09-27T02:33:55.237+0000] {logging_mixin.py:151} INFO - [2023-09-27T02:33:55.236+0000] {dag.py:3696} INFO - Setting next_dagrun for example_branch_datetime_operator_2 to 2023-09-26T00:00:00+00:00, run_after=2023-09-27T00:00:00+00:00
[2023-09-27T02:33:55.243+0000] {logging_mixin.py:151} INFO - [2023-09-27T02:33:55.243+0000] {dag.py:3696} INFO - Setting next_dagrun for example_branch_datetime_operator_3 to 2023-09-26T00:00:00+00:00, run_after=2023-09-27T00:00:00+00:00
[2023-09-27T02:33:55.312+0000] {processor.py:179} INFO - Processing /home/airflow/.local/lib/python3.8/site-packages/airflow/example_dags/example_branch_datetime_operator.py took 1.158 seconds
[2023-09-27T02:34:25.824+0000] {processor.py:157} INFO - Started process (PID=138) to work on /home/airflow/.local/lib/python3.8/site-packages/airflow/example_dags/example_branch_datetime_operator.py
[2023-09-27T02:34:25.830+0000] {processor.py:829} INFO - Processing file /home/airflow/.local/lib/python3.8/site-packages/airflow/example_dags/example_branch_datetime_operator.py for tasks to queue
[2023-09-27T02:34:25.834+0000] {logging_mixin.py:151} INFO - [2023-09-27T02:34:25.833+0000] {dagbag.py:539} INFO - Filling up the DagBag from /home/airflow/.local/lib/python3.8/site-packages/airflow/example_dags/example_branch_datetime_operator.py
[2023-09-27T02:34:25.848+0000] {processor.py:839} INFO - DAG(s) dict_keys(['example_branch_datetime_operator_2', 'example_branch_datetime_operator_3', 'example_branch_datetime_operator']) retrieved from /home/airflow/.local/lib/python3.8/site-packages/airflow/example_dags/example_branch_datetime_operator.py
[2023-09-27T02:34:25.883+0000] {logging_mixin.py:151} INFO - [2023-09-27T02:34:25.883+0000] {dag.py:2915} INFO - Sync 3 DAGs
[2023-09-27T02:34:25.913+0000] {logging_mixin.py:151} INFO - [2023-09-27T02:34:25.913+0000] {dag.py:3696} INFO - Setting next_dagrun for example_branch_datetime_operator to 2023-09-26T00:00:00+00:00, run_after=2023-09-27T00:00:00+00:00
[2023-09-27T02:34:25.920+0000] {logging_mixin.py:151} INFO - [2023-09-27T02:34:25.919+0000] {dag.py:3696} INFO - Setting next_dagrun for example_branch_datetime_operator_2 to 2023-09-26T00:00:00+00:00, run_after=2023-09-27T00:00:00+00:00
[2023-09-27T02:34:25.924+0000] {logging_mixin.py:151} INFO - [2023-09-27T02:34:25.924+0000] {dag.py:3696} INFO - Setting next_dagrun for example_branch_datetime_operator_3 to 2023-09-26T00:00:00+00:00, run_after=2023-09-27T00:00:00+00:00
[2023-09-27T02:34:25.951+0000] {processor.py:179} INFO - Processing /home/airflow/.local/lib/python3.8/site-packages/airflow/example_dags/example_branch_datetime_operator.py took 0.132 seconds
[2023-09-27T02:34:56.921+0000] {processor.py:157} INFO - Started process (PID=192) to work on /home/airflow/.local/lib/python3.8/site-packages/airflow/example_dags/example_branch_datetime_operator.py
[2023-09-27T02:34:56.928+0000] {processor.py:829} INFO - Processing file /home/airflow/.local/lib/python3.8/site-packages/airflow/example_dags/example_branch_datetime_operator.py for tasks to queue
[2023-09-27T02:34:56.934+0000] {logging_mixin.py:151} INFO - [2023-09-27T02:34:56.933+0000] {dagbag.py:539} INFO - Filling up the DagBag from /home/airflow/.local/lib/python3.8/site-packages/airflow/example_dags/example_branch_datetime_operator.py
[2023-09-27T02:34:56.960+0000] {processor.py:839} INFO - DAG(s) dict_keys(['example_branch_datetime_operator_2', 'example_branch_datetime_operator_3', 'example_branch_datetime_operator']) retrieved from /home/airflow/.local/lib/python3.8/site-packages/airflow/example_dags/example_branch_datetime_operator.py
[2023-09-27T02:34:57.029+0000] {logging_mixin.py:151} INFO - [2023-09-27T02:34:57.029+0000] {dag.py:2915} INFO - Sync 3 DAGs
[2023-09-27T02:34:57.086+0000] {logging_mixin.py:151} INFO - [2023-09-27T02:34:57.086+0000] {dag.py:3696} INFO - Setting next_dagrun for example_branch_datetime_operator to 2023-09-26T00:00:00+00:00, run_after=2023-09-27T00:00:00+00:00
[2023-09-27T02:34:57.102+0000] {logging_mixin.py:151} INFO - [2023-09-27T02:34:57.102+0000] {dag.py:3696} INFO - Setting next_dagrun for example_branch_datetime_operator_2 to 2023-09-26T00:00:00+00:00, run_after=2023-09-27T00:00:00+00:00
[2023-09-27T02:34:57.112+0000] {logging_mixin.py:151} INFO - [2023-09-27T02:34:57.111+0000] {dag.py:3696} INFO - Setting next_dagrun for example_branch_datetime_operator_3 to 2023-09-26T00:00:00+00:00, run_after=2023-09-27T00:00:00+00:00
[2023-09-27T02:34:57.167+0000] {processor.py:179} INFO - Processing /home/airflow/.local/lib/python3.8/site-packages/airflow/example_dags/example_branch_datetime_operator.py took 0.253 seconds
[2023-09-27T02:35:27.928+0000] {processor.py:157} INFO - Started process (PID=246) to work on /home/airflow/.local/lib/python3.8/site-packages/airflow/example_dags/example_branch_datetime_operator.py
[2023-09-27T02:35:27.935+0000] {processor.py:829} INFO - Processing file /home/airflow/.local/lib/python3.8/site-packages/airflow/example_dags/example_branch_datetime_operator.py for tasks to queue
[2023-09-27T02:35:27.939+0000] {logging_mixin.py:151} INFO - [2023-09-27T02:35:27.939+0000] {dagbag.py:539} INFO - Filling up the DagBag from /home/airflow/.local/lib/python3.8/site-packages/airflow/example_dags/example_branch_datetime_operator.py
[2023-09-27T02:35:27.953+0000] {processor.py:839} INFO - DAG(s) dict_keys(['example_branch_datetime_operator_3', 'example_branch_datetime_operator_2', 'example_branch_datetime_operator']) retrieved from /home/airflow/.local/lib/python3.8/site-packages/airflow/example_dags/example_branch_datetime_operator.py
[2023-09-27T02:35:27.988+0000] {logging_mixin.py:151} INFO - [2023-09-27T02:35:27.988+0000] {dag.py:2915} INFO - Sync 3 DAGs
[2023-09-27T02:35:28.018+0000] {logging_mixin.py:151} INFO - [2023-09-27T02:35:28.017+0000] {dag.py:3696} INFO - Setting next_dagrun for example_branch_datetime_operator to 2023-09-26T00:00:00+00:00, run_after=2023-09-27T00:00:00+00:00
[2023-09-27T02:35:28.026+0000] {logging_mixin.py:151} INFO - [2023-09-27T02:35:28.025+0000] {dag.py:3696} INFO - Setting next_dagrun for example_branch_datetime_operator_2 to 2023-09-26T00:00:00+00:00, run_after=2023-09-27T00:00:00+00:00
[2023-09-27T02:35:28.029+0000] {logging_mixin.py:151} INFO - [2023-09-27T02:35:28.029+0000] {dag.py:3696} INFO - Setting next_dagrun for example_branch_datetime_operator_3 to 2023-09-26T00:00:00+00:00, run_after=2023-09-27T00:00:00+00:00
[2023-09-27T02:35:28.053+0000] {processor.py:179} INFO - Processing /home/airflow/.local/lib/python3.8/site-packages/airflow/example_dags/example_branch_datetime_operator.py took 0.130 seconds
[2023-09-27T02:35:58.787+0000] {processor.py:157} INFO - Started process (PID=300) to work on /home/airflow/.local/lib/python3.8/site-packages/airflow/example_dags/example_branch_datetime_operator.py
[2023-09-27T02:35:58.791+0000] {processor.py:829} INFO - Processing file /home/airflow/.local/lib/python3.8/site-packages/airflow/example_dags/example_branch_datetime_operator.py for tasks to queue
[2023-09-27T02:35:58.797+0000] {logging_mixin.py:151} INFO - [2023-09-27T02:35:58.796+0000] {dagbag.py:539} INFO - Filling up the DagBag from /home/airflow/.local/lib/python3.8/site-packages/airflow/example_dags/example_branch_datetime_operator.py
[2023-09-27T02:35:58.833+0000] {processor.py:839} INFO - DAG(s) dict_keys(['example_branch_datetime_operator_3', 'example_branch_datetime_operator_2', 'example_branch_datetime_operator']) retrieved from /home/airflow/.local/lib/python3.8/site-packages/airflow/example_dags/example_branch_datetime_operator.py
[2023-09-27T02:35:58.903+0000] {logging_mixin.py:151} INFO - [2023-09-27T02:35:58.903+0000] {dag.py:2915} INFO - Sync 3 DAGs
[2023-09-27T02:35:58.970+0000] {logging_mixin.py:151} INFO - [2023-09-27T02:35:58.970+0000] {dag.py:3696} INFO - Setting next_dagrun for example_branch_datetime_operator to 2023-09-26T00:00:00+00:00, run_after=2023-09-27T00:00:00+00:00
[2023-09-27T02:35:58.988+0000] {logging_mixin.py:151} INFO - [2023-09-27T02:35:58.987+0000] {dag.py:3696} INFO - Setting next_dagrun for example_branch_datetime_operator_2 to 2023-09-26T00:00:00+00:00, run_after=2023-09-27T00:00:00+00:00
[2023-09-27T02:35:58.995+0000] {logging_mixin.py:151} INFO - [2023-09-27T02:35:58.995+0000] {dag.py:3696} INFO - Setting next_dagrun for example_branch_datetime_operator_3 to 2023-09-26T00:00:00+00:00, run_after=2023-09-27T00:00:00+00:00
[2023-09-27T02:35:59.057+0000] {processor.py:179} INFO - Processing /home/airflow/.local/lib/python3.8/site-packages/airflow/example_dags/example_branch_datetime_operator.py took 0.281 seconds
[2023-09-27T02:36:30.136+0000] {processor.py:157} INFO - Started process (PID=358) to work on /home/airflow/.local/lib/python3.8/site-packages/airflow/example_dags/example_branch_datetime_operator.py
[2023-09-27T02:36:30.142+0000] {processor.py:829} INFO - Processing file /home/airflow/.local/lib/python3.8/site-packages/airflow/example_dags/example_branch_datetime_operator.py for tasks to queue
[2023-09-27T02:36:30.164+0000] {logging_mixin.py:151} INFO - [2023-09-27T02:36:30.163+0000] {dagbag.py:539} INFO - Filling up the DagBag from /home/airflow/.local/lib/python3.8/site-packages/airflow/example_dags/example_branch_datetime_operator.py
[2023-09-27T02:36:30.218+0000] {processor.py:839} INFO - DAG(s) dict_keys(['example_branch_datetime_operator', 'example_branch_datetime_operator_2', 'example_branch_datetime_operator_3']) retrieved from /home/airflow/.local/lib/python3.8/site-packages/airflow/example_dags/example_branch_datetime_operator.py
[2023-09-27T02:36:30.410+0000] {logging_mixin.py:151} INFO - [2023-09-27T02:36:30.407+0000] {dag.py:2915} INFO - Sync 3 DAGs
[2023-09-27T02:36:30.518+0000] {logging_mixin.py:151} INFO - [2023-09-27T02:36:30.516+0000] {dag.py:3696} INFO - Setting next_dagrun for example_branch_datetime_operator to 2023-09-26T00:00:00+00:00, run_after=2023-09-27T00:00:00+00:00
[2023-09-27T02:36:30.540+0000] {logging_mixin.py:151} INFO - [2023-09-27T02:36:30.539+0000] {dag.py:3696} INFO - Setting next_dagrun for example_branch_datetime_operator_2 to 2023-09-26T00:00:00+00:00, run_after=2023-09-27T00:00:00+00:00
[2023-09-27T02:36:30.549+0000] {logging_mixin.py:151} INFO - [2023-09-27T02:36:30.548+0000] {dag.py:3696} INFO - Setting next_dagrun for example_branch_datetime_operator_3 to 2023-09-26T00:00:00+00:00, run_after=2023-09-27T00:00:00+00:00
[2023-09-27T02:36:30.624+0000] {processor.py:179} INFO - Processing /home/airflow/.local/lib/python3.8/site-packages/airflow/example_dags/example_branch_datetime_operator.py took 0.506 seconds
[2023-09-27T02:37:01.314+0000] {processor.py:157} INFO - Started process (PID=418) to work on /home/airflow/.local/lib/python3.8/site-packages/airflow/example_dags/example_branch_datetime_operator.py
[2023-09-27T02:37:01.317+0000] {processor.py:829} INFO - Processing file /home/airflow/.local/lib/python3.8/site-packages/airflow/example_dags/example_branch_datetime_operator.py for tasks to queue
[2023-09-27T02:37:01.322+0000] {logging_mixin.py:151} INFO - [2023-09-27T02:37:01.322+0000] {dagbag.py:539} INFO - Filling up the DagBag from /home/airflow/.local/lib/python3.8/site-packages/airflow/example_dags/example_branch_datetime_operator.py
[2023-09-27T02:37:01.337+0000] {processor.py:839} INFO - DAG(s) dict_keys(['example_branch_datetime_operator', 'example_branch_datetime_operator_2', 'example_branch_datetime_operator_3']) retrieved from /home/airflow/.local/lib/python3.8/site-packages/airflow/example_dags/example_branch_datetime_operator.py
[2023-09-27T02:37:01.384+0000] {logging_mixin.py:151} INFO - [2023-09-27T02:37:01.383+0000] {dag.py:2915} INFO - Sync 3 DAGs
[2023-09-27T02:37:01.424+0000] {logging_mixin.py:151} INFO - [2023-09-27T02:37:01.423+0000] {dag.py:3696} INFO - Setting next_dagrun for example_branch_datetime_operator to 2023-09-26T00:00:00+00:00, run_after=2023-09-27T00:00:00+00:00
[2023-09-27T02:37:01.431+0000] {logging_mixin.py:151} INFO - [2023-09-27T02:37:01.431+0000] {dag.py:3696} INFO - Setting next_dagrun for example_branch_datetime_operator_2 to 2023-09-26T00:00:00+00:00, run_after=2023-09-27T00:00:00+00:00
[2023-09-27T02:37:01.437+0000] {logging_mixin.py:151} INFO - [2023-09-27T02:37:01.437+0000] {dag.py:3696} INFO - Setting next_dagrun for example_branch_datetime_operator_3 to 2023-09-26T00:00:00+00:00, run_after=2023-09-27T00:00:00+00:00
[2023-09-27T02:37:01.464+0000] {processor.py:179} INFO - Processing /home/airflow/.local/lib/python3.8/site-packages/airflow/example_dags/example_branch_datetime_operator.py took 0.157 seconds
[2023-09-27T02:37:32.100+0000] {processor.py:157} INFO - Started process (PID=472) to work on /home/airflow/.local/lib/python3.8/site-packages/airflow/example_dags/example_branch_datetime_operator.py
[2023-09-27T02:37:32.105+0000] {processor.py:829} INFO - Processing file /home/airflow/.local/lib/python3.8/site-packages/airflow/example_dags/example_branch_datetime_operator.py for tasks to queue
[2023-09-27T02:37:32.110+0000] {logging_mixin.py:151} INFO - [2023-09-27T02:37:32.109+0000] {dagbag.py:539} INFO - Filling up the DagBag from /home/airflow/.local/lib/python3.8/site-packages/airflow/example_dags/example_branch_datetime_operator.py
[2023-09-27T02:37:32.133+0000] {processor.py:839} INFO - DAG(s) dict_keys(['example_branch_datetime_operator_2', 'example_branch_datetime_operator_3', 'example_branch_datetime_operator']) retrieved from /home/airflow/.local/lib/python3.8/site-packages/airflow/example_dags/example_branch_datetime_operator.py
[2023-09-27T02:37:32.216+0000] {logging_mixin.py:151} INFO - [2023-09-27T02:37:32.216+0000] {dag.py:2915} INFO - Sync 3 DAGs
[2023-09-27T02:37:32.332+0000] {logging_mixin.py:151} INFO - [2023-09-27T02:37:32.331+0000] {dag.py:3696} INFO - Setting next_dagrun for example_branch_datetime_operator to 2023-09-26T00:00:00+00:00, run_after=2023-09-27T00:00:00+00:00
[2023-09-27T02:37:32.365+0000] {logging_mixin.py:151} INFO - [2023-09-27T02:37:32.364+0000] {dag.py:3696} INFO - Setting next_dagrun for example_branch_datetime_operator_2 to 2023-09-26T00:00:00+00:00, run_after=2023-09-27T00:00:00+00:00
[2023-09-27T02:37:32.384+0000] {logging_mixin.py:151} INFO - [2023-09-27T02:37:32.384+0000] {dag.py:3696} INFO - Setting next_dagrun for example_branch_datetime_operator_3 to 2023-09-26T00:00:00+00:00, run_after=2023-09-27T00:00:00+00:00
[2023-09-27T02:37:32.468+0000] {processor.py:179} INFO - Processing /home/airflow/.local/lib/python3.8/site-packages/airflow/example_dags/example_branch_datetime_operator.py took 0.375 seconds
[2023-09-27T02:38:03.199+0000] {processor.py:157} INFO - Started process (PID=525) to work on /home/airflow/.local/lib/python3.8/site-packages/airflow/example_dags/example_branch_datetime_operator.py
[2023-09-27T02:38:03.204+0000] {processor.py:829} INFO - Processing file /home/airflow/.local/lib/python3.8/site-packages/airflow/example_dags/example_branch_datetime_operator.py for tasks to queue
[2023-09-27T02:38:03.211+0000] {logging_mixin.py:151} INFO - [2023-09-27T02:38:03.210+0000] {dagbag.py:539} INFO - Filling up the DagBag from /home/airflow/.local/lib/python3.8/site-packages/airflow/example_dags/example_branch_datetime_operator.py
[2023-09-27T02:38:03.240+0000] {processor.py:839} INFO - DAG(s) dict_keys(['example_branch_datetime_operator_3', 'example_branch_datetime_operator_2', 'example_branch_datetime_operator']) retrieved from /home/airflow/.local/lib/python3.8/site-packages/airflow/example_dags/example_branch_datetime_operator.py
[2023-09-27T02:38:03.354+0000] {logging_mixin.py:151} INFO - [2023-09-27T02:38:03.354+0000] {dag.py:2915} INFO - Sync 3 DAGs
[2023-09-27T02:38:03.426+0000] {logging_mixin.py:151} INFO - [2023-09-27T02:38:03.426+0000] {dag.py:3696} INFO - Setting next_dagrun for example_branch_datetime_operator to 2023-09-26T00:00:00+00:00, run_after=2023-09-27T00:00:00+00:00
[2023-09-27T02:38:03.440+0000] {logging_mixin.py:151} INFO - [2023-09-27T02:38:03.439+0000] {dag.py:3696} INFO - Setting next_dagrun for example_branch_datetime_operator_2 to 2023-09-26T00:00:00+00:00, run_after=2023-09-27T00:00:00+00:00
[2023-09-27T02:38:03.456+0000] {logging_mixin.py:151} INFO - [2023-09-27T02:38:03.456+0000] {dag.py:3696} INFO - Setting next_dagrun for example_branch_datetime_operator_3 to 2023-09-26T00:00:00+00:00, run_after=2023-09-27T00:00:00+00:00
[2023-09-27T02:38:03.492+0000] {processor.py:179} INFO - Processing /home/airflow/.local/lib/python3.8/site-packages/airflow/example_dags/example_branch_datetime_operator.py took 0.301 seconds
[2023-09-27T02:38:34.137+0000] {processor.py:157} INFO - Started process (PID=580) to work on /home/airflow/.local/lib/python3.8/site-packages/airflow/example_dags/example_branch_datetime_operator.py
[2023-09-27T02:38:34.138+0000] {processor.py:829} INFO - Processing file /home/airflow/.local/lib/python3.8/site-packages/airflow/example_dags/example_branch_datetime_operator.py for tasks to queue
[2023-09-27T02:38:34.141+0000] {logging_mixin.py:151} INFO - [2023-09-27T02:38:34.141+0000] {dagbag.py:539} INFO - Filling up the DagBag from /home/airflow/.local/lib/python3.8/site-packages/airflow/example_dags/example_branch_datetime_operator.py
[2023-09-27T02:38:34.153+0000] {processor.py:839} INFO - DAG(s) dict_keys(['example_branch_datetime_operator_3', 'example_branch_datetime_operator', 'example_branch_datetime_operator_2']) retrieved from /home/airflow/.local/lib/python3.8/site-packages/airflow/example_dags/example_branch_datetime_operator.py
[2023-09-27T02:38:34.187+0000] {logging_mixin.py:151} INFO - [2023-09-27T02:38:34.187+0000] {dag.py:2915} INFO - Sync 3 DAGs
[2023-09-27T02:38:34.221+0000] {logging_mixin.py:151} INFO - [2023-09-27T02:38:34.221+0000] {dag.py:3696} INFO - Setting next_dagrun for example_branch_datetime_operator to 2023-09-26T00:00:00+00:00, run_after=2023-09-27T00:00:00+00:00
[2023-09-27T02:38:34.227+0000] {logging_mixin.py:151} INFO - [2023-09-27T02:38:34.227+0000] {dag.py:3696} INFO - Setting next_dagrun for example_branch_datetime_operator_2 to 2023-09-26T00:00:00+00:00, run_after=2023-09-27T00:00:00+00:00
[2023-09-27T02:38:34.230+0000] {logging_mixin.py:151} INFO - [2023-09-27T02:38:34.230+0000] {dag.py:3696} INFO - Setting next_dagrun for example_branch_datetime_operator_3 to 2023-09-26T00:00:00+00:00, run_after=2023-09-27T00:00:00+00:00
[2023-09-27T02:38:34.249+0000] {processor.py:179} INFO - Processing /home/airflow/.local/lib/python3.8/site-packages/airflow/example_dags/example_branch_datetime_operator.py took 0.116 seconds
