[2023-09-27T02:33:53.559+0000] {processor.py:157} INFO - Started process (PID=82) to work on /home/airflow/.local/lib/python3.8/site-packages/airflow/example_dags/example_task_group.py
[2023-09-27T02:33:53.562+0000] {processor.py:829} INFO - Processing file /home/airflow/.local/lib/python3.8/site-packages/airflow/example_dags/example_task_group.py for tasks to queue
[2023-09-27T02:33:53.569+0000] {logging_mixin.py:151} INFO - [2023-09-27T02:33:53.568+0000] {dagbag.py:539} INFO - Filling up the DagBag from /home/airflow/.local/lib/python3.8/site-packages/airflow/example_dags/example_task_group.py
[2023-09-27T02:33:53.598+0000] {processor.py:839} INFO - DAG(s) dict_keys(['example_task_group']) retrieved from /home/airflow/.local/lib/python3.8/site-packages/airflow/example_dags/example_task_group.py
[2023-09-27T02:33:53.907+0000] {logging_mixin.py:151} INFO - [2023-09-27T02:33:53.906+0000] {manager.py:499} INFO - Created Permission View: %s
[2023-09-27T02:33:53.935+0000] {logging_mixin.py:151} INFO - [2023-09-27T02:33:53.934+0000] {manager.py:499} INFO - Created Permission View: %s
[2023-09-27T02:33:53.956+0000] {logging_mixin.py:151} INFO - [2023-09-27T02:33:53.955+0000] {manager.py:499} INFO - Created Permission View: %s
[2023-09-27T02:33:53.957+0000] {logging_mixin.py:151} INFO - [2023-09-27T02:33:53.957+0000] {security.py:708} INFO - Not syncing DAG-level permissions for DAG 'DAG:example_task_group' as access control is unset.
[2023-09-27T02:33:53.958+0000] {logging_mixin.py:151} INFO - [2023-09-27T02:33:53.958+0000] {dag.py:2915} INFO - Sync 1 DAGs
[2023-09-27T02:33:53.993+0000] {logging_mixin.py:151} INFO - [2023-09-27T02:33:53.993+0000] {dag.py:2937} INFO - Creating ORM DAG for example_task_group
[2023-09-27T02:33:54.021+0000] {logging_mixin.py:151} INFO - [2023-09-27T02:33:54.020+0000] {dag.py:3696} INFO - Setting next_dagrun for example_task_group to 2023-09-26T02:33:54.020189+00:00, run_after=2023-09-27T02:33:54.020189+00:00
[2023-09-27T02:33:54.079+0000] {processor.py:179} INFO - Processing /home/airflow/.local/lib/python3.8/site-packages/airflow/example_dags/example_task_group.py took 0.530 seconds
[2023-09-27T02:34:24.804+0000] {processor.py:157} INFO - Started process (PID=136) to work on /home/airflow/.local/lib/python3.8/site-packages/airflow/example_dags/example_task_group.py
[2023-09-27T02:34:24.812+0000] {processor.py:829} INFO - Processing file /home/airflow/.local/lib/python3.8/site-packages/airflow/example_dags/example_task_group.py for tasks to queue
[2023-09-27T02:34:24.818+0000] {logging_mixin.py:151} INFO - [2023-09-27T02:34:24.817+0000] {dagbag.py:539} INFO - Filling up the DagBag from /home/airflow/.local/lib/python3.8/site-packages/airflow/example_dags/example_task_group.py
[2023-09-27T02:34:24.831+0000] {processor.py:839} INFO - DAG(s) dict_keys(['example_task_group']) retrieved from /home/airflow/.local/lib/python3.8/site-packages/airflow/example_dags/example_task_group.py
[2023-09-27T02:34:24.863+0000] {logging_mixin.py:151} INFO - [2023-09-27T02:34:24.862+0000] {dag.py:2915} INFO - Sync 1 DAGs
[2023-09-27T02:34:24.900+0000] {logging_mixin.py:151} INFO - [2023-09-27T02:34:24.900+0000] {dag.py:3696} INFO - Setting next_dagrun for example_task_group to 2023-09-26T02:34:24.899632+00:00, run_after=2023-09-27T02:34:24.899632+00:00
[2023-09-27T02:34:24.929+0000] {processor.py:179} INFO - Processing /home/airflow/.local/lib/python3.8/site-packages/airflow/example_dags/example_task_group.py took 0.129 seconds
[2023-09-27T02:34:55.553+0000] {processor.py:157} INFO - Started process (PID=190) to work on /home/airflow/.local/lib/python3.8/site-packages/airflow/example_dags/example_task_group.py
[2023-09-27T02:34:55.562+0000] {processor.py:829} INFO - Processing file /home/airflow/.local/lib/python3.8/site-packages/airflow/example_dags/example_task_group.py for tasks to queue
[2023-09-27T02:34:55.572+0000] {logging_mixin.py:151} INFO - [2023-09-27T02:34:55.569+0000] {dagbag.py:539} INFO - Filling up the DagBag from /home/airflow/.local/lib/python3.8/site-packages/airflow/example_dags/example_task_group.py
[2023-09-27T02:34:55.609+0000] {processor.py:839} INFO - DAG(s) dict_keys(['example_task_group']) retrieved from /home/airflow/.local/lib/python3.8/site-packages/airflow/example_dags/example_task_group.py
[2023-09-27T02:34:55.706+0000] {logging_mixin.py:151} INFO - [2023-09-27T02:34:55.705+0000] {dag.py:2915} INFO - Sync 1 DAGs
[2023-09-27T02:34:55.780+0000] {logging_mixin.py:151} INFO - [2023-09-27T02:34:55.779+0000] {dag.py:3696} INFO - Setting next_dagrun for example_task_group to 2023-09-26T02:34:55.779138+00:00, run_after=2023-09-27T02:34:55.779138+00:00
[2023-09-27T02:34:55.837+0000] {processor.py:179} INFO - Processing /home/airflow/.local/lib/python3.8/site-packages/airflow/example_dags/example_task_group.py took 0.296 seconds
[2023-09-27T02:35:26.549+0000] {processor.py:157} INFO - Started process (PID=244) to work on /home/airflow/.local/lib/python3.8/site-packages/airflow/example_dags/example_task_group.py
[2023-09-27T02:35:26.553+0000] {processor.py:829} INFO - Processing file /home/airflow/.local/lib/python3.8/site-packages/airflow/example_dags/example_task_group.py for tasks to queue
[2023-09-27T02:35:26.558+0000] {logging_mixin.py:151} INFO - [2023-09-27T02:35:26.557+0000] {dagbag.py:539} INFO - Filling up the DagBag from /home/airflow/.local/lib/python3.8/site-packages/airflow/example_dags/example_task_group.py
[2023-09-27T02:35:26.574+0000] {processor.py:839} INFO - DAG(s) dict_keys(['example_task_group']) retrieved from /home/airflow/.local/lib/python3.8/site-packages/airflow/example_dags/example_task_group.py
[2023-09-27T02:35:26.630+0000] {logging_mixin.py:151} INFO - [2023-09-27T02:35:26.629+0000] {dag.py:2915} INFO - Sync 1 DAGs
[2023-09-27T02:35:26.688+0000] {logging_mixin.py:151} INFO - [2023-09-27T02:35:26.688+0000] {dag.py:3696} INFO - Setting next_dagrun for example_task_group to 2023-09-26T02:35:26.687638+00:00, run_after=2023-09-27T02:35:26.687638+00:00
[2023-09-27T02:35:26.730+0000] {processor.py:179} INFO - Processing /home/airflow/.local/lib/python3.8/site-packages/airflow/example_dags/example_task_group.py took 0.188 seconds
[2023-09-27T02:35:57.863+0000] {processor.py:157} INFO - Started process (PID=298) to work on /home/airflow/.local/lib/python3.8/site-packages/airflow/example_dags/example_task_group.py
[2023-09-27T02:35:57.868+0000] {processor.py:829} INFO - Processing file /home/airflow/.local/lib/python3.8/site-packages/airflow/example_dags/example_task_group.py for tasks to queue
[2023-09-27T02:35:57.876+0000] {logging_mixin.py:151} INFO - [2023-09-27T02:35:57.875+0000] {dagbag.py:539} INFO - Filling up the DagBag from /home/airflow/.local/lib/python3.8/site-packages/airflow/example_dags/example_task_group.py
[2023-09-27T02:35:57.898+0000] {processor.py:839} INFO - DAG(s) dict_keys(['example_task_group']) retrieved from /home/airflow/.local/lib/python3.8/site-packages/airflow/example_dags/example_task_group.py
[2023-09-27T02:35:57.970+0000] {logging_mixin.py:151} INFO - [2023-09-27T02:35:57.969+0000] {dag.py:2915} INFO - Sync 1 DAGs
[2023-09-27T02:35:58.052+0000] {logging_mixin.py:151} INFO - [2023-09-27T02:35:58.051+0000] {dag.py:3696} INFO - Setting next_dagrun for example_task_group to 2023-09-26T02:35:58.048588+00:00, run_after=2023-09-27T02:35:58.048588+00:00
[2023-09-27T02:35:58.213+0000] {processor.py:179} INFO - Processing /home/airflow/.local/lib/python3.8/site-packages/airflow/example_dags/example_task_group.py took 0.359 seconds
[2023-09-27T02:36:29.067+0000] {processor.py:157} INFO - Started process (PID=356) to work on /home/airflow/.local/lib/python3.8/site-packages/airflow/example_dags/example_task_group.py
[2023-09-27T02:36:29.081+0000] {processor.py:829} INFO - Processing file /home/airflow/.local/lib/python3.8/site-packages/airflow/example_dags/example_task_group.py for tasks to queue
[2023-09-27T02:36:29.115+0000] {logging_mixin.py:151} INFO - [2023-09-27T02:36:29.114+0000] {dagbag.py:539} INFO - Filling up the DagBag from /home/airflow/.local/lib/python3.8/site-packages/airflow/example_dags/example_task_group.py
[2023-09-27T02:36:29.148+0000] {processor.py:839} INFO - DAG(s) dict_keys(['example_task_group']) retrieved from /home/airflow/.local/lib/python3.8/site-packages/airflow/example_dags/example_task_group.py
[2023-09-27T02:36:29.252+0000] {logging_mixin.py:151} INFO - [2023-09-27T02:36:29.251+0000] {dag.py:2915} INFO - Sync 1 DAGs
[2023-09-27T02:36:29.383+0000] {logging_mixin.py:151} INFO - [2023-09-27T02:36:29.383+0000] {dag.py:3696} INFO - Setting next_dagrun for example_task_group to 2023-09-26T02:36:29.382606+00:00, run_after=2023-09-27T02:36:29.382606+00:00
[2023-09-27T02:36:29.478+0000] {processor.py:179} INFO - Processing /home/airflow/.local/lib/python3.8/site-packages/airflow/example_dags/example_task_group.py took 0.429 seconds
[2023-09-27T02:37:00.255+0000] {processor.py:157} INFO - Started process (PID=415) to work on /home/airflow/.local/lib/python3.8/site-packages/airflow/example_dags/example_task_group.py
[2023-09-27T02:37:00.257+0000] {processor.py:829} INFO - Processing file /home/airflow/.local/lib/python3.8/site-packages/airflow/example_dags/example_task_group.py for tasks to queue
[2023-09-27T02:37:00.260+0000] {logging_mixin.py:151} INFO - [2023-09-27T02:37:00.260+0000] {dagbag.py:539} INFO - Filling up the DagBag from /home/airflow/.local/lib/python3.8/site-packages/airflow/example_dags/example_task_group.py
[2023-09-27T02:37:00.271+0000] {processor.py:839} INFO - DAG(s) dict_keys(['example_task_group']) retrieved from /home/airflow/.local/lib/python3.8/site-packages/airflow/example_dags/example_task_group.py
[2023-09-27T02:37:00.302+0000] {logging_mixin.py:151} INFO - [2023-09-27T02:37:00.301+0000] {dag.py:2915} INFO - Sync 1 DAGs
[2023-09-27T02:37:00.337+0000] {logging_mixin.py:151} INFO - [2023-09-27T02:37:00.336+0000] {dag.py:3696} INFO - Setting next_dagrun for example_task_group to 2023-09-26T02:37:00.336495+00:00, run_after=2023-09-27T02:37:00.336495+00:00
[2023-09-27T02:37:00.366+0000] {processor.py:179} INFO - Processing /home/airflow/.local/lib/python3.8/site-packages/airflow/example_dags/example_task_group.py took 0.115 seconds
[2023-09-27T02:37:30.867+0000] {processor.py:157} INFO - Started process (PID=469) to work on /home/airflow/.local/lib/python3.8/site-packages/airflow/example_dags/example_task_group.py
[2023-09-27T02:37:30.870+0000] {processor.py:829} INFO - Processing file /home/airflow/.local/lib/python3.8/site-packages/airflow/example_dags/example_task_group.py for tasks to queue
[2023-09-27T02:37:30.875+0000] {logging_mixin.py:151} INFO - [2023-09-27T02:37:30.874+0000] {dagbag.py:539} INFO - Filling up the DagBag from /home/airflow/.local/lib/python3.8/site-packages/airflow/example_dags/example_task_group.py
[2023-09-27T02:37:30.887+0000] {processor.py:839} INFO - DAG(s) dict_keys(['example_task_group']) retrieved from /home/airflow/.local/lib/python3.8/site-packages/airflow/example_dags/example_task_group.py
[2023-09-27T02:37:30.926+0000] {logging_mixin.py:151} INFO - [2023-09-27T02:37:30.925+0000] {dag.py:2915} INFO - Sync 1 DAGs
[2023-09-27T02:37:30.967+0000] {logging_mixin.py:151} INFO - [2023-09-27T02:37:30.967+0000] {dag.py:3696} INFO - Setting next_dagrun for example_task_group to 2023-09-26T02:37:30.967253+00:00, run_after=2023-09-27T02:37:30.967253+00:00
[2023-09-27T02:37:31.012+0000] {processor.py:179} INFO - Processing /home/airflow/.local/lib/python3.8/site-packages/airflow/example_dags/example_task_group.py took 0.149 seconds
[2023-09-27T02:38:01.118+0000] {processor.py:157} INFO - Started process (PID=523) to work on /home/airflow/.local/lib/python3.8/site-packages/airflow/example_dags/example_task_group.py
[2023-09-27T02:38:01.121+0000] {processor.py:829} INFO - Processing file /home/airflow/.local/lib/python3.8/site-packages/airflow/example_dags/example_task_group.py for tasks to queue
[2023-09-27T02:38:01.128+0000] {logging_mixin.py:151} INFO - [2023-09-27T02:38:01.127+0000] {dagbag.py:539} INFO - Filling up the DagBag from /home/airflow/.local/lib/python3.8/site-packages/airflow/example_dags/example_task_group.py
[2023-09-27T02:38:01.144+0000] {processor.py:839} INFO - DAG(s) dict_keys(['example_task_group']) retrieved from /home/airflow/.local/lib/python3.8/site-packages/airflow/example_dags/example_task_group.py
[2023-09-27T02:38:01.177+0000] {logging_mixin.py:151} INFO - [2023-09-27T02:38:01.177+0000] {dag.py:2915} INFO - Sync 1 DAGs
[2023-09-27T02:38:01.222+0000] {logging_mixin.py:151} INFO - [2023-09-27T02:38:01.221+0000] {dag.py:3696} INFO - Setting next_dagrun for example_task_group to 2023-09-26T02:38:01.221582+00:00, run_after=2023-09-27T02:38:01.221582+00:00
[2023-09-27T02:38:01.260+0000] {processor.py:179} INFO - Processing /home/airflow/.local/lib/python3.8/site-packages/airflow/example_dags/example_task_group.py took 0.149 seconds
[2023-09-27T02:38:32.103+0000] {processor.py:157} INFO - Started process (PID=577) to work on /home/airflow/.local/lib/python3.8/site-packages/airflow/example_dags/example_task_group.py
[2023-09-27T02:38:32.106+0000] {processor.py:829} INFO - Processing file /home/airflow/.local/lib/python3.8/site-packages/airflow/example_dags/example_task_group.py for tasks to queue
[2023-09-27T02:38:32.111+0000] {logging_mixin.py:151} INFO - [2023-09-27T02:38:32.111+0000] {dagbag.py:539} INFO - Filling up the DagBag from /home/airflow/.local/lib/python3.8/site-packages/airflow/example_dags/example_task_group.py
[2023-09-27T02:38:32.122+0000] {processor.py:839} INFO - DAG(s) dict_keys(['example_task_group']) retrieved from /home/airflow/.local/lib/python3.8/site-packages/airflow/example_dags/example_task_group.py
[2023-09-27T02:38:32.161+0000] {logging_mixin.py:151} INFO - [2023-09-27T02:38:32.161+0000] {dag.py:2915} INFO - Sync 1 DAGs
[2023-09-27T02:38:32.200+0000] {logging_mixin.py:151} INFO - [2023-09-27T02:38:32.199+0000] {dag.py:3696} INFO - Setting next_dagrun for example_task_group to 2023-09-26T02:38:32.199224+00:00, run_after=2023-09-27T02:38:32.199224+00:00
[2023-09-27T02:38:32.232+0000] {processor.py:179} INFO - Processing /home/airflow/.local/lib/python3.8/site-packages/airflow/example_dags/example_task_group.py took 0.133 seconds
