[2023-09-27T02:33:44.314+0000] {processor.py:157} INFO - Started process (PID=68) to work on /home/airflow/.local/lib/python3.8/site-packages/airflow/example_dags/example_dynamic_task_mapping.py
[2023-09-27T02:33:44.318+0000] {processor.py:829} INFO - Processing file /home/airflow/.local/lib/python3.8/site-packages/airflow/example_dags/example_dynamic_task_mapping.py for tasks to queue
[2023-09-27T02:33:44.339+0000] {logging_mixin.py:151} INFO - [2023-09-27T02:33:44.338+0000] {dagbag.py:539} INFO - Filling up the DagBag from /home/airflow/.local/lib/python3.8/site-packages/airflow/example_dags/example_dynamic_task_mapping.py
[2023-09-27T02:33:44.373+0000] {processor.py:839} INFO - DAG(s) dict_keys(['example_dynamic_task_mapping']) retrieved from /home/airflow/.local/lib/python3.8/site-packages/airflow/example_dags/example_dynamic_task_mapping.py
[2023-09-27T02:33:44.964+0000] {logging_mixin.py:151} INFO - [2023-09-27T02:33:44.964+0000] {manager.py:499} INFO - Created Permission View: %s
[2023-09-27T02:33:45.010+0000] {logging_mixin.py:151} INFO - [2023-09-27T02:33:45.010+0000] {manager.py:499} INFO - Created Permission View: %s
[2023-09-27T02:33:45.041+0000] {logging_mixin.py:151} INFO - [2023-09-27T02:33:45.040+0000] {manager.py:499} INFO - Created Permission View: %s
[2023-09-27T02:33:45.043+0000] {logging_mixin.py:151} INFO - [2023-09-27T02:33:45.042+0000] {security.py:708} INFO - Not syncing DAG-level permissions for DAG 'DAG:example_dynamic_task_mapping' as access control is unset.
[2023-09-27T02:33:45.045+0000] {logging_mixin.py:151} INFO - [2023-09-27T02:33:45.044+0000] {dag.py:2915} INFO - Sync 1 DAGs
[2023-09-27T02:33:45.119+0000] {logging_mixin.py:151} INFO - [2023-09-27T02:33:45.118+0000] {dag.py:2937} INFO - Creating ORM DAG for example_dynamic_task_mapping
[2023-09-27T02:33:45.157+0000] {logging_mixin.py:151} INFO - [2023-09-27T02:33:45.156+0000] {dag.py:3696} INFO - Setting next_dagrun for example_dynamic_task_mapping to 2022-03-04T00:00:00+00:00, run_after=2022-03-05T00:00:00+00:00
[2023-09-27T02:33:45.228+0000] {processor.py:179} INFO - Processing /home/airflow/.local/lib/python3.8/site-packages/airflow/example_dags/example_dynamic_task_mapping.py took 0.922 seconds
[2023-09-27T02:34:15.575+0000] {processor.py:157} INFO - Started process (PID=122) to work on /home/airflow/.local/lib/python3.8/site-packages/airflow/example_dags/example_dynamic_task_mapping.py
[2023-09-27T02:34:15.581+0000] {processor.py:829} INFO - Processing file /home/airflow/.local/lib/python3.8/site-packages/airflow/example_dags/example_dynamic_task_mapping.py for tasks to queue
[2023-09-27T02:34:15.590+0000] {logging_mixin.py:151} INFO - [2023-09-27T02:34:15.589+0000] {dagbag.py:539} INFO - Filling up the DagBag from /home/airflow/.local/lib/python3.8/site-packages/airflow/example_dags/example_dynamic_task_mapping.py
[2023-09-27T02:34:15.619+0000] {processor.py:839} INFO - DAG(s) dict_keys(['example_dynamic_task_mapping']) retrieved from /home/airflow/.local/lib/python3.8/site-packages/airflow/example_dags/example_dynamic_task_mapping.py
[2023-09-27T02:34:15.685+0000] {logging_mixin.py:151} INFO - [2023-09-27T02:34:15.685+0000] {dag.py:2915} INFO - Sync 1 DAGs
[2023-09-27T02:34:15.777+0000] {logging_mixin.py:151} INFO - [2023-09-27T02:34:15.776+0000] {dag.py:3696} INFO - Setting next_dagrun for example_dynamic_task_mapping to 2022-03-04T00:00:00+00:00, run_after=2022-03-05T00:00:00+00:00
[2023-09-27T02:34:15.849+0000] {processor.py:179} INFO - Processing /home/airflow/.local/lib/python3.8/site-packages/airflow/example_dags/example_dynamic_task_mapping.py took 0.285 seconds
[2023-09-27T02:34:46.731+0000] {processor.py:157} INFO - Started process (PID=176) to work on /home/airflow/.local/lib/python3.8/site-packages/airflow/example_dags/example_dynamic_task_mapping.py
[2023-09-27T02:34:46.734+0000] {processor.py:829} INFO - Processing file /home/airflow/.local/lib/python3.8/site-packages/airflow/example_dags/example_dynamic_task_mapping.py for tasks to queue
[2023-09-27T02:34:46.741+0000] {logging_mixin.py:151} INFO - [2023-09-27T02:34:46.740+0000] {dagbag.py:539} INFO - Filling up the DagBag from /home/airflow/.local/lib/python3.8/site-packages/airflow/example_dags/example_dynamic_task_mapping.py
[2023-09-27T02:34:46.766+0000] {processor.py:839} INFO - DAG(s) dict_keys(['example_dynamic_task_mapping']) retrieved from /home/airflow/.local/lib/python3.8/site-packages/airflow/example_dags/example_dynamic_task_mapping.py
[2023-09-27T02:34:46.858+0000] {logging_mixin.py:151} INFO - [2023-09-27T02:34:46.857+0000] {dag.py:2915} INFO - Sync 1 DAGs
[2023-09-27T02:34:47.022+0000] {logging_mixin.py:151} INFO - [2023-09-27T02:34:47.018+0000] {dag.py:3696} INFO - Setting next_dagrun for example_dynamic_task_mapping to 2022-03-04T00:00:00+00:00, run_after=2022-03-05T00:00:00+00:00
[2023-09-27T02:34:47.148+0000] {processor.py:179} INFO - Processing /home/airflow/.local/lib/python3.8/site-packages/airflow/example_dags/example_dynamic_task_mapping.py took 0.433 seconds
[2023-09-27T02:35:17.948+0000] {processor.py:157} INFO - Started process (PID=230) to work on /home/airflow/.local/lib/python3.8/site-packages/airflow/example_dags/example_dynamic_task_mapping.py
[2023-09-27T02:35:17.956+0000] {processor.py:829} INFO - Processing file /home/airflow/.local/lib/python3.8/site-packages/airflow/example_dags/example_dynamic_task_mapping.py for tasks to queue
[2023-09-27T02:35:17.960+0000] {logging_mixin.py:151} INFO - [2023-09-27T02:35:17.959+0000] {dagbag.py:539} INFO - Filling up the DagBag from /home/airflow/.local/lib/python3.8/site-packages/airflow/example_dags/example_dynamic_task_mapping.py
[2023-09-27T02:35:17.969+0000] {processor.py:839} INFO - DAG(s) dict_keys(['example_dynamic_task_mapping']) retrieved from /home/airflow/.local/lib/python3.8/site-packages/airflow/example_dags/example_dynamic_task_mapping.py
[2023-09-27T02:35:17.998+0000] {logging_mixin.py:151} INFO - [2023-09-27T02:35:17.998+0000] {dag.py:2915} INFO - Sync 1 DAGs
[2023-09-27T02:35:18.028+0000] {logging_mixin.py:151} INFO - [2023-09-27T02:35:18.028+0000] {dag.py:3696} INFO - Setting next_dagrun for example_dynamic_task_mapping to 2022-03-04T00:00:00+00:00, run_after=2022-03-05T00:00:00+00:00
[2023-09-27T02:35:18.057+0000] {processor.py:179} INFO - Processing /home/airflow/.local/lib/python3.8/site-packages/airflow/example_dags/example_dynamic_task_mapping.py took 0.114 seconds
[2023-09-27T02:35:48.162+0000] {processor.py:157} INFO - Started process (PID=284) to work on /home/airflow/.local/lib/python3.8/site-packages/airflow/example_dags/example_dynamic_task_mapping.py
[2023-09-27T02:35:48.164+0000] {processor.py:829} INFO - Processing file /home/airflow/.local/lib/python3.8/site-packages/airflow/example_dags/example_dynamic_task_mapping.py for tasks to queue
[2023-09-27T02:35:48.169+0000] {logging_mixin.py:151} INFO - [2023-09-27T02:35:48.169+0000] {dagbag.py:539} INFO - Filling up the DagBag from /home/airflow/.local/lib/python3.8/site-packages/airflow/example_dags/example_dynamic_task_mapping.py
[2023-09-27T02:35:48.182+0000] {processor.py:839} INFO - DAG(s) dict_keys(['example_dynamic_task_mapping']) retrieved from /home/airflow/.local/lib/python3.8/site-packages/airflow/example_dags/example_dynamic_task_mapping.py
[2023-09-27T02:35:48.213+0000] {logging_mixin.py:151} INFO - [2023-09-27T02:35:48.213+0000] {dag.py:2915} INFO - Sync 1 DAGs
[2023-09-27T02:35:48.253+0000] {logging_mixin.py:151} INFO - [2023-09-27T02:35:48.252+0000] {dag.py:3696} INFO - Setting next_dagrun for example_dynamic_task_mapping to 2022-03-04T00:00:00+00:00, run_after=2022-03-05T00:00:00+00:00
[2023-09-27T02:35:48.283+0000] {processor.py:179} INFO - Processing /home/airflow/.local/lib/python3.8/site-packages/airflow/example_dags/example_dynamic_task_mapping.py took 0.127 seconds
[2023-09-27T02:36:18.829+0000] {processor.py:157} INFO - Started process (PID=338) to work on /home/airflow/.local/lib/python3.8/site-packages/airflow/example_dags/example_dynamic_task_mapping.py
[2023-09-27T02:36:18.831+0000] {processor.py:829} INFO - Processing file /home/airflow/.local/lib/python3.8/site-packages/airflow/example_dags/example_dynamic_task_mapping.py for tasks to queue
[2023-09-27T02:36:18.840+0000] {logging_mixin.py:151} INFO - [2023-09-27T02:36:18.839+0000] {dagbag.py:539} INFO - Filling up the DagBag from /home/airflow/.local/lib/python3.8/site-packages/airflow/example_dags/example_dynamic_task_mapping.py
[2023-09-27T02:36:18.858+0000] {processor.py:839} INFO - DAG(s) dict_keys(['example_dynamic_task_mapping']) retrieved from /home/airflow/.local/lib/python3.8/site-packages/airflow/example_dags/example_dynamic_task_mapping.py
[2023-09-27T02:36:18.898+0000] {logging_mixin.py:151} INFO - [2023-09-27T02:36:18.897+0000] {dag.py:2915} INFO - Sync 1 DAGs
[2023-09-27T02:36:18.939+0000] {logging_mixin.py:151} INFO - [2023-09-27T02:36:18.939+0000] {dag.py:3696} INFO - Setting next_dagrun for example_dynamic_task_mapping to 2022-03-04T00:00:00+00:00, run_after=2022-03-05T00:00:00+00:00
[2023-09-27T02:36:18.966+0000] {processor.py:179} INFO - Processing /home/airflow/.local/lib/python3.8/site-packages/airflow/example_dags/example_dynamic_task_mapping.py took 0.147 seconds
[2023-09-27T02:36:50.291+0000] {processor.py:157} INFO - Started process (PID=402) to work on /home/airflow/.local/lib/python3.8/site-packages/airflow/example_dags/example_dynamic_task_mapping.py
[2023-09-27T02:36:50.294+0000] {processor.py:829} INFO - Processing file /home/airflow/.local/lib/python3.8/site-packages/airflow/example_dags/example_dynamic_task_mapping.py for tasks to queue
[2023-09-27T02:36:50.303+0000] {logging_mixin.py:151} INFO - [2023-09-27T02:36:50.300+0000] {dagbag.py:539} INFO - Filling up the DagBag from /home/airflow/.local/lib/python3.8/site-packages/airflow/example_dags/example_dynamic_task_mapping.py
[2023-09-27T02:36:50.322+0000] {processor.py:839} INFO - DAG(s) dict_keys(['example_dynamic_task_mapping']) retrieved from /home/airflow/.local/lib/python3.8/site-packages/airflow/example_dags/example_dynamic_task_mapping.py
[2023-09-27T02:36:50.371+0000] {logging_mixin.py:151} INFO - [2023-09-27T02:36:50.370+0000] {dag.py:2915} INFO - Sync 1 DAGs
[2023-09-27T02:36:50.430+0000] {logging_mixin.py:151} INFO - [2023-09-27T02:36:50.430+0000] {dag.py:3696} INFO - Setting next_dagrun for example_dynamic_task_mapping to 2022-03-04T00:00:00+00:00, run_after=2022-03-05T00:00:00+00:00
[2023-09-27T02:36:50.481+0000] {processor.py:179} INFO - Processing /home/airflow/.local/lib/python3.8/site-packages/airflow/example_dags/example_dynamic_task_mapping.py took 0.203 seconds
[2023-09-27T02:37:20.582+0000] {processor.py:157} INFO - Started process (PID=455) to work on /home/airflow/.local/lib/python3.8/site-packages/airflow/example_dags/example_dynamic_task_mapping.py
[2023-09-27T02:37:20.583+0000] {processor.py:829} INFO - Processing file /home/airflow/.local/lib/python3.8/site-packages/airflow/example_dags/example_dynamic_task_mapping.py for tasks to queue
[2023-09-27T02:37:20.588+0000] {logging_mixin.py:151} INFO - [2023-09-27T02:37:20.587+0000] {dagbag.py:539} INFO - Filling up the DagBag from /home/airflow/.local/lib/python3.8/site-packages/airflow/example_dags/example_dynamic_task_mapping.py
[2023-09-27T02:37:20.596+0000] {processor.py:839} INFO - DAG(s) dict_keys(['example_dynamic_task_mapping']) retrieved from /home/airflow/.local/lib/python3.8/site-packages/airflow/example_dags/example_dynamic_task_mapping.py
[2023-09-27T02:37:20.624+0000] {logging_mixin.py:151} INFO - [2023-09-27T02:37:20.624+0000] {dag.py:2915} INFO - Sync 1 DAGs
[2023-09-27T02:37:20.657+0000] {logging_mixin.py:151} INFO - [2023-09-27T02:37:20.657+0000] {dag.py:3696} INFO - Setting next_dagrun for example_dynamic_task_mapping to 2022-03-04T00:00:00+00:00, run_after=2022-03-05T00:00:00+00:00
[2023-09-27T02:37:20.689+0000] {processor.py:179} INFO - Processing /home/airflow/.local/lib/python3.8/site-packages/airflow/example_dags/example_dynamic_task_mapping.py took 0.111 seconds
[2023-09-27T02:37:51.005+0000] {processor.py:157} INFO - Started process (PID=509) to work on /home/airflow/.local/lib/python3.8/site-packages/airflow/example_dags/example_dynamic_task_mapping.py
[2023-09-27T02:37:51.007+0000] {processor.py:829} INFO - Processing file /home/airflow/.local/lib/python3.8/site-packages/airflow/example_dags/example_dynamic_task_mapping.py for tasks to queue
[2023-09-27T02:37:51.010+0000] {logging_mixin.py:151} INFO - [2023-09-27T02:37:51.010+0000] {dagbag.py:539} INFO - Filling up the DagBag from /home/airflow/.local/lib/python3.8/site-packages/airflow/example_dags/example_dynamic_task_mapping.py
[2023-09-27T02:37:51.018+0000] {processor.py:839} INFO - DAG(s) dict_keys(['example_dynamic_task_mapping']) retrieved from /home/airflow/.local/lib/python3.8/site-packages/airflow/example_dags/example_dynamic_task_mapping.py
[2023-09-27T02:37:51.041+0000] {logging_mixin.py:151} INFO - [2023-09-27T02:37:51.041+0000] {dag.py:2915} INFO - Sync 1 DAGs
[2023-09-27T02:37:51.070+0000] {logging_mixin.py:151} INFO - [2023-09-27T02:37:51.070+0000] {dag.py:3696} INFO - Setting next_dagrun for example_dynamic_task_mapping to 2022-03-04T00:00:00+00:00, run_after=2022-03-05T00:00:00+00:00
[2023-09-27T02:37:51.097+0000] {processor.py:179} INFO - Processing /home/airflow/.local/lib/python3.8/site-packages/airflow/example_dags/example_dynamic_task_mapping.py took 0.096 seconds
[2023-09-27T02:38:22.061+0000] {processor.py:157} INFO - Started process (PID=563) to work on /home/airflow/.local/lib/python3.8/site-packages/airflow/example_dags/example_dynamic_task_mapping.py
[2023-09-27T02:38:22.067+0000] {processor.py:829} INFO - Processing file /home/airflow/.local/lib/python3.8/site-packages/airflow/example_dags/example_dynamic_task_mapping.py for tasks to queue
[2023-09-27T02:38:22.072+0000] {logging_mixin.py:151} INFO - [2023-09-27T02:38:22.071+0000] {dagbag.py:539} INFO - Filling up the DagBag from /home/airflow/.local/lib/python3.8/site-packages/airflow/example_dags/example_dynamic_task_mapping.py
[2023-09-27T02:38:22.086+0000] {processor.py:839} INFO - DAG(s) dict_keys(['example_dynamic_task_mapping']) retrieved from /home/airflow/.local/lib/python3.8/site-packages/airflow/example_dags/example_dynamic_task_mapping.py
[2023-09-27T02:38:22.126+0000] {logging_mixin.py:151} INFO - [2023-09-27T02:38:22.125+0000] {dag.py:2915} INFO - Sync 1 DAGs
[2023-09-27T02:38:22.170+0000] {logging_mixin.py:151} INFO - [2023-09-27T02:38:22.169+0000] {dag.py:3696} INFO - Setting next_dagrun for example_dynamic_task_mapping to 2022-03-04T00:00:00+00:00, run_after=2022-03-05T00:00:00+00:00
[2023-09-27T02:38:22.203+0000] {processor.py:179} INFO - Processing /home/airflow/.local/lib/python3.8/site-packages/airflow/example_dags/example_dynamic_task_mapping.py took 0.150 seconds
