[2023-09-27T02:33:33.187+0000] {processor.py:157} INFO - Started process (PID=50) to work on /home/airflow/.local/lib/python3.8/site-packages/airflow/example_dags/example_trigger_target_dag.py
[2023-09-27T02:33:33.195+0000] {processor.py:829} INFO - Processing file /home/airflow/.local/lib/python3.8/site-packages/airflow/example_dags/example_trigger_target_dag.py for tasks to queue
[2023-09-27T02:33:33.206+0000] {logging_mixin.py:151} INFO - [2023-09-27T02:33:33.204+0000] {dagbag.py:539} INFO - Filling up the DagBag from /home/airflow/.local/lib/python3.8/site-packages/airflow/example_dags/example_trigger_target_dag.py
[2023-09-27T02:33:33.247+0000] {processor.py:839} INFO - DAG(s) dict_keys(['example_trigger_target_dag']) retrieved from /home/airflow/.local/lib/python3.8/site-packages/airflow/example_dags/example_trigger_target_dag.py
[2023-09-27T02:33:33.739+0000] {logging_mixin.py:151} INFO - [2023-09-27T02:33:33.738+0000] {manager.py:499} INFO - Created Permission View: %s
[2023-09-27T02:33:33.800+0000] {logging_mixin.py:151} INFO - [2023-09-27T02:33:33.799+0000] {manager.py:499} INFO - Created Permission View: %s
[2023-09-27T02:33:33.849+0000] {logging_mixin.py:151} INFO - [2023-09-27T02:33:33.848+0000] {manager.py:499} INFO - Created Permission View: %s
[2023-09-27T02:33:33.850+0000] {logging_mixin.py:151} INFO - [2023-09-27T02:33:33.850+0000] {security.py:708} INFO - Not syncing DAG-level permissions for DAG 'DAG:example_trigger_target_dag' as access control is unset.
[2023-09-27T02:33:33.853+0000] {logging_mixin.py:151} INFO - [2023-09-27T02:33:33.853+0000] {dag.py:2915} INFO - Sync 1 DAGs
[2023-09-27T02:33:33.912+0000] {logging_mixin.py:151} INFO - [2023-09-27T02:33:33.906+0000] {dag.py:2937} INFO - Creating ORM DAG for example_trigger_target_dag
[2023-09-27T02:33:33.918+0000] {logging_mixin.py:151} INFO - [2023-09-27T02:33:33.917+0000] {dag.py:3696} INFO - Setting next_dagrun for example_trigger_target_dag to None, run_after=None
[2023-09-27T02:33:34.019+0000] {processor.py:179} INFO - Processing /home/airflow/.local/lib/python3.8/site-packages/airflow/example_dags/example_trigger_target_dag.py took 0.852 seconds
[2023-09-27T02:34:04.854+0000] {processor.py:157} INFO - Started process (PID=103) to work on /home/airflow/.local/lib/python3.8/site-packages/airflow/example_dags/example_trigger_target_dag.py
[2023-09-27T02:34:04.865+0000] {processor.py:829} INFO - Processing file /home/airflow/.local/lib/python3.8/site-packages/airflow/example_dags/example_trigger_target_dag.py for tasks to queue
[2023-09-27T02:34:04.872+0000] {logging_mixin.py:151} INFO - [2023-09-27T02:34:04.872+0000] {dagbag.py:539} INFO - Filling up the DagBag from /home/airflow/.local/lib/python3.8/site-packages/airflow/example_dags/example_trigger_target_dag.py
[2023-09-27T02:34:04.891+0000] {processor.py:839} INFO - DAG(s) dict_keys(['example_trigger_target_dag']) retrieved from /home/airflow/.local/lib/python3.8/site-packages/airflow/example_dags/example_trigger_target_dag.py
[2023-09-27T02:34:04.995+0000] {logging_mixin.py:151} INFO - [2023-09-27T02:34:04.995+0000] {dag.py:2915} INFO - Sync 1 DAGs
[2023-09-27T02:34:05.079+0000] {logging_mixin.py:151} INFO - [2023-09-27T02:34:05.079+0000] {dag.py:3696} INFO - Setting next_dagrun for example_trigger_target_dag to None, run_after=None
[2023-09-27T02:34:05.187+0000] {processor.py:179} INFO - Processing /home/airflow/.local/lib/python3.8/site-packages/airflow/example_dags/example_trigger_target_dag.py took 0.340 seconds
[2023-09-27T02:34:35.719+0000] {processor.py:157} INFO - Started process (PID=157) to work on /home/airflow/.local/lib/python3.8/site-packages/airflow/example_dags/example_trigger_target_dag.py
[2023-09-27T02:34:35.726+0000] {processor.py:829} INFO - Processing file /home/airflow/.local/lib/python3.8/site-packages/airflow/example_dags/example_trigger_target_dag.py for tasks to queue
[2023-09-27T02:34:35.732+0000] {logging_mixin.py:151} INFO - [2023-09-27T02:34:35.731+0000] {dagbag.py:539} INFO - Filling up the DagBag from /home/airflow/.local/lib/python3.8/site-packages/airflow/example_dags/example_trigger_target_dag.py
[2023-09-27T02:34:35.745+0000] {processor.py:839} INFO - DAG(s) dict_keys(['example_trigger_target_dag']) retrieved from /home/airflow/.local/lib/python3.8/site-packages/airflow/example_dags/example_trigger_target_dag.py
[2023-09-27T02:34:35.780+0000] {logging_mixin.py:151} INFO - [2023-09-27T02:34:35.779+0000] {dag.py:2915} INFO - Sync 1 DAGs
[2023-09-27T02:34:35.797+0000] {logging_mixin.py:151} INFO - [2023-09-27T02:34:35.797+0000] {dag.py:3696} INFO - Setting next_dagrun for example_trigger_target_dag to None, run_after=None
[2023-09-27T02:34:35.825+0000] {processor.py:179} INFO - Processing /home/airflow/.local/lib/python3.8/site-packages/airflow/example_dags/example_trigger_target_dag.py took 0.111 seconds
[2023-09-27T02:35:06.157+0000] {processor.py:157} INFO - Started process (PID=211) to work on /home/airflow/.local/lib/python3.8/site-packages/airflow/example_dags/example_trigger_target_dag.py
[2023-09-27T02:35:06.165+0000] {processor.py:829} INFO - Processing file /home/airflow/.local/lib/python3.8/site-packages/airflow/example_dags/example_trigger_target_dag.py for tasks to queue
[2023-09-27T02:35:06.171+0000] {logging_mixin.py:151} INFO - [2023-09-27T02:35:06.170+0000] {dagbag.py:539} INFO - Filling up the DagBag from /home/airflow/.local/lib/python3.8/site-packages/airflow/example_dags/example_trigger_target_dag.py
[2023-09-27T02:35:06.184+0000] {processor.py:839} INFO - DAG(s) dict_keys(['example_trigger_target_dag']) retrieved from /home/airflow/.local/lib/python3.8/site-packages/airflow/example_dags/example_trigger_target_dag.py
[2023-09-27T02:35:06.226+0000] {logging_mixin.py:151} INFO - [2023-09-27T02:35:06.226+0000] {dag.py:2915} INFO - Sync 1 DAGs
[2023-09-27T02:35:06.254+0000] {logging_mixin.py:151} INFO - [2023-09-27T02:35:06.253+0000] {dag.py:3696} INFO - Setting next_dagrun for example_trigger_target_dag to None, run_after=None
[2023-09-27T02:35:06.292+0000] {processor.py:179} INFO - Processing /home/airflow/.local/lib/python3.8/site-packages/airflow/example_dags/example_trigger_target_dag.py took 0.141 seconds
[2023-09-27T02:35:36.802+0000] {processor.py:157} INFO - Started process (PID=264) to work on /home/airflow/.local/lib/python3.8/site-packages/airflow/example_dags/example_trigger_target_dag.py
[2023-09-27T02:35:36.806+0000] {processor.py:829} INFO - Processing file /home/airflow/.local/lib/python3.8/site-packages/airflow/example_dags/example_trigger_target_dag.py for tasks to queue
[2023-09-27T02:35:36.814+0000] {logging_mixin.py:151} INFO - [2023-09-27T02:35:36.813+0000] {dagbag.py:539} INFO - Filling up the DagBag from /home/airflow/.local/lib/python3.8/site-packages/airflow/example_dags/example_trigger_target_dag.py
[2023-09-27T02:35:36.830+0000] {processor.py:839} INFO - DAG(s) dict_keys(['example_trigger_target_dag']) retrieved from /home/airflow/.local/lib/python3.8/site-packages/airflow/example_dags/example_trigger_target_dag.py
[2023-09-27T02:35:36.895+0000] {logging_mixin.py:151} INFO - [2023-09-27T02:35:36.894+0000] {dag.py:2915} INFO - Sync 1 DAGs
[2023-09-27T02:35:36.932+0000] {logging_mixin.py:151} INFO - [2023-09-27T02:35:36.931+0000] {dag.py:3696} INFO - Setting next_dagrun for example_trigger_target_dag to None, run_after=None
[2023-09-27T02:35:36.998+0000] {processor.py:179} INFO - Processing /home/airflow/.local/lib/python3.8/site-packages/airflow/example_dags/example_trigger_target_dag.py took 0.220 seconds
[2023-09-27T02:36:07.312+0000] {processor.py:157} INFO - Started process (PID=317) to work on /home/airflow/.local/lib/python3.8/site-packages/airflow/example_dags/example_trigger_target_dag.py
[2023-09-27T02:36:07.315+0000] {processor.py:829} INFO - Processing file /home/airflow/.local/lib/python3.8/site-packages/airflow/example_dags/example_trigger_target_dag.py for tasks to queue
[2023-09-27T02:36:07.324+0000] {logging_mixin.py:151} INFO - [2023-09-27T02:36:07.323+0000] {dagbag.py:539} INFO - Filling up the DagBag from /home/airflow/.local/lib/python3.8/site-packages/airflow/example_dags/example_trigger_target_dag.py
[2023-09-27T02:36:07.339+0000] {processor.py:839} INFO - DAG(s) dict_keys(['example_trigger_target_dag']) retrieved from /home/airflow/.local/lib/python3.8/site-packages/airflow/example_dags/example_trigger_target_dag.py
[2023-09-27T02:36:07.392+0000] {logging_mixin.py:151} INFO - [2023-09-27T02:36:07.392+0000] {dag.py:2915} INFO - Sync 1 DAGs
[2023-09-27T02:36:07.438+0000] {logging_mixin.py:151} INFO - [2023-09-27T02:36:07.437+0000] {dag.py:3696} INFO - Setting next_dagrun for example_trigger_target_dag to None, run_after=None
[2023-09-27T02:36:07.529+0000] {processor.py:179} INFO - Processing /home/airflow/.local/lib/python3.8/site-packages/airflow/example_dags/example_trigger_target_dag.py took 0.229 seconds
[2023-09-27T02:36:38.743+0000] {processor.py:157} INFO - Started process (PID=375) to work on /home/airflow/.local/lib/python3.8/site-packages/airflow/example_dags/example_trigger_target_dag.py
[2023-09-27T02:36:38.790+0000] {processor.py:829} INFO - Processing file /home/airflow/.local/lib/python3.8/site-packages/airflow/example_dags/example_trigger_target_dag.py for tasks to queue
[2023-09-27T02:36:38.909+0000] {logging_mixin.py:151} INFO - [2023-09-27T02:36:38.899+0000] {dagbag.py:539} INFO - Filling up the DagBag from /home/airflow/.local/lib/python3.8/site-packages/airflow/example_dags/example_trigger_target_dag.py
[2023-09-27T02:36:39.058+0000] {processor.py:839} INFO - DAG(s) dict_keys(['example_trigger_target_dag']) retrieved from /home/airflow/.local/lib/python3.8/site-packages/airflow/example_dags/example_trigger_target_dag.py
[2023-09-27T02:36:39.346+0000] {logging_mixin.py:151} INFO - [2023-09-27T02:36:39.345+0000] {dag.py:2915} INFO - Sync 1 DAGs
[2023-09-27T02:36:39.405+0000] {logging_mixin.py:151} INFO - [2023-09-27T02:36:39.404+0000] {dag.py:3696} INFO - Setting next_dagrun for example_trigger_target_dag to None, run_after=None
[2023-09-27T02:36:39.495+0000] {processor.py:179} INFO - Processing /home/airflow/.local/lib/python3.8/site-packages/airflow/example_dags/example_trigger_target_dag.py took 0.771 seconds
[2023-09-27T02:37:09.727+0000] {processor.py:157} INFO - Started process (PID=435) to work on /home/airflow/.local/lib/python3.8/site-packages/airflow/example_dags/example_trigger_target_dag.py
[2023-09-27T02:37:09.729+0000] {processor.py:829} INFO - Processing file /home/airflow/.local/lib/python3.8/site-packages/airflow/example_dags/example_trigger_target_dag.py for tasks to queue
[2023-09-27T02:37:09.735+0000] {logging_mixin.py:151} INFO - [2023-09-27T02:37:09.735+0000] {dagbag.py:539} INFO - Filling up the DagBag from /home/airflow/.local/lib/python3.8/site-packages/airflow/example_dags/example_trigger_target_dag.py
[2023-09-27T02:37:09.755+0000] {processor.py:839} INFO - DAG(s) dict_keys(['example_trigger_target_dag']) retrieved from /home/airflow/.local/lib/python3.8/site-packages/airflow/example_dags/example_trigger_target_dag.py
[2023-09-27T02:37:09.818+0000] {logging_mixin.py:151} INFO - [2023-09-27T02:37:09.818+0000] {dag.py:2915} INFO - Sync 1 DAGs
[2023-09-27T02:37:09.863+0000] {logging_mixin.py:151} INFO - [2023-09-27T02:37:09.862+0000] {dag.py:3696} INFO - Setting next_dagrun for example_trigger_target_dag to None, run_after=None
[2023-09-27T02:37:09.917+0000] {processor.py:179} INFO - Processing /home/airflow/.local/lib/python3.8/site-packages/airflow/example_dags/example_trigger_target_dag.py took 0.207 seconds
[2023-09-27T02:37:40.091+0000] {processor.py:157} INFO - Started process (PID=489) to work on /home/airflow/.local/lib/python3.8/site-packages/airflow/example_dags/example_trigger_target_dag.py
[2023-09-27T02:37:40.093+0000] {processor.py:829} INFO - Processing file /home/airflow/.local/lib/python3.8/site-packages/airflow/example_dags/example_trigger_target_dag.py for tasks to queue
[2023-09-27T02:37:40.096+0000] {logging_mixin.py:151} INFO - [2023-09-27T02:37:40.096+0000] {dagbag.py:539} INFO - Filling up the DagBag from /home/airflow/.local/lib/python3.8/site-packages/airflow/example_dags/example_trigger_target_dag.py
[2023-09-27T02:37:40.109+0000] {processor.py:839} INFO - DAG(s) dict_keys(['example_trigger_target_dag']) retrieved from /home/airflow/.local/lib/python3.8/site-packages/airflow/example_dags/example_trigger_target_dag.py
[2023-09-27T02:37:40.147+0000] {logging_mixin.py:151} INFO - [2023-09-27T02:37:40.147+0000] {dag.py:2915} INFO - Sync 1 DAGs
[2023-09-27T02:37:40.174+0000] {logging_mixin.py:151} INFO - [2023-09-27T02:37:40.174+0000] {dag.py:3696} INFO - Setting next_dagrun for example_trigger_target_dag to None, run_after=None
[2023-09-27T02:37:40.213+0000] {processor.py:179} INFO - Processing /home/airflow/.local/lib/python3.8/site-packages/airflow/example_dags/example_trigger_target_dag.py took 0.128 seconds
[2023-09-27T02:38:10.954+0000] {processor.py:157} INFO - Started process (PID=543) to work on /home/airflow/.local/lib/python3.8/site-packages/airflow/example_dags/example_trigger_target_dag.py
[2023-09-27T02:38:10.955+0000] {processor.py:829} INFO - Processing file /home/airflow/.local/lib/python3.8/site-packages/airflow/example_dags/example_trigger_target_dag.py for tasks to queue
[2023-09-27T02:38:10.959+0000] {logging_mixin.py:151} INFO - [2023-09-27T02:38:10.959+0000] {dagbag.py:539} INFO - Filling up the DagBag from /home/airflow/.local/lib/python3.8/site-packages/airflow/example_dags/example_trigger_target_dag.py
[2023-09-27T02:38:10.967+0000] {processor.py:839} INFO - DAG(s) dict_keys(['example_trigger_target_dag']) retrieved from /home/airflow/.local/lib/python3.8/site-packages/airflow/example_dags/example_trigger_target_dag.py
[2023-09-27T02:38:10.998+0000] {logging_mixin.py:151} INFO - [2023-09-27T02:38:10.997+0000] {dag.py:2915} INFO - Sync 1 DAGs
[2023-09-27T02:38:11.016+0000] {logging_mixin.py:151} INFO - [2023-09-27T02:38:11.016+0000] {dag.py:3696} INFO - Setting next_dagrun for example_trigger_target_dag to None, run_after=None
[2023-09-27T02:38:11.048+0000] {processor.py:179} INFO - Processing /home/airflow/.local/lib/python3.8/site-packages/airflow/example_dags/example_trigger_target_dag.py took 0.100 seconds
[2023-09-27T02:38:41.744+0000] {processor.py:157} INFO - Started process (PID=597) to work on /home/airflow/.local/lib/python3.8/site-packages/airflow/example_dags/example_trigger_target_dag.py
[2023-09-27T02:38:41.745+0000] {processor.py:829} INFO - Processing file /home/airflow/.local/lib/python3.8/site-packages/airflow/example_dags/example_trigger_target_dag.py for tasks to queue
[2023-09-27T02:38:41.748+0000] {logging_mixin.py:151} INFO - [2023-09-27T02:38:41.748+0000] {dagbag.py:539} INFO - Filling up the DagBag from /home/airflow/.local/lib/python3.8/site-packages/airflow/example_dags/example_trigger_target_dag.py
[2023-09-27T02:38:41.755+0000] {processor.py:839} INFO - DAG(s) dict_keys(['example_trigger_target_dag']) retrieved from /home/airflow/.local/lib/python3.8/site-packages/airflow/example_dags/example_trigger_target_dag.py
[2023-09-27T02:38:41.779+0000] {logging_mixin.py:151} INFO - [2023-09-27T02:38:41.779+0000] {dag.py:2915} INFO - Sync 1 DAGs
[2023-09-27T02:38:41.795+0000] {logging_mixin.py:151} INFO - [2023-09-27T02:38:41.795+0000] {dag.py:3696} INFO - Setting next_dagrun for example_trigger_target_dag to None, run_after=None
[2023-09-27T02:38:41.819+0000] {processor.py:179} INFO - Processing /home/airflow/.local/lib/python3.8/site-packages/airflow/example_dags/example_trigger_target_dag.py took 0.078 seconds
