[2023-09-27T02:33:56.306+0000] {processor.py:157} INFO - Started process (PID=88) to work on /home/airflow/.local/lib/python3.8/site-packages/airflow/example_dags/example_xcom.py
[2023-09-27T02:33:56.310+0000] {processor.py:829} INFO - Processing file /home/airflow/.local/lib/python3.8/site-packages/airflow/example_dags/example_xcom.py for tasks to queue
[2023-09-27T02:33:56.321+0000] {logging_mixin.py:151} INFO - [2023-09-27T02:33:56.320+0000] {dagbag.py:539} INFO - Filling up the DagBag from /home/airflow/.local/lib/python3.8/site-packages/airflow/example_dags/example_xcom.py
[2023-09-27T02:33:56.366+0000] {processor.py:839} INFO - DAG(s) dict_keys(['example_xcom']) retrieved from /home/airflow/.local/lib/python3.8/site-packages/airflow/example_dags/example_xcom.py
[2023-09-27T02:33:56.776+0000] {logging_mixin.py:151} INFO - [2023-09-27T02:33:56.775+0000] {manager.py:499} INFO - Created Permission View: %s
[2023-09-27T02:33:56.807+0000] {logging_mixin.py:151} INFO - [2023-09-27T02:33:56.807+0000] {manager.py:499} INFO - Created Permission View: %s
[2023-09-27T02:33:56.830+0000] {logging_mixin.py:151} INFO - [2023-09-27T02:33:56.830+0000] {manager.py:499} INFO - Created Permission View: %s
[2023-09-27T02:33:56.832+0000] {logging_mixin.py:151} INFO - [2023-09-27T02:33:56.831+0000] {security.py:708} INFO - Not syncing DAG-level permissions for DAG 'DAG:example_xcom' as access control is unset.
[2023-09-27T02:33:56.833+0000] {logging_mixin.py:151} INFO - [2023-09-27T02:33:56.833+0000] {dag.py:2915} INFO - Sync 1 DAGs
[2023-09-27T02:33:56.867+0000] {logging_mixin.py:151} INFO - [2023-09-27T02:33:56.866+0000] {dag.py:2937} INFO - Creating ORM DAG for example_xcom
[2023-09-27T02:33:56.917+0000] {logging_mixin.py:151} INFO - [2023-09-27T02:33:56.916+0000] {dag.py:3696} INFO - Setting next_dagrun for example_xcom to 2021-01-01T00:00:00+00:00, run_after=2021-01-01T00:00:00+00:00
[2023-09-27T02:33:57.001+0000] {processor.py:179} INFO - Processing /home/airflow/.local/lib/python3.8/site-packages/airflow/example_dags/example_xcom.py took 0.707 seconds
[2023-09-27T02:34:27.171+0000] {processor.py:157} INFO - Started process (PID=142) to work on /home/airflow/.local/lib/python3.8/site-packages/airflow/example_dags/example_xcom.py
[2023-09-27T02:34:27.174+0000] {processor.py:829} INFO - Processing file /home/airflow/.local/lib/python3.8/site-packages/airflow/example_dags/example_xcom.py for tasks to queue
[2023-09-27T02:34:27.178+0000] {logging_mixin.py:151} INFO - [2023-09-27T02:34:27.177+0000] {dagbag.py:539} INFO - Filling up the DagBag from /home/airflow/.local/lib/python3.8/site-packages/airflow/example_dags/example_xcom.py
[2023-09-27T02:34:27.187+0000] {processor.py:839} INFO - DAG(s) dict_keys(['example_xcom']) retrieved from /home/airflow/.local/lib/python3.8/site-packages/airflow/example_dags/example_xcom.py
[2023-09-27T02:34:27.216+0000] {logging_mixin.py:151} INFO - [2023-09-27T02:34:27.216+0000] {dag.py:2915} INFO - Sync 1 DAGs
[2023-09-27T02:34:27.250+0000] {logging_mixin.py:151} INFO - [2023-09-27T02:34:27.250+0000] {dag.py:3696} INFO - Setting next_dagrun for example_xcom to 2021-01-01T00:00:00+00:00, run_after=2021-01-01T00:00:00+00:00
[2023-09-27T02:34:27.276+0000] {processor.py:179} INFO - Processing /home/airflow/.local/lib/python3.8/site-packages/airflow/example_dags/example_xcom.py took 0.110 seconds
[2023-09-27T02:34:57.622+0000] {processor.py:157} INFO - Started process (PID=196) to work on /home/airflow/.local/lib/python3.8/site-packages/airflow/example_dags/example_xcom.py
[2023-09-27T02:34:57.625+0000] {processor.py:829} INFO - Processing file /home/airflow/.local/lib/python3.8/site-packages/airflow/example_dags/example_xcom.py for tasks to queue
[2023-09-27T02:34:57.630+0000] {logging_mixin.py:151} INFO - [2023-09-27T02:34:57.629+0000] {dagbag.py:539} INFO - Filling up the DagBag from /home/airflow/.local/lib/python3.8/site-packages/airflow/example_dags/example_xcom.py
[2023-09-27T02:34:57.649+0000] {processor.py:839} INFO - DAG(s) dict_keys(['example_xcom']) retrieved from /home/airflow/.local/lib/python3.8/site-packages/airflow/example_dags/example_xcom.py
[2023-09-27T02:34:57.703+0000] {logging_mixin.py:151} INFO - [2023-09-27T02:34:57.703+0000] {dag.py:2915} INFO - Sync 1 DAGs
[2023-09-27T02:34:57.763+0000] {logging_mixin.py:151} INFO - [2023-09-27T02:34:57.762+0000] {dag.py:3696} INFO - Setting next_dagrun for example_xcom to 2021-01-01T00:00:00+00:00, run_after=2021-01-01T00:00:00+00:00
[2023-09-27T02:34:57.821+0000] {processor.py:179} INFO - Processing /home/airflow/.local/lib/python3.8/site-packages/airflow/example_dags/example_xcom.py took 0.208 seconds
[2023-09-27T02:35:28.209+0000] {processor.py:157} INFO - Started process (PID=249) to work on /home/airflow/.local/lib/python3.8/site-packages/airflow/example_dags/example_xcom.py
[2023-09-27T02:35:28.211+0000] {processor.py:829} INFO - Processing file /home/airflow/.local/lib/python3.8/site-packages/airflow/example_dags/example_xcom.py for tasks to queue
[2023-09-27T02:35:28.214+0000] {logging_mixin.py:151} INFO - [2023-09-27T02:35:28.214+0000] {dagbag.py:539} INFO - Filling up the DagBag from /home/airflow/.local/lib/python3.8/site-packages/airflow/example_dags/example_xcom.py
[2023-09-27T02:35:28.226+0000] {processor.py:839} INFO - DAG(s) dict_keys(['example_xcom']) retrieved from /home/airflow/.local/lib/python3.8/site-packages/airflow/example_dags/example_xcom.py
[2023-09-27T02:35:28.253+0000] {logging_mixin.py:151} INFO - [2023-09-27T02:35:28.253+0000] {dag.py:2915} INFO - Sync 1 DAGs
[2023-09-27T02:35:28.285+0000] {logging_mixin.py:151} INFO - [2023-09-27T02:35:28.285+0000] {dag.py:3696} INFO - Setting next_dagrun for example_xcom to 2021-01-01T00:00:00+00:00, run_after=2021-01-01T00:00:00+00:00
[2023-09-27T02:35:28.310+0000] {processor.py:179} INFO - Processing /home/airflow/.local/lib/python3.8/site-packages/airflow/example_dags/example_xcom.py took 0.106 seconds
[2023-09-27T02:35:59.494+0000] {processor.py:157} INFO - Started process (PID=304) to work on /home/airflow/.local/lib/python3.8/site-packages/airflow/example_dags/example_xcom.py
[2023-09-27T02:35:59.497+0000] {processor.py:829} INFO - Processing file /home/airflow/.local/lib/python3.8/site-packages/airflow/example_dags/example_xcom.py for tasks to queue
[2023-09-27T02:35:59.503+0000] {logging_mixin.py:151} INFO - [2023-09-27T02:35:59.502+0000] {dagbag.py:539} INFO - Filling up the DagBag from /home/airflow/.local/lib/python3.8/site-packages/airflow/example_dags/example_xcom.py
[2023-09-27T02:35:59.524+0000] {processor.py:839} INFO - DAG(s) dict_keys(['example_xcom']) retrieved from /home/airflow/.local/lib/python3.8/site-packages/airflow/example_dags/example_xcom.py
[2023-09-27T02:35:59.585+0000] {logging_mixin.py:151} INFO - [2023-09-27T02:35:59.584+0000] {dag.py:2915} INFO - Sync 1 DAGs
[2023-09-27T02:35:59.637+0000] {logging_mixin.py:151} INFO - [2023-09-27T02:35:59.636+0000] {dag.py:3696} INFO - Setting next_dagrun for example_xcom to 2021-01-01T00:00:00+00:00, run_after=2021-01-01T00:00:00+00:00
[2023-09-27T02:35:59.684+0000] {processor.py:179} INFO - Processing /home/airflow/.local/lib/python3.8/site-packages/airflow/example_dags/example_xcom.py took 0.198 seconds
[2023-09-27T02:36:31.199+0000] {processor.py:157} INFO - Started process (PID=362) to work on /home/airflow/.local/lib/python3.8/site-packages/airflow/example_dags/example_xcom.py
[2023-09-27T02:36:31.203+0000] {processor.py:829} INFO - Processing file /home/airflow/.local/lib/python3.8/site-packages/airflow/example_dags/example_xcom.py for tasks to queue
[2023-09-27T02:36:31.207+0000] {logging_mixin.py:151} INFO - [2023-09-27T02:36:31.207+0000] {dagbag.py:539} INFO - Filling up the DagBag from /home/airflow/.local/lib/python3.8/site-packages/airflow/example_dags/example_xcom.py
[2023-09-27T02:36:31.222+0000] {processor.py:839} INFO - DAG(s) dict_keys(['example_xcom']) retrieved from /home/airflow/.local/lib/python3.8/site-packages/airflow/example_dags/example_xcom.py
[2023-09-27T02:36:31.277+0000] {logging_mixin.py:151} INFO - [2023-09-27T02:36:31.277+0000] {dag.py:2915} INFO - Sync 1 DAGs
[2023-09-27T02:36:31.373+0000] {logging_mixin.py:151} INFO - [2023-09-27T02:36:31.373+0000] {dag.py:3696} INFO - Setting next_dagrun for example_xcom to 2021-01-01T00:00:00+00:00, run_after=2021-01-01T00:00:00+00:00
[2023-09-27T02:36:31.459+0000] {processor.py:179} INFO - Processing /home/airflow/.local/lib/python3.8/site-packages/airflow/example_dags/example_xcom.py took 0.265 seconds
[2023-09-27T02:37:02.093+0000] {processor.py:157} INFO - Started process (PID=422) to work on /home/airflow/.local/lib/python3.8/site-packages/airflow/example_dags/example_xcom.py
[2023-09-27T02:37:02.095+0000] {processor.py:829} INFO - Processing file /home/airflow/.local/lib/python3.8/site-packages/airflow/example_dags/example_xcom.py for tasks to queue
[2023-09-27T02:37:02.099+0000] {logging_mixin.py:151} INFO - [2023-09-27T02:37:02.099+0000] {dagbag.py:539} INFO - Filling up the DagBag from /home/airflow/.local/lib/python3.8/site-packages/airflow/example_dags/example_xcom.py
[2023-09-27T02:37:02.112+0000] {processor.py:839} INFO - DAG(s) dict_keys(['example_xcom']) retrieved from /home/airflow/.local/lib/python3.8/site-packages/airflow/example_dags/example_xcom.py
[2023-09-27T02:37:02.140+0000] {logging_mixin.py:151} INFO - [2023-09-27T02:37:02.140+0000] {dag.py:2915} INFO - Sync 1 DAGs
[2023-09-27T02:37:02.168+0000] {logging_mixin.py:151} INFO - [2023-09-27T02:37:02.168+0000] {dag.py:3696} INFO - Setting next_dagrun for example_xcom to 2021-01-01T00:00:00+00:00, run_after=2021-01-01T00:00:00+00:00
[2023-09-27T02:37:02.195+0000] {processor.py:179} INFO - Processing /home/airflow/.local/lib/python3.8/site-packages/airflow/example_dags/example_xcom.py took 0.108 seconds
[2023-09-27T02:37:33.522+0000] {processor.py:157} INFO - Started process (PID=476) to work on /home/airflow/.local/lib/python3.8/site-packages/airflow/example_dags/example_xcom.py
[2023-09-27T02:37:33.525+0000] {processor.py:829} INFO - Processing file /home/airflow/.local/lib/python3.8/site-packages/airflow/example_dags/example_xcom.py for tasks to queue
[2023-09-27T02:37:33.530+0000] {logging_mixin.py:151} INFO - [2023-09-27T02:37:33.529+0000] {dagbag.py:539} INFO - Filling up the DagBag from /home/airflow/.local/lib/python3.8/site-packages/airflow/example_dags/example_xcom.py
[2023-09-27T02:37:33.551+0000] {processor.py:839} INFO - DAG(s) dict_keys(['example_xcom']) retrieved from /home/airflow/.local/lib/python3.8/site-packages/airflow/example_dags/example_xcom.py
[2023-09-27T02:37:33.601+0000] {logging_mixin.py:151} INFO - [2023-09-27T02:37:33.600+0000] {dag.py:2915} INFO - Sync 1 DAGs
[2023-09-27T02:37:33.649+0000] {logging_mixin.py:151} INFO - [2023-09-27T02:37:33.649+0000] {dag.py:3696} INFO - Setting next_dagrun for example_xcom to 2021-01-01T00:00:00+00:00, run_after=2021-01-01T00:00:00+00:00
[2023-09-27T02:37:33.696+0000] {processor.py:179} INFO - Processing /home/airflow/.local/lib/python3.8/site-packages/airflow/example_dags/example_xcom.py took 0.181 seconds
[2023-09-27T02:38:04.004+0000] {processor.py:157} INFO - Started process (PID=530) to work on /home/airflow/.local/lib/python3.8/site-packages/airflow/example_dags/example_xcom.py
[2023-09-27T02:38:04.006+0000] {processor.py:829} INFO - Processing file /home/airflow/.local/lib/python3.8/site-packages/airflow/example_dags/example_xcom.py for tasks to queue
[2023-09-27T02:38:04.009+0000] {logging_mixin.py:151} INFO - [2023-09-27T02:38:04.008+0000] {dagbag.py:539} INFO - Filling up the DagBag from /home/airflow/.local/lib/python3.8/site-packages/airflow/example_dags/example_xcom.py
[2023-09-27T02:38:04.019+0000] {processor.py:839} INFO - DAG(s) dict_keys(['example_xcom']) retrieved from /home/airflow/.local/lib/python3.8/site-packages/airflow/example_dags/example_xcom.py
[2023-09-27T02:38:04.049+0000] {logging_mixin.py:151} INFO - [2023-09-27T02:38:04.048+0000] {dag.py:2915} INFO - Sync 1 DAGs
[2023-09-27T02:38:04.080+0000] {logging_mixin.py:151} INFO - [2023-09-27T02:38:04.080+0000] {dag.py:3696} INFO - Setting next_dagrun for example_xcom to 2021-01-01T00:00:00+00:00, run_after=2021-01-01T00:00:00+00:00
[2023-09-27T02:38:04.103+0000] {processor.py:179} INFO - Processing /home/airflow/.local/lib/python3.8/site-packages/airflow/example_dags/example_xcom.py took 0.104 seconds
[2023-09-27T02:38:34.802+0000] {processor.py:157} INFO - Started process (PID=584) to work on /home/airflow/.local/lib/python3.8/site-packages/airflow/example_dags/example_xcom.py
[2023-09-27T02:38:34.804+0000] {processor.py:829} INFO - Processing file /home/airflow/.local/lib/python3.8/site-packages/airflow/example_dags/example_xcom.py for tasks to queue
[2023-09-27T02:38:34.807+0000] {logging_mixin.py:151} INFO - [2023-09-27T02:38:34.806+0000] {dagbag.py:539} INFO - Filling up the DagBag from /home/airflow/.local/lib/python3.8/site-packages/airflow/example_dags/example_xcom.py
[2023-09-27T02:38:34.815+0000] {processor.py:839} INFO - DAG(s) dict_keys(['example_xcom']) retrieved from /home/airflow/.local/lib/python3.8/site-packages/airflow/example_dags/example_xcom.py
[2023-09-27T02:38:34.841+0000] {logging_mixin.py:151} INFO - [2023-09-27T02:38:34.840+0000] {dag.py:2915} INFO - Sync 1 DAGs
[2023-09-27T02:38:34.870+0000] {logging_mixin.py:151} INFO - [2023-09-27T02:38:34.870+0000] {dag.py:3696} INFO - Setting next_dagrun for example_xcom to 2021-01-01T00:00:00+00:00, run_after=2021-01-01T00:00:00+00:00
[2023-09-27T02:38:34.893+0000] {processor.py:179} INFO - Processing /home/airflow/.local/lib/python3.8/site-packages/airflow/example_dags/example_xcom.py took 0.095 seconds
