[2023-09-27T02:33:44.711+0000] {processor.py:157} INFO - Started process (PID=69) to work on /home/airflow/.local/lib/python3.8/site-packages/airflow/example_dags/example_sensor_decorator.py
[2023-09-27T02:33:44.714+0000] {processor.py:829} INFO - Processing file /home/airflow/.local/lib/python3.8/site-packages/airflow/example_dags/example_sensor_decorator.py for tasks to queue
[2023-09-27T02:33:44.821+0000] {logging_mixin.py:151} INFO - [2023-09-27T02:33:44.820+0000] {dagbag.py:539} INFO - Filling up the DagBag from /home/airflow/.local/lib/python3.8/site-packages/airflow/example_dags/example_sensor_decorator.py
[2023-09-27T02:33:44.908+0000] {processor.py:839} INFO - DAG(s) dict_keys(['example_sensor_decorator']) retrieved from /home/airflow/.local/lib/python3.8/site-packages/airflow/example_dags/example_sensor_decorator.py
[2023-09-27T02:33:45.552+0000] {logging_mixin.py:151} INFO - [2023-09-27T02:33:45.552+0000] {manager.py:499} INFO - Created Permission View: %s
[2023-09-27T02:33:45.608+0000] {logging_mixin.py:151} INFO - [2023-09-27T02:33:45.607+0000] {manager.py:499} INFO - Created Permission View: %s
[2023-09-27T02:33:45.641+0000] {logging_mixin.py:151} INFO - [2023-09-27T02:33:45.640+0000] {manager.py:499} INFO - Created Permission View: %s
[2023-09-27T02:33:45.643+0000] {logging_mixin.py:151} INFO - [2023-09-27T02:33:45.642+0000] {security.py:708} INFO - Not syncing DAG-level permissions for DAG 'DAG:example_sensor_decorator' as access control is unset.
[2023-09-27T02:33:45.644+0000] {logging_mixin.py:151} INFO - [2023-09-27T02:33:45.644+0000] {dag.py:2915} INFO - Sync 1 DAGs
[2023-09-27T02:33:45.730+0000] {logging_mixin.py:151} INFO - [2023-09-27T02:33:45.729+0000] {dag.py:2937} INFO - Creating ORM DAG for example_sensor_decorator
[2023-09-27T02:33:45.739+0000] {logging_mixin.py:151} INFO - [2023-09-27T02:33:45.736+0000] {dag.py:3696} INFO - Setting next_dagrun for example_sensor_decorator to None, run_after=None
[2023-09-27T02:33:45.837+0000] {processor.py:179} INFO - Processing /home/airflow/.local/lib/python3.8/site-packages/airflow/example_dags/example_sensor_decorator.py took 1.188 seconds
[2023-09-27T02:34:16.020+0000] {processor.py:157} INFO - Started process (PID=123) to work on /home/airflow/.local/lib/python3.8/site-packages/airflow/example_dags/example_sensor_decorator.py
[2023-09-27T02:34:16.033+0000] {processor.py:829} INFO - Processing file /home/airflow/.local/lib/python3.8/site-packages/airflow/example_dags/example_sensor_decorator.py for tasks to queue
[2023-09-27T02:34:16.042+0000] {logging_mixin.py:151} INFO - [2023-09-27T02:34:16.041+0000] {dagbag.py:539} INFO - Filling up the DagBag from /home/airflow/.local/lib/python3.8/site-packages/airflow/example_dags/example_sensor_decorator.py
[2023-09-27T02:34:16.065+0000] {processor.py:839} INFO - DAG(s) dict_keys(['example_sensor_decorator']) retrieved from /home/airflow/.local/lib/python3.8/site-packages/airflow/example_dags/example_sensor_decorator.py
[2023-09-27T02:34:16.124+0000] {logging_mixin.py:151} INFO - [2023-09-27T02:34:16.123+0000] {dag.py:2915} INFO - Sync 1 DAGs
[2023-09-27T02:34:16.170+0000] {logging_mixin.py:151} INFO - [2023-09-27T02:34:16.170+0000] {dag.py:3696} INFO - Setting next_dagrun for example_sensor_decorator to None, run_after=None
[2023-09-27T02:34:16.231+0000] {processor.py:179} INFO - Processing /home/airflow/.local/lib/python3.8/site-packages/airflow/example_dags/example_sensor_decorator.py took 0.221 seconds
[2023-09-27T02:34:46.809+0000] {processor.py:157} INFO - Started process (PID=177) to work on /home/airflow/.local/lib/python3.8/site-packages/airflow/example_dags/example_sensor_decorator.py
[2023-09-27T02:34:46.814+0000] {processor.py:829} INFO - Processing file /home/airflow/.local/lib/python3.8/site-packages/airflow/example_dags/example_sensor_decorator.py for tasks to queue
[2023-09-27T02:34:46.821+0000] {logging_mixin.py:151} INFO - [2023-09-27T02:34:46.820+0000] {dagbag.py:539} INFO - Filling up the DagBag from /home/airflow/.local/lib/python3.8/site-packages/airflow/example_dags/example_sensor_decorator.py
[2023-09-27T02:34:46.849+0000] {processor.py:839} INFO - DAG(s) dict_keys(['example_sensor_decorator']) retrieved from /home/airflow/.local/lib/python3.8/site-packages/airflow/example_dags/example_sensor_decorator.py
[2023-09-27T02:34:46.969+0000] {logging_mixin.py:151} INFO - [2023-09-27T02:34:46.966+0000] {dag.py:2915} INFO - Sync 1 DAGs
[2023-09-27T02:34:47.089+0000] {logging_mixin.py:151} INFO - [2023-09-27T02:34:47.088+0000] {dag.py:3696} INFO - Setting next_dagrun for example_sensor_decorator to None, run_after=None
[2023-09-27T02:34:47.213+0000] {processor.py:179} INFO - Processing /home/airflow/.local/lib/python3.8/site-packages/airflow/example_dags/example_sensor_decorator.py took 0.417 seconds
[2023-09-27T02:35:17.950+0000] {processor.py:157} INFO - Started process (PID=231) to work on /home/airflow/.local/lib/python3.8/site-packages/airflow/example_dags/example_sensor_decorator.py
[2023-09-27T02:35:17.956+0000] {processor.py:829} INFO - Processing file /home/airflow/.local/lib/python3.8/site-packages/airflow/example_dags/example_sensor_decorator.py for tasks to queue
[2023-09-27T02:35:17.959+0000] {logging_mixin.py:151} INFO - [2023-09-27T02:35:17.959+0000] {dagbag.py:539} INFO - Filling up the DagBag from /home/airflow/.local/lib/python3.8/site-packages/airflow/example_dags/example_sensor_decorator.py
[2023-09-27T02:35:17.967+0000] {processor.py:839} INFO - DAG(s) dict_keys(['example_sensor_decorator']) retrieved from /home/airflow/.local/lib/python3.8/site-packages/airflow/example_dags/example_sensor_decorator.py
[2023-09-27T02:35:17.994+0000] {logging_mixin.py:151} INFO - [2023-09-27T02:35:17.994+0000] {dag.py:2915} INFO - Sync 1 DAGs
[2023-09-27T02:35:18.012+0000] {logging_mixin.py:151} INFO - [2023-09-27T02:35:18.011+0000] {dag.py:3696} INFO - Setting next_dagrun for example_sensor_decorator to None, run_after=None
[2023-09-27T02:35:18.038+0000] {processor.py:179} INFO - Processing /home/airflow/.local/lib/python3.8/site-packages/airflow/example_dags/example_sensor_decorator.py took 0.094 seconds
[2023-09-27T02:35:48.162+0000] {processor.py:157} INFO - Started process (PID=285) to work on /home/airflow/.local/lib/python3.8/site-packages/airflow/example_dags/example_sensor_decorator.py
[2023-09-27T02:35:48.164+0000] {processor.py:829} INFO - Processing file /home/airflow/.local/lib/python3.8/site-packages/airflow/example_dags/example_sensor_decorator.py for tasks to queue
[2023-09-27T02:35:48.171+0000] {logging_mixin.py:151} INFO - [2023-09-27T02:35:48.170+0000] {dagbag.py:539} INFO - Filling up the DagBag from /home/airflow/.local/lib/python3.8/site-packages/airflow/example_dags/example_sensor_decorator.py
[2023-09-27T02:35:48.179+0000] {processor.py:839} INFO - DAG(s) dict_keys(['example_sensor_decorator']) retrieved from /home/airflow/.local/lib/python3.8/site-packages/airflow/example_dags/example_sensor_decorator.py
[2023-09-27T02:35:48.210+0000] {logging_mixin.py:151} INFO - [2023-09-27T02:35:48.210+0000] {dag.py:2915} INFO - Sync 1 DAGs
[2023-09-27T02:35:48.231+0000] {logging_mixin.py:151} INFO - [2023-09-27T02:35:48.231+0000] {dag.py:3696} INFO - Setting next_dagrun for example_sensor_decorator to None, run_after=None
[2023-09-27T02:35:48.265+0000] {processor.py:179} INFO - Processing /home/airflow/.local/lib/python3.8/site-packages/airflow/example_dags/example_sensor_decorator.py took 0.108 seconds
[2023-09-27T02:36:18.830+0000] {processor.py:157} INFO - Started process (PID=339) to work on /home/airflow/.local/lib/python3.8/site-packages/airflow/example_dags/example_sensor_decorator.py
[2023-09-27T02:36:18.832+0000] {processor.py:829} INFO - Processing file /home/airflow/.local/lib/python3.8/site-packages/airflow/example_dags/example_sensor_decorator.py for tasks to queue
[2023-09-27T02:36:18.840+0000] {logging_mixin.py:151} INFO - [2023-09-27T02:36:18.839+0000] {dagbag.py:539} INFO - Filling up the DagBag from /home/airflow/.local/lib/python3.8/site-packages/airflow/example_dags/example_sensor_decorator.py
[2023-09-27T02:36:18.856+0000] {processor.py:839} INFO - DAG(s) dict_keys(['example_sensor_decorator']) retrieved from /home/airflow/.local/lib/python3.8/site-packages/airflow/example_dags/example_sensor_decorator.py
[2023-09-27T02:36:18.898+0000] {logging_mixin.py:151} INFO - [2023-09-27T02:36:18.897+0000] {dag.py:2915} INFO - Sync 1 DAGs
[2023-09-27T02:36:18.925+0000] {logging_mixin.py:151} INFO - [2023-09-27T02:36:18.925+0000] {dag.py:3696} INFO - Setting next_dagrun for example_sensor_decorator to None, run_after=None
[2023-09-27T02:36:18.955+0000] {processor.py:179} INFO - Processing /home/airflow/.local/lib/python3.8/site-packages/airflow/example_dags/example_sensor_decorator.py took 0.134 seconds
[2023-09-27T02:36:50.553+0000] {processor.py:157} INFO - Started process (PID=403) to work on /home/airflow/.local/lib/python3.8/site-packages/airflow/example_dags/example_sensor_decorator.py
[2023-09-27T02:36:50.555+0000] {processor.py:829} INFO - Processing file /home/airflow/.local/lib/python3.8/site-packages/airflow/example_dags/example_sensor_decorator.py for tasks to queue
[2023-09-27T02:36:50.562+0000] {logging_mixin.py:151} INFO - [2023-09-27T02:36:50.561+0000] {dagbag.py:539} INFO - Filling up the DagBag from /home/airflow/.local/lib/python3.8/site-packages/airflow/example_dags/example_sensor_decorator.py
[2023-09-27T02:36:50.577+0000] {processor.py:839} INFO - DAG(s) dict_keys(['example_sensor_decorator']) retrieved from /home/airflow/.local/lib/python3.8/site-packages/airflow/example_dags/example_sensor_decorator.py
[2023-09-27T02:36:50.630+0000] {logging_mixin.py:151} INFO - [2023-09-27T02:36:50.629+0000] {dag.py:2915} INFO - Sync 1 DAGs
[2023-09-27T02:36:50.671+0000] {logging_mixin.py:151} INFO - [2023-09-27T02:36:50.670+0000] {dag.py:3696} INFO - Setting next_dagrun for example_sensor_decorator to None, run_after=None
[2023-09-27T02:36:50.725+0000] {processor.py:179} INFO - Processing /home/airflow/.local/lib/python3.8/site-packages/airflow/example_dags/example_sensor_decorator.py took 0.180 seconds
[2023-09-27T02:37:21.600+0000] {processor.py:157} INFO - Started process (PID=457) to work on /home/airflow/.local/lib/python3.8/site-packages/airflow/example_dags/example_sensor_decorator.py
[2023-09-27T02:37:21.602+0000] {processor.py:829} INFO - Processing file /home/airflow/.local/lib/python3.8/site-packages/airflow/example_dags/example_sensor_decorator.py for tasks to queue
[2023-09-27T02:37:21.606+0000] {logging_mixin.py:151} INFO - [2023-09-27T02:37:21.606+0000] {dagbag.py:539} INFO - Filling up the DagBag from /home/airflow/.local/lib/python3.8/site-packages/airflow/example_dags/example_sensor_decorator.py
[2023-09-27T02:37:21.614+0000] {processor.py:839} INFO - DAG(s) dict_keys(['example_sensor_decorator']) retrieved from /home/airflow/.local/lib/python3.8/site-packages/airflow/example_dags/example_sensor_decorator.py
[2023-09-27T02:37:21.645+0000] {logging_mixin.py:151} INFO - [2023-09-27T02:37:21.644+0000] {dag.py:2915} INFO - Sync 1 DAGs
[2023-09-27T02:37:21.666+0000] {logging_mixin.py:151} INFO - [2023-09-27T02:37:21.666+0000] {dag.py:3696} INFO - Setting next_dagrun for example_sensor_decorator to None, run_after=None
[2023-09-27T02:37:21.696+0000] {processor.py:179} INFO - Processing /home/airflow/.local/lib/python3.8/site-packages/airflow/example_dags/example_sensor_decorator.py took 0.101 seconds
[2023-09-27T02:37:52.041+0000] {processor.py:157} INFO - Started process (PID=510) to work on /home/airflow/.local/lib/python3.8/site-packages/airflow/example_dags/example_sensor_decorator.py
[2023-09-27T02:37:52.043+0000] {processor.py:829} INFO - Processing file /home/airflow/.local/lib/python3.8/site-packages/airflow/example_dags/example_sensor_decorator.py for tasks to queue
[2023-09-27T02:37:52.049+0000] {logging_mixin.py:151} INFO - [2023-09-27T02:37:52.049+0000] {dagbag.py:539} INFO - Filling up the DagBag from /home/airflow/.local/lib/python3.8/site-packages/airflow/example_dags/example_sensor_decorator.py
[2023-09-27T02:37:52.063+0000] {processor.py:839} INFO - DAG(s) dict_keys(['example_sensor_decorator']) retrieved from /home/airflow/.local/lib/python3.8/site-packages/airflow/example_dags/example_sensor_decorator.py
[2023-09-27T02:37:52.110+0000] {logging_mixin.py:151} INFO - [2023-09-27T02:37:52.109+0000] {dag.py:2915} INFO - Sync 1 DAGs
[2023-09-27T02:37:52.135+0000] {logging_mixin.py:151} INFO - [2023-09-27T02:37:52.135+0000] {dag.py:3696} INFO - Setting next_dagrun for example_sensor_decorator to None, run_after=None
[2023-09-27T02:37:52.165+0000] {processor.py:179} INFO - Processing /home/airflow/.local/lib/python3.8/site-packages/airflow/example_dags/example_sensor_decorator.py took 0.132 seconds
[2023-09-27T02:38:22.276+0000] {processor.py:157} INFO - Started process (PID=564) to work on /home/airflow/.local/lib/python3.8/site-packages/airflow/example_dags/example_sensor_decorator.py
[2023-09-27T02:38:22.278+0000] {processor.py:829} INFO - Processing file /home/airflow/.local/lib/python3.8/site-packages/airflow/example_dags/example_sensor_decorator.py for tasks to queue
[2023-09-27T02:38:22.284+0000] {logging_mixin.py:151} INFO - [2023-09-27T02:38:22.283+0000] {dagbag.py:539} INFO - Filling up the DagBag from /home/airflow/.local/lib/python3.8/site-packages/airflow/example_dags/example_sensor_decorator.py
[2023-09-27T02:38:22.313+0000] {processor.py:839} INFO - DAG(s) dict_keys(['example_sensor_decorator']) retrieved from /home/airflow/.local/lib/python3.8/site-packages/airflow/example_dags/example_sensor_decorator.py
[2023-09-27T02:38:22.361+0000] {logging_mixin.py:151} INFO - [2023-09-27T02:38:22.361+0000] {dag.py:2915} INFO - Sync 1 DAGs
[2023-09-27T02:38:22.393+0000] {logging_mixin.py:151} INFO - [2023-09-27T02:38:22.393+0000] {dag.py:3696} INFO - Setting next_dagrun for example_sensor_decorator to None, run_after=None
[2023-09-27T02:38:22.499+0000] {processor.py:179} INFO - Processing /home/airflow/.local/lib/python3.8/site-packages/airflow/example_dags/example_sensor_decorator.py took 0.231 seconds
