[2023-09-27T02:33:56.791+0000] {processor.py:157} INFO - Started process (PID=89) to work on /home/airflow/.local/lib/python3.8/site-packages/airflow/example_dags/example_complex.py
[2023-09-27T02:33:56.793+0000] {processor.py:829} INFO - Processing file /home/airflow/.local/lib/python3.8/site-packages/airflow/example_dags/example_complex.py for tasks to queue
[2023-09-27T02:33:56.800+0000] {logging_mixin.py:151} INFO - [2023-09-27T02:33:56.799+0000] {dagbag.py:539} INFO - Filling up the DagBag from /home/airflow/.local/lib/python3.8/site-packages/airflow/example_dags/example_complex.py
[2023-09-27T02:33:56.848+0000] {processor.py:839} INFO - DAG(s) dict_keys(['example_complex']) retrieved from /home/airflow/.local/lib/python3.8/site-packages/airflow/example_dags/example_complex.py
[2023-09-27T02:33:57.485+0000] {logging_mixin.py:151} INFO - [2023-09-27T02:33:57.484+0000] {manager.py:499} INFO - Created Permission View: %s
[2023-09-27T02:33:57.520+0000] {logging_mixin.py:151} INFO - [2023-09-27T02:33:57.519+0000] {manager.py:499} INFO - Created Permission View: %s
[2023-09-27T02:33:57.545+0000] {logging_mixin.py:151} INFO - [2023-09-27T02:33:57.545+0000] {manager.py:499} INFO - Created Permission View: %s
[2023-09-27T02:33:57.548+0000] {logging_mixin.py:151} INFO - [2023-09-27T02:33:57.547+0000] {security.py:708} INFO - Not syncing DAG-level permissions for DAG 'DAG:example_complex' as access control is unset.
[2023-09-27T02:33:57.550+0000] {logging_mixin.py:151} INFO - [2023-09-27T02:33:57.549+0000] {dag.py:2915} INFO - Sync 1 DAGs
[2023-09-27T02:33:57.595+0000] {logging_mixin.py:151} INFO - [2023-09-27T02:33:57.594+0000] {dag.py:2937} INFO - Creating ORM DAG for example_complex
[2023-09-27T02:33:57.598+0000] {logging_mixin.py:151} INFO - [2023-09-27T02:33:57.597+0000] {dag.py:3696} INFO - Setting next_dagrun for example_complex to None, run_after=None
[2023-09-27T02:33:57.733+0000] {processor.py:179} INFO - Processing /home/airflow/.local/lib/python3.8/site-packages/airflow/example_dags/example_complex.py took 0.951 seconds
[2023-09-27T02:34:28.310+0000] {processor.py:157} INFO - Started process (PID=143) to work on /home/airflow/.local/lib/python3.8/site-packages/airflow/example_dags/example_complex.py
[2023-09-27T02:34:28.317+0000] {processor.py:829} INFO - Processing file /home/airflow/.local/lib/python3.8/site-packages/airflow/example_dags/example_complex.py for tasks to queue
[2023-09-27T02:34:28.321+0000] {logging_mixin.py:151} INFO - [2023-09-27T02:34:28.320+0000] {dagbag.py:539} INFO - Filling up the DagBag from /home/airflow/.local/lib/python3.8/site-packages/airflow/example_dags/example_complex.py
[2023-09-27T02:34:28.339+0000] {processor.py:839} INFO - DAG(s) dict_keys(['example_complex']) retrieved from /home/airflow/.local/lib/python3.8/site-packages/airflow/example_dags/example_complex.py
[2023-09-27T02:34:28.381+0000] {logging_mixin.py:151} INFO - [2023-09-27T02:34:28.381+0000] {dag.py:2915} INFO - Sync 1 DAGs
[2023-09-27T02:34:28.399+0000] {logging_mixin.py:151} INFO - [2023-09-27T02:34:28.399+0000] {dag.py:3696} INFO - Setting next_dagrun for example_complex to None, run_after=None
[2023-09-27T02:34:28.426+0000] {processor.py:179} INFO - Processing /home/airflow/.local/lib/python3.8/site-packages/airflow/example_dags/example_complex.py took 0.122 seconds
[2023-09-27T02:34:58.938+0000] {processor.py:157} INFO - Started process (PID=197) to work on /home/airflow/.local/lib/python3.8/site-packages/airflow/example_dags/example_complex.py
[2023-09-27T02:34:58.946+0000] {processor.py:829} INFO - Processing file /home/airflow/.local/lib/python3.8/site-packages/airflow/example_dags/example_complex.py for tasks to queue
[2023-09-27T02:34:58.952+0000] {logging_mixin.py:151} INFO - [2023-09-27T02:34:58.951+0000] {dagbag.py:539} INFO - Filling up the DagBag from /home/airflow/.local/lib/python3.8/site-packages/airflow/example_dags/example_complex.py
[2023-09-27T02:34:58.994+0000] {processor.py:839} INFO - DAG(s) dict_keys(['example_complex']) retrieved from /home/airflow/.local/lib/python3.8/site-packages/airflow/example_dags/example_complex.py
[2023-09-27T02:34:59.075+0000] {logging_mixin.py:151} INFO - [2023-09-27T02:34:59.074+0000] {dag.py:2915} INFO - Sync 1 DAGs
[2023-09-27T02:34:59.122+0000] {logging_mixin.py:151} INFO - [2023-09-27T02:34:59.121+0000] {dag.py:3696} INFO - Setting next_dagrun for example_complex to None, run_after=None
[2023-09-27T02:34:59.187+0000] {processor.py:179} INFO - Processing /home/airflow/.local/lib/python3.8/site-packages/airflow/example_dags/example_complex.py took 0.258 seconds
[2023-09-27T02:35:29.390+0000] {processor.py:157} INFO - Started process (PID=251) to work on /home/airflow/.local/lib/python3.8/site-packages/airflow/example_dags/example_complex.py
[2023-09-27T02:35:29.397+0000] {processor.py:829} INFO - Processing file /home/airflow/.local/lib/python3.8/site-packages/airflow/example_dags/example_complex.py for tasks to queue
[2023-09-27T02:35:29.401+0000] {logging_mixin.py:151} INFO - [2023-09-27T02:35:29.401+0000] {dagbag.py:539} INFO - Filling up the DagBag from /home/airflow/.local/lib/python3.8/site-packages/airflow/example_dags/example_complex.py
[2023-09-27T02:35:29.421+0000] {processor.py:839} INFO - DAG(s) dict_keys(['example_complex']) retrieved from /home/airflow/.local/lib/python3.8/site-packages/airflow/example_dags/example_complex.py
[2023-09-27T02:35:29.486+0000] {logging_mixin.py:151} INFO - [2023-09-27T02:35:29.486+0000] {dag.py:2915} INFO - Sync 1 DAGs
[2023-09-27T02:35:29.508+0000] {logging_mixin.py:151} INFO - [2023-09-27T02:35:29.508+0000] {dag.py:3696} INFO - Setting next_dagrun for example_complex to None, run_after=None
[2023-09-27T02:35:29.537+0000] {processor.py:179} INFO - Processing /home/airflow/.local/lib/python3.8/site-packages/airflow/example_dags/example_complex.py took 0.152 seconds
[2023-09-27T02:35:59.776+0000] {processor.py:157} INFO - Started process (PID=305) to work on /home/airflow/.local/lib/python3.8/site-packages/airflow/example_dags/example_complex.py
[2023-09-27T02:35:59.778+0000] {processor.py:829} INFO - Processing file /home/airflow/.local/lib/python3.8/site-packages/airflow/example_dags/example_complex.py for tasks to queue
[2023-09-27T02:35:59.783+0000] {logging_mixin.py:151} INFO - [2023-09-27T02:35:59.782+0000] {dagbag.py:539} INFO - Filling up the DagBag from /home/airflow/.local/lib/python3.8/site-packages/airflow/example_dags/example_complex.py
[2023-09-27T02:35:59.809+0000] {processor.py:839} INFO - DAG(s) dict_keys(['example_complex']) retrieved from /home/airflow/.local/lib/python3.8/site-packages/airflow/example_dags/example_complex.py
[2023-09-27T02:35:59.883+0000] {logging_mixin.py:151} INFO - [2023-09-27T02:35:59.883+0000] {dag.py:2915} INFO - Sync 1 DAGs
[2023-09-27T02:35:59.911+0000] {logging_mixin.py:151} INFO - [2023-09-27T02:35:59.910+0000] {dag.py:3696} INFO - Setting next_dagrun for example_complex to None, run_after=None
[2023-09-27T02:35:59.951+0000] {processor.py:179} INFO - Processing /home/airflow/.local/lib/python3.8/site-packages/airflow/example_dags/example_complex.py took 0.182 seconds
[2023-09-27T02:36:31.537+0000] {processor.py:157} INFO - Started process (PID=363) to work on /home/airflow/.local/lib/python3.8/site-packages/airflow/example_dags/example_complex.py
[2023-09-27T02:36:31.540+0000] {processor.py:829} INFO - Processing file /home/airflow/.local/lib/python3.8/site-packages/airflow/example_dags/example_complex.py for tasks to queue
[2023-09-27T02:36:31.551+0000] {logging_mixin.py:151} INFO - [2023-09-27T02:36:31.550+0000] {dagbag.py:539} INFO - Filling up the DagBag from /home/airflow/.local/lib/python3.8/site-packages/airflow/example_dags/example_complex.py
[2023-09-27T02:36:31.595+0000] {processor.py:839} INFO - DAG(s) dict_keys(['example_complex']) retrieved from /home/airflow/.local/lib/python3.8/site-packages/airflow/example_dags/example_complex.py
[2023-09-27T02:36:31.717+0000] {logging_mixin.py:151} INFO - [2023-09-27T02:36:31.716+0000] {dag.py:2915} INFO - Sync 1 DAGs
[2023-09-27T02:36:31.772+0000] {logging_mixin.py:151} INFO - [2023-09-27T02:36:31.772+0000] {dag.py:3696} INFO - Setting next_dagrun for example_complex to None, run_after=None
[2023-09-27T02:36:31.879+0000] {processor.py:179} INFO - Processing /home/airflow/.local/lib/python3.8/site-packages/airflow/example_dags/example_complex.py took 0.350 seconds
[2023-09-27T02:37:02.230+0000] {processor.py:157} INFO - Started process (PID=423) to work on /home/airflow/.local/lib/python3.8/site-packages/airflow/example_dags/example_complex.py
[2023-09-27T02:37:02.232+0000] {processor.py:829} INFO - Processing file /home/airflow/.local/lib/python3.8/site-packages/airflow/example_dags/example_complex.py for tasks to queue
[2023-09-27T02:37:02.235+0000] {logging_mixin.py:151} INFO - [2023-09-27T02:37:02.235+0000] {dagbag.py:539} INFO - Filling up the DagBag from /home/airflow/.local/lib/python3.8/site-packages/airflow/example_dags/example_complex.py
[2023-09-27T02:37:02.249+0000] {processor.py:839} INFO - DAG(s) dict_keys(['example_complex']) retrieved from /home/airflow/.local/lib/python3.8/site-packages/airflow/example_dags/example_complex.py
[2023-09-27T02:37:02.290+0000] {logging_mixin.py:151} INFO - [2023-09-27T02:37:02.290+0000] {dag.py:2915} INFO - Sync 1 DAGs
[2023-09-27T02:37:02.310+0000] {logging_mixin.py:151} INFO - [2023-09-27T02:37:02.310+0000] {dag.py:3696} INFO - Setting next_dagrun for example_complex to None, run_after=None
[2023-09-27T02:37:02.339+0000] {processor.py:179} INFO - Processing /home/airflow/.local/lib/python3.8/site-packages/airflow/example_dags/example_complex.py took 0.112 seconds
[2023-09-27T02:37:33.748+0000] {processor.py:157} INFO - Started process (PID=477) to work on /home/airflow/.local/lib/python3.8/site-packages/airflow/example_dags/example_complex.py
[2023-09-27T02:37:33.749+0000] {processor.py:829} INFO - Processing file /home/airflow/.local/lib/python3.8/site-packages/airflow/example_dags/example_complex.py for tasks to queue
[2023-09-27T02:37:33.754+0000] {logging_mixin.py:151} INFO - [2023-09-27T02:37:33.754+0000] {dagbag.py:539} INFO - Filling up the DagBag from /home/airflow/.local/lib/python3.8/site-packages/airflow/example_dags/example_complex.py
[2023-09-27T02:37:33.788+0000] {processor.py:839} INFO - DAG(s) dict_keys(['example_complex']) retrieved from /home/airflow/.local/lib/python3.8/site-packages/airflow/example_dags/example_complex.py
[2023-09-27T02:37:33.879+0000] {logging_mixin.py:151} INFO - [2023-09-27T02:37:33.879+0000] {dag.py:2915} INFO - Sync 1 DAGs
[2023-09-27T02:37:33.911+0000] {logging_mixin.py:151} INFO - [2023-09-27T02:37:33.911+0000] {dag.py:3696} INFO - Setting next_dagrun for example_complex to None, run_after=None
[2023-09-27T02:37:33.963+0000] {processor.py:179} INFO - Processing /home/airflow/.local/lib/python3.8/site-packages/airflow/example_dags/example_complex.py took 0.221 seconds
[2023-09-27T02:38:04.138+0000] {processor.py:157} INFO - Started process (PID=531) to work on /home/airflow/.local/lib/python3.8/site-packages/airflow/example_dags/example_complex.py
[2023-09-27T02:38:04.140+0000] {processor.py:829} INFO - Processing file /home/airflow/.local/lib/python3.8/site-packages/airflow/example_dags/example_complex.py for tasks to queue
[2023-09-27T02:38:04.144+0000] {logging_mixin.py:151} INFO - [2023-09-27T02:38:04.144+0000] {dagbag.py:539} INFO - Filling up the DagBag from /home/airflow/.local/lib/python3.8/site-packages/airflow/example_dags/example_complex.py
[2023-09-27T02:38:04.158+0000] {processor.py:839} INFO - DAG(s) dict_keys(['example_complex']) retrieved from /home/airflow/.local/lib/python3.8/site-packages/airflow/example_dags/example_complex.py
[2023-09-27T02:38:04.196+0000] {logging_mixin.py:151} INFO - [2023-09-27T02:38:04.196+0000] {dag.py:2915} INFO - Sync 1 DAGs
[2023-09-27T02:38:04.213+0000] {logging_mixin.py:151} INFO - [2023-09-27T02:38:04.213+0000] {dag.py:3696} INFO - Setting next_dagrun for example_complex to None, run_after=None
[2023-09-27T02:38:04.235+0000] {processor.py:179} INFO - Processing /home/airflow/.local/lib/python3.8/site-packages/airflow/example_dags/example_complex.py took 0.102 seconds
[2023-09-27T02:38:34.926+0000] {processor.py:157} INFO - Started process (PID=585) to work on /home/airflow/.local/lib/python3.8/site-packages/airflow/example_dags/example_complex.py
[2023-09-27T02:38:34.927+0000] {processor.py:829} INFO - Processing file /home/airflow/.local/lib/python3.8/site-packages/airflow/example_dags/example_complex.py for tasks to queue
[2023-09-27T02:38:34.930+0000] {logging_mixin.py:151} INFO - [2023-09-27T02:38:34.930+0000] {dagbag.py:539} INFO - Filling up the DagBag from /home/airflow/.local/lib/python3.8/site-packages/airflow/example_dags/example_complex.py
[2023-09-27T02:38:34.945+0000] {processor.py:839} INFO - DAG(s) dict_keys(['example_complex']) retrieved from /home/airflow/.local/lib/python3.8/site-packages/airflow/example_dags/example_complex.py
[2023-09-27T02:38:34.986+0000] {logging_mixin.py:151} INFO - [2023-09-27T02:38:34.985+0000] {dag.py:2915} INFO - Sync 1 DAGs
[2023-09-27T02:38:35.005+0000] {logging_mixin.py:151} INFO - [2023-09-27T02:38:35.004+0000] {dag.py:3696} INFO - Setting next_dagrun for example_complex to None, run_after=None
[2023-09-27T02:38:35.033+0000] {processor.py:179} INFO - Processing /home/airflow/.local/lib/python3.8/site-packages/airflow/example_dags/example_complex.py took 0.111 seconds
