[2023-09-27T02:33:30.294+0000] {processor.py:157} INFO - Started process (PID=48) to work on /home/airflow/.local/lib/python3.8/site-packages/airflow/example_dags/example_branch_operator.py
[2023-09-27T02:33:30.311+0000] {processor.py:829} INFO - Processing file /home/airflow/.local/lib/python3.8/site-packages/airflow/example_dags/example_branch_operator.py for tasks to queue
[2023-09-27T02:33:30.356+0000] {logging_mixin.py:151} INFO - [2023-09-27T02:33:30.343+0000] {dagbag.py:539} INFO - Filling up the DagBag from /home/airflow/.local/lib/python3.8/site-packages/airflow/example_dags/example_branch_operator.py
[2023-09-27T02:33:30.557+0000] {processor.py:839} INFO - DAG(s) dict_keys(['example_branch_operator']) retrieved from /home/airflow/.local/lib/python3.8/site-packages/airflow/example_dags/example_branch_operator.py
[2023-09-27T02:33:32.437+0000] {logging_mixin.py:151} INFO - [2023-09-27T02:33:32.437+0000] {manager.py:499} INFO - Created Permission View: %s
[2023-09-27T02:33:32.497+0000] {logging_mixin.py:151} INFO - [2023-09-27T02:33:32.496+0000] {manager.py:499} INFO - Created Permission View: %s
[2023-09-27T02:33:32.553+0000] {logging_mixin.py:151} INFO - [2023-09-27T02:33:32.552+0000] {manager.py:499} INFO - Created Permission View: %s
[2023-09-27T02:33:32.557+0000] {logging_mixin.py:151} INFO - [2023-09-27T02:33:32.556+0000] {security.py:708} INFO - Not syncing DAG-level permissions for DAG 'DAG:example_branch_operator' as access control is unset.
[2023-09-27T02:33:32.562+0000] {logging_mixin.py:151} INFO - [2023-09-27T02:33:32.562+0000] {dag.py:2915} INFO - Sync 1 DAGs
[2023-09-27T02:33:32.663+0000] {logging_mixin.py:151} INFO - [2023-09-27T02:33:32.662+0000] {dag.py:2937} INFO - Creating ORM DAG for example_branch_operator
[2023-09-27T02:33:32.744+0000] {logging_mixin.py:151} INFO - [2023-09-27T02:33:32.732+0000] {dag.py:3696} INFO - Setting next_dagrun for example_branch_operator to 2023-09-26T00:00:00+00:00, run_after=2023-09-27T00:00:00+00:00
[2023-09-27T02:33:32.890+0000] {processor.py:179} INFO - Processing /home/airflow/.local/lib/python3.8/site-packages/airflow/example_dags/example_branch_operator.py took 2.659 seconds
[2023-09-27T02:34:03.400+0000] {processor.py:157} INFO - Started process (PID=101) to work on /home/airflow/.local/lib/python3.8/site-packages/airflow/example_dags/example_branch_operator.py
[2023-09-27T02:34:03.404+0000] {processor.py:829} INFO - Processing file /home/airflow/.local/lib/python3.8/site-packages/airflow/example_dags/example_branch_operator.py for tasks to queue
[2023-09-27T02:34:03.414+0000] {logging_mixin.py:151} INFO - [2023-09-27T02:34:03.413+0000] {dagbag.py:539} INFO - Filling up the DagBag from /home/airflow/.local/lib/python3.8/site-packages/airflow/example_dags/example_branch_operator.py
[2023-09-27T02:34:03.445+0000] {processor.py:839} INFO - DAG(s) dict_keys(['example_branch_operator']) retrieved from /home/airflow/.local/lib/python3.8/site-packages/airflow/example_dags/example_branch_operator.py
[2023-09-27T02:34:03.520+0000] {logging_mixin.py:151} INFO - [2023-09-27T02:34:03.520+0000] {dag.py:2915} INFO - Sync 1 DAGs
[2023-09-27T02:34:03.599+0000] {logging_mixin.py:151} INFO - [2023-09-27T02:34:03.598+0000] {dag.py:3696} INFO - Setting next_dagrun for example_branch_operator to 2023-09-26T00:00:00+00:00, run_after=2023-09-27T00:00:00+00:00
[2023-09-27T02:34:03.683+0000] {processor.py:179} INFO - Processing /home/airflow/.local/lib/python3.8/site-packages/airflow/example_dags/example_branch_operator.py took 0.295 seconds
[2023-09-27T02:34:34.031+0000] {processor.py:157} INFO - Started process (PID=153) to work on /home/airflow/.local/lib/python3.8/site-packages/airflow/example_dags/example_branch_operator.py
[2023-09-27T02:34:34.038+0000] {processor.py:829} INFO - Processing file /home/airflow/.local/lib/python3.8/site-packages/airflow/example_dags/example_branch_operator.py for tasks to queue
[2023-09-27T02:34:34.043+0000] {logging_mixin.py:151} INFO - [2023-09-27T02:34:34.042+0000] {dagbag.py:539} INFO - Filling up the DagBag from /home/airflow/.local/lib/python3.8/site-packages/airflow/example_dags/example_branch_operator.py
[2023-09-27T02:34:34.065+0000] {processor.py:839} INFO - DAG(s) dict_keys(['example_branch_operator']) retrieved from /home/airflow/.local/lib/python3.8/site-packages/airflow/example_dags/example_branch_operator.py
[2023-09-27T02:34:34.100+0000] {logging_mixin.py:151} INFO - [2023-09-27T02:34:34.100+0000] {dag.py:2915} INFO - Sync 1 DAGs
[2023-09-27T02:34:34.140+0000] {logging_mixin.py:151} INFO - [2023-09-27T02:34:34.140+0000] {dag.py:3696} INFO - Setting next_dagrun for example_branch_operator to 2023-09-26T00:00:00+00:00, run_after=2023-09-27T00:00:00+00:00
[2023-09-27T02:34:34.180+0000] {processor.py:179} INFO - Processing /home/airflow/.local/lib/python3.8/site-packages/airflow/example_dags/example_branch_operator.py took 0.154 seconds
[2023-09-27T02:35:05.018+0000] {processor.py:157} INFO - Started process (PID=207) to work on /home/airflow/.local/lib/python3.8/site-packages/airflow/example_dags/example_branch_operator.py
[2023-09-27T02:35:05.026+0000] {processor.py:829} INFO - Processing file /home/airflow/.local/lib/python3.8/site-packages/airflow/example_dags/example_branch_operator.py for tasks to queue
[2023-09-27T02:35:05.032+0000] {logging_mixin.py:151} INFO - [2023-09-27T02:35:05.031+0000] {dagbag.py:539} INFO - Filling up the DagBag from /home/airflow/.local/lib/python3.8/site-packages/airflow/example_dags/example_branch_operator.py
[2023-09-27T02:35:05.060+0000] {processor.py:839} INFO - DAG(s) dict_keys(['example_branch_operator']) retrieved from /home/airflow/.local/lib/python3.8/site-packages/airflow/example_dags/example_branch_operator.py
[2023-09-27T02:35:05.110+0000] {logging_mixin.py:151} INFO - [2023-09-27T02:35:05.110+0000] {dag.py:2915} INFO - Sync 1 DAGs
[2023-09-27T02:35:05.165+0000] {logging_mixin.py:151} INFO - [2023-09-27T02:35:05.165+0000] {dag.py:3696} INFO - Setting next_dagrun for example_branch_operator to 2023-09-26T00:00:00+00:00, run_after=2023-09-27T00:00:00+00:00
[2023-09-27T02:35:05.216+0000] {processor.py:179} INFO - Processing /home/airflow/.local/lib/python3.8/site-packages/airflow/example_dags/example_branch_operator.py took 0.206 seconds
[2023-09-27T02:35:35.998+0000] {processor.py:157} INFO - Started process (PID=261) to work on /home/airflow/.local/lib/python3.8/site-packages/airflow/example_dags/example_branch_operator.py
[2023-09-27T02:35:36.003+0000] {processor.py:829} INFO - Processing file /home/airflow/.local/lib/python3.8/site-packages/airflow/example_dags/example_branch_operator.py for tasks to queue
[2023-09-27T02:35:36.009+0000] {logging_mixin.py:151} INFO - [2023-09-27T02:35:36.008+0000] {dagbag.py:539} INFO - Filling up the DagBag from /home/airflow/.local/lib/python3.8/site-packages/airflow/example_dags/example_branch_operator.py
[2023-09-27T02:35:36.051+0000] {processor.py:839} INFO - DAG(s) dict_keys(['example_branch_operator']) retrieved from /home/airflow/.local/lib/python3.8/site-packages/airflow/example_dags/example_branch_operator.py
[2023-09-27T02:35:36.195+0000] {logging_mixin.py:151} INFO - [2023-09-27T02:35:36.194+0000] {dag.py:2915} INFO - Sync 1 DAGs
[2023-09-27T02:35:36.521+0000] {logging_mixin.py:151} INFO - [2023-09-27T02:35:36.520+0000] {dag.py:3696} INFO - Setting next_dagrun for example_branch_operator to 2023-09-26T00:00:00+00:00, run_after=2023-09-27T00:00:00+00:00
[2023-09-27T02:35:36.638+0000] {processor.py:179} INFO - Processing /home/airflow/.local/lib/python3.8/site-packages/airflow/example_dags/example_branch_operator.py took 0.658 seconds
[2023-09-27T02:36:06.828+0000] {processor.py:157} INFO - Started process (PID=315) to work on /home/airflow/.local/lib/python3.8/site-packages/airflow/example_dags/example_branch_operator.py
[2023-09-27T02:36:06.831+0000] {processor.py:829} INFO - Processing file /home/airflow/.local/lib/python3.8/site-packages/airflow/example_dags/example_branch_operator.py for tasks to queue
[2023-09-27T02:36:06.850+0000] {logging_mixin.py:151} INFO - [2023-09-27T02:36:06.846+0000] {dagbag.py:539} INFO - Filling up the DagBag from /home/airflow/.local/lib/python3.8/site-packages/airflow/example_dags/example_branch_operator.py
[2023-09-27T02:36:06.916+0000] {processor.py:839} INFO - DAG(s) dict_keys(['example_branch_operator']) retrieved from /home/airflow/.local/lib/python3.8/site-packages/airflow/example_dags/example_branch_operator.py
[2023-09-27T02:36:07.019+0000] {logging_mixin.py:151} INFO - [2023-09-27T02:36:07.018+0000] {dag.py:2915} INFO - Sync 1 DAGs
[2023-09-27T02:36:07.124+0000] {logging_mixin.py:151} INFO - [2023-09-27T02:36:07.123+0000] {dag.py:3696} INFO - Setting next_dagrun for example_branch_operator to 2023-09-26T00:00:00+00:00, run_after=2023-09-27T00:00:00+00:00
[2023-09-27T02:36:07.186+0000] {processor.py:179} INFO - Processing /home/airflow/.local/lib/python3.8/site-packages/airflow/example_dags/example_branch_operator.py took 0.376 seconds
[2023-09-27T02:36:37.623+0000] {processor.py:157} INFO - Started process (PID=373) to work on /home/airflow/.local/lib/python3.8/site-packages/airflow/example_dags/example_branch_operator.py
[2023-09-27T02:36:37.647+0000] {processor.py:829} INFO - Processing file /home/airflow/.local/lib/python3.8/site-packages/airflow/example_dags/example_branch_operator.py for tasks to queue
[2023-09-27T02:36:37.690+0000] {logging_mixin.py:151} INFO - [2023-09-27T02:36:37.686+0000] {dagbag.py:539} INFO - Filling up the DagBag from /home/airflow/.local/lib/python3.8/site-packages/airflow/example_dags/example_branch_operator.py
[2023-09-27T02:36:37.772+0000] {processor.py:839} INFO - DAG(s) dict_keys(['example_branch_operator']) retrieved from /home/airflow/.local/lib/python3.8/site-packages/airflow/example_dags/example_branch_operator.py
[2023-09-27T02:36:38.026+0000] {logging_mixin.py:151} INFO - [2023-09-27T02:36:38.025+0000] {dag.py:2915} INFO - Sync 1 DAGs
[2023-09-27T02:36:38.446+0000] {logging_mixin.py:151} INFO - [2023-09-27T02:36:38.446+0000] {dag.py:3696} INFO - Setting next_dagrun for example_branch_operator to 2023-09-26T00:00:00+00:00, run_after=2023-09-27T00:00:00+00:00
[2023-09-27T02:36:38.599+0000] {processor.py:179} INFO - Processing /home/airflow/.local/lib/python3.8/site-packages/airflow/example_dags/example_branch_operator.py took 1.171 seconds
[2023-09-27T02:37:09.461+0000] {processor.py:157} INFO - Started process (PID=433) to work on /home/airflow/.local/lib/python3.8/site-packages/airflow/example_dags/example_branch_operator.py
[2023-09-27T02:37:09.463+0000] {processor.py:829} INFO - Processing file /home/airflow/.local/lib/python3.8/site-packages/airflow/example_dags/example_branch_operator.py for tasks to queue
[2023-09-27T02:37:09.467+0000] {logging_mixin.py:151} INFO - [2023-09-27T02:37:09.466+0000] {dagbag.py:539} INFO - Filling up the DagBag from /home/airflow/.local/lib/python3.8/site-packages/airflow/example_dags/example_branch_operator.py
[2023-09-27T02:37:09.487+0000] {processor.py:839} INFO - DAG(s) dict_keys(['example_branch_operator']) retrieved from /home/airflow/.local/lib/python3.8/site-packages/airflow/example_dags/example_branch_operator.py
[2023-09-27T02:37:09.536+0000] {logging_mixin.py:151} INFO - [2023-09-27T02:37:09.533+0000] {dag.py:2915} INFO - Sync 1 DAGs
[2023-09-27T02:37:09.606+0000] {logging_mixin.py:151} INFO - [2023-09-27T02:37:09.605+0000] {dag.py:3696} INFO - Setting next_dagrun for example_branch_operator to 2023-09-26T00:00:00+00:00, run_after=2023-09-27T00:00:00+00:00
[2023-09-27T02:37:09.655+0000] {processor.py:179} INFO - Processing /home/airflow/.local/lib/python3.8/site-packages/airflow/example_dags/example_branch_operator.py took 0.199 seconds
[2023-09-27T02:37:39.844+0000] {processor.py:157} INFO - Started process (PID=487) to work on /home/airflow/.local/lib/python3.8/site-packages/airflow/example_dags/example_branch_operator.py
[2023-09-27T02:37:39.846+0000] {processor.py:829} INFO - Processing file /home/airflow/.local/lib/python3.8/site-packages/airflow/example_dags/example_branch_operator.py for tasks to queue
[2023-09-27T02:37:39.850+0000] {logging_mixin.py:151} INFO - [2023-09-27T02:37:39.849+0000] {dagbag.py:539} INFO - Filling up the DagBag from /home/airflow/.local/lib/python3.8/site-packages/airflow/example_dags/example_branch_operator.py
[2023-09-27T02:37:39.865+0000] {processor.py:839} INFO - DAG(s) dict_keys(['example_branch_operator']) retrieved from /home/airflow/.local/lib/python3.8/site-packages/airflow/example_dags/example_branch_operator.py
[2023-09-27T02:37:39.911+0000] {logging_mixin.py:151} INFO - [2023-09-27T02:37:39.911+0000] {dag.py:2915} INFO - Sync 1 DAGs
[2023-09-27T02:37:39.967+0000] {logging_mixin.py:151} INFO - [2023-09-27T02:37:39.965+0000] {dag.py:3696} INFO - Setting next_dagrun for example_branch_operator to 2023-09-26T00:00:00+00:00, run_after=2023-09-27T00:00:00+00:00
[2023-09-27T02:37:40.013+0000] {processor.py:179} INFO - Processing /home/airflow/.local/lib/python3.8/site-packages/airflow/example_dags/example_branch_operator.py took 0.176 seconds
[2023-09-27T02:38:10.772+0000] {processor.py:157} INFO - Started process (PID=541) to work on /home/airflow/.local/lib/python3.8/site-packages/airflow/example_dags/example_branch_operator.py
[2023-09-27T02:38:10.773+0000] {processor.py:829} INFO - Processing file /home/airflow/.local/lib/python3.8/site-packages/airflow/example_dags/example_branch_operator.py for tasks to queue
[2023-09-27T02:38:10.777+0000] {logging_mixin.py:151} INFO - [2023-09-27T02:38:10.776+0000] {dagbag.py:539} INFO - Filling up the DagBag from /home/airflow/.local/lib/python3.8/site-packages/airflow/example_dags/example_branch_operator.py
[2023-09-27T02:38:10.789+0000] {processor.py:839} INFO - DAG(s) dict_keys(['example_branch_operator']) retrieved from /home/airflow/.local/lib/python3.8/site-packages/airflow/example_dags/example_branch_operator.py
[2023-09-27T02:38:10.825+0000] {logging_mixin.py:151} INFO - [2023-09-27T02:38:10.824+0000] {dag.py:2915} INFO - Sync 1 DAGs
[2023-09-27T02:38:10.859+0000] {logging_mixin.py:151} INFO - [2023-09-27T02:38:10.858+0000] {dag.py:3696} INFO - Setting next_dagrun for example_branch_operator to 2023-09-26T00:00:00+00:00, run_after=2023-09-27T00:00:00+00:00
[2023-09-27T02:38:10.884+0000] {processor.py:179} INFO - Processing /home/airflow/.local/lib/python3.8/site-packages/airflow/example_dags/example_branch_operator.py took 0.117 seconds
[2023-09-27T02:38:41.601+0000] {processor.py:157} INFO - Started process (PID=595) to work on /home/airflow/.local/lib/python3.8/site-packages/airflow/example_dags/example_branch_operator.py
[2023-09-27T02:38:41.603+0000] {processor.py:829} INFO - Processing file /home/airflow/.local/lib/python3.8/site-packages/airflow/example_dags/example_branch_operator.py for tasks to queue
[2023-09-27T02:38:41.606+0000] {logging_mixin.py:151} INFO - [2023-09-27T02:38:41.606+0000] {dagbag.py:539} INFO - Filling up the DagBag from /home/airflow/.local/lib/python3.8/site-packages/airflow/example_dags/example_branch_operator.py
[2023-09-27T02:38:41.616+0000] {processor.py:839} INFO - DAG(s) dict_keys(['example_branch_operator']) retrieved from /home/airflow/.local/lib/python3.8/site-packages/airflow/example_dags/example_branch_operator.py
[2023-09-27T02:38:41.642+0000] {logging_mixin.py:151} INFO - [2023-09-27T02:38:41.641+0000] {dag.py:2915} INFO - Sync 1 DAGs
[2023-09-27T02:38:41.671+0000] {logging_mixin.py:151} INFO - [2023-09-27T02:38:41.671+0000] {dag.py:3696} INFO - Setting next_dagrun for example_branch_operator to 2023-09-26T00:00:00+00:00, run_after=2023-09-27T00:00:00+00:00
[2023-09-27T02:38:41.698+0000] {processor.py:179} INFO - Processing /home/airflow/.local/lib/python3.8/site-packages/airflow/example_dags/example_branch_operator.py took 0.103 seconds
