[2023-09-27T02:33:55.599+0000] {processor.py:157} INFO - Started process (PID=87) to work on /home/airflow/.local/lib/python3.8/site-packages/airflow/example_dags/example_params_ui_tutorial.py
[2023-09-27T02:33:55.604+0000] {processor.py:829} INFO - Processing file /home/airflow/.local/lib/python3.8/site-packages/airflow/example_dags/example_params_ui_tutorial.py for tasks to queue
[2023-09-27T02:33:55.611+0000] {logging_mixin.py:151} INFO - [2023-09-27T02:33:55.611+0000] {dagbag.py:539} INFO - Filling up the DagBag from /home/airflow/.local/lib/python3.8/site-packages/airflow/example_dags/example_params_ui_tutorial.py
[2023-09-27T02:33:55.778+0000] {processor.py:839} INFO - DAG(s) dict_keys(['example_params_ui_tutorial']) retrieved from /home/airflow/.local/lib/python3.8/site-packages/airflow/example_dags/example_params_ui_tutorial.py
[2023-09-27T02:33:56.502+0000] {logging_mixin.py:151} INFO - [2023-09-27T02:33:56.501+0000] {manager.py:499} INFO - Created Permission View: %s
[2023-09-27T02:33:56.549+0000] {logging_mixin.py:151} INFO - [2023-09-27T02:33:56.548+0000] {manager.py:499} INFO - Created Permission View: %s
[2023-09-27T02:33:56.592+0000] {logging_mixin.py:151} INFO - [2023-09-27T02:33:56.591+0000] {manager.py:499} INFO - Created Permission View: %s
[2023-09-27T02:33:56.595+0000] {logging_mixin.py:151} INFO - [2023-09-27T02:33:56.595+0000] {security.py:708} INFO - Not syncing DAG-level permissions for DAG 'DAG:example_params_ui_tutorial' as access control is unset.
[2023-09-27T02:33:56.598+0000] {logging_mixin.py:151} INFO - [2023-09-27T02:33:56.598+0000] {dag.py:2915} INFO - Sync 1 DAGs
[2023-09-27T02:33:56.637+0000] {logging_mixin.py:151} INFO - [2023-09-27T02:33:56.637+0000] {dag.py:2937} INFO - Creating ORM DAG for example_params_ui_tutorial
[2023-09-27T02:33:56.641+0000] {logging_mixin.py:151} INFO - [2023-09-27T02:33:56.640+0000] {dag.py:3696} INFO - Setting next_dagrun for example_params_ui_tutorial to None, run_after=None
[2023-09-27T02:33:56.713+0000] {processor.py:179} INFO - Processing /home/airflow/.local/lib/python3.8/site-packages/airflow/example_dags/example_params_ui_tutorial.py took 1.124 seconds
[2023-09-27T02:34:27.022+0000] {processor.py:157} INFO - Started process (PID=141) to work on /home/airflow/.local/lib/python3.8/site-packages/airflow/example_dags/example_params_ui_tutorial.py
[2023-09-27T02:34:27.026+0000] {processor.py:829} INFO - Processing file /home/airflow/.local/lib/python3.8/site-packages/airflow/example_dags/example_params_ui_tutorial.py for tasks to queue
[2023-09-27T02:34:27.033+0000] {logging_mixin.py:151} INFO - [2023-09-27T02:34:27.032+0000] {dagbag.py:539} INFO - Filling up the DagBag from /home/airflow/.local/lib/python3.8/site-packages/airflow/example_dags/example_params_ui_tutorial.py
[2023-09-27T02:34:27.103+0000] {processor.py:839} INFO - DAG(s) dict_keys(['example_params_ui_tutorial']) retrieved from /home/airflow/.local/lib/python3.8/site-packages/airflow/example_dags/example_params_ui_tutorial.py
[2023-09-27T02:34:27.188+0000] {logging_mixin.py:151} INFO - [2023-09-27T02:34:27.188+0000] {dag.py:2915} INFO - Sync 1 DAGs
[2023-09-27T02:34:27.206+0000] {logging_mixin.py:151} INFO - [2023-09-27T02:34:27.205+0000] {dag.py:3696} INFO - Setting next_dagrun for example_params_ui_tutorial to None, run_after=None
[2023-09-27T02:34:27.234+0000] {processor.py:179} INFO - Processing /home/airflow/.local/lib/python3.8/site-packages/airflow/example_dags/example_params_ui_tutorial.py took 0.220 seconds
[2023-09-27T02:34:57.491+0000] {processor.py:157} INFO - Started process (PID=195) to work on /home/airflow/.local/lib/python3.8/site-packages/airflow/example_dags/example_params_ui_tutorial.py
[2023-09-27T02:34:57.499+0000] {processor.py:829} INFO - Processing file /home/airflow/.local/lib/python3.8/site-packages/airflow/example_dags/example_params_ui_tutorial.py for tasks to queue
[2023-09-27T02:34:57.506+0000] {logging_mixin.py:151} INFO - [2023-09-27T02:34:57.505+0000] {dagbag.py:539} INFO - Filling up the DagBag from /home/airflow/.local/lib/python3.8/site-packages/airflow/example_dags/example_params_ui_tutorial.py
[2023-09-27T02:34:57.623+0000] {processor.py:839} INFO - DAG(s) dict_keys(['example_params_ui_tutorial']) retrieved from /home/airflow/.local/lib/python3.8/site-packages/airflow/example_dags/example_params_ui_tutorial.py
[2023-09-27T02:34:57.791+0000] {logging_mixin.py:151} INFO - [2023-09-27T02:34:57.790+0000] {dag.py:2915} INFO - Sync 1 DAGs
[2023-09-27T02:34:57.833+0000] {logging_mixin.py:151} INFO - [2023-09-27T02:34:57.832+0000] {dag.py:3696} INFO - Setting next_dagrun for example_params_ui_tutorial to None, run_after=None
[2023-09-27T02:34:57.880+0000] {processor.py:179} INFO - Processing /home/airflow/.local/lib/python3.8/site-packages/airflow/example_dags/example_params_ui_tutorial.py took 0.401 seconds
[2023-09-27T02:35:28.247+0000] {processor.py:157} INFO - Started process (PID=250) to work on /home/airflow/.local/lib/python3.8/site-packages/airflow/example_dags/example_params_ui_tutorial.py
[2023-09-27T02:35:28.249+0000] {processor.py:829} INFO - Processing file /home/airflow/.local/lib/python3.8/site-packages/airflow/example_dags/example_params_ui_tutorial.py for tasks to queue
[2023-09-27T02:35:28.253+0000] {logging_mixin.py:151} INFO - [2023-09-27T02:35:28.252+0000] {dagbag.py:539} INFO - Filling up the DagBag from /home/airflow/.local/lib/python3.8/site-packages/airflow/example_dags/example_params_ui_tutorial.py
[2023-09-27T02:35:28.308+0000] {processor.py:839} INFO - DAG(s) dict_keys(['example_params_ui_tutorial']) retrieved from /home/airflow/.local/lib/python3.8/site-packages/airflow/example_dags/example_params_ui_tutorial.py
[2023-09-27T02:35:28.393+0000] {logging_mixin.py:151} INFO - [2023-09-27T02:35:28.392+0000] {dag.py:2915} INFO - Sync 1 DAGs
[2023-09-27T02:35:28.417+0000] {logging_mixin.py:151} INFO - [2023-09-27T02:35:28.416+0000] {dag.py:3696} INFO - Setting next_dagrun for example_params_ui_tutorial to None, run_after=None
[2023-09-27T02:35:28.459+0000] {processor.py:179} INFO - Processing /home/airflow/.local/lib/python3.8/site-packages/airflow/example_dags/example_params_ui_tutorial.py took 0.216 seconds
[2023-09-27T02:35:59.354+0000] {processor.py:157} INFO - Started process (PID=303) to work on /home/airflow/.local/lib/python3.8/site-packages/airflow/example_dags/example_params_ui_tutorial.py
[2023-09-27T02:35:59.357+0000] {processor.py:829} INFO - Processing file /home/airflow/.local/lib/python3.8/site-packages/airflow/example_dags/example_params_ui_tutorial.py for tasks to queue
[2023-09-27T02:35:59.361+0000] {logging_mixin.py:151} INFO - [2023-09-27T02:35:59.361+0000] {dagbag.py:539} INFO - Filling up the DagBag from /home/airflow/.local/lib/python3.8/site-packages/airflow/example_dags/example_params_ui_tutorial.py
[2023-09-27T02:35:59.456+0000] {processor.py:839} INFO - DAG(s) dict_keys(['example_params_ui_tutorial']) retrieved from /home/airflow/.local/lib/python3.8/site-packages/airflow/example_dags/example_params_ui_tutorial.py
[2023-09-27T02:35:59.619+0000] {logging_mixin.py:151} INFO - [2023-09-27T02:35:59.619+0000] {dag.py:2915} INFO - Sync 1 DAGs
[2023-09-27T02:35:59.650+0000] {logging_mixin.py:151} INFO - [2023-09-27T02:35:59.650+0000] {dag.py:3696} INFO - Setting next_dagrun for example_params_ui_tutorial to None, run_after=None
[2023-09-27T02:35:59.702+0000] {processor.py:179} INFO - Processing /home/airflow/.local/lib/python3.8/site-packages/airflow/example_dags/example_params_ui_tutorial.py took 0.356 seconds
[2023-09-27T02:36:31.108+0000] {processor.py:157} INFO - Started process (PID=361) to work on /home/airflow/.local/lib/python3.8/site-packages/airflow/example_dags/example_params_ui_tutorial.py
[2023-09-27T02:36:31.110+0000] {processor.py:829} INFO - Processing file /home/airflow/.local/lib/python3.8/site-packages/airflow/example_dags/example_params_ui_tutorial.py for tasks to queue
[2023-09-27T02:36:31.114+0000] {logging_mixin.py:151} INFO - [2023-09-27T02:36:31.114+0000] {dagbag.py:539} INFO - Filling up the DagBag from /home/airflow/.local/lib/python3.8/site-packages/airflow/example_dags/example_params_ui_tutorial.py
[2023-09-27T02:36:31.201+0000] {processor.py:839} INFO - DAG(s) dict_keys(['example_params_ui_tutorial']) retrieved from /home/airflow/.local/lib/python3.8/site-packages/airflow/example_dags/example_params_ui_tutorial.py
[2023-09-27T02:36:31.344+0000] {logging_mixin.py:151} INFO - [2023-09-27T02:36:31.344+0000] {dag.py:2915} INFO - Sync 1 DAGs
[2023-09-27T02:36:31.417+0000] {logging_mixin.py:151} INFO - [2023-09-27T02:36:31.415+0000] {dag.py:3696} INFO - Setting next_dagrun for example_params_ui_tutorial to None, run_after=None
[2023-09-27T02:36:31.522+0000] {processor.py:179} INFO - Processing /home/airflow/.local/lib/python3.8/site-packages/airflow/example_dags/example_params_ui_tutorial.py took 0.421 seconds
[2023-09-27T02:37:02.097+0000] {processor.py:157} INFO - Started process (PID=421) to work on /home/airflow/.local/lib/python3.8/site-packages/airflow/example_dags/example_params_ui_tutorial.py
[2023-09-27T02:37:02.098+0000] {processor.py:829} INFO - Processing file /home/airflow/.local/lib/python3.8/site-packages/airflow/example_dags/example_params_ui_tutorial.py for tasks to queue
[2023-09-27T02:37:02.103+0000] {logging_mixin.py:151} INFO - [2023-09-27T02:37:02.102+0000] {dagbag.py:539} INFO - Filling up the DagBag from /home/airflow/.local/lib/python3.8/site-packages/airflow/example_dags/example_params_ui_tutorial.py
[2023-09-27T02:37:02.156+0000] {processor.py:839} INFO - DAG(s) dict_keys(['example_params_ui_tutorial']) retrieved from /home/airflow/.local/lib/python3.8/site-packages/airflow/example_dags/example_params_ui_tutorial.py
[2023-09-27T02:37:02.239+0000] {logging_mixin.py:151} INFO - [2023-09-27T02:37:02.239+0000] {dag.py:2915} INFO - Sync 1 DAGs
[2023-09-27T02:37:02.256+0000] {logging_mixin.py:151} INFO - [2023-09-27T02:37:02.256+0000] {dag.py:3696} INFO - Setting next_dagrun for example_params_ui_tutorial to None, run_after=None
[2023-09-27T02:37:02.279+0000] {processor.py:179} INFO - Processing /home/airflow/.local/lib/python3.8/site-packages/airflow/example_dags/example_params_ui_tutorial.py took 0.192 seconds
[2023-09-27T02:37:33.348+0000] {processor.py:157} INFO - Started process (PID=475) to work on /home/airflow/.local/lib/python3.8/site-packages/airflow/example_dags/example_params_ui_tutorial.py
[2023-09-27T02:37:33.350+0000] {processor.py:829} INFO - Processing file /home/airflow/.local/lib/python3.8/site-packages/airflow/example_dags/example_params_ui_tutorial.py for tasks to queue
[2023-09-27T02:37:33.357+0000] {logging_mixin.py:151} INFO - [2023-09-27T02:37:33.357+0000] {dagbag.py:539} INFO - Filling up the DagBag from /home/airflow/.local/lib/python3.8/site-packages/airflow/example_dags/example_params_ui_tutorial.py
[2023-09-27T02:37:33.473+0000] {processor.py:839} INFO - DAG(s) dict_keys(['example_params_ui_tutorial']) retrieved from /home/airflow/.local/lib/python3.8/site-packages/airflow/example_dags/example_params_ui_tutorial.py
[2023-09-27T02:37:33.650+0000] {logging_mixin.py:151} INFO - [2023-09-27T02:37:33.650+0000] {dag.py:2915} INFO - Sync 1 DAGs
[2023-09-27T02:37:33.678+0000] {logging_mixin.py:151} INFO - [2023-09-27T02:37:33.678+0000] {dag.py:3696} INFO - Setting next_dagrun for example_params_ui_tutorial to None, run_after=None
[2023-09-27T02:37:33.721+0000] {processor.py:179} INFO - Processing /home/airflow/.local/lib/python3.8/site-packages/airflow/example_dags/example_params_ui_tutorial.py took 0.377 seconds
[2023-09-27T02:38:03.946+0000] {processor.py:157} INFO - Started process (PID=529) to work on /home/airflow/.local/lib/python3.8/site-packages/airflow/example_dags/example_params_ui_tutorial.py
[2023-09-27T02:38:03.948+0000] {processor.py:829} INFO - Processing file /home/airflow/.local/lib/python3.8/site-packages/airflow/example_dags/example_params_ui_tutorial.py for tasks to queue
[2023-09-27T02:38:03.951+0000] {logging_mixin.py:151} INFO - [2023-09-27T02:38:03.950+0000] {dagbag.py:539} INFO - Filling up the DagBag from /home/airflow/.local/lib/python3.8/site-packages/airflow/example_dags/example_params_ui_tutorial.py
[2023-09-27T02:38:04.005+0000] {processor.py:839} INFO - DAG(s) dict_keys(['example_params_ui_tutorial']) retrieved from /home/airflow/.local/lib/python3.8/site-packages/airflow/example_dags/example_params_ui_tutorial.py
[2023-09-27T02:38:04.086+0000] {logging_mixin.py:151} INFO - [2023-09-27T02:38:04.086+0000] {dag.py:2915} INFO - Sync 1 DAGs
[2023-09-27T02:38:04.103+0000] {logging_mixin.py:151} INFO - [2023-09-27T02:38:04.103+0000] {dag.py:3696} INFO - Setting next_dagrun for example_params_ui_tutorial to None, run_after=None
[2023-09-27T02:38:04.128+0000] {processor.py:179} INFO - Processing /home/airflow/.local/lib/python3.8/site-packages/airflow/example_dags/example_params_ui_tutorial.py took 0.187 seconds
[2023-09-27T02:38:34.802+0000] {processor.py:157} INFO - Started process (PID=583) to work on /home/airflow/.local/lib/python3.8/site-packages/airflow/example_dags/example_params_ui_tutorial.py
[2023-09-27T02:38:34.803+0000] {processor.py:829} INFO - Processing file /home/airflow/.local/lib/python3.8/site-packages/airflow/example_dags/example_params_ui_tutorial.py for tasks to queue
[2023-09-27T02:38:34.806+0000] {logging_mixin.py:151} INFO - [2023-09-27T02:38:34.806+0000] {dagbag.py:539} INFO - Filling up the DagBag from /home/airflow/.local/lib/python3.8/site-packages/airflow/example_dags/example_params_ui_tutorial.py
[2023-09-27T02:38:34.852+0000] {processor.py:839} INFO - DAG(s) dict_keys(['example_params_ui_tutorial']) retrieved from /home/airflow/.local/lib/python3.8/site-packages/airflow/example_dags/example_params_ui_tutorial.py
[2023-09-27T02:38:34.927+0000] {logging_mixin.py:151} INFO - [2023-09-27T02:38:34.927+0000] {dag.py:2915} INFO - Sync 1 DAGs
[2023-09-27T02:38:34.942+0000] {logging_mixin.py:151} INFO - [2023-09-27T02:38:34.942+0000] {dag.py:3696} INFO - Setting next_dagrun for example_params_ui_tutorial to None, run_after=None
[2023-09-27T02:38:34.969+0000] {processor.py:179} INFO - Processing /home/airflow/.local/lib/python3.8/site-packages/airflow/example_dags/example_params_ui_tutorial.py took 0.172 seconds
