[2023-09-27T02:33:48.832+0000] {processor.py:157} INFO - Started process (PID=74) to work on /home/airflow/.local/lib/python3.8/site-packages/airflow/example_dags/example_subdag_operator.py
[2023-09-27T02:33:48.840+0000] {processor.py:829} INFO - Processing file /home/airflow/.local/lib/python3.8/site-packages/airflow/example_dags/example_subdag_operator.py for tasks to queue
[2023-09-27T02:33:48.889+0000] {logging_mixin.py:151} INFO - [2023-09-27T02:33:48.887+0000] {dagbag.py:539} INFO - Filling up the DagBag from /home/airflow/.local/lib/python3.8/site-packages/airflow/example_dags/example_subdag_operator.py
[2023-09-27T02:33:49.230+0000] {processor.py:839} INFO - DAG(s) dict_keys(['example_subdag_operator.section-1', 'example_subdag_operator.section-2', 'example_subdag_operator']) retrieved from /home/airflow/.local/lib/python3.8/site-packages/airflow/example_dags/example_subdag_operator.py
[2023-09-27T02:33:49.965+0000] {logging_mixin.py:151} INFO - [2023-09-27T02:33:49.965+0000] {manager.py:499} INFO - Created Permission View: %s
[2023-09-27T02:33:50.017+0000] {logging_mixin.py:151} INFO - [2023-09-27T02:33:50.016+0000] {manager.py:499} INFO - Created Permission View: %s
[2023-09-27T02:33:50.047+0000] {logging_mixin.py:151} INFO - [2023-09-27T02:33:50.045+0000] {manager.py:499} INFO - Created Permission View: %s
[2023-09-27T02:33:50.048+0000] {logging_mixin.py:151} INFO - [2023-09-27T02:33:50.048+0000] {security.py:708} INFO - Not syncing DAG-level permissions for DAG 'DAG:example_subdag_operator' as access control is unset.
[2023-09-27T02:33:50.050+0000] {logging_mixin.py:151} INFO - [2023-09-27T02:33:50.050+0000] {dag.py:2915} INFO - Sync 3 DAGs
[2023-09-27T02:33:50.102+0000] {logging_mixin.py:151} INFO - [2023-09-27T02:33:50.101+0000] {dag.py:2937} INFO - Creating ORM DAG for example_subdag_operator.section-1
[2023-09-27T02:33:50.105+0000] {logging_mixin.py:151} INFO - [2023-09-27T02:33:50.104+0000] {dag.py:2937} INFO - Creating ORM DAG for example_subdag_operator
[2023-09-27T02:33:50.109+0000] {logging_mixin.py:151} INFO - [2023-09-27T02:33:50.108+0000] {dag.py:2937} INFO - Creating ORM DAG for example_subdag_operator.section-2
[2023-09-27T02:33:50.151+0000] {logging_mixin.py:151} INFO - [2023-09-27T02:33:50.150+0000] {dag.py:3696} INFO - Setting next_dagrun for example_subdag_operator to 2022-01-01T00:00:00+00:00, run_after=2022-01-01T00:00:00+00:00
[2023-09-27T02:33:50.154+0000] {logging_mixin.py:151} INFO - [2023-09-27T02:33:50.153+0000] {dag.py:3696} INFO - Setting next_dagrun for example_subdag_operator.section-1 to None, run_after=None
[2023-09-27T02:33:50.156+0000] {logging_mixin.py:151} INFO - [2023-09-27T02:33:50.156+0000] {dag.py:3696} INFO - Setting next_dagrun for example_subdag_operator.section-2 to None, run_after=None
[2023-09-27T02:33:50.185+0000] {logging_mixin.py:151} INFO - [2023-09-27T02:33:50.184+0000] {dag.py:2915} INFO - Sync 2 DAGs
[2023-09-27T02:33:50.205+0000] {logging_mixin.py:151} INFO - [2023-09-27T02:33:50.204+0000] {dag.py:3696} INFO - Setting next_dagrun for example_subdag_operator.section-1 to None, run_after=None
[2023-09-27T02:33:50.219+0000] {logging_mixin.py:151} INFO - [2023-09-27T02:33:50.219+0000] {dag.py:3696} INFO - Setting next_dagrun for example_subdag_operator.section-2 to None, run_after=None
[2023-09-27T02:33:50.265+0000] {processor.py:179} INFO - Processing /home/airflow/.local/lib/python3.8/site-packages/airflow/example_dags/example_subdag_operator.py took 1.452 seconds
[2023-09-27T02:34:20.629+0000] {processor.py:157} INFO - Started process (PID=128) to work on /home/airflow/.local/lib/python3.8/site-packages/airflow/example_dags/example_subdag_operator.py
[2023-09-27T02:34:20.634+0000] {processor.py:829} INFO - Processing file /home/airflow/.local/lib/python3.8/site-packages/airflow/example_dags/example_subdag_operator.py for tasks to queue
[2023-09-27T02:34:20.639+0000] {logging_mixin.py:151} INFO - [2023-09-27T02:34:20.638+0000] {dagbag.py:539} INFO - Filling up the DagBag from /home/airflow/.local/lib/python3.8/site-packages/airflow/example_dags/example_subdag_operator.py
[2023-09-27T02:34:20.696+0000] {processor.py:839} INFO - DAG(s) dict_keys(['example_subdag_operator.section-1', 'example_subdag_operator.section-2', 'example_subdag_operator']) retrieved from /home/airflow/.local/lib/python3.8/site-packages/airflow/example_dags/example_subdag_operator.py
[2023-09-27T02:34:20.738+0000] {logging_mixin.py:151} INFO - [2023-09-27T02:34:20.737+0000] {dag.py:2915} INFO - Sync 3 DAGs
[2023-09-27T02:34:20.811+0000] {logging_mixin.py:151} INFO - [2023-09-27T02:34:20.811+0000] {dag.py:3696} INFO - Setting next_dagrun for example_subdag_operator to 2022-01-01T00:00:00+00:00, run_after=2022-01-01T00:00:00+00:00
[2023-09-27T02:34:20.821+0000] {logging_mixin.py:151} INFO - [2023-09-27T02:34:20.821+0000] {dag.py:3696} INFO - Setting next_dagrun for example_subdag_operator.section-1 to None, run_after=None
[2023-09-27T02:34:20.825+0000] {logging_mixin.py:151} INFO - [2023-09-27T02:34:20.824+0000] {dag.py:3696} INFO - Setting next_dagrun for example_subdag_operator.section-2 to None, run_after=None
[2023-09-27T02:34:20.841+0000] {logging_mixin.py:151} INFO - [2023-09-27T02:34:20.841+0000] {dag.py:2915} INFO - Sync 2 DAGs
[2023-09-27T02:34:20.854+0000] {logging_mixin.py:151} INFO - [2023-09-27T02:34:20.854+0000] {dag.py:3696} INFO - Setting next_dagrun for example_subdag_operator.section-1 to None, run_after=None
[2023-09-27T02:34:20.856+0000] {logging_mixin.py:151} INFO - [2023-09-27T02:34:20.855+0000] {dag.py:3696} INFO - Setting next_dagrun for example_subdag_operator.section-2 to None, run_after=None
[2023-09-27T02:34:20.880+0000] {processor.py:179} INFO - Processing /home/airflow/.local/lib/python3.8/site-packages/airflow/example_dags/example_subdag_operator.py took 0.259 seconds
[2023-09-27T02:34:51.410+0000] {processor.py:157} INFO - Started process (PID=182) to work on /home/airflow/.local/lib/python3.8/site-packages/airflow/example_dags/example_subdag_operator.py
[2023-09-27T02:34:51.419+0000] {processor.py:829} INFO - Processing file /home/airflow/.local/lib/python3.8/site-packages/airflow/example_dags/example_subdag_operator.py for tasks to queue
[2023-09-27T02:34:51.426+0000] {logging_mixin.py:151} INFO - [2023-09-27T02:34:51.426+0000] {dagbag.py:539} INFO - Filling up the DagBag from /home/airflow/.local/lib/python3.8/site-packages/airflow/example_dags/example_subdag_operator.py
[2023-09-27T02:34:51.491+0000] {processor.py:839} INFO - DAG(s) dict_keys(['example_subdag_operator.section-1', 'example_subdag_operator.section-2', 'example_subdag_operator']) retrieved from /home/airflow/.local/lib/python3.8/site-packages/airflow/example_dags/example_subdag_operator.py
[2023-09-27T02:34:51.555+0000] {logging_mixin.py:151} INFO - [2023-09-27T02:34:51.555+0000] {dag.py:2915} INFO - Sync 3 DAGs
[2023-09-27T02:34:51.675+0000] {logging_mixin.py:151} INFO - [2023-09-27T02:34:51.665+0000] {dag.py:3696} INFO - Setting next_dagrun for example_subdag_operator to 2022-01-01T00:00:00+00:00, run_after=2022-01-01T00:00:00+00:00
[2023-09-27T02:34:51.694+0000] {logging_mixin.py:151} INFO - [2023-09-27T02:34:51.693+0000] {dag.py:3696} INFO - Setting next_dagrun for example_subdag_operator.section-1 to None, run_after=None
[2023-09-27T02:34:51.707+0000] {logging_mixin.py:151} INFO - [2023-09-27T02:34:51.707+0000] {dag.py:3696} INFO - Setting next_dagrun for example_subdag_operator.section-2 to None, run_after=None
[2023-09-27T02:34:51.725+0000] {logging_mixin.py:151} INFO - [2023-09-27T02:34:51.724+0000] {dag.py:2915} INFO - Sync 2 DAGs
[2023-09-27T02:34:51.746+0000] {logging_mixin.py:151} INFO - [2023-09-27T02:34:51.746+0000] {dag.py:3696} INFO - Setting next_dagrun for example_subdag_operator.section-1 to None, run_after=None
[2023-09-27T02:34:51.752+0000] {logging_mixin.py:151} INFO - [2023-09-27T02:34:51.750+0000] {dag.py:3696} INFO - Setting next_dagrun for example_subdag_operator.section-2 to None, run_after=None
[2023-09-27T02:34:51.807+0000] {processor.py:179} INFO - Processing /home/airflow/.local/lib/python3.8/site-packages/airflow/example_dags/example_subdag_operator.py took 0.405 seconds
[2023-09-27T02:35:22.401+0000] {processor.py:157} INFO - Started process (PID=236) to work on /home/airflow/.local/lib/python3.8/site-packages/airflow/example_dags/example_subdag_operator.py
[2023-09-27T02:35:22.405+0000] {processor.py:829} INFO - Processing file /home/airflow/.local/lib/python3.8/site-packages/airflow/example_dags/example_subdag_operator.py for tasks to queue
[2023-09-27T02:35:22.409+0000] {logging_mixin.py:151} INFO - [2023-09-27T02:35:22.408+0000] {dagbag.py:539} INFO - Filling up the DagBag from /home/airflow/.local/lib/python3.8/site-packages/airflow/example_dags/example_subdag_operator.py
[2023-09-27T02:35:22.456+0000] {processor.py:839} INFO - DAG(s) dict_keys(['example_subdag_operator.section-1', 'example_subdag_operator.section-2', 'example_subdag_operator']) retrieved from /home/airflow/.local/lib/python3.8/site-packages/airflow/example_dags/example_subdag_operator.py
[2023-09-27T02:35:22.493+0000] {logging_mixin.py:151} INFO - [2023-09-27T02:35:22.493+0000] {dag.py:2915} INFO - Sync 3 DAGs
[2023-09-27T02:35:22.538+0000] {logging_mixin.py:151} INFO - [2023-09-27T02:35:22.537+0000] {dag.py:3696} INFO - Setting next_dagrun for example_subdag_operator to 2022-01-01T00:00:00+00:00, run_after=2022-01-01T00:00:00+00:00
[2023-09-27T02:35:22.545+0000] {logging_mixin.py:151} INFO - [2023-09-27T02:35:22.545+0000] {dag.py:3696} INFO - Setting next_dagrun for example_subdag_operator.section-1 to None, run_after=None
[2023-09-27T02:35:22.548+0000] {logging_mixin.py:151} INFO - [2023-09-27T02:35:22.548+0000] {dag.py:3696} INFO - Setting next_dagrun for example_subdag_operator.section-2 to None, run_after=None
[2023-09-27T02:35:22.562+0000] {logging_mixin.py:151} INFO - [2023-09-27T02:35:22.562+0000] {dag.py:2915} INFO - Sync 2 DAGs
[2023-09-27T02:35:22.574+0000] {logging_mixin.py:151} INFO - [2023-09-27T02:35:22.574+0000] {dag.py:3696} INFO - Setting next_dagrun for example_subdag_operator.section-1 to None, run_after=None
[2023-09-27T02:35:22.576+0000] {logging_mixin.py:151} INFO - [2023-09-27T02:35:22.575+0000] {dag.py:3696} INFO - Setting next_dagrun for example_subdag_operator.section-2 to None, run_after=None
[2023-09-27T02:35:22.599+0000] {processor.py:179} INFO - Processing /home/airflow/.local/lib/python3.8/site-packages/airflow/example_dags/example_subdag_operator.py took 0.205 seconds
[2023-09-27T02:35:53.414+0000] {processor.py:157} INFO - Started process (PID=290) to work on /home/airflow/.local/lib/python3.8/site-packages/airflow/example_dags/example_subdag_operator.py
[2023-09-27T02:35:53.416+0000] {processor.py:829} INFO - Processing file /home/airflow/.local/lib/python3.8/site-packages/airflow/example_dags/example_subdag_operator.py for tasks to queue
[2023-09-27T02:35:53.424+0000] {logging_mixin.py:151} INFO - [2023-09-27T02:35:53.424+0000] {dagbag.py:539} INFO - Filling up the DagBag from /home/airflow/.local/lib/python3.8/site-packages/airflow/example_dags/example_subdag_operator.py
[2023-09-27T02:35:53.614+0000] {processor.py:839} INFO - DAG(s) dict_keys(['example_subdag_operator.section-1', 'example_subdag_operator.section-2', 'example_subdag_operator']) retrieved from /home/airflow/.local/lib/python3.8/site-packages/airflow/example_dags/example_subdag_operator.py
[2023-09-27T02:35:53.677+0000] {logging_mixin.py:151} INFO - [2023-09-27T02:35:53.677+0000] {dag.py:2915} INFO - Sync 3 DAGs
[2023-09-27T02:35:53.843+0000] {logging_mixin.py:151} INFO - [2023-09-27T02:35:53.842+0000] {dag.py:3696} INFO - Setting next_dagrun for example_subdag_operator to 2022-01-01T00:00:00+00:00, run_after=2022-01-01T00:00:00+00:00
[2023-09-27T02:35:53.860+0000] {logging_mixin.py:151} INFO - [2023-09-27T02:35:53.859+0000] {dag.py:3696} INFO - Setting next_dagrun for example_subdag_operator.section-1 to None, run_after=None
[2023-09-27T02:35:53.863+0000] {logging_mixin.py:151} INFO - [2023-09-27T02:35:53.863+0000] {dag.py:3696} INFO - Setting next_dagrun for example_subdag_operator.section-2 to None, run_after=None
[2023-09-27T02:35:53.884+0000] {logging_mixin.py:151} INFO - [2023-09-27T02:35:53.884+0000] {dag.py:2915} INFO - Sync 2 DAGs
[2023-09-27T02:35:53.909+0000] {logging_mixin.py:151} INFO - [2023-09-27T02:35:53.908+0000] {dag.py:3696} INFO - Setting next_dagrun for example_subdag_operator.section-1 to None, run_after=None
[2023-09-27T02:35:53.910+0000] {logging_mixin.py:151} INFO - [2023-09-27T02:35:53.910+0000] {dag.py:3696} INFO - Setting next_dagrun for example_subdag_operator.section-2 to None, run_after=None
[2023-09-27T02:35:53.959+0000] {processor.py:179} INFO - Processing /home/airflow/.local/lib/python3.8/site-packages/airflow/example_dags/example_subdag_operator.py took 0.552 seconds
[2023-09-27T02:36:24.263+0000] {processor.py:157} INFO - Started process (PID=344) to work on /home/airflow/.local/lib/python3.8/site-packages/airflow/example_dags/example_subdag_operator.py
[2023-09-27T02:36:24.265+0000] {processor.py:829} INFO - Processing file /home/airflow/.local/lib/python3.8/site-packages/airflow/example_dags/example_subdag_operator.py for tasks to queue
[2023-09-27T02:36:24.271+0000] {logging_mixin.py:151} INFO - [2023-09-27T02:36:24.270+0000] {dagbag.py:539} INFO - Filling up the DagBag from /home/airflow/.local/lib/python3.8/site-packages/airflow/example_dags/example_subdag_operator.py
[2023-09-27T02:36:24.319+0000] {processor.py:839} INFO - DAG(s) dict_keys(['example_subdag_operator.section-1', 'example_subdag_operator.section-2', 'example_subdag_operator']) retrieved from /home/airflow/.local/lib/python3.8/site-packages/airflow/example_dags/example_subdag_operator.py
[2023-09-27T02:36:24.343+0000] {logging_mixin.py:151} INFO - [2023-09-27T02:36:24.342+0000] {dag.py:2915} INFO - Sync 3 DAGs
[2023-09-27T02:36:24.373+0000] {logging_mixin.py:151} INFO - [2023-09-27T02:36:24.373+0000] {dag.py:3696} INFO - Setting next_dagrun for example_subdag_operator to 2022-01-01T00:00:00+00:00, run_after=2022-01-01T00:00:00+00:00
[2023-09-27T02:36:24.378+0000] {logging_mixin.py:151} INFO - [2023-09-27T02:36:24.378+0000] {dag.py:3696} INFO - Setting next_dagrun for example_subdag_operator.section-1 to None, run_after=None
[2023-09-27T02:36:24.380+0000] {logging_mixin.py:151} INFO - [2023-09-27T02:36:24.380+0000] {dag.py:3696} INFO - Setting next_dagrun for example_subdag_operator.section-2 to None, run_after=None
[2023-09-27T02:36:24.389+0000] {logging_mixin.py:151} INFO - [2023-09-27T02:36:24.389+0000] {dag.py:2915} INFO - Sync 2 DAGs
[2023-09-27T02:36:24.396+0000] {logging_mixin.py:151} INFO - [2023-09-27T02:36:24.396+0000] {dag.py:3696} INFO - Setting next_dagrun for example_subdag_operator.section-1 to None, run_after=None
[2023-09-27T02:36:24.397+0000] {logging_mixin.py:151} INFO - [2023-09-27T02:36:24.397+0000] {dag.py:3696} INFO - Setting next_dagrun for example_subdag_operator.section-2 to None, run_after=None
[2023-09-27T02:36:24.411+0000] {processor.py:179} INFO - Processing /home/airflow/.local/lib/python3.8/site-packages/airflow/example_dags/example_subdag_operator.py took 0.153 seconds
[2023-09-27T02:36:55.281+0000] {processor.py:157} INFO - Started process (PID=408) to work on /home/airflow/.local/lib/python3.8/site-packages/airflow/example_dags/example_subdag_operator.py
[2023-09-27T02:36:55.283+0000] {processor.py:829} INFO - Processing file /home/airflow/.local/lib/python3.8/site-packages/airflow/example_dags/example_subdag_operator.py for tasks to queue
[2023-09-27T02:36:55.293+0000] {logging_mixin.py:151} INFO - [2023-09-27T02:36:55.293+0000] {dagbag.py:539} INFO - Filling up the DagBag from /home/airflow/.local/lib/python3.8/site-packages/airflow/example_dags/example_subdag_operator.py
[2023-09-27T02:36:55.355+0000] {processor.py:839} INFO - DAG(s) dict_keys(['example_subdag_operator.section-1', 'example_subdag_operator.section-2', 'example_subdag_operator']) retrieved from /home/airflow/.local/lib/python3.8/site-packages/airflow/example_dags/example_subdag_operator.py
[2023-09-27T02:36:55.386+0000] {logging_mixin.py:151} INFO - [2023-09-27T02:36:55.385+0000] {dag.py:2915} INFO - Sync 3 DAGs
[2023-09-27T02:36:55.421+0000] {logging_mixin.py:151} INFO - [2023-09-27T02:36:55.420+0000] {dag.py:3696} INFO - Setting next_dagrun for example_subdag_operator to 2022-01-01T00:00:00+00:00, run_after=2022-01-01T00:00:00+00:00
[2023-09-27T02:36:55.427+0000] {logging_mixin.py:151} INFO - [2023-09-27T02:36:55.427+0000] {dag.py:3696} INFO - Setting next_dagrun for example_subdag_operator.section-1 to None, run_after=None
[2023-09-27T02:36:55.430+0000] {logging_mixin.py:151} INFO - [2023-09-27T02:36:55.429+0000] {dag.py:3696} INFO - Setting next_dagrun for example_subdag_operator.section-2 to None, run_after=None
[2023-09-27T02:36:55.444+0000] {logging_mixin.py:151} INFO - [2023-09-27T02:36:55.444+0000] {dag.py:2915} INFO - Sync 2 DAGs
[2023-09-27T02:36:55.458+0000] {logging_mixin.py:151} INFO - [2023-09-27T02:36:55.457+0000] {dag.py:3696} INFO - Setting next_dagrun for example_subdag_operator.section-1 to None, run_after=None
[2023-09-27T02:36:55.459+0000] {logging_mixin.py:151} INFO - [2023-09-27T02:36:55.459+0000] {dag.py:3696} INFO - Setting next_dagrun for example_subdag_operator.section-2 to None, run_after=None
[2023-09-27T02:36:55.482+0000] {processor.py:179} INFO - Processing /home/airflow/.local/lib/python3.8/site-packages/airflow/example_dags/example_subdag_operator.py took 0.208 seconds
[2023-09-27T02:37:25.950+0000] {processor.py:157} INFO - Started process (PID=462) to work on /home/airflow/.local/lib/python3.8/site-packages/airflow/example_dags/example_subdag_operator.py
[2023-09-27T02:37:25.953+0000] {processor.py:829} INFO - Processing file /home/airflow/.local/lib/python3.8/site-packages/airflow/example_dags/example_subdag_operator.py for tasks to queue
[2023-09-27T02:37:25.958+0000] {logging_mixin.py:151} INFO - [2023-09-27T02:37:25.957+0000] {dagbag.py:539} INFO - Filling up the DagBag from /home/airflow/.local/lib/python3.8/site-packages/airflow/example_dags/example_subdag_operator.py
[2023-09-27T02:37:26.000+0000] {processor.py:839} INFO - DAG(s) dict_keys(['example_subdag_operator.section-1', 'example_subdag_operator.section-2', 'example_subdag_operator']) retrieved from /home/airflow/.local/lib/python3.8/site-packages/airflow/example_dags/example_subdag_operator.py
[2023-09-27T02:37:26.025+0000] {logging_mixin.py:151} INFO - [2023-09-27T02:37:26.025+0000] {dag.py:2915} INFO - Sync 3 DAGs
[2023-09-27T02:37:26.058+0000] {logging_mixin.py:151} INFO - [2023-09-27T02:37:26.058+0000] {dag.py:3696} INFO - Setting next_dagrun for example_subdag_operator to 2022-01-01T00:00:00+00:00, run_after=2022-01-01T00:00:00+00:00
[2023-09-27T02:37:26.064+0000] {logging_mixin.py:151} INFO - [2023-09-27T02:37:26.063+0000] {dag.py:3696} INFO - Setting next_dagrun for example_subdag_operator.section-1 to None, run_after=None
[2023-09-27T02:37:26.066+0000] {logging_mixin.py:151} INFO - [2023-09-27T02:37:26.066+0000] {dag.py:3696} INFO - Setting next_dagrun for example_subdag_operator.section-2 to None, run_after=None
[2023-09-27T02:37:26.078+0000] {logging_mixin.py:151} INFO - [2023-09-27T02:37:26.078+0000] {dag.py:2915} INFO - Sync 2 DAGs
[2023-09-27T02:37:26.089+0000] {logging_mixin.py:151} INFO - [2023-09-27T02:37:26.088+0000] {dag.py:3696} INFO - Setting next_dagrun for example_subdag_operator.section-1 to None, run_after=None
[2023-09-27T02:37:26.090+0000] {logging_mixin.py:151} INFO - [2023-09-27T02:37:26.090+0000] {dag.py:3696} INFO - Setting next_dagrun for example_subdag_operator.section-2 to None, run_after=None
[2023-09-27T02:37:26.109+0000] {processor.py:179} INFO - Processing /home/airflow/.local/lib/python3.8/site-packages/airflow/example_dags/example_subdag_operator.py took 0.164 seconds
[2023-09-27T02:37:56.326+0000] {processor.py:157} INFO - Started process (PID=516) to work on /home/airflow/.local/lib/python3.8/site-packages/airflow/example_dags/example_subdag_operator.py
[2023-09-27T02:37:56.328+0000] {processor.py:829} INFO - Processing file /home/airflow/.local/lib/python3.8/site-packages/airflow/example_dags/example_subdag_operator.py for tasks to queue
[2023-09-27T02:37:56.333+0000] {logging_mixin.py:151} INFO - [2023-09-27T02:37:56.333+0000] {dagbag.py:539} INFO - Filling up the DagBag from /home/airflow/.local/lib/python3.8/site-packages/airflow/example_dags/example_subdag_operator.py
[2023-09-27T02:37:56.374+0000] {processor.py:839} INFO - DAG(s) dict_keys(['example_subdag_operator.section-1', 'example_subdag_operator.section-2', 'example_subdag_operator']) retrieved from /home/airflow/.local/lib/python3.8/site-packages/airflow/example_dags/example_subdag_operator.py
[2023-09-27T02:37:56.395+0000] {logging_mixin.py:151} INFO - [2023-09-27T02:37:56.394+0000] {dag.py:2915} INFO - Sync 3 DAGs
[2023-09-27T02:37:56.426+0000] {logging_mixin.py:151} INFO - [2023-09-27T02:37:56.426+0000] {dag.py:3696} INFO - Setting next_dagrun for example_subdag_operator to 2022-01-01T00:00:00+00:00, run_after=2022-01-01T00:00:00+00:00
[2023-09-27T02:37:56.433+0000] {logging_mixin.py:151} INFO - [2023-09-27T02:37:56.433+0000] {dag.py:3696} INFO - Setting next_dagrun for example_subdag_operator.section-1 to None, run_after=None
[2023-09-27T02:37:56.436+0000] {logging_mixin.py:151} INFO - [2023-09-27T02:37:56.436+0000] {dag.py:3696} INFO - Setting next_dagrun for example_subdag_operator.section-2 to None, run_after=None
[2023-09-27T02:37:56.448+0000] {logging_mixin.py:151} INFO - [2023-09-27T02:37:56.448+0000] {dag.py:2915} INFO - Sync 2 DAGs
[2023-09-27T02:37:56.460+0000] {logging_mixin.py:151} INFO - [2023-09-27T02:37:56.460+0000] {dag.py:3696} INFO - Setting next_dagrun for example_subdag_operator.section-1 to None, run_after=None
[2023-09-27T02:37:56.461+0000] {logging_mixin.py:151} INFO - [2023-09-27T02:37:56.461+0000] {dag.py:3696} INFO - Setting next_dagrun for example_subdag_operator.section-2 to None, run_after=None
[2023-09-27T02:37:56.479+0000] {processor.py:179} INFO - Processing /home/airflow/.local/lib/python3.8/site-packages/airflow/example_dags/example_subdag_operator.py took 0.162 seconds
[2023-09-27T02:38:26.820+0000] {processor.py:157} INFO - Started process (PID=570) to work on /home/airflow/.local/lib/python3.8/site-packages/airflow/example_dags/example_subdag_operator.py
[2023-09-27T02:38:26.822+0000] {processor.py:829} INFO - Processing file /home/airflow/.local/lib/python3.8/site-packages/airflow/example_dags/example_subdag_operator.py for tasks to queue
[2023-09-27T02:38:26.827+0000] {logging_mixin.py:151} INFO - [2023-09-27T02:38:26.826+0000] {dagbag.py:539} INFO - Filling up the DagBag from /home/airflow/.local/lib/python3.8/site-packages/airflow/example_dags/example_subdag_operator.py
[2023-09-27T02:38:26.887+0000] {processor.py:839} INFO - DAG(s) dict_keys(['example_subdag_operator.section-1', 'example_subdag_operator.section-2', 'example_subdag_operator']) retrieved from /home/airflow/.local/lib/python3.8/site-packages/airflow/example_dags/example_subdag_operator.py
[2023-09-27T02:38:26.934+0000] {logging_mixin.py:151} INFO - [2023-09-27T02:38:26.933+0000] {dag.py:2915} INFO - Sync 3 DAGs
[2023-09-27T02:38:26.987+0000] {logging_mixin.py:151} INFO - [2023-09-27T02:38:26.987+0000] {dag.py:3696} INFO - Setting next_dagrun for example_subdag_operator to 2022-01-01T00:00:00+00:00, run_after=2022-01-01T00:00:00+00:00
[2023-09-27T02:38:26.998+0000] {logging_mixin.py:151} INFO - [2023-09-27T02:38:26.998+0000] {dag.py:3696} INFO - Setting next_dagrun for example_subdag_operator.section-1 to None, run_after=None
[2023-09-27T02:38:27.000+0000] {logging_mixin.py:151} INFO - [2023-09-27T02:38:27.000+0000] {dag.py:3696} INFO - Setting next_dagrun for example_subdag_operator.section-2 to None, run_after=None
[2023-09-27T02:38:27.016+0000] {logging_mixin.py:151} INFO - [2023-09-27T02:38:27.016+0000] {dag.py:2915} INFO - Sync 2 DAGs
[2023-09-27T02:38:27.032+0000] {logging_mixin.py:151} INFO - [2023-09-27T02:38:27.032+0000] {dag.py:3696} INFO - Setting next_dagrun for example_subdag_operator.section-1 to None, run_after=None
[2023-09-27T02:38:27.033+0000] {logging_mixin.py:151} INFO - [2023-09-27T02:38:27.033+0000] {dag.py:3696} INFO - Setting next_dagrun for example_subdag_operator.section-2 to None, run_after=None
[2023-09-27T02:38:27.053+0000] {processor.py:179} INFO - Processing /home/airflow/.local/lib/python3.8/site-packages/airflow/example_dags/example_subdag_operator.py took 0.239 seconds
