[2023-09-27T02:33:40.260+0000] {processor.py:157} INFO - Started process (PID=56) to work on /home/airflow/.local/lib/python3.8/site-packages/airflow/example_dags/example_python_operator.py
[2023-09-27T02:33:40.263+0000] {processor.py:829} INFO - Processing file /home/airflow/.local/lib/python3.8/site-packages/airflow/example_dags/example_python_operator.py for tasks to queue
[2023-09-27T02:33:40.269+0000] {logging_mixin.py:151} INFO - [2023-09-27T02:33:40.269+0000] {dagbag.py:539} INFO - Filling up the DagBag from /home/airflow/.local/lib/python3.8/site-packages/airflow/example_dags/example_python_operator.py
[2023-09-27T02:33:40.322+0000] {processor.py:839} INFO - DAG(s) dict_keys(['example_python_operator']) retrieved from /home/airflow/.local/lib/python3.8/site-packages/airflow/example_dags/example_python_operator.py
[2023-09-27T02:33:40.879+0000] {logging_mixin.py:151} INFO - [2023-09-27T02:33:40.878+0000] {manager.py:499} INFO - Created Permission View: %s
[2023-09-27T02:33:41.010+0000] {logging_mixin.py:151} INFO - [2023-09-27T02:33:41.010+0000] {manager.py:499} INFO - Created Permission View: %s
[2023-09-27T02:33:41.044+0000] {logging_mixin.py:151} INFO - [2023-09-27T02:33:41.044+0000] {manager.py:499} INFO - Created Permission View: %s
[2023-09-27T02:33:41.046+0000] {logging_mixin.py:151} INFO - [2023-09-27T02:33:41.045+0000] {security.py:708} INFO - Not syncing DAG-level permissions for DAG 'DAG:example_python_operator' as access control is unset.
[2023-09-27T02:33:41.047+0000] {logging_mixin.py:151} INFO - [2023-09-27T02:33:41.047+0000] {dag.py:2915} INFO - Sync 1 DAGs
[2023-09-27T02:33:41.128+0000] {logging_mixin.py:151} INFO - [2023-09-27T02:33:41.128+0000] {dag.py:2937} INFO - Creating ORM DAG for example_python_operator
[2023-09-27T02:33:41.131+0000] {logging_mixin.py:151} INFO - [2023-09-27T02:33:41.131+0000] {dag.py:3696} INFO - Setting next_dagrun for example_python_operator to None, run_after=None
[2023-09-27T02:33:41.229+0000] {processor.py:179} INFO - Processing /home/airflow/.local/lib/python3.8/site-packages/airflow/example_dags/example_python_operator.py took 0.978 seconds
[2023-09-27T02:34:11.648+0000] {processor.py:157} INFO - Started process (PID=109) to work on /home/airflow/.local/lib/python3.8/site-packages/airflow/example_dags/example_python_operator.py
[2023-09-27T02:34:11.664+0000] {processor.py:829} INFO - Processing file /home/airflow/.local/lib/python3.8/site-packages/airflow/example_dags/example_python_operator.py for tasks to queue
[2023-09-27T02:34:11.691+0000] {logging_mixin.py:151} INFO - [2023-09-27T02:34:11.689+0000] {dagbag.py:539} INFO - Filling up the DagBag from /home/airflow/.local/lib/python3.8/site-packages/airflow/example_dags/example_python_operator.py
[2023-09-27T02:34:11.789+0000] {processor.py:839} INFO - DAG(s) dict_keys(['example_python_operator']) retrieved from /home/airflow/.local/lib/python3.8/site-packages/airflow/example_dags/example_python_operator.py
[2023-09-27T02:34:12.100+0000] {logging_mixin.py:151} INFO - [2023-09-27T02:34:12.099+0000] {dag.py:2915} INFO - Sync 1 DAGs
[2023-09-27T02:34:12.230+0000] {logging_mixin.py:151} INFO - [2023-09-27T02:34:12.229+0000] {dag.py:3696} INFO - Setting next_dagrun for example_python_operator to None, run_after=None
[2023-09-27T02:34:12.351+0000] {processor.py:179} INFO - Processing /home/airflow/.local/lib/python3.8/site-packages/airflow/example_dags/example_python_operator.py took 0.742 seconds
[2023-09-27T02:34:43.184+0000] {processor.py:157} INFO - Started process (PID=163) to work on /home/airflow/.local/lib/python3.8/site-packages/airflow/example_dags/example_python_operator.py
[2023-09-27T02:34:43.190+0000] {processor.py:829} INFO - Processing file /home/airflow/.local/lib/python3.8/site-packages/airflow/example_dags/example_python_operator.py for tasks to queue
[2023-09-27T02:34:43.194+0000] {logging_mixin.py:151} INFO - [2023-09-27T02:34:43.194+0000] {dagbag.py:539} INFO - Filling up the DagBag from /home/airflow/.local/lib/python3.8/site-packages/airflow/example_dags/example_python_operator.py
[2023-09-27T02:34:43.212+0000] {processor.py:839} INFO - DAG(s) dict_keys(['example_python_operator']) retrieved from /home/airflow/.local/lib/python3.8/site-packages/airflow/example_dags/example_python_operator.py
[2023-09-27T02:34:43.259+0000] {logging_mixin.py:151} INFO - [2023-09-27T02:34:43.258+0000] {dag.py:2915} INFO - Sync 1 DAGs
[2023-09-27T02:34:43.287+0000] {logging_mixin.py:151} INFO - [2023-09-27T02:34:43.286+0000] {dag.py:3696} INFO - Setting next_dagrun for example_python_operator to None, run_after=None
[2023-09-27T02:34:43.334+0000] {processor.py:179} INFO - Processing /home/airflow/.local/lib/python3.8/site-packages/airflow/example_dags/example_python_operator.py took 0.155 seconds
[2023-09-27T02:35:13.800+0000] {processor.py:157} INFO - Started process (PID=216) to work on /home/airflow/.local/lib/python3.8/site-packages/airflow/example_dags/example_python_operator.py
[2023-09-27T02:35:13.802+0000] {processor.py:829} INFO - Processing file /home/airflow/.local/lib/python3.8/site-packages/airflow/example_dags/example_python_operator.py for tasks to queue
[2023-09-27T02:35:13.805+0000] {logging_mixin.py:151} INFO - [2023-09-27T02:35:13.805+0000] {dagbag.py:539} INFO - Filling up the DagBag from /home/airflow/.local/lib/python3.8/site-packages/airflow/example_dags/example_python_operator.py
[2023-09-27T02:35:13.822+0000] {processor.py:839} INFO - DAG(s) dict_keys(['example_python_operator']) retrieved from /home/airflow/.local/lib/python3.8/site-packages/airflow/example_dags/example_python_operator.py
[2023-09-27T02:35:13.848+0000] {logging_mixin.py:151} INFO - [2023-09-27T02:35:13.848+0000] {dag.py:2915} INFO - Sync 1 DAGs
[2023-09-27T02:35:13.863+0000] {logging_mixin.py:151} INFO - [2023-09-27T02:35:13.863+0000] {dag.py:3696} INFO - Setting next_dagrun for example_python_operator to None, run_after=None
[2023-09-27T02:35:13.892+0000] {processor.py:179} INFO - Processing /home/airflow/.local/lib/python3.8/site-packages/airflow/example_dags/example_python_operator.py took 0.096 seconds
[2023-09-27T02:35:44.118+0000] {processor.py:157} INFO - Started process (PID=270) to work on /home/airflow/.local/lib/python3.8/site-packages/airflow/example_dags/example_python_operator.py
[2023-09-27T02:35:44.119+0000] {processor.py:829} INFO - Processing file /home/airflow/.local/lib/python3.8/site-packages/airflow/example_dags/example_python_operator.py for tasks to queue
[2023-09-27T02:35:44.123+0000] {logging_mixin.py:151} INFO - [2023-09-27T02:35:44.122+0000] {dagbag.py:539} INFO - Filling up the DagBag from /home/airflow/.local/lib/python3.8/site-packages/airflow/example_dags/example_python_operator.py
[2023-09-27T02:35:44.137+0000] {processor.py:839} INFO - DAG(s) dict_keys(['example_python_operator']) retrieved from /home/airflow/.local/lib/python3.8/site-packages/airflow/example_dags/example_python_operator.py
[2023-09-27T02:35:44.166+0000] {logging_mixin.py:151} INFO - [2023-09-27T02:35:44.166+0000] {dag.py:2915} INFO - Sync 1 DAGs
[2023-09-27T02:35:44.184+0000] {logging_mixin.py:151} INFO - [2023-09-27T02:35:44.184+0000] {dag.py:3696} INFO - Setting next_dagrun for example_python_operator to None, run_after=None
[2023-09-27T02:35:44.212+0000] {processor.py:179} INFO - Processing /home/airflow/.local/lib/python3.8/site-packages/airflow/example_dags/example_python_operator.py took 0.098 seconds
[2023-09-27T02:36:14.922+0000] {processor.py:157} INFO - Started process (PID=331) to work on /home/airflow/.local/lib/python3.8/site-packages/airflow/example_dags/example_python_operator.py
[2023-09-27T02:36:14.925+0000] {processor.py:829} INFO - Processing file /home/airflow/.local/lib/python3.8/site-packages/airflow/example_dags/example_python_operator.py for tasks to queue
[2023-09-27T02:36:14.930+0000] {logging_mixin.py:151} INFO - [2023-09-27T02:36:14.930+0000] {dagbag.py:539} INFO - Filling up the DagBag from /home/airflow/.local/lib/python3.8/site-packages/airflow/example_dags/example_python_operator.py
[2023-09-27T02:36:14.964+0000] {processor.py:839} INFO - DAG(s) dict_keys(['example_python_operator']) retrieved from /home/airflow/.local/lib/python3.8/site-packages/airflow/example_dags/example_python_operator.py
[2023-09-27T02:36:15.038+0000] {logging_mixin.py:151} INFO - [2023-09-27T02:36:15.038+0000] {dag.py:2915} INFO - Sync 1 DAGs
[2023-09-27T02:36:15.079+0000] {logging_mixin.py:151} INFO - [2023-09-27T02:36:15.079+0000] {dag.py:3696} INFO - Setting next_dagrun for example_python_operator to None, run_after=None
[2023-09-27T02:36:15.155+0000] {processor.py:179} INFO - Processing /home/airflow/.local/lib/python3.8/site-packages/airflow/example_dags/example_python_operator.py took 0.243 seconds
[2023-09-27T02:36:45.324+0000] {processor.py:157} INFO - Started process (PID=395) to work on /home/airflow/.local/lib/python3.8/site-packages/airflow/example_dags/example_python_operator.py
[2023-09-27T02:36:45.328+0000] {processor.py:829} INFO - Processing file /home/airflow/.local/lib/python3.8/site-packages/airflow/example_dags/example_python_operator.py for tasks to queue
[2023-09-27T02:36:45.334+0000] {logging_mixin.py:151} INFO - [2023-09-27T02:36:45.333+0000] {dagbag.py:539} INFO - Filling up the DagBag from /home/airflow/.local/lib/python3.8/site-packages/airflow/example_dags/example_python_operator.py
[2023-09-27T02:36:45.393+0000] {processor.py:839} INFO - DAG(s) dict_keys(['example_python_operator']) retrieved from /home/airflow/.local/lib/python3.8/site-packages/airflow/example_dags/example_python_operator.py
[2023-09-27T02:36:45.487+0000] {logging_mixin.py:151} INFO - [2023-09-27T02:36:45.487+0000] {dag.py:2915} INFO - Sync 1 DAGs
[2023-09-27T02:36:45.539+0000] {logging_mixin.py:151} INFO - [2023-09-27T02:36:45.538+0000] {dag.py:3696} INFO - Setting next_dagrun for example_python_operator to None, run_after=None
[2023-09-27T02:36:45.610+0000] {processor.py:179} INFO - Processing /home/airflow/.local/lib/python3.8/site-packages/airflow/example_dags/example_python_operator.py took 0.303 seconds
[2023-09-27T02:37:15.863+0000] {processor.py:157} INFO - Started process (PID=449) to work on /home/airflow/.local/lib/python3.8/site-packages/airflow/example_dags/example_python_operator.py
[2023-09-27T02:37:15.865+0000] {processor.py:829} INFO - Processing file /home/airflow/.local/lib/python3.8/site-packages/airflow/example_dags/example_python_operator.py for tasks to queue
[2023-09-27T02:37:15.870+0000] {logging_mixin.py:151} INFO - [2023-09-27T02:37:15.870+0000] {dagbag.py:539} INFO - Filling up the DagBag from /home/airflow/.local/lib/python3.8/site-packages/airflow/example_dags/example_python_operator.py
[2023-09-27T02:37:15.891+0000] {processor.py:839} INFO - DAG(s) dict_keys(['example_python_operator']) retrieved from /home/airflow/.local/lib/python3.8/site-packages/airflow/example_dags/example_python_operator.py
[2023-09-27T02:37:15.937+0000] {logging_mixin.py:151} INFO - [2023-09-27T02:37:15.936+0000] {dag.py:2915} INFO - Sync 1 DAGs
[2023-09-27T02:37:15.960+0000] {logging_mixin.py:151} INFO - [2023-09-27T02:37:15.959+0000] {dag.py:3696} INFO - Setting next_dagrun for example_python_operator to None, run_after=None
[2023-09-27T02:37:15.994+0000] {processor.py:179} INFO - Processing /home/airflow/.local/lib/python3.8/site-packages/airflow/example_dags/example_python_operator.py took 0.136 seconds
[2023-09-27T02:37:46.511+0000] {processor.py:157} INFO - Started process (PID=503) to work on /home/airflow/.local/lib/python3.8/site-packages/airflow/example_dags/example_python_operator.py
[2023-09-27T02:37:46.512+0000] {processor.py:829} INFO - Processing file /home/airflow/.local/lib/python3.8/site-packages/airflow/example_dags/example_python_operator.py for tasks to queue
[2023-09-27T02:37:46.516+0000] {logging_mixin.py:151} INFO - [2023-09-27T02:37:46.516+0000] {dagbag.py:539} INFO - Filling up the DagBag from /home/airflow/.local/lib/python3.8/site-packages/airflow/example_dags/example_python_operator.py
[2023-09-27T02:37:46.537+0000] {processor.py:839} INFO - DAG(s) dict_keys(['example_python_operator']) retrieved from /home/airflow/.local/lib/python3.8/site-packages/airflow/example_dags/example_python_operator.py
[2023-09-27T02:37:46.580+0000] {logging_mixin.py:151} INFO - [2023-09-27T02:37:46.580+0000] {dag.py:2915} INFO - Sync 1 DAGs
[2023-09-27T02:37:46.609+0000] {logging_mixin.py:151} INFO - [2023-09-27T02:37:46.608+0000] {dag.py:3696} INFO - Setting next_dagrun for example_python_operator to None, run_after=None
[2023-09-27T02:37:46.647+0000] {processor.py:179} INFO - Processing /home/airflow/.local/lib/python3.8/site-packages/airflow/example_dags/example_python_operator.py took 0.141 seconds
[2023-09-27T02:38:17.291+0000] {processor.py:157} INFO - Started process (PID=557) to work on /home/airflow/.local/lib/python3.8/site-packages/airflow/example_dags/example_python_operator.py
[2023-09-27T02:38:17.292+0000] {processor.py:829} INFO - Processing file /home/airflow/.local/lib/python3.8/site-packages/airflow/example_dags/example_python_operator.py for tasks to queue
[2023-09-27T02:38:17.295+0000] {logging_mixin.py:151} INFO - [2023-09-27T02:38:17.295+0000] {dagbag.py:539} INFO - Filling up the DagBag from /home/airflow/.local/lib/python3.8/site-packages/airflow/example_dags/example_python_operator.py
[2023-09-27T02:38:17.312+0000] {processor.py:839} INFO - DAG(s) dict_keys(['example_python_operator']) retrieved from /home/airflow/.local/lib/python3.8/site-packages/airflow/example_dags/example_python_operator.py
[2023-09-27T02:38:17.342+0000] {logging_mixin.py:151} INFO - [2023-09-27T02:38:17.342+0000] {dag.py:2915} INFO - Sync 1 DAGs
[2023-09-27T02:38:17.359+0000] {logging_mixin.py:151} INFO - [2023-09-27T02:38:17.359+0000] {dag.py:3696} INFO - Setting next_dagrun for example_python_operator to None, run_after=None
[2023-09-27T02:38:17.387+0000] {processor.py:179} INFO - Processing /home/airflow/.local/lib/python3.8/site-packages/airflow/example_dags/example_python_operator.py took 0.101 seconds
