[2023-09-27T02:33:52.385+0000] {processor.py:157} INFO - Started process (PID=79) to work on /home/airflow/.local/lib/python3.8/site-packages/airflow/example_dags/example_time_delta_sensor_async.py
[2023-09-27T02:33:52.388+0000] {processor.py:829} INFO - Processing file /home/airflow/.local/lib/python3.8/site-packages/airflow/example_dags/example_time_delta_sensor_async.py for tasks to queue
[2023-09-27T02:33:52.395+0000] {logging_mixin.py:151} INFO - [2023-09-27T02:33:52.395+0000] {dagbag.py:539} INFO - Filling up the DagBag from /home/airflow/.local/lib/python3.8/site-packages/airflow/example_dags/example_time_delta_sensor_async.py
[2023-09-27T02:33:52.411+0000] {processor.py:839} INFO - DAG(s) dict_keys(['example_time_delta_sensor_async']) retrieved from /home/airflow/.local/lib/python3.8/site-packages/airflow/example_dags/example_time_delta_sensor_async.py
[2023-09-27T02:33:52.730+0000] {logging_mixin.py:151} INFO - [2023-09-27T02:33:52.730+0000] {manager.py:499} INFO - Created Permission View: %s
[2023-09-27T02:33:52.761+0000] {logging_mixin.py:151} INFO - [2023-09-27T02:33:52.761+0000] {manager.py:499} INFO - Created Permission View: %s
[2023-09-27T02:33:52.784+0000] {logging_mixin.py:151} INFO - [2023-09-27T02:33:52.784+0000] {manager.py:499} INFO - Created Permission View: %s
[2023-09-27T02:33:52.787+0000] {logging_mixin.py:151} INFO - [2023-09-27T02:33:52.786+0000] {security.py:708} INFO - Not syncing DAG-level permissions for DAG 'DAG:example_time_delta_sensor_async' as access control is unset.
[2023-09-27T02:33:52.788+0000] {logging_mixin.py:151} INFO - [2023-09-27T02:33:52.788+0000] {dag.py:2915} INFO - Sync 1 DAGs
[2023-09-27T02:33:52.823+0000] {logging_mixin.py:151} INFO - [2023-09-27T02:33:52.822+0000] {dag.py:2937} INFO - Creating ORM DAG for example_time_delta_sensor_async
[2023-09-27T02:33:52.825+0000] {logging_mixin.py:151} INFO - [2023-09-27T02:33:52.824+0000] {dag.py:3696} INFO - Setting next_dagrun for example_time_delta_sensor_async to None, run_after=None
[2023-09-27T02:33:52.878+0000] {processor.py:179} INFO - Processing /home/airflow/.local/lib/python3.8/site-packages/airflow/example_dags/example_time_delta_sensor_async.py took 0.502 seconds
[2023-09-27T02:34:23.147+0000] {processor.py:157} INFO - Started process (PID=132) to work on /home/airflow/.local/lib/python3.8/site-packages/airflow/example_dags/example_time_delta_sensor_async.py
[2023-09-27T02:34:23.151+0000] {processor.py:829} INFO - Processing file /home/airflow/.local/lib/python3.8/site-packages/airflow/example_dags/example_time_delta_sensor_async.py for tasks to queue
[2023-09-27T02:34:23.154+0000] {logging_mixin.py:151} INFO - [2023-09-27T02:34:23.153+0000] {dagbag.py:539} INFO - Filling up the DagBag from /home/airflow/.local/lib/python3.8/site-packages/airflow/example_dags/example_time_delta_sensor_async.py
[2023-09-27T02:34:23.161+0000] {processor.py:839} INFO - DAG(s) dict_keys(['example_time_delta_sensor_async']) retrieved from /home/airflow/.local/lib/python3.8/site-packages/airflow/example_dags/example_time_delta_sensor_async.py
[2023-09-27T02:34:23.189+0000] {logging_mixin.py:151} INFO - [2023-09-27T02:34:23.188+0000] {dag.py:2915} INFO - Sync 1 DAGs
[2023-09-27T02:34:23.215+0000] {logging_mixin.py:151} INFO - [2023-09-27T02:34:23.215+0000] {dag.py:3696} INFO - Setting next_dagrun for example_time_delta_sensor_async to None, run_after=None
[2023-09-27T02:34:23.247+0000] {processor.py:179} INFO - Processing /home/airflow/.local/lib/python3.8/site-packages/airflow/example_dags/example_time_delta_sensor_async.py took 0.106 seconds
[2023-09-27T02:34:54.592+0000] {processor.py:157} INFO - Started process (PID=187) to work on /home/airflow/.local/lib/python3.8/site-packages/airflow/example_dags/example_time_delta_sensor_async.py
[2023-09-27T02:34:54.600+0000] {processor.py:829} INFO - Processing file /home/airflow/.local/lib/python3.8/site-packages/airflow/example_dags/example_time_delta_sensor_async.py for tasks to queue
[2023-09-27T02:34:54.606+0000] {logging_mixin.py:151} INFO - [2023-09-27T02:34:54.605+0000] {dagbag.py:539} INFO - Filling up the DagBag from /home/airflow/.local/lib/python3.8/site-packages/airflow/example_dags/example_time_delta_sensor_async.py
[2023-09-27T02:34:54.618+0000] {processor.py:839} INFO - DAG(s) dict_keys(['example_time_delta_sensor_async']) retrieved from /home/airflow/.local/lib/python3.8/site-packages/airflow/example_dags/example_time_delta_sensor_async.py
[2023-09-27T02:34:54.669+0000] {logging_mixin.py:151} INFO - [2023-09-27T02:34:54.669+0000] {dag.py:2915} INFO - Sync 1 DAGs
[2023-09-27T02:34:54.700+0000] {logging_mixin.py:151} INFO - [2023-09-27T02:34:54.700+0000] {dag.py:3696} INFO - Setting next_dagrun for example_time_delta_sensor_async to None, run_after=None
[2023-09-27T02:34:54.757+0000] {processor.py:179} INFO - Processing /home/airflow/.local/lib/python3.8/site-packages/airflow/example_dags/example_time_delta_sensor_async.py took 0.173 seconds
[2023-09-27T02:35:24.884+0000] {processor.py:157} INFO - Started process (PID=240) to work on /home/airflow/.local/lib/python3.8/site-packages/airflow/example_dags/example_time_delta_sensor_async.py
[2023-09-27T02:35:24.886+0000] {processor.py:829} INFO - Processing file /home/airflow/.local/lib/python3.8/site-packages/airflow/example_dags/example_time_delta_sensor_async.py for tasks to queue
[2023-09-27T02:35:24.889+0000] {logging_mixin.py:151} INFO - [2023-09-27T02:35:24.888+0000] {dagbag.py:539} INFO - Filling up the DagBag from /home/airflow/.local/lib/python3.8/site-packages/airflow/example_dags/example_time_delta_sensor_async.py
[2023-09-27T02:35:24.895+0000] {processor.py:839} INFO - DAG(s) dict_keys(['example_time_delta_sensor_async']) retrieved from /home/airflow/.local/lib/python3.8/site-packages/airflow/example_dags/example_time_delta_sensor_async.py
[2023-09-27T02:35:24.924+0000] {logging_mixin.py:151} INFO - [2023-09-27T02:35:24.924+0000] {dag.py:2915} INFO - Sync 1 DAGs
[2023-09-27T02:35:24.944+0000] {logging_mixin.py:151} INFO - [2023-09-27T02:35:24.944+0000] {dag.py:3696} INFO - Setting next_dagrun for example_time_delta_sensor_async to None, run_after=None
[2023-09-27T02:35:24.974+0000] {processor.py:179} INFO - Processing /home/airflow/.local/lib/python3.8/site-packages/airflow/example_dags/example_time_delta_sensor_async.py took 0.095 seconds
[2023-09-27T02:35:55.979+0000] {processor.py:157} INFO - Started process (PID=294) to work on /home/airflow/.local/lib/python3.8/site-packages/airflow/example_dags/example_time_delta_sensor_async.py
[2023-09-27T02:35:55.983+0000] {processor.py:829} INFO - Processing file /home/airflow/.local/lib/python3.8/site-packages/airflow/example_dags/example_time_delta_sensor_async.py for tasks to queue
[2023-09-27T02:35:55.998+0000] {logging_mixin.py:151} INFO - [2023-09-27T02:35:55.997+0000] {dagbag.py:539} INFO - Filling up the DagBag from /home/airflow/.local/lib/python3.8/site-packages/airflow/example_dags/example_time_delta_sensor_async.py
[2023-09-27T02:35:56.028+0000] {processor.py:839} INFO - DAG(s) dict_keys(['example_time_delta_sensor_async']) retrieved from /home/airflow/.local/lib/python3.8/site-packages/airflow/example_dags/example_time_delta_sensor_async.py
[2023-09-27T02:35:56.150+0000] {logging_mixin.py:151} INFO - [2023-09-27T02:35:56.149+0000] {dag.py:2915} INFO - Sync 1 DAGs
[2023-09-27T02:35:56.226+0000] {logging_mixin.py:151} INFO - [2023-09-27T02:35:56.226+0000] {dag.py:3696} INFO - Setting next_dagrun for example_time_delta_sensor_async to None, run_after=None
[2023-09-27T02:35:56.328+0000] {processor.py:179} INFO - Processing /home/airflow/.local/lib/python3.8/site-packages/airflow/example_dags/example_time_delta_sensor_async.py took 0.369 seconds
[2023-09-27T02:36:26.675+0000] {processor.py:157} INFO - Started process (PID=348) to work on /home/airflow/.local/lib/python3.8/site-packages/airflow/example_dags/example_time_delta_sensor_async.py
[2023-09-27T02:36:26.677+0000] {processor.py:829} INFO - Processing file /home/airflow/.local/lib/python3.8/site-packages/airflow/example_dags/example_time_delta_sensor_async.py for tasks to queue
[2023-09-27T02:36:26.684+0000] {logging_mixin.py:151} INFO - [2023-09-27T02:36:26.683+0000] {dagbag.py:539} INFO - Filling up the DagBag from /home/airflow/.local/lib/python3.8/site-packages/airflow/example_dags/example_time_delta_sensor_async.py
[2023-09-27T02:36:26.697+0000] {processor.py:839} INFO - DAG(s) dict_keys(['example_time_delta_sensor_async']) retrieved from /home/airflow/.local/lib/python3.8/site-packages/airflow/example_dags/example_time_delta_sensor_async.py
[2023-09-27T02:36:26.742+0000] {logging_mixin.py:151} INFO - [2023-09-27T02:36:26.741+0000] {dag.py:2915} INFO - Sync 1 DAGs
[2023-09-27T02:36:26.766+0000] {logging_mixin.py:151} INFO - [2023-09-27T02:36:26.765+0000] {dag.py:3696} INFO - Setting next_dagrun for example_time_delta_sensor_async to None, run_after=None
[2023-09-27T02:36:26.797+0000] {processor.py:179} INFO - Processing /home/airflow/.local/lib/python3.8/site-packages/airflow/example_dags/example_time_delta_sensor_async.py took 0.133 seconds
[2023-09-27T02:36:56.997+0000] {processor.py:157} INFO - Started process (PID=412) to work on /home/airflow/.local/lib/python3.8/site-packages/airflow/example_dags/example_time_delta_sensor_async.py
[2023-09-27T02:36:56.999+0000] {processor.py:829} INFO - Processing file /home/airflow/.local/lib/python3.8/site-packages/airflow/example_dags/example_time_delta_sensor_async.py for tasks to queue
[2023-09-27T02:36:57.006+0000] {logging_mixin.py:151} INFO - [2023-09-27T02:36:57.005+0000] {dagbag.py:539} INFO - Filling up the DagBag from /home/airflow/.local/lib/python3.8/site-packages/airflow/example_dags/example_time_delta_sensor_async.py
[2023-09-27T02:36:57.013+0000] {processor.py:839} INFO - DAG(s) dict_keys(['example_time_delta_sensor_async']) retrieved from /home/airflow/.local/lib/python3.8/site-packages/airflow/example_dags/example_time_delta_sensor_async.py
[2023-09-27T02:36:57.052+0000] {logging_mixin.py:151} INFO - [2023-09-27T02:36:57.051+0000] {dag.py:2915} INFO - Sync 1 DAGs
[2023-09-27T02:36:57.077+0000] {logging_mixin.py:151} INFO - [2023-09-27T02:36:57.077+0000] {dag.py:3696} INFO - Setting next_dagrun for example_time_delta_sensor_async to None, run_after=None
[2023-09-27T02:36:57.112+0000] {processor.py:179} INFO - Processing /home/airflow/.local/lib/python3.8/site-packages/airflow/example_dags/example_time_delta_sensor_async.py took 0.119 seconds
[2023-09-27T02:37:27.557+0000] {processor.py:157} INFO - Started process (PID=466) to work on /home/airflow/.local/lib/python3.8/site-packages/airflow/example_dags/example_time_delta_sensor_async.py
[2023-09-27T02:37:27.558+0000] {processor.py:829} INFO - Processing file /home/airflow/.local/lib/python3.8/site-packages/airflow/example_dags/example_time_delta_sensor_async.py for tasks to queue
[2023-09-27T02:37:27.562+0000] {logging_mixin.py:151} INFO - [2023-09-27T02:37:27.562+0000] {dagbag.py:539} INFO - Filling up the DagBag from /home/airflow/.local/lib/python3.8/site-packages/airflow/example_dags/example_time_delta_sensor_async.py
[2023-09-27T02:37:27.570+0000] {processor.py:839} INFO - DAG(s) dict_keys(['example_time_delta_sensor_async']) retrieved from /home/airflow/.local/lib/python3.8/site-packages/airflow/example_dags/example_time_delta_sensor_async.py
[2023-09-27T02:37:27.597+0000] {logging_mixin.py:151} INFO - [2023-09-27T02:37:27.597+0000] {dag.py:2915} INFO - Sync 1 DAGs
[2023-09-27T02:37:27.614+0000] {logging_mixin.py:151} INFO - [2023-09-27T02:37:27.614+0000] {dag.py:3696} INFO - Setting next_dagrun for example_time_delta_sensor_async to None, run_after=None
[2023-09-27T02:37:27.642+0000] {processor.py:179} INFO - Processing /home/airflow/.local/lib/python3.8/site-packages/airflow/example_dags/example_time_delta_sensor_async.py took 0.090 seconds
[2023-09-27T02:37:57.917+0000] {processor.py:157} INFO - Started process (PID=520) to work on /home/airflow/.local/lib/python3.8/site-packages/airflow/example_dags/example_time_delta_sensor_async.py
[2023-09-27T02:37:57.919+0000] {processor.py:829} INFO - Processing file /home/airflow/.local/lib/python3.8/site-packages/airflow/example_dags/example_time_delta_sensor_async.py for tasks to queue
[2023-09-27T02:37:57.924+0000] {logging_mixin.py:151} INFO - [2023-09-27T02:37:57.923+0000] {dagbag.py:539} INFO - Filling up the DagBag from /home/airflow/.local/lib/python3.8/site-packages/airflow/example_dags/example_time_delta_sensor_async.py
[2023-09-27T02:37:57.931+0000] {processor.py:839} INFO - DAG(s) dict_keys(['example_time_delta_sensor_async']) retrieved from /home/airflow/.local/lib/python3.8/site-packages/airflow/example_dags/example_time_delta_sensor_async.py
[2023-09-27T02:37:57.963+0000] {logging_mixin.py:151} INFO - [2023-09-27T02:37:57.962+0000] {dag.py:2915} INFO - Sync 1 DAGs
[2023-09-27T02:37:57.980+0000] {logging_mixin.py:151} INFO - [2023-09-27T02:37:57.980+0000] {dag.py:3696} INFO - Setting next_dagrun for example_time_delta_sensor_async to None, run_after=None
[2023-09-27T02:37:58.009+0000] {processor.py:179} INFO - Processing /home/airflow/.local/lib/python3.8/site-packages/airflow/example_dags/example_time_delta_sensor_async.py took 0.097 seconds
[2023-09-27T02:38:28.826+0000] {processor.py:157} INFO - Started process (PID=574) to work on /home/airflow/.local/lib/python3.8/site-packages/airflow/example_dags/example_time_delta_sensor_async.py
[2023-09-27T02:38:28.828+0000] {processor.py:829} INFO - Processing file /home/airflow/.local/lib/python3.8/site-packages/airflow/example_dags/example_time_delta_sensor_async.py for tasks to queue
[2023-09-27T02:38:28.832+0000] {logging_mixin.py:151} INFO - [2023-09-27T02:38:28.832+0000] {dagbag.py:539} INFO - Filling up the DagBag from /home/airflow/.local/lib/python3.8/site-packages/airflow/example_dags/example_time_delta_sensor_async.py
[2023-09-27T02:38:28.844+0000] {processor.py:839} INFO - DAG(s) dict_keys(['example_time_delta_sensor_async']) retrieved from /home/airflow/.local/lib/python3.8/site-packages/airflow/example_dags/example_time_delta_sensor_async.py
[2023-09-27T02:38:28.885+0000] {logging_mixin.py:151} INFO - [2023-09-27T02:38:28.884+0000] {dag.py:2915} INFO - Sync 1 DAGs
[2023-09-27T02:38:28.917+0000] {logging_mixin.py:151} INFO - [2023-09-27T02:38:28.917+0000] {dag.py:3696} INFO - Setting next_dagrun for example_time_delta_sensor_async to None, run_after=None
[2023-09-27T02:38:28.954+0000] {processor.py:179} INFO - Processing /home/airflow/.local/lib/python3.8/site-packages/airflow/example_dags/example_time_delta_sensor_async.py took 0.140 seconds
