[2023-09-27T02:33:41.533+0000] {processor.py:157} INFO - Started process (PID=58) to work on /home/airflow/.local/lib/python3.8/site-packages/airflow/example_dags/example_trigger_controller_dag.py
[2023-09-27T02:33:41.556+0000] {processor.py:829} INFO - Processing file /home/airflow/.local/lib/python3.8/site-packages/airflow/example_dags/example_trigger_controller_dag.py for tasks to queue
[2023-09-27T02:33:41.619+0000] {logging_mixin.py:151} INFO - [2023-09-27T02:33:41.613+0000] {dagbag.py:539} INFO - Filling up the DagBag from /home/airflow/.local/lib/python3.8/site-packages/airflow/example_dags/example_trigger_controller_dag.py
[2023-09-27T02:33:41.740+0000] {processor.py:839} INFO - DAG(s) dict_keys(['example_trigger_controller_dag']) retrieved from /home/airflow/.local/lib/python3.8/site-packages/airflow/example_dags/example_trigger_controller_dag.py
[2023-09-27T02:33:42.607+0000] {logging_mixin.py:151} INFO - [2023-09-27T02:33:42.606+0000] {manager.py:499} INFO - Created Permission View: %s
[2023-09-27T02:33:42.663+0000] {logging_mixin.py:151} INFO - [2023-09-27T02:33:42.663+0000] {manager.py:499} INFO - Created Permission View: %s
[2023-09-27T02:33:42.693+0000] {logging_mixin.py:151} INFO - [2023-09-27T02:33:42.692+0000] {manager.py:499} INFO - Created Permission View: %s
[2023-09-27T02:33:42.695+0000] {logging_mixin.py:151} INFO - [2023-09-27T02:33:42.694+0000] {security.py:708} INFO - Not syncing DAG-level permissions for DAG 'DAG:example_trigger_controller_dag' as access control is unset.
[2023-09-27T02:33:42.698+0000] {logging_mixin.py:151} INFO - [2023-09-27T02:33:42.697+0000] {dag.py:2915} INFO - Sync 1 DAGs
[2023-09-27T02:33:42.800+0000] {logging_mixin.py:151} INFO - [2023-09-27T02:33:42.799+0000] {dag.py:2937} INFO - Creating ORM DAG for example_trigger_controller_dag
[2023-09-27T02:33:42.883+0000] {logging_mixin.py:151} INFO - [2023-09-27T02:33:42.882+0000] {dag.py:3696} INFO - Setting next_dagrun for example_trigger_controller_dag to 2021-01-01T00:00:00+00:00, run_after=2021-01-01T00:00:00+00:00
[2023-09-27T02:33:42.979+0000] {processor.py:179} INFO - Processing /home/airflow/.local/lib/python3.8/site-packages/airflow/example_dags/example_trigger_controller_dag.py took 1.559 seconds
[2023-09-27T02:34:13.862+0000] {processor.py:157} INFO - Started process (PID=111) to work on /home/airflow/.local/lib/python3.8/site-packages/airflow/example_dags/example_trigger_controller_dag.py
[2023-09-27T02:34:13.870+0000] {processor.py:829} INFO - Processing file /home/airflow/.local/lib/python3.8/site-packages/airflow/example_dags/example_trigger_controller_dag.py for tasks to queue
[2023-09-27T02:34:13.876+0000] {logging_mixin.py:151} INFO - [2023-09-27T02:34:13.875+0000] {dagbag.py:539} INFO - Filling up the DagBag from /home/airflow/.local/lib/python3.8/site-packages/airflow/example_dags/example_trigger_controller_dag.py
[2023-09-27T02:34:13.890+0000] {processor.py:839} INFO - DAG(s) dict_keys(['example_trigger_controller_dag']) retrieved from /home/airflow/.local/lib/python3.8/site-packages/airflow/example_dags/example_trigger_controller_dag.py
[2023-09-27T02:34:13.966+0000] {logging_mixin.py:151} INFO - [2023-09-27T02:34:13.966+0000] {dag.py:2915} INFO - Sync 1 DAGs
[2023-09-27T02:34:14.093+0000] {logging_mixin.py:151} INFO - [2023-09-27T02:34:14.092+0000] {dag.py:3696} INFO - Setting next_dagrun for example_trigger_controller_dag to 2021-01-01T00:00:00+00:00, run_after=2021-01-01T00:00:00+00:00
[2023-09-27T02:34:14.172+0000] {processor.py:179} INFO - Processing /home/airflow/.local/lib/python3.8/site-packages/airflow/example_dags/example_trigger_controller_dag.py took 0.318 seconds
[2023-09-27T02:34:44.612+0000] {processor.py:157} INFO - Started process (PID=172) to work on /home/airflow/.local/lib/python3.8/site-packages/airflow/example_dags/example_trigger_controller_dag.py
[2023-09-27T02:34:44.619+0000] {processor.py:829} INFO - Processing file /home/airflow/.local/lib/python3.8/site-packages/airflow/example_dags/example_trigger_controller_dag.py for tasks to queue
[2023-09-27T02:34:44.623+0000] {logging_mixin.py:151} INFO - [2023-09-27T02:34:44.623+0000] {dagbag.py:539} INFO - Filling up the DagBag from /home/airflow/.local/lib/python3.8/site-packages/airflow/example_dags/example_trigger_controller_dag.py
[2023-09-27T02:34:44.631+0000] {processor.py:839} INFO - DAG(s) dict_keys(['example_trigger_controller_dag']) retrieved from /home/airflow/.local/lib/python3.8/site-packages/airflow/example_dags/example_trigger_controller_dag.py
[2023-09-27T02:34:44.704+0000] {logging_mixin.py:151} INFO - [2023-09-27T02:34:44.704+0000] {dag.py:2915} INFO - Sync 1 DAGs
[2023-09-27T02:34:44.912+0000] {logging_mixin.py:151} INFO - [2023-09-27T02:34:44.912+0000] {dag.py:3696} INFO - Setting next_dagrun for example_trigger_controller_dag to 2021-01-01T00:00:00+00:00, run_after=2021-01-01T00:00:00+00:00
[2023-09-27T02:34:44.979+0000] {processor.py:179} INFO - Processing /home/airflow/.local/lib/python3.8/site-packages/airflow/example_dags/example_trigger_controller_dag.py took 0.373 seconds
[2023-09-27T02:35:15.565+0000] {processor.py:157} INFO - Started process (PID=226) to work on /home/airflow/.local/lib/python3.8/site-packages/airflow/example_dags/example_trigger_controller_dag.py
[2023-09-27T02:35:15.569+0000] {processor.py:829} INFO - Processing file /home/airflow/.local/lib/python3.8/site-packages/airflow/example_dags/example_trigger_controller_dag.py for tasks to queue
[2023-09-27T02:35:15.574+0000] {logging_mixin.py:151} INFO - [2023-09-27T02:35:15.574+0000] {dagbag.py:539} INFO - Filling up the DagBag from /home/airflow/.local/lib/python3.8/site-packages/airflow/example_dags/example_trigger_controller_dag.py
[2023-09-27T02:35:15.581+0000] {processor.py:839} INFO - DAG(s) dict_keys(['example_trigger_controller_dag']) retrieved from /home/airflow/.local/lib/python3.8/site-packages/airflow/example_dags/example_trigger_controller_dag.py
[2023-09-27T02:35:15.615+0000] {logging_mixin.py:151} INFO - [2023-09-27T02:35:15.615+0000] {dag.py:2915} INFO - Sync 1 DAGs
[2023-09-27T02:35:15.645+0000] {logging_mixin.py:151} INFO - [2023-09-27T02:35:15.645+0000] {dag.py:3696} INFO - Setting next_dagrun for example_trigger_controller_dag to 2021-01-01T00:00:00+00:00, run_after=2021-01-01T00:00:00+00:00
[2023-09-27T02:35:15.678+0000] {processor.py:179} INFO - Processing /home/airflow/.local/lib/python3.8/site-packages/airflow/example_dags/example_trigger_controller_dag.py took 0.118 seconds
[2023-09-27T02:35:46.182+0000] {processor.py:157} INFO - Started process (PID=280) to work on /home/airflow/.local/lib/python3.8/site-packages/airflow/example_dags/example_trigger_controller_dag.py
[2023-09-27T02:35:46.185+0000] {processor.py:829} INFO - Processing file /home/airflow/.local/lib/python3.8/site-packages/airflow/example_dags/example_trigger_controller_dag.py for tasks to queue
[2023-09-27T02:35:46.193+0000] {logging_mixin.py:151} INFO - [2023-09-27T02:35:46.193+0000] {dagbag.py:539} INFO - Filling up the DagBag from /home/airflow/.local/lib/python3.8/site-packages/airflow/example_dags/example_trigger_controller_dag.py
[2023-09-27T02:35:46.205+0000] {processor.py:839} INFO - DAG(s) dict_keys(['example_trigger_controller_dag']) retrieved from /home/airflow/.local/lib/python3.8/site-packages/airflow/example_dags/example_trigger_controller_dag.py
[2023-09-27T02:35:46.260+0000] {logging_mixin.py:151} INFO - [2023-09-27T02:35:46.260+0000] {dag.py:2915} INFO - Sync 1 DAGs
[2023-09-27T02:35:46.295+0000] {logging_mixin.py:151} INFO - [2023-09-27T02:35:46.295+0000] {dag.py:3696} INFO - Setting next_dagrun for example_trigger_controller_dag to 2021-01-01T00:00:00+00:00, run_after=2021-01-01T00:00:00+00:00
[2023-09-27T02:35:46.328+0000] {processor.py:179} INFO - Processing /home/airflow/.local/lib/python3.8/site-packages/airflow/example_dags/example_trigger_controller_dag.py took 0.154 seconds
[2023-09-27T02:36:17.193+0000] {processor.py:157} INFO - Started process (PID=334) to work on /home/airflow/.local/lib/python3.8/site-packages/airflow/example_dags/example_trigger_controller_dag.py
[2023-09-27T02:36:17.196+0000] {processor.py:829} INFO - Processing file /home/airflow/.local/lib/python3.8/site-packages/airflow/example_dags/example_trigger_controller_dag.py for tasks to queue
[2023-09-27T02:36:17.203+0000] {logging_mixin.py:151} INFO - [2023-09-27T02:36:17.202+0000] {dagbag.py:539} INFO - Filling up the DagBag from /home/airflow/.local/lib/python3.8/site-packages/airflow/example_dags/example_trigger_controller_dag.py
[2023-09-27T02:36:17.215+0000] {processor.py:839} INFO - DAG(s) dict_keys(['example_trigger_controller_dag']) retrieved from /home/airflow/.local/lib/python3.8/site-packages/airflow/example_dags/example_trigger_controller_dag.py
[2023-09-27T02:36:17.254+0000] {logging_mixin.py:151} INFO - [2023-09-27T02:36:17.254+0000] {dag.py:2915} INFO - Sync 1 DAGs
[2023-09-27T02:36:17.304+0000] {logging_mixin.py:151} INFO - [2023-09-27T02:36:17.303+0000] {dag.py:3696} INFO - Setting next_dagrun for example_trigger_controller_dag to 2021-01-01T00:00:00+00:00, run_after=2021-01-01T00:00:00+00:00
[2023-09-27T02:36:17.332+0000] {processor.py:179} INFO - Processing /home/airflow/.local/lib/python3.8/site-packages/airflow/example_dags/example_trigger_controller_dag.py took 0.147 seconds
[2023-09-27T02:36:48.292+0000] {processor.py:157} INFO - Started process (PID=397) to work on /home/airflow/.local/lib/python3.8/site-packages/airflow/example_dags/example_trigger_controller_dag.py
[2023-09-27T02:36:48.297+0000] {processor.py:829} INFO - Processing file /home/airflow/.local/lib/python3.8/site-packages/airflow/example_dags/example_trigger_controller_dag.py for tasks to queue
[2023-09-27T02:36:48.321+0000] {logging_mixin.py:151} INFO - [2023-09-27T02:36:48.313+0000] {dagbag.py:539} INFO - Filling up the DagBag from /home/airflow/.local/lib/python3.8/site-packages/airflow/example_dags/example_trigger_controller_dag.py
[2023-09-27T02:36:48.424+0000] {processor.py:839} INFO - DAG(s) dict_keys(['example_trigger_controller_dag']) retrieved from /home/airflow/.local/lib/python3.8/site-packages/airflow/example_dags/example_trigger_controller_dag.py
[2023-09-27T02:36:48.726+0000] {logging_mixin.py:151} INFO - [2023-09-27T02:36:48.726+0000] {dag.py:2915} INFO - Sync 1 DAGs
[2023-09-27T02:36:49.144+0000] {logging_mixin.py:151} INFO - [2023-09-27T02:36:49.143+0000] {dag.py:3696} INFO - Setting next_dagrun for example_trigger_controller_dag to 2021-01-01T00:00:00+00:00, run_after=2021-01-01T00:00:00+00:00
[2023-09-27T02:36:49.348+0000] {processor.py:179} INFO - Processing /home/airflow/.local/lib/python3.8/site-packages/airflow/example_dags/example_trigger_controller_dag.py took 1.167 seconds
[2023-09-27T02:37:20.062+0000] {processor.py:157} INFO - Started process (PID=451) to work on /home/airflow/.local/lib/python3.8/site-packages/airflow/example_dags/example_trigger_controller_dag.py
[2023-09-27T02:37:20.063+0000] {processor.py:829} INFO - Processing file /home/airflow/.local/lib/python3.8/site-packages/airflow/example_dags/example_trigger_controller_dag.py for tasks to queue
[2023-09-27T02:37:20.067+0000] {logging_mixin.py:151} INFO - [2023-09-27T02:37:20.067+0000] {dagbag.py:539} INFO - Filling up the DagBag from /home/airflow/.local/lib/python3.8/site-packages/airflow/example_dags/example_trigger_controller_dag.py
[2023-09-27T02:37:20.075+0000] {processor.py:839} INFO - DAG(s) dict_keys(['example_trigger_controller_dag']) retrieved from /home/airflow/.local/lib/python3.8/site-packages/airflow/example_dags/example_trigger_controller_dag.py
[2023-09-27T02:37:20.104+0000] {logging_mixin.py:151} INFO - [2023-09-27T02:37:20.104+0000] {dag.py:2915} INFO - Sync 1 DAGs
[2023-09-27T02:37:20.136+0000] {logging_mixin.py:151} INFO - [2023-09-27T02:37:20.135+0000] {dag.py:3696} INFO - Setting next_dagrun for example_trigger_controller_dag to 2021-01-01T00:00:00+00:00, run_after=2021-01-01T00:00:00+00:00
[2023-09-27T02:37:20.166+0000] {processor.py:179} INFO - Processing /home/airflow/.local/lib/python3.8/site-packages/airflow/example_dags/example_trigger_controller_dag.py took 0.108 seconds
[2023-09-27T02:37:50.717+0000] {processor.py:157} INFO - Started process (PID=505) to work on /home/airflow/.local/lib/python3.8/site-packages/airflow/example_dags/example_trigger_controller_dag.py
[2023-09-27T02:37:50.720+0000] {processor.py:829} INFO - Processing file /home/airflow/.local/lib/python3.8/site-packages/airflow/example_dags/example_trigger_controller_dag.py for tasks to queue
[2023-09-27T02:37:50.723+0000] {logging_mixin.py:151} INFO - [2023-09-27T02:37:50.723+0000] {dagbag.py:539} INFO - Filling up the DagBag from /home/airflow/.local/lib/python3.8/site-packages/airflow/example_dags/example_trigger_controller_dag.py
[2023-09-27T02:37:50.729+0000] {processor.py:839} INFO - DAG(s) dict_keys(['example_trigger_controller_dag']) retrieved from /home/airflow/.local/lib/python3.8/site-packages/airflow/example_dags/example_trigger_controller_dag.py
[2023-09-27T02:37:50.759+0000] {logging_mixin.py:151} INFO - [2023-09-27T02:37:50.758+0000] {dag.py:2915} INFO - Sync 1 DAGs
[2023-09-27T02:37:50.793+0000] {logging_mixin.py:151} INFO - [2023-09-27T02:37:50.793+0000] {dag.py:3696} INFO - Setting next_dagrun for example_trigger_controller_dag to 2021-01-01T00:00:00+00:00, run_after=2021-01-01T00:00:00+00:00
[2023-09-27T02:37:50.824+0000] {processor.py:179} INFO - Processing /home/airflow/.local/lib/python3.8/site-packages/airflow/example_dags/example_trigger_controller_dag.py took 0.113 seconds
[2023-09-27T02:38:21.561+0000] {processor.py:157} INFO - Started process (PID=559) to work on /home/airflow/.local/lib/python3.8/site-packages/airflow/example_dags/example_trigger_controller_dag.py
[2023-09-27T02:38:21.568+0000] {processor.py:829} INFO - Processing file /home/airflow/.local/lib/python3.8/site-packages/airflow/example_dags/example_trigger_controller_dag.py for tasks to queue
[2023-09-27T02:38:21.581+0000] {logging_mixin.py:151} INFO - [2023-09-27T02:38:21.580+0000] {dagbag.py:539} INFO - Filling up the DagBag from /home/airflow/.local/lib/python3.8/site-packages/airflow/example_dags/example_trigger_controller_dag.py
[2023-09-27T02:38:21.594+0000] {processor.py:839} INFO - DAG(s) dict_keys(['example_trigger_controller_dag']) retrieved from /home/airflow/.local/lib/python3.8/site-packages/airflow/example_dags/example_trigger_controller_dag.py
[2023-09-27T02:38:21.653+0000] {logging_mixin.py:151} INFO - [2023-09-27T02:38:21.652+0000] {dag.py:2915} INFO - Sync 1 DAGs
[2023-09-27T02:38:21.718+0000] {logging_mixin.py:151} INFO - [2023-09-27T02:38:21.718+0000] {dag.py:3696} INFO - Setting next_dagrun for example_trigger_controller_dag to 2021-01-01T00:00:00+00:00, run_after=2021-01-01T00:00:00+00:00
[2023-09-27T02:38:21.786+0000] {processor.py:179} INFO - Processing /home/airflow/.local/lib/python3.8/site-packages/airflow/example_dags/example_trigger_controller_dag.py took 0.233 seconds
