[2023-09-27T02:33:47.228+0000] {processor.py:157} INFO - Started process (PID=72) to work on /home/airflow/.local/lib/python3.8/site-packages/airflow/example_dags/example_bash_operator.py
[2023-09-27T02:33:47.253+0000] {processor.py:829} INFO - Processing file /home/airflow/.local/lib/python3.8/site-packages/airflow/example_dags/example_bash_operator.py for tasks to queue
[2023-09-27T02:33:47.320+0000] {logging_mixin.py:151} INFO - [2023-09-27T02:33:47.314+0000] {dagbag.py:539} INFO - Filling up the DagBag from /home/airflow/.local/lib/python3.8/site-packages/airflow/example_dags/example_bash_operator.py
[2023-09-27T02:33:47.472+0000] {processor.py:839} INFO - DAG(s) dict_keys(['example_bash_operator']) retrieved from /home/airflow/.local/lib/python3.8/site-packages/airflow/example_dags/example_bash_operator.py
[2023-09-27T02:33:48.292+0000] {logging_mixin.py:151} INFO - [2023-09-27T02:33:48.291+0000] {manager.py:499} INFO - Created Permission View: %s
[2023-09-27T02:33:48.374+0000] {logging_mixin.py:151} INFO - [2023-09-27T02:33:48.373+0000] {manager.py:499} INFO - Created Permission View: %s
[2023-09-27T02:33:48.411+0000] {logging_mixin.py:151} INFO - [2023-09-27T02:33:48.411+0000] {manager.py:499} INFO - Created Permission View: %s
[2023-09-27T02:33:48.416+0000] {logging_mixin.py:151} INFO - [2023-09-27T02:33:48.415+0000] {security.py:708} INFO - Not syncing DAG-level permissions for DAG 'DAG:example_bash_operator' as access control is unset.
[2023-09-27T02:33:48.419+0000] {logging_mixin.py:151} INFO - [2023-09-27T02:33:48.419+0000] {dag.py:2915} INFO - Sync 1 DAGs
[2023-09-27T02:33:48.480+0000] {logging_mixin.py:151} INFO - [2023-09-27T02:33:48.479+0000] {dag.py:2937} INFO - Creating ORM DAG for example_bash_operator
[2023-09-27T02:33:48.568+0000] {logging_mixin.py:151} INFO - [2023-09-27T02:33:48.566+0000] {dag.py:3696} INFO - Setting next_dagrun for example_bash_operator to 2023-09-26T00:00:00+00:00, run_after=2023-09-27T00:00:00+00:00
[2023-09-27T02:33:48.677+0000] {processor.py:179} INFO - Processing /home/airflow/.local/lib/python3.8/site-packages/airflow/example_dags/example_bash_operator.py took 1.588 seconds
[2023-09-27T02:34:19.620+0000] {processor.py:157} INFO - Started process (PID=126) to work on /home/airflow/.local/lib/python3.8/site-packages/airflow/example_dags/example_bash_operator.py
[2023-09-27T02:34:19.623+0000] {processor.py:829} INFO - Processing file /home/airflow/.local/lib/python3.8/site-packages/airflow/example_dags/example_bash_operator.py for tasks to queue
[2023-09-27T02:34:19.627+0000] {logging_mixin.py:151} INFO - [2023-09-27T02:34:19.627+0000] {dagbag.py:539} INFO - Filling up the DagBag from /home/airflow/.local/lib/python3.8/site-packages/airflow/example_dags/example_bash_operator.py
[2023-09-27T02:34:19.658+0000] {processor.py:839} INFO - DAG(s) dict_keys(['example_bash_operator']) retrieved from /home/airflow/.local/lib/python3.8/site-packages/airflow/example_dags/example_bash_operator.py
[2023-09-27T02:34:19.722+0000] {logging_mixin.py:151} INFO - [2023-09-27T02:34:19.722+0000] {dag.py:2915} INFO - Sync 1 DAGs
[2023-09-27T02:34:19.781+0000] {logging_mixin.py:151} INFO - [2023-09-27T02:34:19.781+0000] {dag.py:3696} INFO - Setting next_dagrun for example_bash_operator to 2023-09-26T00:00:00+00:00, run_after=2023-09-27T00:00:00+00:00
[2023-09-27T02:34:19.825+0000] {processor.py:179} INFO - Processing /home/airflow/.local/lib/python3.8/site-packages/airflow/example_dags/example_bash_operator.py took 0.211 seconds
[2023-09-27T02:34:50.384+0000] {processor.py:157} INFO - Started process (PID=180) to work on /home/airflow/.local/lib/python3.8/site-packages/airflow/example_dags/example_bash_operator.py
[2023-09-27T02:34:50.392+0000] {processor.py:829} INFO - Processing file /home/airflow/.local/lib/python3.8/site-packages/airflow/example_dags/example_bash_operator.py for tasks to queue
[2023-09-27T02:34:50.398+0000] {logging_mixin.py:151} INFO - [2023-09-27T02:34:50.397+0000] {dagbag.py:539} INFO - Filling up the DagBag from /home/airflow/.local/lib/python3.8/site-packages/airflow/example_dags/example_bash_operator.py
[2023-09-27T02:34:50.420+0000] {processor.py:839} INFO - DAG(s) dict_keys(['example_bash_operator']) retrieved from /home/airflow/.local/lib/python3.8/site-packages/airflow/example_dags/example_bash_operator.py
[2023-09-27T02:34:50.483+0000] {logging_mixin.py:151} INFO - [2023-09-27T02:34:50.483+0000] {dag.py:2915} INFO - Sync 1 DAGs
[2023-09-27T02:34:50.540+0000] {logging_mixin.py:151} INFO - [2023-09-27T02:34:50.539+0000] {dag.py:3696} INFO - Setting next_dagrun for example_bash_operator to 2023-09-26T00:00:00+00:00, run_after=2023-09-27T00:00:00+00:00
[2023-09-27T02:34:50.586+0000] {processor.py:179} INFO - Processing /home/airflow/.local/lib/python3.8/site-packages/airflow/example_dags/example_bash_operator.py took 0.207 seconds
[2023-09-27T02:35:21.382+0000] {processor.py:157} INFO - Started process (PID=234) to work on /home/airflow/.local/lib/python3.8/site-packages/airflow/example_dags/example_bash_operator.py
[2023-09-27T02:35:21.390+0000] {processor.py:829} INFO - Processing file /home/airflow/.local/lib/python3.8/site-packages/airflow/example_dags/example_bash_operator.py for tasks to queue
[2023-09-27T02:35:21.395+0000] {logging_mixin.py:151} INFO - [2023-09-27T02:35:21.394+0000] {dagbag.py:539} INFO - Filling up the DagBag from /home/airflow/.local/lib/python3.8/site-packages/airflow/example_dags/example_bash_operator.py
[2023-09-27T02:35:21.437+0000] {processor.py:839} INFO - DAG(s) dict_keys(['example_bash_operator']) retrieved from /home/airflow/.local/lib/python3.8/site-packages/airflow/example_dags/example_bash_operator.py
[2023-09-27T02:35:21.513+0000] {logging_mixin.py:151} INFO - [2023-09-27T02:35:21.512+0000] {dag.py:2915} INFO - Sync 1 DAGs
[2023-09-27T02:35:21.572+0000] {logging_mixin.py:151} INFO - [2023-09-27T02:35:21.571+0000] {dag.py:3696} INFO - Setting next_dagrun for example_bash_operator to 2023-09-26T00:00:00+00:00, run_after=2023-09-27T00:00:00+00:00
[2023-09-27T02:35:21.617+0000] {processor.py:179} INFO - Processing /home/airflow/.local/lib/python3.8/site-packages/airflow/example_dags/example_bash_operator.py took 0.242 seconds
[2023-09-27T02:35:52.415+0000] {processor.py:157} INFO - Started process (PID=288) to work on /home/airflow/.local/lib/python3.8/site-packages/airflow/example_dags/example_bash_operator.py
[2023-09-27T02:35:52.417+0000] {processor.py:829} INFO - Processing file /home/airflow/.local/lib/python3.8/site-packages/airflow/example_dags/example_bash_operator.py for tasks to queue
[2023-09-27T02:35:52.422+0000] {logging_mixin.py:151} INFO - [2023-09-27T02:35:52.421+0000] {dagbag.py:539} INFO - Filling up the DagBag from /home/airflow/.local/lib/python3.8/site-packages/airflow/example_dags/example_bash_operator.py
[2023-09-27T02:35:52.439+0000] {processor.py:839} INFO - DAG(s) dict_keys(['example_bash_operator']) retrieved from /home/airflow/.local/lib/python3.8/site-packages/airflow/example_dags/example_bash_operator.py
[2023-09-27T02:35:52.477+0000] {logging_mixin.py:151} INFO - [2023-09-27T02:35:52.477+0000] {dag.py:2915} INFO - Sync 1 DAGs
[2023-09-27T02:35:52.509+0000] {logging_mixin.py:151} INFO - [2023-09-27T02:35:52.509+0000] {dag.py:3696} INFO - Setting next_dagrun for example_bash_operator to 2023-09-26T00:00:00+00:00, run_after=2023-09-27T00:00:00+00:00
[2023-09-27T02:35:52.533+0000] {processor.py:179} INFO - Processing /home/airflow/.local/lib/python3.8/site-packages/airflow/example_dags/example_bash_operator.py took 0.122 seconds
[2023-09-27T02:36:23.073+0000] {processor.py:157} INFO - Started process (PID=342) to work on /home/airflow/.local/lib/python3.8/site-packages/airflow/example_dags/example_bash_operator.py
[2023-09-27T02:36:23.075+0000] {processor.py:829} INFO - Processing file /home/airflow/.local/lib/python3.8/site-packages/airflow/example_dags/example_bash_operator.py for tasks to queue
[2023-09-27T02:36:23.078+0000] {logging_mixin.py:151} INFO - [2023-09-27T02:36:23.077+0000] {dagbag.py:539} INFO - Filling up the DagBag from /home/airflow/.local/lib/python3.8/site-packages/airflow/example_dags/example_bash_operator.py
[2023-09-27T02:36:23.094+0000] {processor.py:839} INFO - DAG(s) dict_keys(['example_bash_operator']) retrieved from /home/airflow/.local/lib/python3.8/site-packages/airflow/example_dags/example_bash_operator.py
[2023-09-27T02:36:23.133+0000] {logging_mixin.py:151} INFO - [2023-09-27T02:36:23.132+0000] {dag.py:2915} INFO - Sync 1 DAGs
[2023-09-27T02:36:23.166+0000] {logging_mixin.py:151} INFO - [2023-09-27T02:36:23.165+0000] {dag.py:3696} INFO - Setting next_dagrun for example_bash_operator to 2023-09-26T00:00:00+00:00, run_after=2023-09-27T00:00:00+00:00
[2023-09-27T02:36:23.196+0000] {processor.py:179} INFO - Processing /home/airflow/.local/lib/python3.8/site-packages/airflow/example_dags/example_bash_operator.py took 0.127 seconds
[2023-09-27T02:36:54.064+0000] {processor.py:157} INFO - Started process (PID=406) to work on /home/airflow/.local/lib/python3.8/site-packages/airflow/example_dags/example_bash_operator.py
[2023-09-27T02:36:54.066+0000] {processor.py:829} INFO - Processing file /home/airflow/.local/lib/python3.8/site-packages/airflow/example_dags/example_bash_operator.py for tasks to queue
[2023-09-27T02:36:54.071+0000] {logging_mixin.py:151} INFO - [2023-09-27T02:36:54.070+0000] {dagbag.py:539} INFO - Filling up the DagBag from /home/airflow/.local/lib/python3.8/site-packages/airflow/example_dags/example_bash_operator.py
[2023-09-27T02:36:54.087+0000] {processor.py:839} INFO - DAG(s) dict_keys(['example_bash_operator']) retrieved from /home/airflow/.local/lib/python3.8/site-packages/airflow/example_dags/example_bash_operator.py
[2023-09-27T02:36:54.132+0000] {logging_mixin.py:151} INFO - [2023-09-27T02:36:54.132+0000] {dag.py:2915} INFO - Sync 1 DAGs
[2023-09-27T02:36:54.170+0000] {logging_mixin.py:151} INFO - [2023-09-27T02:36:54.170+0000] {dag.py:3696} INFO - Setting next_dagrun for example_bash_operator to 2023-09-26T00:00:00+00:00, run_after=2023-09-27T00:00:00+00:00
[2023-09-27T02:36:54.199+0000] {processor.py:179} INFO - Processing /home/airflow/.local/lib/python3.8/site-packages/airflow/example_dags/example_bash_operator.py took 0.140 seconds
[2023-09-27T02:37:24.929+0000] {processor.py:157} INFO - Started process (PID=460) to work on /home/airflow/.local/lib/python3.8/site-packages/airflow/example_dags/example_bash_operator.py
[2023-09-27T02:37:24.931+0000] {processor.py:829} INFO - Processing file /home/airflow/.local/lib/python3.8/site-packages/airflow/example_dags/example_bash_operator.py for tasks to queue
[2023-09-27T02:37:24.937+0000] {logging_mixin.py:151} INFO - [2023-09-27T02:37:24.936+0000] {dagbag.py:539} INFO - Filling up the DagBag from /home/airflow/.local/lib/python3.8/site-packages/airflow/example_dags/example_bash_operator.py
[2023-09-27T02:37:24.955+0000] {processor.py:839} INFO - DAG(s) dict_keys(['example_bash_operator']) retrieved from /home/airflow/.local/lib/python3.8/site-packages/airflow/example_dags/example_bash_operator.py
[2023-09-27T02:37:24.992+0000] {logging_mixin.py:151} INFO - [2023-09-27T02:37:24.992+0000] {dag.py:2915} INFO - Sync 1 DAGs
[2023-09-27T02:37:25.026+0000] {logging_mixin.py:151} INFO - [2023-09-27T02:37:25.025+0000] {dag.py:3696} INFO - Setting next_dagrun for example_bash_operator to 2023-09-26T00:00:00+00:00, run_after=2023-09-27T00:00:00+00:00
[2023-09-27T02:37:25.050+0000] {processor.py:179} INFO - Processing /home/airflow/.local/lib/python3.8/site-packages/airflow/example_dags/example_bash_operator.py took 0.125 seconds
[2023-09-27T02:37:55.294+0000] {processor.py:157} INFO - Started process (PID=514) to work on /home/airflow/.local/lib/python3.8/site-packages/airflow/example_dags/example_bash_operator.py
[2023-09-27T02:37:55.296+0000] {processor.py:829} INFO - Processing file /home/airflow/.local/lib/python3.8/site-packages/airflow/example_dags/example_bash_operator.py for tasks to queue
[2023-09-27T02:37:55.299+0000] {logging_mixin.py:151} INFO - [2023-09-27T02:37:55.299+0000] {dagbag.py:539} INFO - Filling up the DagBag from /home/airflow/.local/lib/python3.8/site-packages/airflow/example_dags/example_bash_operator.py
[2023-09-27T02:37:55.314+0000] {processor.py:839} INFO - DAG(s) dict_keys(['example_bash_operator']) retrieved from /home/airflow/.local/lib/python3.8/site-packages/airflow/example_dags/example_bash_operator.py
[2023-09-27T02:37:55.355+0000] {logging_mixin.py:151} INFO - [2023-09-27T02:37:55.355+0000] {dag.py:2915} INFO - Sync 1 DAGs
[2023-09-27T02:37:55.384+0000] {logging_mixin.py:151} INFO - [2023-09-27T02:37:55.384+0000] {dag.py:3696} INFO - Setting next_dagrun for example_bash_operator to 2023-09-26T00:00:00+00:00, run_after=2023-09-27T00:00:00+00:00
[2023-09-27T02:37:55.410+0000] {processor.py:179} INFO - Processing /home/airflow/.local/lib/python3.8/site-packages/airflow/example_dags/example_bash_operator.py took 0.120 seconds
[2023-09-27T02:38:25.712+0000] {processor.py:157} INFO - Started process (PID=568) to work on /home/airflow/.local/lib/python3.8/site-packages/airflow/example_dags/example_bash_operator.py
[2023-09-27T02:38:25.714+0000] {processor.py:829} INFO - Processing file /home/airflow/.local/lib/python3.8/site-packages/airflow/example_dags/example_bash_operator.py for tasks to queue
[2023-09-27T02:38:25.718+0000] {logging_mixin.py:151} INFO - [2023-09-27T02:38:25.718+0000] {dagbag.py:539} INFO - Filling up the DagBag from /home/airflow/.local/lib/python3.8/site-packages/airflow/example_dags/example_bash_operator.py
[2023-09-27T02:38:25.744+0000] {processor.py:839} INFO - DAG(s) dict_keys(['example_bash_operator']) retrieved from /home/airflow/.local/lib/python3.8/site-packages/airflow/example_dags/example_bash_operator.py
[2023-09-27T02:38:25.811+0000] {logging_mixin.py:151} INFO - [2023-09-27T02:38:25.811+0000] {dag.py:2915} INFO - Sync 1 DAGs
[2023-09-27T02:38:25.858+0000] {logging_mixin.py:151} INFO - [2023-09-27T02:38:25.858+0000] {dag.py:3696} INFO - Setting next_dagrun for example_bash_operator to 2023-09-26T00:00:00+00:00, run_after=2023-09-27T00:00:00+00:00
[2023-09-27T02:38:25.899+0000] {processor.py:179} INFO - Processing /home/airflow/.local/lib/python3.8/site-packages/airflow/example_dags/example_bash_operator.py took 0.195 seconds
