[2023-09-27T02:33:53.013+0000] {processor.py:157} INFO - Started process (PID=81) to work on /home/airflow/.local/lib/python3.8/site-packages/airflow/example_dags/example_task_group_decorator.py
[2023-09-27T02:33:53.016+0000] {processor.py:829} INFO - Processing file /home/airflow/.local/lib/python3.8/site-packages/airflow/example_dags/example_task_group_decorator.py for tasks to queue
[2023-09-27T02:33:53.025+0000] {logging_mixin.py:151} INFO - [2023-09-27T02:33:53.024+0000] {dagbag.py:539} INFO - Filling up the DagBag from /home/airflow/.local/lib/python3.8/site-packages/airflow/example_dags/example_task_group_decorator.py
[2023-09-27T02:33:53.077+0000] {processor.py:839} INFO - DAG(s) dict_keys(['example_task_group_decorator']) retrieved from /home/airflow/.local/lib/python3.8/site-packages/airflow/example_dags/example_task_group_decorator.py
[2023-09-27T02:33:53.394+0000] {logging_mixin.py:151} INFO - [2023-09-27T02:33:53.393+0000] {manager.py:499} INFO - Created Permission View: %s
[2023-09-27T02:33:53.425+0000] {logging_mixin.py:151} INFO - [2023-09-27T02:33:53.424+0000] {manager.py:499} INFO - Created Permission View: %s
[2023-09-27T02:33:53.447+0000] {logging_mixin.py:151} INFO - [2023-09-27T02:33:53.446+0000] {manager.py:499} INFO - Created Permission View: %s
[2023-09-27T02:33:53.449+0000] {logging_mixin.py:151} INFO - [2023-09-27T02:33:53.448+0000] {security.py:708} INFO - Not syncing DAG-level permissions for DAG 'DAG:example_task_group_decorator' as access control is unset.
[2023-09-27T02:33:53.450+0000] {logging_mixin.py:151} INFO - [2023-09-27T02:33:53.450+0000] {dag.py:2915} INFO - Sync 1 DAGs
[2023-09-27T02:33:53.482+0000] {logging_mixin.py:151} INFO - [2023-09-27T02:33:53.481+0000] {dag.py:2937} INFO - Creating ORM DAG for example_task_group_decorator
[2023-09-27T02:33:53.518+0000] {logging_mixin.py:151} INFO - [2023-09-27T02:33:53.517+0000] {dag.py:3696} INFO - Setting next_dagrun for example_task_group_decorator to 2023-09-26T02:33:53.516759+00:00, run_after=2023-09-27T02:33:53.516759+00:00
[2023-09-27T02:33:53.574+0000] {processor.py:179} INFO - Processing /home/airflow/.local/lib/python3.8/site-packages/airflow/example_dags/example_task_group_decorator.py took 0.570 seconds
[2023-09-27T02:34:23.798+0000] {processor.py:157} INFO - Started process (PID=135) to work on /home/airflow/.local/lib/python3.8/site-packages/airflow/example_dags/example_task_group_decorator.py
[2023-09-27T02:34:23.802+0000] {processor.py:829} INFO - Processing file /home/airflow/.local/lib/python3.8/site-packages/airflow/example_dags/example_task_group_decorator.py for tasks to queue
[2023-09-27T02:34:23.808+0000] {logging_mixin.py:151} INFO - [2023-09-27T02:34:23.807+0000] {dagbag.py:539} INFO - Filling up the DagBag from /home/airflow/.local/lib/python3.8/site-packages/airflow/example_dags/example_task_group_decorator.py
[2023-09-27T02:34:23.844+0000] {processor.py:839} INFO - DAG(s) dict_keys(['example_task_group_decorator']) retrieved from /home/airflow/.local/lib/python3.8/site-packages/airflow/example_dags/example_task_group_decorator.py
[2023-09-27T02:34:23.886+0000] {logging_mixin.py:151} INFO - [2023-09-27T02:34:23.886+0000] {dag.py:2915} INFO - Sync 1 DAGs
[2023-09-27T02:34:23.920+0000] {logging_mixin.py:151} INFO - [2023-09-27T02:34:23.919+0000] {dag.py:3696} INFO - Setting next_dagrun for example_task_group_decorator to 2023-09-26T02:34:23.919442+00:00, run_after=2023-09-27T02:34:23.919442+00:00
[2023-09-27T02:34:23.952+0000] {processor.py:179} INFO - Processing /home/airflow/.local/lib/python3.8/site-packages/airflow/example_dags/example_task_group_decorator.py took 0.159 seconds
[2023-09-27T02:34:55.215+0000] {processor.py:157} INFO - Started process (PID=189) to work on /home/airflow/.local/lib/python3.8/site-packages/airflow/example_dags/example_task_group_decorator.py
[2023-09-27T02:34:55.223+0000] {processor.py:829} INFO - Processing file /home/airflow/.local/lib/python3.8/site-packages/airflow/example_dags/example_task_group_decorator.py for tasks to queue
[2023-09-27T02:34:55.228+0000] {logging_mixin.py:151} INFO - [2023-09-27T02:34:55.228+0000] {dagbag.py:539} INFO - Filling up the DagBag from /home/airflow/.local/lib/python3.8/site-packages/airflow/example_dags/example_task_group_decorator.py
[2023-09-27T02:34:55.267+0000] {processor.py:839} INFO - DAG(s) dict_keys(['example_task_group_decorator']) retrieved from /home/airflow/.local/lib/python3.8/site-packages/airflow/example_dags/example_task_group_decorator.py
[2023-09-27T02:34:55.339+0000] {logging_mixin.py:151} INFO - [2023-09-27T02:34:55.338+0000] {dag.py:2915} INFO - Sync 1 DAGs
[2023-09-27T02:34:55.399+0000] {logging_mixin.py:151} INFO - [2023-09-27T02:34:55.398+0000] {dag.py:3696} INFO - Setting next_dagrun for example_task_group_decorator to 2023-09-26T02:34:55.397870+00:00, run_after=2023-09-27T02:34:55.397870+00:00
[2023-09-27T02:34:55.448+0000] {processor.py:179} INFO - Processing /home/airflow/.local/lib/python3.8/site-packages/airflow/example_dags/example_task_group_decorator.py took 0.241 seconds
[2023-09-27T02:35:26.229+0000] {processor.py:157} INFO - Started process (PID=243) to work on /home/airflow/.local/lib/python3.8/site-packages/airflow/example_dags/example_task_group_decorator.py
[2023-09-27T02:35:26.232+0000] {processor.py:829} INFO - Processing file /home/airflow/.local/lib/python3.8/site-packages/airflow/example_dags/example_task_group_decorator.py for tasks to queue
[2023-09-27T02:35:26.241+0000] {logging_mixin.py:151} INFO - [2023-09-27T02:35:26.240+0000] {dagbag.py:539} INFO - Filling up the DagBag from /home/airflow/.local/lib/python3.8/site-packages/airflow/example_dags/example_task_group_decorator.py
[2023-09-27T02:35:26.306+0000] {processor.py:839} INFO - DAG(s) dict_keys(['example_task_group_decorator']) retrieved from /home/airflow/.local/lib/python3.8/site-packages/airflow/example_dags/example_task_group_decorator.py
[2023-09-27T02:35:26.379+0000] {logging_mixin.py:151} INFO - [2023-09-27T02:35:26.379+0000] {dag.py:2915} INFO - Sync 1 DAGs
[2023-09-27T02:35:26.441+0000] {logging_mixin.py:151} INFO - [2023-09-27T02:35:26.440+0000] {dag.py:3696} INFO - Setting next_dagrun for example_task_group_decorator to 2023-09-26T02:35:26.440102+00:00, run_after=2023-09-27T02:35:26.440102+00:00
[2023-09-27T02:35:26.487+0000] {processor.py:179} INFO - Processing /home/airflow/.local/lib/python3.8/site-packages/airflow/example_dags/example_task_group_decorator.py took 0.269 seconds
[2023-09-27T02:35:57.025+0000] {processor.py:157} INFO - Started process (PID=297) to work on /home/airflow/.local/lib/python3.8/site-packages/airflow/example_dags/example_task_group_decorator.py
[2023-09-27T02:35:57.028+0000] {processor.py:829} INFO - Processing file /home/airflow/.local/lib/python3.8/site-packages/airflow/example_dags/example_task_group_decorator.py for tasks to queue
[2023-09-27T02:35:57.034+0000] {logging_mixin.py:151} INFO - [2023-09-27T02:35:57.033+0000] {dagbag.py:539} INFO - Filling up the DagBag from /home/airflow/.local/lib/python3.8/site-packages/airflow/example_dags/example_task_group_decorator.py
[2023-09-27T02:35:57.086+0000] {processor.py:839} INFO - DAG(s) dict_keys(['example_task_group_decorator']) retrieved from /home/airflow/.local/lib/python3.8/site-packages/airflow/example_dags/example_task_group_decorator.py
[2023-09-27T02:35:57.351+0000] {logging_mixin.py:151} INFO - [2023-09-27T02:35:57.350+0000] {dag.py:2915} INFO - Sync 1 DAGs
[2023-09-27T02:35:57.666+0000] {logging_mixin.py:151} INFO - [2023-09-27T02:35:57.665+0000] {dag.py:3696} INFO - Setting next_dagrun for example_task_group_decorator to 2023-09-26T02:35:57.660575+00:00, run_after=2023-09-27T02:35:57.660575+00:00
[2023-09-27T02:35:57.791+0000] {processor.py:179} INFO - Processing /home/airflow/.local/lib/python3.8/site-packages/airflow/example_dags/example_task_group_decorator.py took 0.778 seconds
[2023-09-27T02:36:27.846+0000] {processor.py:157} INFO - Started process (PID=350) to work on /home/airflow/.local/lib/python3.8/site-packages/airflow/example_dags/example_task_group_decorator.py
[2023-09-27T02:36:27.848+0000] {processor.py:829} INFO - Processing file /home/airflow/.local/lib/python3.8/site-packages/airflow/example_dags/example_task_group_decorator.py for tasks to queue
[2023-09-27T02:36:27.851+0000] {logging_mixin.py:151} INFO - [2023-09-27T02:36:27.851+0000] {dagbag.py:539} INFO - Filling up the DagBag from /home/airflow/.local/lib/python3.8/site-packages/airflow/example_dags/example_task_group_decorator.py
[2023-09-27T02:36:27.878+0000] {processor.py:839} INFO - DAG(s) dict_keys(['example_task_group_decorator']) retrieved from /home/airflow/.local/lib/python3.8/site-packages/airflow/example_dags/example_task_group_decorator.py
[2023-09-27T02:36:27.908+0000] {logging_mixin.py:151} INFO - [2023-09-27T02:36:27.908+0000] {dag.py:2915} INFO - Sync 1 DAGs
[2023-09-27T02:36:27.936+0000] {logging_mixin.py:151} INFO - [2023-09-27T02:36:27.936+0000] {dag.py:3696} INFO - Setting next_dagrun for example_task_group_decorator to 2023-09-26T02:36:27.936130+00:00, run_after=2023-09-27T02:36:27.936130+00:00
[2023-09-27T02:36:27.962+0000] {processor.py:179} INFO - Processing /home/airflow/.local/lib/python3.8/site-packages/airflow/example_dags/example_task_group_decorator.py took 0.121 seconds
[2023-09-27T02:36:58.043+0000] {processor.py:157} INFO - Started process (PID=414) to work on /home/airflow/.local/lib/python3.8/site-packages/airflow/example_dags/example_task_group_decorator.py
[2023-09-27T02:36:58.045+0000] {processor.py:829} INFO - Processing file /home/airflow/.local/lib/python3.8/site-packages/airflow/example_dags/example_task_group_decorator.py for tasks to queue
[2023-09-27T02:36:58.052+0000] {logging_mixin.py:151} INFO - [2023-09-27T02:36:58.051+0000] {dagbag.py:539} INFO - Filling up the DagBag from /home/airflow/.local/lib/python3.8/site-packages/airflow/example_dags/example_task_group_decorator.py
[2023-09-27T02:36:58.089+0000] {processor.py:839} INFO - DAG(s) dict_keys(['example_task_group_decorator']) retrieved from /home/airflow/.local/lib/python3.8/site-packages/airflow/example_dags/example_task_group_decorator.py
[2023-09-27T02:36:58.129+0000] {logging_mixin.py:151} INFO - [2023-09-27T02:36:58.128+0000] {dag.py:2915} INFO - Sync 1 DAGs
[2023-09-27T02:36:58.163+0000] {logging_mixin.py:151} INFO - [2023-09-27T02:36:58.162+0000] {dag.py:3696} INFO - Setting next_dagrun for example_task_group_decorator to 2023-09-26T02:36:58.162322+00:00, run_after=2023-09-27T02:36:58.162322+00:00
[2023-09-27T02:36:58.191+0000] {processor.py:179} INFO - Processing /home/airflow/.local/lib/python3.8/site-packages/airflow/example_dags/example_task_group_decorator.py took 0.156 seconds
[2023-09-27T02:37:28.595+0000] {processor.py:157} INFO - Started process (PID=468) to work on /home/airflow/.local/lib/python3.8/site-packages/airflow/example_dags/example_task_group_decorator.py
[2023-09-27T02:37:28.597+0000] {processor.py:829} INFO - Processing file /home/airflow/.local/lib/python3.8/site-packages/airflow/example_dags/example_task_group_decorator.py for tasks to queue
[2023-09-27T02:37:28.604+0000] {logging_mixin.py:151} INFO - [2023-09-27T02:37:28.604+0000] {dagbag.py:539} INFO - Filling up the DagBag from /home/airflow/.local/lib/python3.8/site-packages/airflow/example_dags/example_task_group_decorator.py
[2023-09-27T02:37:28.641+0000] {processor.py:839} INFO - DAG(s) dict_keys(['example_task_group_decorator']) retrieved from /home/airflow/.local/lib/python3.8/site-packages/airflow/example_dags/example_task_group_decorator.py
[2023-09-27T02:37:28.698+0000] {logging_mixin.py:151} INFO - [2023-09-27T02:37:28.697+0000] {dag.py:2915} INFO - Sync 1 DAGs
[2023-09-27T02:37:28.745+0000] {logging_mixin.py:151} INFO - [2023-09-27T02:37:28.744+0000] {dag.py:3696} INFO - Setting next_dagrun for example_task_group_decorator to 2023-09-26T02:37:28.744281+00:00, run_after=2023-09-27T02:37:28.744281+00:00
[2023-09-27T02:37:28.784+0000] {processor.py:179} INFO - Processing /home/airflow/.local/lib/python3.8/site-packages/airflow/example_dags/example_task_group_decorator.py took 0.197 seconds
[2023-09-27T02:37:58.911+0000] {processor.py:157} INFO - Started process (PID=522) to work on /home/airflow/.local/lib/python3.8/site-packages/airflow/example_dags/example_task_group_decorator.py
[2023-09-27T02:37:58.913+0000] {processor.py:829} INFO - Processing file /home/airflow/.local/lib/python3.8/site-packages/airflow/example_dags/example_task_group_decorator.py for tasks to queue
[2023-09-27T02:37:58.918+0000] {logging_mixin.py:151} INFO - [2023-09-27T02:37:58.917+0000] {dagbag.py:539} INFO - Filling up the DagBag from /home/airflow/.local/lib/python3.8/site-packages/airflow/example_dags/example_task_group_decorator.py
[2023-09-27T02:37:58.949+0000] {processor.py:839} INFO - DAG(s) dict_keys(['example_task_group_decorator']) retrieved from /home/airflow/.local/lib/python3.8/site-packages/airflow/example_dags/example_task_group_decorator.py
[2023-09-27T02:37:58.983+0000] {logging_mixin.py:151} INFO - [2023-09-27T02:37:58.983+0000] {dag.py:2915} INFO - Sync 1 DAGs
[2023-09-27T02:37:59.017+0000] {logging_mixin.py:151} INFO - [2023-09-27T02:37:59.017+0000] {dag.py:3696} INFO - Setting next_dagrun for example_task_group_decorator to 2023-09-26T02:37:59.016529+00:00, run_after=2023-09-27T02:37:59.016529+00:00
[2023-09-27T02:37:59.047+0000] {processor.py:179} INFO - Processing /home/airflow/.local/lib/python3.8/site-packages/airflow/example_dags/example_task_group_decorator.py took 0.143 seconds
[2023-09-27T02:38:29.833+0000] {processor.py:157} INFO - Started process (PID=576) to work on /home/airflow/.local/lib/python3.8/site-packages/airflow/example_dags/example_task_group_decorator.py
[2023-09-27T02:38:29.841+0000] {processor.py:829} INFO - Processing file /home/airflow/.local/lib/python3.8/site-packages/airflow/example_dags/example_task_group_decorator.py for tasks to queue
[2023-09-27T02:38:29.846+0000] {logging_mixin.py:151} INFO - [2023-09-27T02:38:29.845+0000] {dagbag.py:539} INFO - Filling up the DagBag from /home/airflow/.local/lib/python3.8/site-packages/airflow/example_dags/example_task_group_decorator.py
[2023-09-27T02:38:29.879+0000] {processor.py:839} INFO - DAG(s) dict_keys(['example_task_group_decorator']) retrieved from /home/airflow/.local/lib/python3.8/site-packages/airflow/example_dags/example_task_group_decorator.py
[2023-09-27T02:38:29.931+0000] {logging_mixin.py:151} INFO - [2023-09-27T02:38:29.931+0000] {dag.py:2915} INFO - Sync 1 DAGs
[2023-09-27T02:38:29.995+0000] {logging_mixin.py:151} INFO - [2023-09-27T02:38:29.990+0000] {dag.py:3696} INFO - Setting next_dagrun for example_task_group_decorator to 2023-09-26T02:38:29.989591+00:00, run_after=2023-09-27T02:38:29.989591+00:00
[2023-09-27T02:38:30.044+0000] {processor.py:179} INFO - Processing /home/airflow/.local/lib/python3.8/site-packages/airflow/example_dags/example_task_group_decorator.py took 0.223 seconds
