[2023-09-27T02:33:57.098+0000] {processor.py:157} INFO - Started process (PID=90) to work on /home/airflow/.local/lib/python3.8/site-packages/airflow/example_dags/example_skip_dag.py
[2023-09-27T02:33:57.101+0000] {processor.py:829} INFO - Processing file /home/airflow/.local/lib/python3.8/site-packages/airflow/example_dags/example_skip_dag.py for tasks to queue
[2023-09-27T02:33:57.111+0000] {logging_mixin.py:151} INFO - [2023-09-27T02:33:57.110+0000] {dagbag.py:539} INFO - Filling up the DagBag from /home/airflow/.local/lib/python3.8/site-packages/airflow/example_dags/example_skip_dag.py
[2023-09-27T02:33:57.147+0000] {processor.py:839} INFO - DAG(s) dict_keys(['example_skip_dag']) retrieved from /home/airflow/.local/lib/python3.8/site-packages/airflow/example_dags/example_skip_dag.py
[2023-09-27T02:33:57.719+0000] {logging_mixin.py:151} INFO - [2023-09-27T02:33:57.718+0000] {manager.py:499} INFO - Created Permission View: %s
[2023-09-27T02:33:57.763+0000] {logging_mixin.py:151} INFO - [2023-09-27T02:33:57.762+0000] {manager.py:499} INFO - Created Permission View: %s
[2023-09-27T02:33:57.790+0000] {logging_mixin.py:151} INFO - [2023-09-27T02:33:57.790+0000] {manager.py:499} INFO - Created Permission View: %s
[2023-09-27T02:33:57.792+0000] {logging_mixin.py:151} INFO - [2023-09-27T02:33:57.791+0000] {security.py:708} INFO - Not syncing DAG-level permissions for DAG 'DAG:example_skip_dag' as access control is unset.
[2023-09-27T02:33:57.794+0000] {logging_mixin.py:151} INFO - [2023-09-27T02:33:57.793+0000] {dag.py:2915} INFO - Sync 1 DAGs
[2023-09-27T02:33:57.852+0000] {logging_mixin.py:151} INFO - [2023-09-27T02:33:57.852+0000] {dag.py:2937} INFO - Creating ORM DAG for example_skip_dag
[2023-09-27T02:33:57.893+0000] {logging_mixin.py:151} INFO - [2023-09-27T02:33:57.892+0000] {dag.py:3696} INFO - Setting next_dagrun for example_skip_dag to 2023-09-26T02:33:57.891924+00:00, run_after=2023-09-27T02:33:57.891924+00:00
[2023-09-27T02:33:57.941+0000] {processor.py:179} INFO - Processing /home/airflow/.local/lib/python3.8/site-packages/airflow/example_dags/example_skip_dag.py took 0.856 seconds
[2023-09-27T02:34:28.312+0000] {processor.py:157} INFO - Started process (PID=144) to work on /home/airflow/.local/lib/python3.8/site-packages/airflow/example_dags/example_skip_dag.py
[2023-09-27T02:34:28.317+0000] {processor.py:829} INFO - Processing file /home/airflow/.local/lib/python3.8/site-packages/airflow/example_dags/example_skip_dag.py for tasks to queue
[2023-09-27T02:34:28.321+0000] {logging_mixin.py:151} INFO - [2023-09-27T02:34:28.320+0000] {dagbag.py:539} INFO - Filling up the DagBag from /home/airflow/.local/lib/python3.8/site-packages/airflow/example_dags/example_skip_dag.py
[2023-09-27T02:34:28.330+0000] {processor.py:839} INFO - DAG(s) dict_keys(['example_skip_dag']) retrieved from /home/airflow/.local/lib/python3.8/site-packages/airflow/example_dags/example_skip_dag.py
[2023-09-27T02:34:28.360+0000] {logging_mixin.py:151} INFO - [2023-09-27T02:34:28.360+0000] {dag.py:2915} INFO - Sync 1 DAGs
[2023-09-27T02:34:28.395+0000] {logging_mixin.py:151} INFO - [2023-09-27T02:34:28.394+0000] {dag.py:3696} INFO - Setting next_dagrun for example_skip_dag to 2023-09-26T02:34:28.394356+00:00, run_after=2023-09-27T02:34:28.394356+00:00
[2023-09-27T02:34:28.422+0000] {processor.py:179} INFO - Processing /home/airflow/.local/lib/python3.8/site-packages/airflow/example_dags/example_skip_dag.py took 0.115 seconds
[2023-09-27T02:34:58.939+0000] {processor.py:157} INFO - Started process (PID=198) to work on /home/airflow/.local/lib/python3.8/site-packages/airflow/example_dags/example_skip_dag.py
[2023-09-27T02:34:58.946+0000] {processor.py:829} INFO - Processing file /home/airflow/.local/lib/python3.8/site-packages/airflow/example_dags/example_skip_dag.py for tasks to queue
[2023-09-27T02:34:58.952+0000] {logging_mixin.py:151} INFO - [2023-09-27T02:34:58.951+0000] {dagbag.py:539} INFO - Filling up the DagBag from /home/airflow/.local/lib/python3.8/site-packages/airflow/example_dags/example_skip_dag.py
[2023-09-27T02:34:58.971+0000] {processor.py:839} INFO - DAG(s) dict_keys(['example_skip_dag']) retrieved from /home/airflow/.local/lib/python3.8/site-packages/airflow/example_dags/example_skip_dag.py
[2023-09-27T02:34:59.029+0000] {logging_mixin.py:151} INFO - [2023-09-27T02:34:59.029+0000] {dag.py:2915} INFO - Sync 1 DAGs
[2023-09-27T02:34:59.097+0000] {logging_mixin.py:151} INFO - [2023-09-27T02:34:59.097+0000] {dag.py:3696} INFO - Setting next_dagrun for example_skip_dag to 2023-09-26T02:34:59.096502+00:00, run_after=2023-09-27T02:34:59.096502+00:00
[2023-09-27T02:34:59.174+0000] {processor.py:179} INFO - Processing /home/airflow/.local/lib/python3.8/site-packages/airflow/example_dags/example_skip_dag.py took 0.244 seconds
[2023-09-27T02:35:29.390+0000] {processor.py:157} INFO - Started process (PID=252) to work on /home/airflow/.local/lib/python3.8/site-packages/airflow/example_dags/example_skip_dag.py
[2023-09-27T02:35:29.397+0000] {processor.py:829} INFO - Processing file /home/airflow/.local/lib/python3.8/site-packages/airflow/example_dags/example_skip_dag.py for tasks to queue
[2023-09-27T02:35:29.401+0000] {logging_mixin.py:151} INFO - [2023-09-27T02:35:29.401+0000] {dagbag.py:539} INFO - Filling up the DagBag from /home/airflow/.local/lib/python3.8/site-packages/airflow/example_dags/example_skip_dag.py
[2023-09-27T02:35:29.414+0000] {processor.py:839} INFO - DAG(s) dict_keys(['example_skip_dag']) retrieved from /home/airflow/.local/lib/python3.8/site-packages/airflow/example_dags/example_skip_dag.py
[2023-09-27T02:35:29.461+0000] {logging_mixin.py:151} INFO - [2023-09-27T02:35:29.461+0000] {dag.py:2915} INFO - Sync 1 DAGs
[2023-09-27T02:35:29.500+0000] {logging_mixin.py:151} INFO - [2023-09-27T02:35:29.500+0000] {dag.py:3696} INFO - Setting next_dagrun for example_skip_dag to 2023-09-26T02:35:29.499624+00:00, run_after=2023-09-27T02:35:29.499624+00:00
[2023-09-27T02:35:29.528+0000] {processor.py:179} INFO - Processing /home/airflow/.local/lib/python3.8/site-packages/airflow/example_dags/example_skip_dag.py took 0.143 seconds
[2023-09-27T02:36:00.057+0000] {processor.py:157} INFO - Started process (PID=306) to work on /home/airflow/.local/lib/python3.8/site-packages/airflow/example_dags/example_skip_dag.py
[2023-09-27T02:36:00.060+0000] {processor.py:829} INFO - Processing file /home/airflow/.local/lib/python3.8/site-packages/airflow/example_dags/example_skip_dag.py for tasks to queue
[2023-09-27T02:36:00.067+0000] {logging_mixin.py:151} INFO - [2023-09-27T02:36:00.066+0000] {dagbag.py:539} INFO - Filling up the DagBag from /home/airflow/.local/lib/python3.8/site-packages/airflow/example_dags/example_skip_dag.py
[2023-09-27T02:36:00.086+0000] {processor.py:839} INFO - DAG(s) dict_keys(['example_skip_dag']) retrieved from /home/airflow/.local/lib/python3.8/site-packages/airflow/example_dags/example_skip_dag.py
[2023-09-27T02:36:00.128+0000] {logging_mixin.py:151} INFO - [2023-09-27T02:36:00.128+0000] {dag.py:2915} INFO - Sync 1 DAGs
[2023-09-27T02:36:00.175+0000] {logging_mixin.py:151} INFO - [2023-09-27T02:36:00.175+0000] {dag.py:3696} INFO - Setting next_dagrun for example_skip_dag to 2023-09-26T02:36:00.174537+00:00, run_after=2023-09-27T02:36:00.174537+00:00
[2023-09-27T02:36:00.214+0000] {processor.py:179} INFO - Processing /home/airflow/.local/lib/python3.8/site-packages/airflow/example_dags/example_skip_dag.py took 0.167 seconds
[2023-09-27T02:36:31.599+0000] {processor.py:157} INFO - Started process (PID=364) to work on /home/airflow/.local/lib/python3.8/site-packages/airflow/example_dags/example_skip_dag.py
[2023-09-27T02:36:31.605+0000] {processor.py:829} INFO - Processing file /home/airflow/.local/lib/python3.8/site-packages/airflow/example_dags/example_skip_dag.py for tasks to queue
[2023-09-27T02:36:31.611+0000] {logging_mixin.py:151} INFO - [2023-09-27T02:36:31.611+0000] {dagbag.py:539} INFO - Filling up the DagBag from /home/airflow/.local/lib/python3.8/site-packages/airflow/example_dags/example_skip_dag.py
[2023-09-27T02:36:31.630+0000] {processor.py:839} INFO - DAG(s) dict_keys(['example_skip_dag']) retrieved from /home/airflow/.local/lib/python3.8/site-packages/airflow/example_dags/example_skip_dag.py
[2023-09-27T02:36:31.724+0000] {logging_mixin.py:151} INFO - [2023-09-27T02:36:31.723+0000] {dag.py:2915} INFO - Sync 1 DAGs
[2023-09-27T02:36:31.857+0000] {logging_mixin.py:151} INFO - [2023-09-27T02:36:31.857+0000] {dag.py:3696} INFO - Setting next_dagrun for example_skip_dag to 2023-09-26T02:36:31.846589+00:00, run_after=2023-09-27T02:36:31.846589+00:00
[2023-09-27T02:36:32.004+0000] {processor.py:179} INFO - Processing /home/airflow/.local/lib/python3.8/site-packages/airflow/example_dags/example_skip_dag.py took 0.413 seconds
[2023-09-27T02:37:02.315+0000] {processor.py:157} INFO - Started process (PID=424) to work on /home/airflow/.local/lib/python3.8/site-packages/airflow/example_dags/example_skip_dag.py
[2023-09-27T02:37:02.317+0000] {processor.py:829} INFO - Processing file /home/airflow/.local/lib/python3.8/site-packages/airflow/example_dags/example_skip_dag.py for tasks to queue
[2023-09-27T02:37:02.322+0000] {logging_mixin.py:151} INFO - [2023-09-27T02:37:02.321+0000] {dagbag.py:539} INFO - Filling up the DagBag from /home/airflow/.local/lib/python3.8/site-packages/airflow/example_dags/example_skip_dag.py
[2023-09-27T02:37:02.331+0000] {processor.py:839} INFO - DAG(s) dict_keys(['example_skip_dag']) retrieved from /home/airflow/.local/lib/python3.8/site-packages/airflow/example_dags/example_skip_dag.py
[2023-09-27T02:37:02.361+0000] {logging_mixin.py:151} INFO - [2023-09-27T02:37:02.360+0000] {dag.py:2915} INFO - Sync 1 DAGs
[2023-09-27T02:37:02.391+0000] {logging_mixin.py:151} INFO - [2023-09-27T02:37:02.390+0000] {dag.py:3696} INFO - Setting next_dagrun for example_skip_dag to 2023-09-26T02:37:02.390578+00:00, run_after=2023-09-27T02:37:02.390578+00:00
[2023-09-27T02:37:02.413+0000] {processor.py:179} INFO - Processing /home/airflow/.local/lib/python3.8/site-packages/airflow/example_dags/example_skip_dag.py took 0.102 seconds
[2023-09-27T02:37:33.788+0000] {processor.py:157} INFO - Started process (PID=478) to work on /home/airflow/.local/lib/python3.8/site-packages/airflow/example_dags/example_skip_dag.py
[2023-09-27T02:37:33.790+0000] {processor.py:829} INFO - Processing file /home/airflow/.local/lib/python3.8/site-packages/airflow/example_dags/example_skip_dag.py for tasks to queue
[2023-09-27T02:37:33.794+0000] {logging_mixin.py:151} INFO - [2023-09-27T02:37:33.794+0000] {dagbag.py:539} INFO - Filling up the DagBag from /home/airflow/.local/lib/python3.8/site-packages/airflow/example_dags/example_skip_dag.py
[2023-09-27T02:37:33.812+0000] {processor.py:839} INFO - DAG(s) dict_keys(['example_skip_dag']) retrieved from /home/airflow/.local/lib/python3.8/site-packages/airflow/example_dags/example_skip_dag.py
[2023-09-27T02:37:33.868+0000] {logging_mixin.py:151} INFO - [2023-09-27T02:37:33.868+0000] {dag.py:2915} INFO - Sync 1 DAGs
[2023-09-27T02:37:33.932+0000] {logging_mixin.py:151} INFO - [2023-09-27T02:37:33.932+0000] {dag.py:3696} INFO - Setting next_dagrun for example_skip_dag to 2023-09-26T02:37:33.931774+00:00, run_after=2023-09-27T02:37:33.931774+00:00
[2023-09-27T02:37:33.990+0000] {processor.py:179} INFO - Processing /home/airflow/.local/lib/python3.8/site-packages/airflow/example_dags/example_skip_dag.py took 0.209 seconds
[2023-09-27T02:38:04.166+0000] {processor.py:157} INFO - Started process (PID=532) to work on /home/airflow/.local/lib/python3.8/site-packages/airflow/example_dags/example_skip_dag.py
[2023-09-27T02:38:04.167+0000] {processor.py:829} INFO - Processing file /home/airflow/.local/lib/python3.8/site-packages/airflow/example_dags/example_skip_dag.py for tasks to queue
[2023-09-27T02:38:04.171+0000] {logging_mixin.py:151} INFO - [2023-09-27T02:38:04.171+0000] {dagbag.py:539} INFO - Filling up the DagBag from /home/airflow/.local/lib/python3.8/site-packages/airflow/example_dags/example_skip_dag.py
[2023-09-27T02:38:04.179+0000] {processor.py:839} INFO - DAG(s) dict_keys(['example_skip_dag']) retrieved from /home/airflow/.local/lib/python3.8/site-packages/airflow/example_dags/example_skip_dag.py
[2023-09-27T02:38:04.206+0000] {logging_mixin.py:151} INFO - [2023-09-27T02:38:04.206+0000] {dag.py:2915} INFO - Sync 1 DAGs
[2023-09-27T02:38:04.234+0000] {logging_mixin.py:151} INFO - [2023-09-27T02:38:04.234+0000] {dag.py:3696} INFO - Setting next_dagrun for example_skip_dag to 2023-09-26T02:38:04.234231+00:00, run_after=2023-09-27T02:38:04.234231+00:00
[2023-09-27T02:38:04.259+0000] {processor.py:179} INFO - Processing /home/airflow/.local/lib/python3.8/site-packages/airflow/example_dags/example_skip_dag.py took 0.097 seconds
[2023-09-27T02:38:35.005+0000] {processor.py:157} INFO - Started process (PID=586) to work on /home/airflow/.local/lib/python3.8/site-packages/airflow/example_dags/example_skip_dag.py
[2023-09-27T02:38:35.007+0000] {processor.py:829} INFO - Processing file /home/airflow/.local/lib/python3.8/site-packages/airflow/example_dags/example_skip_dag.py for tasks to queue
[2023-09-27T02:38:35.011+0000] {logging_mixin.py:151} INFO - [2023-09-27T02:38:35.010+0000] {dagbag.py:539} INFO - Filling up the DagBag from /home/airflow/.local/lib/python3.8/site-packages/airflow/example_dags/example_skip_dag.py
[2023-09-27T02:38:35.019+0000] {processor.py:839} INFO - DAG(s) dict_keys(['example_skip_dag']) retrieved from /home/airflow/.local/lib/python3.8/site-packages/airflow/example_dags/example_skip_dag.py
[2023-09-27T02:38:35.048+0000] {logging_mixin.py:151} INFO - [2023-09-27T02:38:35.047+0000] {dag.py:2915} INFO - Sync 1 DAGs
[2023-09-27T02:38:35.076+0000] {logging_mixin.py:151} INFO - [2023-09-27T02:38:35.076+0000] {dag.py:3696} INFO - Setting next_dagrun for example_skip_dag to 2023-09-26T02:38:35.075547+00:00, run_after=2023-09-27T02:38:35.075547+00:00
[2023-09-27T02:38:35.104+0000] {processor.py:179} INFO - Processing /home/airflow/.local/lib/python3.8/site-packages/airflow/example_dags/example_skip_dag.py took 0.104 seconds
