[2023-09-27T02:33:51.593+0000] {processor.py:157} INFO - Started process (PID=77) to work on /home/airflow/.local/lib/python3.8/site-packages/airflow/example_dags/example_latest_only_with_trigger.py
[2023-09-27T02:33:51.595+0000] {processor.py:829} INFO - Processing file /home/airflow/.local/lib/python3.8/site-packages/airflow/example_dags/example_latest_only_with_trigger.py for tasks to queue
[2023-09-27T02:33:51.601+0000] {logging_mixin.py:151} INFO - [2023-09-27T02:33:51.600+0000] {dagbag.py:539} INFO - Filling up the DagBag from /home/airflow/.local/lib/python3.8/site-packages/airflow/example_dags/example_latest_only_with_trigger.py
[2023-09-27T02:33:51.624+0000] {processor.py:839} INFO - DAG(s) dict_keys(['latest_only_with_trigger']) retrieved from /home/airflow/.local/lib/python3.8/site-packages/airflow/example_dags/example_latest_only_with_trigger.py
[2023-09-27T02:33:52.057+0000] {logging_mixin.py:151} INFO - [2023-09-27T02:33:52.056+0000] {manager.py:499} INFO - Created Permission View: %s
[2023-09-27T02:33:52.097+0000] {logging_mixin.py:151} INFO - [2023-09-27T02:33:52.096+0000] {manager.py:499} INFO - Created Permission View: %s
[2023-09-27T02:33:52.119+0000] {logging_mixin.py:151} INFO - [2023-09-27T02:33:52.119+0000] {manager.py:499} INFO - Created Permission View: %s
[2023-09-27T02:33:52.121+0000] {logging_mixin.py:151} INFO - [2023-09-27T02:33:52.121+0000] {security.py:708} INFO - Not syncing DAG-level permissions for DAG 'DAG:latest_only_with_trigger' as access control is unset.
[2023-09-27T02:33:52.122+0000] {logging_mixin.py:151} INFO - [2023-09-27T02:33:52.122+0000] {dag.py:2915} INFO - Sync 1 DAGs
[2023-09-27T02:33:52.166+0000] {logging_mixin.py:151} INFO - [2023-09-27T02:33:52.165+0000] {dag.py:2937} INFO - Creating ORM DAG for latest_only_with_trigger
[2023-09-27T02:33:52.200+0000] {logging_mixin.py:151} INFO - [2023-09-27T02:33:52.200+0000] {dag.py:3696} INFO - Setting next_dagrun for latest_only_with_trigger to 2023-09-26T22:33:52.199434+00:00, run_after=2023-09-27T02:33:52.199434+00:00
[2023-09-27T02:33:52.261+0000] {processor.py:179} INFO - Processing /home/airflow/.local/lib/python3.8/site-packages/airflow/example_dags/example_latest_only_with_trigger.py took 0.679 seconds
[2023-09-27T02:34:22.979+0000] {processor.py:157} INFO - Started process (PID=131) to work on /home/airflow/.local/lib/python3.8/site-packages/airflow/example_dags/example_latest_only_with_trigger.py
[2023-09-27T02:34:22.987+0000] {processor.py:829} INFO - Processing file /home/airflow/.local/lib/python3.8/site-packages/airflow/example_dags/example_latest_only_with_trigger.py for tasks to queue
[2023-09-27T02:34:22.993+0000] {logging_mixin.py:151} INFO - [2023-09-27T02:34:22.992+0000] {dagbag.py:539} INFO - Filling up the DagBag from /home/airflow/.local/lib/python3.8/site-packages/airflow/example_dags/example_latest_only_with_trigger.py
[2023-09-27T02:34:23.007+0000] {processor.py:839} INFO - DAG(s) dict_keys(['latest_only_with_trigger']) retrieved from /home/airflow/.local/lib/python3.8/site-packages/airflow/example_dags/example_latest_only_with_trigger.py
[2023-09-27T02:34:23.043+0000] {logging_mixin.py:151} INFO - [2023-09-27T02:34:23.043+0000] {dag.py:2915} INFO - Sync 1 DAGs
[2023-09-27T02:34:23.078+0000] {logging_mixin.py:151} INFO - [2023-09-27T02:34:23.077+0000] {dag.py:3696} INFO - Setting next_dagrun for latest_only_with_trigger to 2023-09-26T22:34:23.077474+00:00, run_after=2023-09-27T02:34:23.077474+00:00
[2023-09-27T02:34:23.110+0000] {processor.py:179} INFO - Processing /home/airflow/.local/lib/python3.8/site-packages/airflow/example_dags/example_latest_only_with_trigger.py took 0.138 seconds
[2023-09-27T02:34:53.939+0000] {processor.py:157} INFO - Started process (PID=185) to work on /home/airflow/.local/lib/python3.8/site-packages/airflow/example_dags/example_latest_only_with_trigger.py
[2023-09-27T02:34:53.950+0000] {processor.py:829} INFO - Processing file /home/airflow/.local/lib/python3.8/site-packages/airflow/example_dags/example_latest_only_with_trigger.py for tasks to queue
[2023-09-27T02:34:53.957+0000] {logging_mixin.py:151} INFO - [2023-09-27T02:34:53.956+0000] {dagbag.py:539} INFO - Filling up the DagBag from /home/airflow/.local/lib/python3.8/site-packages/airflow/example_dags/example_latest_only_with_trigger.py
[2023-09-27T02:34:53.979+0000] {processor.py:839} INFO - DAG(s) dict_keys(['latest_only_with_trigger']) retrieved from /home/airflow/.local/lib/python3.8/site-packages/airflow/example_dags/example_latest_only_with_trigger.py
[2023-09-27T02:34:54.036+0000] {logging_mixin.py:151} INFO - [2023-09-27T02:34:54.034+0000] {dag.py:2915} INFO - Sync 1 DAGs
[2023-09-27T02:34:54.108+0000] {logging_mixin.py:151} INFO - [2023-09-27T02:34:54.108+0000] {dag.py:3696} INFO - Setting next_dagrun for latest_only_with_trigger to 2023-09-26T22:34:54.107755+00:00, run_after=2023-09-27T02:34:54.107755+00:00
[2023-09-27T02:34:54.162+0000] {processor.py:179} INFO - Processing /home/airflow/.local/lib/python3.8/site-packages/airflow/example_dags/example_latest_only_with_trigger.py took 0.233 seconds
[2023-09-27T02:35:24.687+0000] {processor.py:157} INFO - Started process (PID=238) to work on /home/airflow/.local/lib/python3.8/site-packages/airflow/example_dags/example_latest_only_with_trigger.py
[2023-09-27T02:35:24.693+0000] {processor.py:829} INFO - Processing file /home/airflow/.local/lib/python3.8/site-packages/airflow/example_dags/example_latest_only_with_trigger.py for tasks to queue
[2023-09-27T02:35:24.697+0000] {logging_mixin.py:151} INFO - [2023-09-27T02:35:24.697+0000] {dagbag.py:539} INFO - Filling up the DagBag from /home/airflow/.local/lib/python3.8/site-packages/airflow/example_dags/example_latest_only_with_trigger.py
[2023-09-27T02:35:24.710+0000] {processor.py:839} INFO - DAG(s) dict_keys(['latest_only_with_trigger']) retrieved from /home/airflow/.local/lib/python3.8/site-packages/airflow/example_dags/example_latest_only_with_trigger.py
[2023-09-27T02:35:24.742+0000] {logging_mixin.py:151} INFO - [2023-09-27T02:35:24.742+0000] {dag.py:2915} INFO - Sync 1 DAGs
[2023-09-27T02:35:24.780+0000] {logging_mixin.py:151} INFO - [2023-09-27T02:35:24.780+0000] {dag.py:3696} INFO - Setting next_dagrun for latest_only_with_trigger to 2023-09-26T22:35:24.779661+00:00, run_after=2023-09-27T02:35:24.779661+00:00
[2023-09-27T02:35:24.812+0000] {processor.py:179} INFO - Processing /home/airflow/.local/lib/python3.8/site-packages/airflow/example_dags/example_latest_only_with_trigger.py took 0.134 seconds
[2023-09-27T02:35:55.109+0000] {processor.py:157} INFO - Started process (PID=292) to work on /home/airflow/.local/lib/python3.8/site-packages/airflow/example_dags/example_latest_only_with_trigger.py
[2023-09-27T02:35:55.114+0000] {processor.py:829} INFO - Processing file /home/airflow/.local/lib/python3.8/site-packages/airflow/example_dags/example_latest_only_with_trigger.py for tasks to queue
[2023-09-27T02:35:55.127+0000] {logging_mixin.py:151} INFO - [2023-09-27T02:35:55.126+0000] {dagbag.py:539} INFO - Filling up the DagBag from /home/airflow/.local/lib/python3.8/site-packages/airflow/example_dags/example_latest_only_with_trigger.py
[2023-09-27T02:35:55.159+0000] {processor.py:839} INFO - DAG(s) dict_keys(['latest_only_with_trigger']) retrieved from /home/airflow/.local/lib/python3.8/site-packages/airflow/example_dags/example_latest_only_with_trigger.py
[2023-09-27T02:35:55.564+0000] {logging_mixin.py:151} INFO - [2023-09-27T02:35:55.563+0000] {dag.py:2915} INFO - Sync 1 DAGs
[2023-09-27T02:35:55.817+0000] {logging_mixin.py:151} INFO - [2023-09-27T02:35:55.816+0000] {dag.py:3696} INFO - Setting next_dagrun for latest_only_with_trigger to 2023-09-26T22:35:55.815408+00:00, run_after=2023-09-27T02:35:55.815408+00:00
[2023-09-27T02:35:55.945+0000] {processor.py:179} INFO - Processing /home/airflow/.local/lib/python3.8/site-packages/airflow/example_dags/example_latest_only_with_trigger.py took 0.850 seconds
[2023-09-27T02:36:26.480+0000] {processor.py:157} INFO - Started process (PID=346) to work on /home/airflow/.local/lib/python3.8/site-packages/airflow/example_dags/example_latest_only_with_trigger.py
[2023-09-27T02:36:26.482+0000] {processor.py:829} INFO - Processing file /home/airflow/.local/lib/python3.8/site-packages/airflow/example_dags/example_latest_only_with_trigger.py for tasks to queue
[2023-09-27T02:36:26.488+0000] {logging_mixin.py:151} INFO - [2023-09-27T02:36:26.487+0000] {dagbag.py:539} INFO - Filling up the DagBag from /home/airflow/.local/lib/python3.8/site-packages/airflow/example_dags/example_latest_only_with_trigger.py
[2023-09-27T02:36:26.503+0000] {processor.py:839} INFO - DAG(s) dict_keys(['latest_only_with_trigger']) retrieved from /home/airflow/.local/lib/python3.8/site-packages/airflow/example_dags/example_latest_only_with_trigger.py
[2023-09-27T02:36:26.544+0000] {logging_mixin.py:151} INFO - [2023-09-27T02:36:26.543+0000] {dag.py:2915} INFO - Sync 1 DAGs
[2023-09-27T02:36:26.577+0000] {logging_mixin.py:151} INFO - [2023-09-27T02:36:26.577+0000] {dag.py:3696} INFO - Setting next_dagrun for latest_only_with_trigger to 2023-09-26T22:36:26.577203+00:00, run_after=2023-09-27T02:36:26.577203+00:00
[2023-09-27T02:36:26.609+0000] {processor.py:179} INFO - Processing /home/airflow/.local/lib/python3.8/site-packages/airflow/example_dags/example_latest_only_with_trigger.py took 0.135 seconds
[2023-09-27T02:36:56.799+0000] {processor.py:157} INFO - Started process (PID=410) to work on /home/airflow/.local/lib/python3.8/site-packages/airflow/example_dags/example_latest_only_with_trigger.py
[2023-09-27T02:36:56.803+0000] {processor.py:829} INFO - Processing file /home/airflow/.local/lib/python3.8/site-packages/airflow/example_dags/example_latest_only_with_trigger.py for tasks to queue
[2023-09-27T02:36:56.807+0000] {logging_mixin.py:151} INFO - [2023-09-27T02:36:56.807+0000] {dagbag.py:539} INFO - Filling up the DagBag from /home/airflow/.local/lib/python3.8/site-packages/airflow/example_dags/example_latest_only_with_trigger.py
[2023-09-27T02:36:56.815+0000] {processor.py:839} INFO - DAG(s) dict_keys(['latest_only_with_trigger']) retrieved from /home/airflow/.local/lib/python3.8/site-packages/airflow/example_dags/example_latest_only_with_trigger.py
[2023-09-27T02:36:56.852+0000] {logging_mixin.py:151} INFO - [2023-09-27T02:36:56.852+0000] {dag.py:2915} INFO - Sync 1 DAGs
[2023-09-27T02:36:56.887+0000] {logging_mixin.py:151} INFO - [2023-09-27T02:36:56.887+0000] {dag.py:3696} INFO - Setting next_dagrun for latest_only_with_trigger to 2023-09-26T22:36:56.887288+00:00, run_after=2023-09-27T02:36:56.887288+00:00
[2023-09-27T02:36:56.926+0000] {processor.py:179} INFO - Processing /home/airflow/.local/lib/python3.8/site-packages/airflow/example_dags/example_latest_only_with_trigger.py took 0.131 seconds
[2023-09-27T02:37:27.166+0000] {processor.py:157} INFO - Started process (PID=464) to work on /home/airflow/.local/lib/python3.8/site-packages/airflow/example_dags/example_latest_only_with_trigger.py
[2023-09-27T02:37:27.169+0000] {processor.py:829} INFO - Processing file /home/airflow/.local/lib/python3.8/site-packages/airflow/example_dags/example_latest_only_with_trigger.py for tasks to queue
[2023-09-27T02:37:27.175+0000] {logging_mixin.py:151} INFO - [2023-09-27T02:37:27.174+0000] {dagbag.py:539} INFO - Filling up the DagBag from /home/airflow/.local/lib/python3.8/site-packages/airflow/example_dags/example_latest_only_with_trigger.py
[2023-09-27T02:37:27.185+0000] {processor.py:839} INFO - DAG(s) dict_keys(['latest_only_with_trigger']) retrieved from /home/airflow/.local/lib/python3.8/site-packages/airflow/example_dags/example_latest_only_with_trigger.py
[2023-09-27T02:37:27.216+0000] {logging_mixin.py:151} INFO - [2023-09-27T02:37:27.215+0000] {dag.py:2915} INFO - Sync 1 DAGs
[2023-09-27T02:37:27.263+0000] {logging_mixin.py:151} INFO - [2023-09-27T02:37:27.263+0000] {dag.py:3696} INFO - Setting next_dagrun for latest_only_with_trigger to 2023-09-26T22:37:27.263118+00:00, run_after=2023-09-27T02:37:27.263118+00:00
[2023-09-27T02:37:27.299+0000] {processor.py:179} INFO - Processing /home/airflow/.local/lib/python3.8/site-packages/airflow/example_dags/example_latest_only_with_trigger.py took 0.140 seconds
[2023-09-27T02:37:57.518+0000] {processor.py:157} INFO - Started process (PID=518) to work on /home/airflow/.local/lib/python3.8/site-packages/airflow/example_dags/example_latest_only_with_trigger.py
[2023-09-27T02:37:57.521+0000] {processor.py:829} INFO - Processing file /home/airflow/.local/lib/python3.8/site-packages/airflow/example_dags/example_latest_only_with_trigger.py for tasks to queue
[2023-09-27T02:37:57.526+0000] {logging_mixin.py:151} INFO - [2023-09-27T02:37:57.525+0000] {dagbag.py:539} INFO - Filling up the DagBag from /home/airflow/.local/lib/python3.8/site-packages/airflow/example_dags/example_latest_only_with_trigger.py
[2023-09-27T02:37:57.535+0000] {processor.py:839} INFO - DAG(s) dict_keys(['latest_only_with_trigger']) retrieved from /home/airflow/.local/lib/python3.8/site-packages/airflow/example_dags/example_latest_only_with_trigger.py
[2023-09-27T02:37:57.576+0000] {logging_mixin.py:151} INFO - [2023-09-27T02:37:57.576+0000] {dag.py:2915} INFO - Sync 1 DAGs
[2023-09-27T02:37:57.608+0000] {logging_mixin.py:151} INFO - [2023-09-27T02:37:57.608+0000] {dag.py:3696} INFO - Setting next_dagrun for latest_only_with_trigger to 2023-09-26T22:37:57.607895+00:00, run_after=2023-09-27T02:37:57.607895+00:00
[2023-09-27T02:37:57.641+0000] {processor.py:179} INFO - Processing /home/airflow/.local/lib/python3.8/site-packages/airflow/example_dags/example_latest_only_with_trigger.py took 0.127 seconds
[2023-09-27T02:38:28.197+0000] {processor.py:157} INFO - Started process (PID=572) to work on /home/airflow/.local/lib/python3.8/site-packages/airflow/example_dags/example_latest_only_with_trigger.py
[2023-09-27T02:38:28.199+0000] {processor.py:829} INFO - Processing file /home/airflow/.local/lib/python3.8/site-packages/airflow/example_dags/example_latest_only_with_trigger.py for tasks to queue
[2023-09-27T02:38:28.204+0000] {logging_mixin.py:151} INFO - [2023-09-27T02:38:28.204+0000] {dagbag.py:539} INFO - Filling up the DagBag from /home/airflow/.local/lib/python3.8/site-packages/airflow/example_dags/example_latest_only_with_trigger.py
[2023-09-27T02:38:28.226+0000] {processor.py:839} INFO - DAG(s) dict_keys(['latest_only_with_trigger']) retrieved from /home/airflow/.local/lib/python3.8/site-packages/airflow/example_dags/example_latest_only_with_trigger.py
[2023-09-27T02:38:28.287+0000] {logging_mixin.py:151} INFO - [2023-09-27T02:38:28.287+0000] {dag.py:2915} INFO - Sync 1 DAGs
[2023-09-27T02:38:28.359+0000] {logging_mixin.py:151} INFO - [2023-09-27T02:38:28.355+0000] {dag.py:3696} INFO - Setting next_dagrun for latest_only_with_trigger to 2023-09-26T22:38:28.354721+00:00, run_after=2023-09-27T02:38:28.354721+00:00
[2023-09-27T02:38:28.428+0000] {processor.py:179} INFO - Processing /home/airflow/.local/lib/python3.8/site-packages/airflow/example_dags/example_latest_only_with_trigger.py took 0.243 seconds
