[2023-09-27T02:33:43.236+0000] {processor.py:157} INFO - Started process (PID=61) to work on /home/airflow/.local/lib/python3.8/site-packages/airflow/example_dags/example_branch_labels.py
[2023-09-27T02:33:43.239+0000] {processor.py:829} INFO - Processing file /home/airflow/.local/lib/python3.8/site-packages/airflow/example_dags/example_branch_labels.py for tasks to queue
[2023-09-27T02:33:43.260+0000] {logging_mixin.py:151} INFO - [2023-09-27T02:33:43.259+0000] {dagbag.py:539} INFO - Filling up the DagBag from /home/airflow/.local/lib/python3.8/site-packages/airflow/example_dags/example_branch_labels.py
[2023-09-27T02:33:43.313+0000] {processor.py:839} INFO - DAG(s) dict_keys(['example_branch_labels']) retrieved from /home/airflow/.local/lib/python3.8/site-packages/airflow/example_dags/example_branch_labels.py
[2023-09-27T02:33:44.210+0000] {logging_mixin.py:151} INFO - [2023-09-27T02:33:44.209+0000] {manager.py:499} INFO - Created Permission View: %s
[2023-09-27T02:33:44.266+0000] {logging_mixin.py:151} INFO - [2023-09-27T02:33:44.265+0000] {manager.py:499} INFO - Created Permission View: %s
[2023-09-27T02:33:44.311+0000] {logging_mixin.py:151} INFO - [2023-09-27T02:33:44.311+0000] {manager.py:499} INFO - Created Permission View: %s
[2023-09-27T02:33:44.313+0000] {logging_mixin.py:151} INFO - [2023-09-27T02:33:44.313+0000] {security.py:708} INFO - Not syncing DAG-level permissions for DAG 'DAG:example_branch_labels' as access control is unset.
[2023-09-27T02:33:44.315+0000] {logging_mixin.py:151} INFO - [2023-09-27T02:33:44.314+0000] {dag.py:2915} INFO - Sync 1 DAGs
[2023-09-27T02:33:44.363+0000] {logging_mixin.py:151} INFO - [2023-09-27T02:33:44.362+0000] {dag.py:2937} INFO - Creating ORM DAG for example_branch_labels
[2023-09-27T02:33:44.419+0000] {logging_mixin.py:151} INFO - [2023-09-27T02:33:44.418+0000] {dag.py:3696} INFO - Setting next_dagrun for example_branch_labels to 2023-09-26T00:00:00+00:00, run_after=2023-09-27T00:00:00+00:00
[2023-09-27T02:33:44.508+0000] {processor.py:179} INFO - Processing /home/airflow/.local/lib/python3.8/site-packages/airflow/example_dags/example_branch_labels.py took 1.280 seconds
[2023-09-27T02:34:15.228+0000] {processor.py:157} INFO - Started process (PID=121) to work on /home/airflow/.local/lib/python3.8/site-packages/airflow/example_dags/example_branch_labels.py
[2023-09-27T02:34:15.236+0000] {processor.py:829} INFO - Processing file /home/airflow/.local/lib/python3.8/site-packages/airflow/example_dags/example_branch_labels.py for tasks to queue
[2023-09-27T02:34:15.243+0000] {logging_mixin.py:151} INFO - [2023-09-27T02:34:15.242+0000] {dagbag.py:539} INFO - Filling up the DagBag from /home/airflow/.local/lib/python3.8/site-packages/airflow/example_dags/example_branch_labels.py
[2023-09-27T02:34:15.263+0000] {processor.py:839} INFO - DAG(s) dict_keys(['example_branch_labels']) retrieved from /home/airflow/.local/lib/python3.8/site-packages/airflow/example_dags/example_branch_labels.py
[2023-09-27T02:34:15.312+0000] {logging_mixin.py:151} INFO - [2023-09-27T02:34:15.312+0000] {dag.py:2915} INFO - Sync 1 DAGs
[2023-09-27T02:34:15.388+0000] {logging_mixin.py:151} INFO - [2023-09-27T02:34:15.387+0000] {dag.py:3696} INFO - Setting next_dagrun for example_branch_labels to 2023-09-26T00:00:00+00:00, run_after=2023-09-27T00:00:00+00:00
[2023-09-27T02:34:15.448+0000] {processor.py:179} INFO - Processing /home/airflow/.local/lib/python3.8/site-packages/airflow/example_dags/example_branch_labels.py took 0.229 seconds
[2023-09-27T02:34:46.082+0000] {processor.py:157} INFO - Started process (PID=175) to work on /home/airflow/.local/lib/python3.8/site-packages/airflow/example_dags/example_branch_labels.py
[2023-09-27T02:34:46.091+0000] {processor.py:829} INFO - Processing file /home/airflow/.local/lib/python3.8/site-packages/airflow/example_dags/example_branch_labels.py for tasks to queue
[2023-09-27T02:34:46.114+0000] {logging_mixin.py:151} INFO - [2023-09-27T02:34:46.103+0000] {dagbag.py:539} INFO - Filling up the DagBag from /home/airflow/.local/lib/python3.8/site-packages/airflow/example_dags/example_branch_labels.py
[2023-09-27T02:34:46.177+0000] {processor.py:839} INFO - DAG(s) dict_keys(['example_branch_labels']) retrieved from /home/airflow/.local/lib/python3.8/site-packages/airflow/example_dags/example_branch_labels.py
[2023-09-27T02:34:46.350+0000] {logging_mixin.py:151} INFO - [2023-09-27T02:34:46.350+0000] {dag.py:2915} INFO - Sync 1 DAGs
[2023-09-27T02:34:46.573+0000] {logging_mixin.py:151} INFO - [2023-09-27T02:34:46.570+0000] {dag.py:3696} INFO - Setting next_dagrun for example_branch_labels to 2023-09-26T00:00:00+00:00, run_after=2023-09-27T00:00:00+00:00
[2023-09-27T02:34:46.689+0000] {processor.py:179} INFO - Processing /home/airflow/.local/lib/python3.8/site-packages/airflow/example_dags/example_branch_labels.py took 0.638 seconds
[2023-09-27T02:35:16.943+0000] {processor.py:157} INFO - Started process (PID=229) to work on /home/airflow/.local/lib/python3.8/site-packages/airflow/example_dags/example_branch_labels.py
[2023-09-27T02:35:16.945+0000] {processor.py:829} INFO - Processing file /home/airflow/.local/lib/python3.8/site-packages/airflow/example_dags/example_branch_labels.py for tasks to queue
[2023-09-27T02:35:16.949+0000] {logging_mixin.py:151} INFO - [2023-09-27T02:35:16.948+0000] {dagbag.py:539} INFO - Filling up the DagBag from /home/airflow/.local/lib/python3.8/site-packages/airflow/example_dags/example_branch_labels.py
[2023-09-27T02:35:16.959+0000] {processor.py:839} INFO - DAG(s) dict_keys(['example_branch_labels']) retrieved from /home/airflow/.local/lib/python3.8/site-packages/airflow/example_dags/example_branch_labels.py
[2023-09-27T02:35:16.989+0000] {logging_mixin.py:151} INFO - [2023-09-27T02:35:16.989+0000] {dag.py:2915} INFO - Sync 1 DAGs
[2023-09-27T02:35:17.038+0000] {logging_mixin.py:151} INFO - [2023-09-27T02:35:17.038+0000] {dag.py:3696} INFO - Setting next_dagrun for example_branch_labels to 2023-09-26T00:00:00+00:00, run_after=2023-09-27T00:00:00+00:00
[2023-09-27T02:35:17.077+0000] {processor.py:179} INFO - Processing /home/airflow/.local/lib/python3.8/site-packages/airflow/example_dags/example_branch_labels.py took 0.139 seconds
[2023-09-27T02:35:47.160+0000] {processor.py:157} INFO - Started process (PID=283) to work on /home/airflow/.local/lib/python3.8/site-packages/airflow/example_dags/example_branch_labels.py
[2023-09-27T02:35:47.162+0000] {processor.py:829} INFO - Processing file /home/airflow/.local/lib/python3.8/site-packages/airflow/example_dags/example_branch_labels.py for tasks to queue
[2023-09-27T02:35:47.167+0000] {logging_mixin.py:151} INFO - [2023-09-27T02:35:47.166+0000] {dagbag.py:539} INFO - Filling up the DagBag from /home/airflow/.local/lib/python3.8/site-packages/airflow/example_dags/example_branch_labels.py
[2023-09-27T02:35:47.186+0000] {processor.py:839} INFO - DAG(s) dict_keys(['example_branch_labels']) retrieved from /home/airflow/.local/lib/python3.8/site-packages/airflow/example_dags/example_branch_labels.py
[2023-09-27T02:35:47.235+0000] {logging_mixin.py:151} INFO - [2023-09-27T02:35:47.235+0000] {dag.py:2915} INFO - Sync 1 DAGs
[2023-09-27T02:35:47.325+0000] {logging_mixin.py:151} INFO - [2023-09-27T02:35:47.324+0000] {dag.py:3696} INFO - Setting next_dagrun for example_branch_labels to 2023-09-26T00:00:00+00:00, run_after=2023-09-27T00:00:00+00:00
[2023-09-27T02:35:47.382+0000] {processor.py:179} INFO - Processing /home/airflow/.local/lib/python3.8/site-packages/airflow/example_dags/example_branch_labels.py took 0.227 seconds
[2023-09-27T02:36:17.669+0000] {processor.py:157} INFO - Started process (PID=337) to work on /home/airflow/.local/lib/python3.8/site-packages/airflow/example_dags/example_branch_labels.py
[2023-09-27T02:36:17.671+0000] {processor.py:829} INFO - Processing file /home/airflow/.local/lib/python3.8/site-packages/airflow/example_dags/example_branch_labels.py for tasks to queue
[2023-09-27T02:36:17.675+0000] {logging_mixin.py:151} INFO - [2023-09-27T02:36:17.674+0000] {dagbag.py:539} INFO - Filling up the DagBag from /home/airflow/.local/lib/python3.8/site-packages/airflow/example_dags/example_branch_labels.py
[2023-09-27T02:36:17.688+0000] {processor.py:839} INFO - DAG(s) dict_keys(['example_branch_labels']) retrieved from /home/airflow/.local/lib/python3.8/site-packages/airflow/example_dags/example_branch_labels.py
[2023-09-27T02:36:17.725+0000] {logging_mixin.py:151} INFO - [2023-09-27T02:36:17.725+0000] {dag.py:2915} INFO - Sync 1 DAGs
[2023-09-27T02:36:17.768+0000] {logging_mixin.py:151} INFO - [2023-09-27T02:36:17.768+0000] {dag.py:3696} INFO - Setting next_dagrun for example_branch_labels to 2023-09-26T00:00:00+00:00, run_after=2023-09-27T00:00:00+00:00
[2023-09-27T02:36:17.796+0000] {processor.py:179} INFO - Processing /home/airflow/.local/lib/python3.8/site-packages/airflow/example_dags/example_branch_labels.py took 0.134 seconds
[2023-09-27T02:36:49.964+0000] {processor.py:157} INFO - Started process (PID=401) to work on /home/airflow/.local/lib/python3.8/site-packages/airflow/example_dags/example_branch_labels.py
[2023-09-27T02:36:49.967+0000] {processor.py:829} INFO - Processing file /home/airflow/.local/lib/python3.8/site-packages/airflow/example_dags/example_branch_labels.py for tasks to queue
[2023-09-27T02:36:49.981+0000] {logging_mixin.py:151} INFO - [2023-09-27T02:36:49.980+0000] {dagbag.py:539} INFO - Filling up the DagBag from /home/airflow/.local/lib/python3.8/site-packages/airflow/example_dags/example_branch_labels.py
[2023-09-27T02:36:50.009+0000] {processor.py:839} INFO - DAG(s) dict_keys(['example_branch_labels']) retrieved from /home/airflow/.local/lib/python3.8/site-packages/airflow/example_dags/example_branch_labels.py
[2023-09-27T02:36:50.078+0000] {logging_mixin.py:151} INFO - [2023-09-27T02:36:50.077+0000] {dag.py:2915} INFO - Sync 1 DAGs
[2023-09-27T02:36:50.149+0000] {logging_mixin.py:151} INFO - [2023-09-27T02:36:50.149+0000] {dag.py:3696} INFO - Setting next_dagrun for example_branch_labels to 2023-09-26T00:00:00+00:00, run_after=2023-09-27T00:00:00+00:00
[2023-09-27T02:36:50.210+0000] {processor.py:179} INFO - Processing /home/airflow/.local/lib/python3.8/site-packages/airflow/example_dags/example_branch_labels.py took 0.257 seconds
[2023-09-27T02:37:20.395+0000] {processor.py:157} INFO - Started process (PID=454) to work on /home/airflow/.local/lib/python3.8/site-packages/airflow/example_dags/example_branch_labels.py
[2023-09-27T02:37:20.396+0000] {processor.py:829} INFO - Processing file /home/airflow/.local/lib/python3.8/site-packages/airflow/example_dags/example_branch_labels.py for tasks to queue
[2023-09-27T02:37:20.400+0000] {logging_mixin.py:151} INFO - [2023-09-27T02:37:20.400+0000] {dagbag.py:539} INFO - Filling up the DagBag from /home/airflow/.local/lib/python3.8/site-packages/airflow/example_dags/example_branch_labels.py
[2023-09-27T02:37:20.413+0000] {processor.py:839} INFO - DAG(s) dict_keys(['example_branch_labels']) retrieved from /home/airflow/.local/lib/python3.8/site-packages/airflow/example_dags/example_branch_labels.py
[2023-09-27T02:37:20.447+0000] {logging_mixin.py:151} INFO - [2023-09-27T02:37:20.446+0000] {dag.py:2915} INFO - Sync 1 DAGs
[2023-09-27T02:37:20.490+0000] {logging_mixin.py:151} INFO - [2023-09-27T02:37:20.489+0000] {dag.py:3696} INFO - Setting next_dagrun for example_branch_labels to 2023-09-26T00:00:00+00:00, run_after=2023-09-27T00:00:00+00:00
[2023-09-27T02:37:20.520+0000] {processor.py:179} INFO - Processing /home/airflow/.local/lib/python3.8/site-packages/airflow/example_dags/example_branch_labels.py took 0.130 seconds
[2023-09-27T02:37:50.867+0000] {processor.py:157} INFO - Started process (PID=508) to work on /home/airflow/.local/lib/python3.8/site-packages/airflow/example_dags/example_branch_labels.py
[2023-09-27T02:37:50.870+0000] {processor.py:829} INFO - Processing file /home/airflow/.local/lib/python3.8/site-packages/airflow/example_dags/example_branch_labels.py for tasks to queue
[2023-09-27T02:37:50.873+0000] {logging_mixin.py:151} INFO - [2023-09-27T02:37:50.873+0000] {dagbag.py:539} INFO - Filling up the DagBag from /home/airflow/.local/lib/python3.8/site-packages/airflow/example_dags/example_branch_labels.py
[2023-09-27T02:37:50.883+0000] {processor.py:839} INFO - DAG(s) dict_keys(['example_branch_labels']) retrieved from /home/airflow/.local/lib/python3.8/site-packages/airflow/example_dags/example_branch_labels.py
[2023-09-27T02:37:50.909+0000] {logging_mixin.py:151} INFO - [2023-09-27T02:37:50.909+0000] {dag.py:2915} INFO - Sync 1 DAGs
[2023-09-27T02:37:50.940+0000] {logging_mixin.py:151} INFO - [2023-09-27T02:37:50.939+0000] {dag.py:3696} INFO - Setting next_dagrun for example_branch_labels to 2023-09-26T00:00:00+00:00, run_after=2023-09-27T00:00:00+00:00
[2023-09-27T02:37:50.963+0000] {processor.py:179} INFO - Processing /home/airflow/.local/lib/python3.8/site-packages/airflow/example_dags/example_branch_labels.py took 0.100 seconds
[2023-09-27T02:38:21.850+0000] {processor.py:157} INFO - Started process (PID=562) to work on /home/airflow/.local/lib/python3.8/site-packages/airflow/example_dags/example_branch_labels.py
[2023-09-27T02:38:21.852+0000] {processor.py:829} INFO - Processing file /home/airflow/.local/lib/python3.8/site-packages/airflow/example_dags/example_branch_labels.py for tasks to queue
[2023-09-27T02:38:21.860+0000] {logging_mixin.py:151} INFO - [2023-09-27T02:38:21.859+0000] {dagbag.py:539} INFO - Filling up the DagBag from /home/airflow/.local/lib/python3.8/site-packages/airflow/example_dags/example_branch_labels.py
[2023-09-27T02:38:21.876+0000] {processor.py:839} INFO - DAG(s) dict_keys(['example_branch_labels']) retrieved from /home/airflow/.local/lib/python3.8/site-packages/airflow/example_dags/example_branch_labels.py
[2023-09-27T02:38:21.913+0000] {logging_mixin.py:151} INFO - [2023-09-27T02:38:21.913+0000] {dag.py:2915} INFO - Sync 1 DAGs
[2023-09-27T02:38:21.959+0000] {logging_mixin.py:151} INFO - [2023-09-27T02:38:21.959+0000] {dag.py:3696} INFO - Setting next_dagrun for example_branch_labels to 2023-09-26T00:00:00+00:00, run_after=2023-09-27T00:00:00+00:00
[2023-09-27T02:38:22.018+0000] {processor.py:179} INFO - Processing /home/airflow/.local/lib/python3.8/site-packages/airflow/example_dags/example_branch_labels.py took 0.173 seconds
