[2023-09-27T02:33:50.364+0000] {processor.py:157} INFO - Started process (PID=76) to work on /home/airflow/.local/lib/python3.8/site-packages/airflow/example_dags/example_branch_day_of_week_operator.py
[2023-09-27T02:33:50.381+0000] {processor.py:829} INFO - Processing file /home/airflow/.local/lib/python3.8/site-packages/airflow/example_dags/example_branch_day_of_week_operator.py for tasks to queue
[2023-09-27T02:33:50.406+0000] {logging_mixin.py:151} INFO - [2023-09-27T02:33:50.403+0000] {dagbag.py:539} INFO - Filling up the DagBag from /home/airflow/.local/lib/python3.8/site-packages/airflow/example_dags/example_branch_day_of_week_operator.py
[2023-09-27T02:33:50.499+0000] {processor.py:839} INFO - DAG(s) dict_keys(['example_weekday_branch_operator']) retrieved from /home/airflow/.local/lib/python3.8/site-packages/airflow/example_dags/example_branch_day_of_week_operator.py
[2023-09-27T02:33:51.207+0000] {logging_mixin.py:151} INFO - [2023-09-27T02:33:51.206+0000] {manager.py:499} INFO - Created Permission View: %s
[2023-09-27T02:33:51.260+0000] {logging_mixin.py:151} INFO - [2023-09-27T02:33:51.259+0000] {manager.py:499} INFO - Created Permission View: %s
[2023-09-27T02:33:51.296+0000] {logging_mixin.py:151} INFO - [2023-09-27T02:33:51.295+0000] {manager.py:499} INFO - Created Permission View: %s
[2023-09-27T02:33:51.298+0000] {logging_mixin.py:151} INFO - [2023-09-27T02:33:51.297+0000] {security.py:708} INFO - Not syncing DAG-level permissions for DAG 'DAG:example_weekday_branch_operator' as access control is unset.
[2023-09-27T02:33:51.300+0000] {logging_mixin.py:151} INFO - [2023-09-27T02:33:51.299+0000] {dag.py:2915} INFO - Sync 1 DAGs
[2023-09-27T02:33:51.366+0000] {logging_mixin.py:151} INFO - [2023-09-27T02:33:51.366+0000] {dag.py:2937} INFO - Creating ORM DAG for example_weekday_branch_operator
[2023-09-27T02:33:51.445+0000] {logging_mixin.py:151} INFO - [2023-09-27T02:33:51.445+0000] {dag.py:3696} INFO - Setting next_dagrun for example_weekday_branch_operator to 2023-09-26T00:00:00+00:00, run_after=2023-09-27T00:00:00+00:00
[2023-09-27T02:33:51.517+0000] {processor.py:179} INFO - Processing /home/airflow/.local/lib/python3.8/site-packages/airflow/example_dags/example_branch_day_of_week_operator.py took 1.167 seconds
[2023-09-27T02:34:21.942+0000] {processor.py:157} INFO - Started process (PID=129) to work on /home/airflow/.local/lib/python3.8/site-packages/airflow/example_dags/example_branch_day_of_week_operator.py
[2023-09-27T02:34:21.945+0000] {processor.py:829} INFO - Processing file /home/airflow/.local/lib/python3.8/site-packages/airflow/example_dags/example_branch_day_of_week_operator.py for tasks to queue
[2023-09-27T02:34:21.949+0000] {logging_mixin.py:151} INFO - [2023-09-27T02:34:21.949+0000] {dagbag.py:539} INFO - Filling up the DagBag from /home/airflow/.local/lib/python3.8/site-packages/airflow/example_dags/example_branch_day_of_week_operator.py
[2023-09-27T02:34:21.964+0000] {processor.py:839} INFO - DAG(s) dict_keys(['example_weekday_branch_operator']) retrieved from /home/airflow/.local/lib/python3.8/site-packages/airflow/example_dags/example_branch_day_of_week_operator.py
[2023-09-27T02:34:21.999+0000] {logging_mixin.py:151} INFO - [2023-09-27T02:34:21.999+0000] {dag.py:2915} INFO - Sync 1 DAGs
[2023-09-27T02:34:22.045+0000] {logging_mixin.py:151} INFO - [2023-09-27T02:34:22.045+0000] {dag.py:3696} INFO - Setting next_dagrun for example_weekday_branch_operator to 2023-09-26T00:00:00+00:00, run_after=2023-09-27T00:00:00+00:00
[2023-09-27T02:34:22.083+0000] {processor.py:179} INFO - Processing /home/airflow/.local/lib/python3.8/site-packages/airflow/example_dags/example_branch_day_of_week_operator.py took 0.145 seconds
[2023-09-27T02:34:52.881+0000] {processor.py:157} INFO - Started process (PID=183) to work on /home/airflow/.local/lib/python3.8/site-packages/airflow/example_dags/example_branch_day_of_week_operator.py
[2023-09-27T02:34:52.888+0000] {processor.py:829} INFO - Processing file /home/airflow/.local/lib/python3.8/site-packages/airflow/example_dags/example_branch_day_of_week_operator.py for tasks to queue
[2023-09-27T02:34:52.893+0000] {logging_mixin.py:151} INFO - [2023-09-27T02:34:52.892+0000] {dagbag.py:539} INFO - Filling up the DagBag from /home/airflow/.local/lib/python3.8/site-packages/airflow/example_dags/example_branch_day_of_week_operator.py
[2023-09-27T02:34:52.909+0000] {processor.py:839} INFO - DAG(s) dict_keys(['example_weekday_branch_operator']) retrieved from /home/airflow/.local/lib/python3.8/site-packages/airflow/example_dags/example_branch_day_of_week_operator.py
[2023-09-27T02:34:52.951+0000] {logging_mixin.py:151} INFO - [2023-09-27T02:34:52.951+0000] {dag.py:2915} INFO - Sync 1 DAGs
[2023-09-27T02:34:53.002+0000] {logging_mixin.py:151} INFO - [2023-09-27T02:34:53.001+0000] {dag.py:3696} INFO - Setting next_dagrun for example_weekday_branch_operator to 2023-09-26T00:00:00+00:00, run_after=2023-09-27T00:00:00+00:00
[2023-09-27T02:34:53.044+0000] {processor.py:179} INFO - Processing /home/airflow/.local/lib/python3.8/site-packages/airflow/example_dags/example_branch_day_of_week_operator.py took 0.169 seconds
[2023-09-27T02:35:23.673+0000] {processor.py:157} INFO - Started process (PID=237) to work on /home/airflow/.local/lib/python3.8/site-packages/airflow/example_dags/example_branch_day_of_week_operator.py
[2023-09-27T02:35:23.677+0000] {processor.py:829} INFO - Processing file /home/airflow/.local/lib/python3.8/site-packages/airflow/example_dags/example_branch_day_of_week_operator.py for tasks to queue
[2023-09-27T02:35:23.681+0000] {logging_mixin.py:151} INFO - [2023-09-27T02:35:23.681+0000] {dagbag.py:539} INFO - Filling up the DagBag from /home/airflow/.local/lib/python3.8/site-packages/airflow/example_dags/example_branch_day_of_week_operator.py
[2023-09-27T02:35:23.695+0000] {processor.py:839} INFO - DAG(s) dict_keys(['example_weekday_branch_operator']) retrieved from /home/airflow/.local/lib/python3.8/site-packages/airflow/example_dags/example_branch_day_of_week_operator.py
[2023-09-27T02:35:23.731+0000] {logging_mixin.py:151} INFO - [2023-09-27T02:35:23.731+0000] {dag.py:2915} INFO - Sync 1 DAGs
[2023-09-27T02:35:23.770+0000] {logging_mixin.py:151} INFO - [2023-09-27T02:35:23.769+0000] {dag.py:3696} INFO - Setting next_dagrun for example_weekday_branch_operator to 2023-09-26T00:00:00+00:00, run_after=2023-09-27T00:00:00+00:00
[2023-09-27T02:35:23.816+0000] {processor.py:179} INFO - Processing /home/airflow/.local/lib/python3.8/site-packages/airflow/example_dags/example_branch_day_of_week_operator.py took 0.149 seconds
[2023-09-27T02:35:54.099+0000] {processor.py:157} INFO - Started process (PID=291) to work on /home/airflow/.local/lib/python3.8/site-packages/airflow/example_dags/example_branch_day_of_week_operator.py
[2023-09-27T02:35:54.108+0000] {processor.py:829} INFO - Processing file /home/airflow/.local/lib/python3.8/site-packages/airflow/example_dags/example_branch_day_of_week_operator.py for tasks to queue
[2023-09-27T02:35:54.116+0000] {logging_mixin.py:151} INFO - [2023-09-27T02:35:54.115+0000] {dagbag.py:539} INFO - Filling up the DagBag from /home/airflow/.local/lib/python3.8/site-packages/airflow/example_dags/example_branch_day_of_week_operator.py
[2023-09-27T02:35:54.180+0000] {processor.py:839} INFO - DAG(s) dict_keys(['example_weekday_branch_operator']) retrieved from /home/airflow/.local/lib/python3.8/site-packages/airflow/example_dags/example_branch_day_of_week_operator.py
[2023-09-27T02:35:54.283+0000] {logging_mixin.py:151} INFO - [2023-09-27T02:35:54.283+0000] {dag.py:2915} INFO - Sync 1 DAGs
[2023-09-27T02:35:54.383+0000] {logging_mixin.py:151} INFO - [2023-09-27T02:35:54.383+0000] {dag.py:3696} INFO - Setting next_dagrun for example_weekday_branch_operator to 2023-09-26T00:00:00+00:00, run_after=2023-09-27T00:00:00+00:00
[2023-09-27T02:35:54.512+0000] {processor.py:179} INFO - Processing /home/airflow/.local/lib/python3.8/site-packages/airflow/example_dags/example_branch_day_of_week_operator.py took 0.419 seconds
[2023-09-27T02:36:25.462+0000] {processor.py:157} INFO - Started process (PID=345) to work on /home/airflow/.local/lib/python3.8/site-packages/airflow/example_dags/example_branch_day_of_week_operator.py
[2023-09-27T02:36:25.464+0000] {processor.py:829} INFO - Processing file /home/airflow/.local/lib/python3.8/site-packages/airflow/example_dags/example_branch_day_of_week_operator.py for tasks to queue
[2023-09-27T02:36:25.467+0000] {logging_mixin.py:151} INFO - [2023-09-27T02:36:25.467+0000] {dagbag.py:539} INFO - Filling up the DagBag from /home/airflow/.local/lib/python3.8/site-packages/airflow/example_dags/example_branch_day_of_week_operator.py
[2023-09-27T02:36:25.477+0000] {processor.py:839} INFO - DAG(s) dict_keys(['example_weekday_branch_operator']) retrieved from /home/airflow/.local/lib/python3.8/site-packages/airflow/example_dags/example_branch_day_of_week_operator.py
[2023-09-27T02:36:25.502+0000] {logging_mixin.py:151} INFO - [2023-09-27T02:36:25.502+0000] {dag.py:2915} INFO - Sync 1 DAGs
[2023-09-27T02:36:25.530+0000] {logging_mixin.py:151} INFO - [2023-09-27T02:36:25.529+0000] {dag.py:3696} INFO - Setting next_dagrun for example_weekday_branch_operator to 2023-09-26T00:00:00+00:00, run_after=2023-09-27T00:00:00+00:00
[2023-09-27T02:36:25.553+0000] {processor.py:179} INFO - Processing /home/airflow/.local/lib/python3.8/site-packages/airflow/example_dags/example_branch_day_of_week_operator.py took 0.094 seconds
[2023-09-27T02:36:56.553+0000] {processor.py:157} INFO - Started process (PID=409) to work on /home/airflow/.local/lib/python3.8/site-packages/airflow/example_dags/example_branch_day_of_week_operator.py
[2023-09-27T02:36:56.555+0000] {processor.py:829} INFO - Processing file /home/airflow/.local/lib/python3.8/site-packages/airflow/example_dags/example_branch_day_of_week_operator.py for tasks to queue
[2023-09-27T02:36:56.560+0000] {logging_mixin.py:151} INFO - [2023-09-27T02:36:56.560+0000] {dagbag.py:539} INFO - Filling up the DagBag from /home/airflow/.local/lib/python3.8/site-packages/airflow/example_dags/example_branch_day_of_week_operator.py
[2023-09-27T02:36:56.580+0000] {processor.py:839} INFO - DAG(s) dict_keys(['example_weekday_branch_operator']) retrieved from /home/airflow/.local/lib/python3.8/site-packages/airflow/example_dags/example_branch_day_of_week_operator.py
[2023-09-27T02:36:56.627+0000] {logging_mixin.py:151} INFO - [2023-09-27T02:36:56.627+0000] {dag.py:2915} INFO - Sync 1 DAGs
[2023-09-27T02:36:56.702+0000] {logging_mixin.py:151} INFO - [2023-09-27T02:36:56.701+0000] {dag.py:3696} INFO - Setting next_dagrun for example_weekday_branch_operator to 2023-09-26T00:00:00+00:00, run_after=2023-09-27T00:00:00+00:00
[2023-09-27T02:36:56.744+0000] {processor.py:179} INFO - Processing /home/airflow/.local/lib/python3.8/site-packages/airflow/example_dags/example_branch_day_of_week_operator.py took 0.198 seconds
[2023-09-27T02:37:27.166+0000] {processor.py:157} INFO - Started process (PID=463) to work on /home/airflow/.local/lib/python3.8/site-packages/airflow/example_dags/example_branch_day_of_week_operator.py
[2023-09-27T02:37:27.169+0000] {processor.py:829} INFO - Processing file /home/airflow/.local/lib/python3.8/site-packages/airflow/example_dags/example_branch_day_of_week_operator.py for tasks to queue
[2023-09-27T02:37:27.175+0000] {logging_mixin.py:151} INFO - [2023-09-27T02:37:27.174+0000] {dagbag.py:539} INFO - Filling up the DagBag from /home/airflow/.local/lib/python3.8/site-packages/airflow/example_dags/example_branch_day_of_week_operator.py
[2023-09-27T02:37:27.188+0000] {processor.py:839} INFO - DAG(s) dict_keys(['example_weekday_branch_operator']) retrieved from /home/airflow/.local/lib/python3.8/site-packages/airflow/example_dags/example_branch_day_of_week_operator.py
[2023-09-27T02:37:27.216+0000] {logging_mixin.py:151} INFO - [2023-09-27T02:37:27.215+0000] {dag.py:2915} INFO - Sync 1 DAGs
[2023-09-27T02:37:27.265+0000] {logging_mixin.py:151} INFO - [2023-09-27T02:37:27.265+0000] {dag.py:3696} INFO - Setting next_dagrun for example_weekday_branch_operator to 2023-09-26T00:00:00+00:00, run_after=2023-09-27T00:00:00+00:00
[2023-09-27T02:37:27.299+0000] {processor.py:179} INFO - Processing /home/airflow/.local/lib/python3.8/site-packages/airflow/example_dags/example_branch_day_of_week_operator.py took 0.140 seconds
[2023-09-27T02:37:57.518+0000] {processor.py:157} INFO - Started process (PID=517) to work on /home/airflow/.local/lib/python3.8/site-packages/airflow/example_dags/example_branch_day_of_week_operator.py
[2023-09-27T02:37:57.521+0000] {processor.py:829} INFO - Processing file /home/airflow/.local/lib/python3.8/site-packages/airflow/example_dags/example_branch_day_of_week_operator.py for tasks to queue
[2023-09-27T02:37:57.526+0000] {logging_mixin.py:151} INFO - [2023-09-27T02:37:57.525+0000] {dagbag.py:539} INFO - Filling up the DagBag from /home/airflow/.local/lib/python3.8/site-packages/airflow/example_dags/example_branch_day_of_week_operator.py
[2023-09-27T02:37:57.539+0000] {processor.py:839} INFO - DAG(s) dict_keys(['example_weekday_branch_operator']) retrieved from /home/airflow/.local/lib/python3.8/site-packages/airflow/example_dags/example_branch_day_of_week_operator.py
[2023-09-27T02:37:57.576+0000] {logging_mixin.py:151} INFO - [2023-09-27T02:37:57.576+0000] {dag.py:2915} INFO - Sync 1 DAGs
[2023-09-27T02:37:57.610+0000] {logging_mixin.py:151} INFO - [2023-09-27T02:37:57.610+0000] {dag.py:3696} INFO - Setting next_dagrun for example_weekday_branch_operator to 2023-09-26T00:00:00+00:00, run_after=2023-09-27T00:00:00+00:00
[2023-09-27T02:37:57.642+0000] {processor.py:179} INFO - Processing /home/airflow/.local/lib/python3.8/site-packages/airflow/example_dags/example_branch_day_of_week_operator.py took 0.129 seconds
[2023-09-27T02:38:28.191+0000] {processor.py:157} INFO - Started process (PID=571) to work on /home/airflow/.local/lib/python3.8/site-packages/airflow/example_dags/example_branch_day_of_week_operator.py
[2023-09-27T02:38:28.198+0000] {processor.py:829} INFO - Processing file /home/airflow/.local/lib/python3.8/site-packages/airflow/example_dags/example_branch_day_of_week_operator.py for tasks to queue
[2023-09-27T02:38:28.204+0000] {logging_mixin.py:151} INFO - [2023-09-27T02:38:28.203+0000] {dagbag.py:539} INFO - Filling up the DagBag from /home/airflow/.local/lib/python3.8/site-packages/airflow/example_dags/example_branch_day_of_week_operator.py
[2023-09-27T02:38:28.232+0000] {processor.py:839} INFO - DAG(s) dict_keys(['example_weekday_branch_operator']) retrieved from /home/airflow/.local/lib/python3.8/site-packages/airflow/example_dags/example_branch_day_of_week_operator.py
[2023-09-27T02:38:28.292+0000] {logging_mixin.py:151} INFO - [2023-09-27T02:38:28.291+0000] {dag.py:2915} INFO - Sync 1 DAGs
[2023-09-27T02:38:28.355+0000] {logging_mixin.py:151} INFO - [2023-09-27T02:38:28.354+0000] {dag.py:3696} INFO - Setting next_dagrun for example_weekday_branch_operator to 2023-09-26T00:00:00+00:00, run_after=2023-09-27T00:00:00+00:00
[2023-09-27T02:38:28.436+0000] {processor.py:179} INFO - Processing /home/airflow/.local/lib/python3.8/site-packages/airflow/example_dags/example_branch_day_of_week_operator.py took 0.252 seconds
