[2023-09-27T02:33:55.431+0000] {processor.py:157} INFO - Started process (PID=86) to work on /home/airflow/.local/lib/python3.8/site-packages/airflow/example_dags/tutorial_taskflow_api.py
[2023-09-27T02:33:55.436+0000] {processor.py:829} INFO - Processing file /home/airflow/.local/lib/python3.8/site-packages/airflow/example_dags/tutorial_taskflow_api.py for tasks to queue
[2023-09-27T02:33:55.443+0000] {logging_mixin.py:151} INFO - [2023-09-27T02:33:55.442+0000] {dagbag.py:539} INFO - Filling up the DagBag from /home/airflow/.local/lib/python3.8/site-packages/airflow/example_dags/tutorial_taskflow_api.py
[2023-09-27T02:33:55.470+0000] {processor.py:839} INFO - DAG(s) dict_keys(['tutorial_taskflow_api']) retrieved from /home/airflow/.local/lib/python3.8/site-packages/airflow/example_dags/tutorial_taskflow_api.py
[2023-09-27T02:33:55.907+0000] {logging_mixin.py:151} INFO - [2023-09-27T02:33:55.907+0000] {manager.py:499} INFO - Created Permission View: %s
[2023-09-27T02:33:55.979+0000] {logging_mixin.py:151} INFO - [2023-09-27T02:33:55.978+0000] {manager.py:499} INFO - Created Permission View: %s
[2023-09-27T02:33:56.026+0000] {logging_mixin.py:151} INFO - [2023-09-27T02:33:56.025+0000] {manager.py:499} INFO - Created Permission View: %s
[2023-09-27T02:33:56.028+0000] {logging_mixin.py:151} INFO - [2023-09-27T02:33:56.027+0000] {security.py:708} INFO - Not syncing DAG-level permissions for DAG 'DAG:tutorial_taskflow_api' as access control is unset.
[2023-09-27T02:33:56.029+0000] {logging_mixin.py:151} INFO - [2023-09-27T02:33:56.029+0000] {dag.py:2915} INFO - Sync 1 DAGs
[2023-09-27T02:33:56.083+0000] {logging_mixin.py:151} INFO - [2023-09-27T02:33:56.082+0000] {dag.py:2937} INFO - Creating ORM DAG for tutorial_taskflow_api
[2023-09-27T02:33:56.092+0000] {logging_mixin.py:151} INFO - [2023-09-27T02:33:56.092+0000] {dag.py:3696} INFO - Setting next_dagrun for tutorial_taskflow_api to None, run_after=None
[2023-09-27T02:33:56.168+0000] {processor.py:179} INFO - Processing /home/airflow/.local/lib/python3.8/site-packages/airflow/example_dags/tutorial_taskflow_api.py took 0.760 seconds
[2023-09-27T02:34:27.021+0000] {processor.py:157} INFO - Started process (PID=140) to work on /home/airflow/.local/lib/python3.8/site-packages/airflow/example_dags/tutorial_taskflow_api.py
[2023-09-27T02:34:27.026+0000] {processor.py:829} INFO - Processing file /home/airflow/.local/lib/python3.8/site-packages/airflow/example_dags/tutorial_taskflow_api.py for tasks to queue
[2023-09-27T02:34:27.034+0000] {logging_mixin.py:151} INFO - [2023-09-27T02:34:27.033+0000] {dagbag.py:539} INFO - Filling up the DagBag from /home/airflow/.local/lib/python3.8/site-packages/airflow/example_dags/tutorial_taskflow_api.py
[2023-09-27T02:34:27.047+0000] {processor.py:839} INFO - DAG(s) dict_keys(['tutorial_taskflow_api']) retrieved from /home/airflow/.local/lib/python3.8/site-packages/airflow/example_dags/tutorial_taskflow_api.py
[2023-09-27T02:34:27.086+0000] {logging_mixin.py:151} INFO - [2023-09-27T02:34:27.086+0000] {dag.py:2915} INFO - Sync 1 DAGs
[2023-09-27T02:34:27.103+0000] {logging_mixin.py:151} INFO - [2023-09-27T02:34:27.103+0000] {dag.py:3696} INFO - Setting next_dagrun for tutorial_taskflow_api to None, run_after=None
[2023-09-27T02:34:27.135+0000] {processor.py:179} INFO - Processing /home/airflow/.local/lib/python3.8/site-packages/airflow/example_dags/tutorial_taskflow_api.py took 0.122 seconds
[2023-09-27T02:34:57.226+0000] {processor.py:157} INFO - Started process (PID=194) to work on /home/airflow/.local/lib/python3.8/site-packages/airflow/example_dags/tutorial_taskflow_api.py
[2023-09-27T02:34:57.230+0000] {processor.py:829} INFO - Processing file /home/airflow/.local/lib/python3.8/site-packages/airflow/example_dags/tutorial_taskflow_api.py for tasks to queue
[2023-09-27T02:34:57.237+0000] {logging_mixin.py:151} INFO - [2023-09-27T02:34:57.237+0000] {dagbag.py:539} INFO - Filling up the DagBag from /home/airflow/.local/lib/python3.8/site-packages/airflow/example_dags/tutorial_taskflow_api.py
[2023-09-27T02:34:57.252+0000] {processor.py:839} INFO - DAG(s) dict_keys(['tutorial_taskflow_api']) retrieved from /home/airflow/.local/lib/python3.8/site-packages/airflow/example_dags/tutorial_taskflow_api.py
[2023-09-27T02:34:57.305+0000] {logging_mixin.py:151} INFO - [2023-09-27T02:34:57.304+0000] {dag.py:2915} INFO - Sync 1 DAGs
[2023-09-27T02:34:57.345+0000] {logging_mixin.py:151} INFO - [2023-09-27T02:34:57.344+0000] {dag.py:3696} INFO - Setting next_dagrun for tutorial_taskflow_api to None, run_after=None
[2023-09-27T02:34:57.403+0000] {processor.py:179} INFO - Processing /home/airflow/.local/lib/python3.8/site-packages/airflow/example_dags/tutorial_taskflow_api.py took 0.185 seconds
[2023-09-27T02:35:28.086+0000] {processor.py:157} INFO - Started process (PID=248) to work on /home/airflow/.local/lib/python3.8/site-packages/airflow/example_dags/tutorial_taskflow_api.py
[2023-09-27T02:35:28.088+0000] {processor.py:829} INFO - Processing file /home/airflow/.local/lib/python3.8/site-packages/airflow/example_dags/tutorial_taskflow_api.py for tasks to queue
[2023-09-27T02:35:28.091+0000] {logging_mixin.py:151} INFO - [2023-09-27T02:35:28.091+0000] {dagbag.py:539} INFO - Filling up the DagBag from /home/airflow/.local/lib/python3.8/site-packages/airflow/example_dags/tutorial_taskflow_api.py
[2023-09-27T02:35:28.101+0000] {processor.py:839} INFO - DAG(s) dict_keys(['tutorial_taskflow_api']) retrieved from /home/airflow/.local/lib/python3.8/site-packages/airflow/example_dags/tutorial_taskflow_api.py
[2023-09-27T02:35:28.130+0000] {logging_mixin.py:151} INFO - [2023-09-27T02:35:28.129+0000] {dag.py:2915} INFO - Sync 1 DAGs
[2023-09-27T02:35:28.146+0000] {logging_mixin.py:151} INFO - [2023-09-27T02:35:28.146+0000] {dag.py:3696} INFO - Setting next_dagrun for tutorial_taskflow_api to None, run_after=None
[2023-09-27T02:35:28.173+0000] {processor.py:179} INFO - Processing /home/airflow/.local/lib/python3.8/site-packages/airflow/example_dags/tutorial_taskflow_api.py took 0.093 seconds
[2023-09-27T02:35:59.131+0000] {processor.py:157} INFO - Started process (PID=302) to work on /home/airflow/.local/lib/python3.8/site-packages/airflow/example_dags/tutorial_taskflow_api.py
[2023-09-27T02:35:59.134+0000] {processor.py:829} INFO - Processing file /home/airflow/.local/lib/python3.8/site-packages/airflow/example_dags/tutorial_taskflow_api.py for tasks to queue
[2023-09-27T02:35:59.140+0000] {logging_mixin.py:151} INFO - [2023-09-27T02:35:59.139+0000] {dagbag.py:539} INFO - Filling up the DagBag from /home/airflow/.local/lib/python3.8/site-packages/airflow/example_dags/tutorial_taskflow_api.py
[2023-09-27T02:35:59.158+0000] {processor.py:839} INFO - DAG(s) dict_keys(['tutorial_taskflow_api']) retrieved from /home/airflow/.local/lib/python3.8/site-packages/airflow/example_dags/tutorial_taskflow_api.py
[2023-09-27T02:35:59.208+0000] {logging_mixin.py:151} INFO - [2023-09-27T02:35:59.208+0000] {dag.py:2915} INFO - Sync 1 DAGs
[2023-09-27T02:35:59.240+0000] {logging_mixin.py:151} INFO - [2023-09-27T02:35:59.240+0000] {dag.py:3696} INFO - Setting next_dagrun for tutorial_taskflow_api to None, run_after=None
[2023-09-27T02:35:59.288+0000] {processor.py:179} INFO - Processing /home/airflow/.local/lib/python3.8/site-packages/airflow/example_dags/tutorial_taskflow_api.py took 0.167 seconds
[2023-09-27T02:36:30.879+0000] {processor.py:157} INFO - Started process (PID=360) to work on /home/airflow/.local/lib/python3.8/site-packages/airflow/example_dags/tutorial_taskflow_api.py
[2023-09-27T02:36:30.883+0000] {processor.py:829} INFO - Processing file /home/airflow/.local/lib/python3.8/site-packages/airflow/example_dags/tutorial_taskflow_api.py for tasks to queue
[2023-09-27T02:36:30.897+0000] {logging_mixin.py:151} INFO - [2023-09-27T02:36:30.896+0000] {dagbag.py:539} INFO - Filling up the DagBag from /home/airflow/.local/lib/python3.8/site-packages/airflow/example_dags/tutorial_taskflow_api.py
[2023-09-27T02:36:30.914+0000] {processor.py:839} INFO - DAG(s) dict_keys(['tutorial_taskflow_api']) retrieved from /home/airflow/.local/lib/python3.8/site-packages/airflow/example_dags/tutorial_taskflow_api.py
[2023-09-27T02:36:30.975+0000] {logging_mixin.py:151} INFO - [2023-09-27T02:36:30.975+0000] {dag.py:2915} INFO - Sync 1 DAGs
[2023-09-27T02:36:31.006+0000] {logging_mixin.py:151} INFO - [2023-09-27T02:36:31.006+0000] {dag.py:3696} INFO - Setting next_dagrun for tutorial_taskflow_api to None, run_after=None
[2023-09-27T02:36:31.046+0000] {processor.py:179} INFO - Processing /home/airflow/.local/lib/python3.8/site-packages/airflow/example_dags/tutorial_taskflow_api.py took 0.181 seconds
[2023-09-27T02:37:01.862+0000] {processor.py:157} INFO - Started process (PID=420) to work on /home/airflow/.local/lib/python3.8/site-packages/airflow/example_dags/tutorial_taskflow_api.py
[2023-09-27T02:37:01.864+0000] {processor.py:829} INFO - Processing file /home/airflow/.local/lib/python3.8/site-packages/airflow/example_dags/tutorial_taskflow_api.py for tasks to queue
[2023-09-27T02:37:01.867+0000] {logging_mixin.py:151} INFO - [2023-09-27T02:37:01.866+0000] {dagbag.py:539} INFO - Filling up the DagBag from /home/airflow/.local/lib/python3.8/site-packages/airflow/example_dags/tutorial_taskflow_api.py
[2023-09-27T02:37:01.878+0000] {processor.py:839} INFO - DAG(s) dict_keys(['tutorial_taskflow_api']) retrieved from /home/airflow/.local/lib/python3.8/site-packages/airflow/example_dags/tutorial_taskflow_api.py
[2023-09-27T02:37:01.913+0000] {logging_mixin.py:151} INFO - [2023-09-27T02:37:01.912+0000] {dag.py:2915} INFO - Sync 1 DAGs
[2023-09-27T02:37:01.938+0000] {logging_mixin.py:151} INFO - [2023-09-27T02:37:01.937+0000] {dag.py:3696} INFO - Setting next_dagrun for tutorial_taskflow_api to None, run_after=None
[2023-09-27T02:37:01.964+0000] {processor.py:179} INFO - Processing /home/airflow/.local/lib/python3.8/site-packages/airflow/example_dags/tutorial_taskflow_api.py took 0.106 seconds
[2023-09-27T02:37:33.310+0000] {processor.py:157} INFO - Started process (PID=474) to work on /home/airflow/.local/lib/python3.8/site-packages/airflow/example_dags/tutorial_taskflow_api.py
[2023-09-27T02:37:33.312+0000] {processor.py:829} INFO - Processing file /home/airflow/.local/lib/python3.8/site-packages/airflow/example_dags/tutorial_taskflow_api.py for tasks to queue
[2023-09-27T02:37:33.316+0000] {logging_mixin.py:151} INFO - [2023-09-27T02:37:33.315+0000] {dagbag.py:539} INFO - Filling up the DagBag from /home/airflow/.local/lib/python3.8/site-packages/airflow/example_dags/tutorial_taskflow_api.py
[2023-09-27T02:37:33.330+0000] {processor.py:839} INFO - DAG(s) dict_keys(['tutorial_taskflow_api']) retrieved from /home/airflow/.local/lib/python3.8/site-packages/airflow/example_dags/tutorial_taskflow_api.py
[2023-09-27T02:37:33.370+0000] {logging_mixin.py:151} INFO - [2023-09-27T02:37:33.370+0000] {dag.py:2915} INFO - Sync 1 DAGs
[2023-09-27T02:37:33.406+0000] {logging_mixin.py:151} INFO - [2023-09-27T02:37:33.406+0000] {dag.py:3696} INFO - Setting next_dagrun for tutorial_taskflow_api to None, run_after=None
[2023-09-27T02:37:33.461+0000] {processor.py:179} INFO - Processing /home/airflow/.local/lib/python3.8/site-packages/airflow/example_dags/tutorial_taskflow_api.py took 0.157 seconds
[2023-09-27T02:38:03.881+0000] {processor.py:157} INFO - Started process (PID=528) to work on /home/airflow/.local/lib/python3.8/site-packages/airflow/example_dags/tutorial_taskflow_api.py
[2023-09-27T02:38:03.882+0000] {processor.py:829} INFO - Processing file /home/airflow/.local/lib/python3.8/site-packages/airflow/example_dags/tutorial_taskflow_api.py for tasks to queue
[2023-09-27T02:38:03.885+0000] {logging_mixin.py:151} INFO - [2023-09-27T02:38:03.884+0000] {dagbag.py:539} INFO - Filling up the DagBag from /home/airflow/.local/lib/python3.8/site-packages/airflow/example_dags/tutorial_taskflow_api.py
[2023-09-27T02:38:03.893+0000] {processor.py:839} INFO - DAG(s) dict_keys(['tutorial_taskflow_api']) retrieved from /home/airflow/.local/lib/python3.8/site-packages/airflow/example_dags/tutorial_taskflow_api.py
[2023-09-27T02:38:03.919+0000] {logging_mixin.py:151} INFO - [2023-09-27T02:38:03.918+0000] {dag.py:2915} INFO - Sync 1 DAGs
[2023-09-27T02:38:03.938+0000] {logging_mixin.py:151} INFO - [2023-09-27T02:38:03.938+0000] {dag.py:3696} INFO - Setting next_dagrun for tutorial_taskflow_api to None, run_after=None
[2023-09-27T02:38:03.967+0000] {processor.py:179} INFO - Processing /home/airflow/.local/lib/python3.8/site-packages/airflow/example_dags/tutorial_taskflow_api.py took 0.090 seconds
[2023-09-27T02:38:34.606+0000] {processor.py:157} INFO - Started process (PID=582) to work on /home/airflow/.local/lib/python3.8/site-packages/airflow/example_dags/tutorial_taskflow_api.py
[2023-09-27T02:38:34.608+0000] {processor.py:829} INFO - Processing file /home/airflow/.local/lib/python3.8/site-packages/airflow/example_dags/tutorial_taskflow_api.py for tasks to queue
[2023-09-27T02:38:34.613+0000] {logging_mixin.py:151} INFO - [2023-09-27T02:38:34.612+0000] {dagbag.py:539} INFO - Filling up the DagBag from /home/airflow/.local/lib/python3.8/site-packages/airflow/example_dags/tutorial_taskflow_api.py
[2023-09-27T02:38:34.626+0000] {processor.py:839} INFO - DAG(s) dict_keys(['tutorial_taskflow_api']) retrieved from /home/airflow/.local/lib/python3.8/site-packages/airflow/example_dags/tutorial_taskflow_api.py
[2023-09-27T02:38:34.667+0000] {logging_mixin.py:151} INFO - [2023-09-27T02:38:34.667+0000] {dag.py:2915} INFO - Sync 1 DAGs
[2023-09-27T02:38:34.696+0000] {logging_mixin.py:151} INFO - [2023-09-27T02:38:34.696+0000] {dag.py:3696} INFO - Setting next_dagrun for tutorial_taskflow_api to None, run_after=None
[2023-09-27T02:38:34.736+0000] {processor.py:179} INFO - Processing /home/airflow/.local/lib/python3.8/site-packages/airflow/example_dags/tutorial_taskflow_api.py took 0.137 seconds
