[2023-09-27T02:33:41.919+0000] {processor.py:157} INFO - Started process (PID=59) to work on /home/airflow/.local/lib/python3.8/site-packages/airflow/example_dags/tutorial_dag.py
[2023-09-27T02:33:41.939+0000] {processor.py:829} INFO - Processing file /home/airflow/.local/lib/python3.8/site-packages/airflow/example_dags/tutorial_dag.py for tasks to queue
[2023-09-27T02:33:41.970+0000] {logging_mixin.py:151} INFO - [2023-09-27T02:33:41.968+0000] {dagbag.py:539} INFO - Filling up the DagBag from /home/airflow/.local/lib/python3.8/site-packages/airflow/example_dags/tutorial_dag.py
[2023-09-27T02:33:42.072+0000] {processor.py:839} INFO - DAG(s) dict_keys(['tutorial_dag']) retrieved from /home/airflow/.local/lib/python3.8/site-packages/airflow/example_dags/tutorial_dag.py
[2023-09-27T02:33:42.926+0000] {logging_mixin.py:151} INFO - [2023-09-27T02:33:42.926+0000] {manager.py:499} INFO - Created Permission View: %s
[2023-09-27T02:33:42.975+0000] {logging_mixin.py:151} INFO - [2023-09-27T02:33:42.974+0000] {manager.py:499} INFO - Created Permission View: %s
[2023-09-27T02:33:43.008+0000] {logging_mixin.py:151} INFO - [2023-09-27T02:33:43.008+0000] {manager.py:499} INFO - Created Permission View: %s
[2023-09-27T02:33:43.010+0000] {logging_mixin.py:151} INFO - [2023-09-27T02:33:43.010+0000] {security.py:708} INFO - Not syncing DAG-level permissions for DAG 'DAG:tutorial_dag' as access control is unset.
[2023-09-27T02:33:43.012+0000] {logging_mixin.py:151} INFO - [2023-09-27T02:33:43.012+0000] {dag.py:2915} INFO - Sync 1 DAGs
[2023-09-27T02:33:43.056+0000] {logging_mixin.py:151} INFO - [2023-09-27T02:33:43.056+0000] {dag.py:2937} INFO - Creating ORM DAG for tutorial_dag
[2023-09-27T02:33:43.059+0000] {logging_mixin.py:151} INFO - [2023-09-27T02:33:43.059+0000] {dag.py:3696} INFO - Setting next_dagrun for tutorial_dag to None, run_after=None
[2023-09-27T02:33:43.135+0000] {processor.py:179} INFO - Processing /home/airflow/.local/lib/python3.8/site-packages/airflow/example_dags/tutorial_dag.py took 1.315 seconds
[2023-09-27T02:34:13.866+0000] {processor.py:157} INFO - Started process (PID=112) to work on /home/airflow/.local/lib/python3.8/site-packages/airflow/example_dags/tutorial_dag.py
[2023-09-27T02:34:13.871+0000] {processor.py:829} INFO - Processing file /home/airflow/.local/lib/python3.8/site-packages/airflow/example_dags/tutorial_dag.py for tasks to queue
[2023-09-27T02:34:13.877+0000] {logging_mixin.py:151} INFO - [2023-09-27T02:34:13.877+0000] {dagbag.py:539} INFO - Filling up the DagBag from /home/airflow/.local/lib/python3.8/site-packages/airflow/example_dags/tutorial_dag.py
[2023-09-27T02:34:13.894+0000] {processor.py:839} INFO - DAG(s) dict_keys(['tutorial_dag']) retrieved from /home/airflow/.local/lib/python3.8/site-packages/airflow/example_dags/tutorial_dag.py
[2023-09-27T02:34:13.966+0000] {logging_mixin.py:151} INFO - [2023-09-27T02:34:13.966+0000] {dag.py:2915} INFO - Sync 1 DAGs
[2023-09-27T02:34:14.034+0000] {logging_mixin.py:151} INFO - [2023-09-27T02:34:14.031+0000] {dag.py:3696} INFO - Setting next_dagrun for tutorial_dag to None, run_after=None
[2023-09-27T02:34:14.126+0000] {processor.py:179} INFO - Processing /home/airflow/.local/lib/python3.8/site-packages/airflow/example_dags/tutorial_dag.py took 0.271 seconds
[2023-09-27T02:34:44.612+0000] {processor.py:157} INFO - Started process (PID=173) to work on /home/airflow/.local/lib/python3.8/site-packages/airflow/example_dags/tutorial_dag.py
[2023-09-27T02:34:44.619+0000] {processor.py:829} INFO - Processing file /home/airflow/.local/lib/python3.8/site-packages/airflow/example_dags/tutorial_dag.py for tasks to queue
[2023-09-27T02:34:44.623+0000] {logging_mixin.py:151} INFO - [2023-09-27T02:34:44.623+0000] {dagbag.py:539} INFO - Filling up the DagBag from /home/airflow/.local/lib/python3.8/site-packages/airflow/example_dags/tutorial_dag.py
[2023-09-27T02:34:44.633+0000] {processor.py:839} INFO - DAG(s) dict_keys(['tutorial_dag']) retrieved from /home/airflow/.local/lib/python3.8/site-packages/airflow/example_dags/tutorial_dag.py
[2023-09-27T02:34:44.712+0000] {logging_mixin.py:151} INFO - [2023-09-27T02:34:44.711+0000] {dag.py:2915} INFO - Sync 1 DAGs
[2023-09-27T02:34:44.859+0000] {logging_mixin.py:151} INFO - [2023-09-27T02:34:44.859+0000] {dag.py:3696} INFO - Setting next_dagrun for tutorial_dag to None, run_after=None
[2023-09-27T02:34:44.954+0000] {processor.py:179} INFO - Processing /home/airflow/.local/lib/python3.8/site-packages/airflow/example_dags/tutorial_dag.py took 0.348 seconds
[2023-09-27T02:35:15.565+0000] {processor.py:157} INFO - Started process (PID=227) to work on /home/airflow/.local/lib/python3.8/site-packages/airflow/example_dags/tutorial_dag.py
[2023-09-27T02:35:15.571+0000] {processor.py:829} INFO - Processing file /home/airflow/.local/lib/python3.8/site-packages/airflow/example_dags/tutorial_dag.py for tasks to queue
[2023-09-27T02:35:15.575+0000] {logging_mixin.py:151} INFO - [2023-09-27T02:35:15.574+0000] {dagbag.py:539} INFO - Filling up the DagBag from /home/airflow/.local/lib/python3.8/site-packages/airflow/example_dags/tutorial_dag.py
[2023-09-27T02:35:15.584+0000] {processor.py:839} INFO - DAG(s) dict_keys(['tutorial_dag']) retrieved from /home/airflow/.local/lib/python3.8/site-packages/airflow/example_dags/tutorial_dag.py
[2023-09-27T02:35:15.615+0000] {logging_mixin.py:151} INFO - [2023-09-27T02:35:15.615+0000] {dag.py:2915} INFO - Sync 1 DAGs
[2023-09-27T02:35:15.633+0000] {logging_mixin.py:151} INFO - [2023-09-27T02:35:15.633+0000] {dag.py:3696} INFO - Setting next_dagrun for tutorial_dag to None, run_after=None
[2023-09-27T02:35:15.661+0000] {processor.py:179} INFO - Processing /home/airflow/.local/lib/python3.8/site-packages/airflow/example_dags/tutorial_dag.py took 0.100 seconds
[2023-09-27T02:35:46.365+0000] {processor.py:157} INFO - Started process (PID=281) to work on /home/airflow/.local/lib/python3.8/site-packages/airflow/example_dags/tutorial_dag.py
[2023-09-27T02:35:46.366+0000] {processor.py:829} INFO - Processing file /home/airflow/.local/lib/python3.8/site-packages/airflow/example_dags/tutorial_dag.py for tasks to queue
[2023-09-27T02:35:46.371+0000] {logging_mixin.py:151} INFO - [2023-09-27T02:35:46.371+0000] {dagbag.py:539} INFO - Filling up the DagBag from /home/airflow/.local/lib/python3.8/site-packages/airflow/example_dags/tutorial_dag.py
[2023-09-27T02:35:46.380+0000] {processor.py:839} INFO - DAG(s) dict_keys(['tutorial_dag']) retrieved from /home/airflow/.local/lib/python3.8/site-packages/airflow/example_dags/tutorial_dag.py
[2023-09-27T02:35:46.412+0000] {logging_mixin.py:151} INFO - [2023-09-27T02:35:46.411+0000] {dag.py:2915} INFO - Sync 1 DAGs
[2023-09-27T02:35:46.433+0000] {logging_mixin.py:151} INFO - [2023-09-27T02:35:46.433+0000] {dag.py:3696} INFO - Setting next_dagrun for tutorial_dag to None, run_after=None
[2023-09-27T02:35:46.475+0000] {processor.py:179} INFO - Processing /home/airflow/.local/lib/python3.8/site-packages/airflow/example_dags/tutorial_dag.py took 0.114 seconds
[2023-09-27T02:36:17.373+0000] {processor.py:157} INFO - Started process (PID=335) to work on /home/airflow/.local/lib/python3.8/site-packages/airflow/example_dags/tutorial_dag.py
[2023-09-27T02:36:17.375+0000] {processor.py:829} INFO - Processing file /home/airflow/.local/lib/python3.8/site-packages/airflow/example_dags/tutorial_dag.py for tasks to queue
[2023-09-27T02:36:17.379+0000] {logging_mixin.py:151} INFO - [2023-09-27T02:36:17.378+0000] {dagbag.py:539} INFO - Filling up the DagBag from /home/airflow/.local/lib/python3.8/site-packages/airflow/example_dags/tutorial_dag.py
[2023-09-27T02:36:17.389+0000] {processor.py:839} INFO - DAG(s) dict_keys(['tutorial_dag']) retrieved from /home/airflow/.local/lib/python3.8/site-packages/airflow/example_dags/tutorial_dag.py
[2023-09-27T02:36:17.424+0000] {logging_mixin.py:151} INFO - [2023-09-27T02:36:17.423+0000] {dag.py:2915} INFO - Sync 1 DAGs
[2023-09-27T02:36:17.451+0000] {logging_mixin.py:151} INFO - [2023-09-27T02:36:17.450+0000] {dag.py:3696} INFO - Setting next_dagrun for tutorial_dag to None, run_after=None
[2023-09-27T02:36:17.483+0000] {processor.py:179} INFO - Processing /home/airflow/.local/lib/python3.8/site-packages/airflow/example_dags/tutorial_dag.py took 0.118 seconds
[2023-09-27T02:36:48.319+0000] {processor.py:157} INFO - Started process (PID=398) to work on /home/airflow/.local/lib/python3.8/site-packages/airflow/example_dags/tutorial_dag.py
[2023-09-27T02:36:48.362+0000] {processor.py:829} INFO - Processing file /home/airflow/.local/lib/python3.8/site-packages/airflow/example_dags/tutorial_dag.py for tasks to queue
[2023-09-27T02:36:48.414+0000] {logging_mixin.py:151} INFO - [2023-09-27T02:36:48.410+0000] {dagbag.py:539} INFO - Filling up the DagBag from /home/airflow/.local/lib/python3.8/site-packages/airflow/example_dags/tutorial_dag.py
[2023-09-27T02:36:48.471+0000] {processor.py:839} INFO - DAG(s) dict_keys(['tutorial_dag']) retrieved from /home/airflow/.local/lib/python3.8/site-packages/airflow/example_dags/tutorial_dag.py
[2023-09-27T02:36:48.833+0000] {logging_mixin.py:151} INFO - [2023-09-27T02:36:48.833+0000] {dag.py:2915} INFO - Sync 1 DAGs
[2023-09-27T02:36:49.140+0000] {logging_mixin.py:151} INFO - [2023-09-27T02:36:49.140+0000] {dag.py:3696} INFO - Setting next_dagrun for tutorial_dag to None, run_after=None
[2023-09-27T02:36:49.342+0000] {processor.py:179} INFO - Processing /home/airflow/.local/lib/python3.8/site-packages/airflow/example_dags/tutorial_dag.py took 1.066 seconds
[2023-09-27T02:37:20.062+0000] {processor.py:157} INFO - Started process (PID=452) to work on /home/airflow/.local/lib/python3.8/site-packages/airflow/example_dags/tutorial_dag.py
[2023-09-27T02:37:20.063+0000] {processor.py:829} INFO - Processing file /home/airflow/.local/lib/python3.8/site-packages/airflow/example_dags/tutorial_dag.py for tasks to queue
[2023-09-27T02:37:20.067+0000] {logging_mixin.py:151} INFO - [2023-09-27T02:37:20.067+0000] {dagbag.py:539} INFO - Filling up the DagBag from /home/airflow/.local/lib/python3.8/site-packages/airflow/example_dags/tutorial_dag.py
[2023-09-27T02:37:20.076+0000] {processor.py:839} INFO - DAG(s) dict_keys(['tutorial_dag']) retrieved from /home/airflow/.local/lib/python3.8/site-packages/airflow/example_dags/tutorial_dag.py
[2023-09-27T02:37:20.104+0000] {logging_mixin.py:151} INFO - [2023-09-27T02:37:20.104+0000] {dag.py:2915} INFO - Sync 1 DAGs
[2023-09-27T02:37:20.123+0000] {logging_mixin.py:151} INFO - [2023-09-27T02:37:20.123+0000] {dag.py:3696} INFO - Setting next_dagrun for tutorial_dag to None, run_after=None
[2023-09-27T02:37:20.156+0000] {processor.py:179} INFO - Processing /home/airflow/.local/lib/python3.8/site-packages/airflow/example_dags/tutorial_dag.py took 0.099 seconds
[2023-09-27T02:37:50.717+0000] {processor.py:157} INFO - Started process (PID=506) to work on /home/airflow/.local/lib/python3.8/site-packages/airflow/example_dags/tutorial_dag.py
[2023-09-27T02:37:50.720+0000] {processor.py:829} INFO - Processing file /home/airflow/.local/lib/python3.8/site-packages/airflow/example_dags/tutorial_dag.py for tasks to queue
[2023-09-27T02:37:50.723+0000] {logging_mixin.py:151} INFO - [2023-09-27T02:37:50.723+0000] {dagbag.py:539} INFO - Filling up the DagBag from /home/airflow/.local/lib/python3.8/site-packages/airflow/example_dags/tutorial_dag.py
[2023-09-27T02:37:50.730+0000] {processor.py:839} INFO - DAG(s) dict_keys(['tutorial_dag']) retrieved from /home/airflow/.local/lib/python3.8/site-packages/airflow/example_dags/tutorial_dag.py
[2023-09-27T02:37:50.759+0000] {logging_mixin.py:151} INFO - [2023-09-27T02:37:50.758+0000] {dag.py:2915} INFO - Sync 1 DAGs
[2023-09-27T02:37:50.780+0000] {logging_mixin.py:151} INFO - [2023-09-27T02:37:50.779+0000] {dag.py:3696} INFO - Setting next_dagrun for tutorial_dag to None, run_after=None
[2023-09-27T02:37:50.810+0000] {processor.py:179} INFO - Processing /home/airflow/.local/lib/python3.8/site-packages/airflow/example_dags/tutorial_dag.py took 0.099 seconds
[2023-09-27T02:38:21.568+0000] {processor.py:157} INFO - Started process (PID=560) to work on /home/airflow/.local/lib/python3.8/site-packages/airflow/example_dags/tutorial_dag.py
[2023-09-27T02:38:21.570+0000] {processor.py:829} INFO - Processing file /home/airflow/.local/lib/python3.8/site-packages/airflow/example_dags/tutorial_dag.py for tasks to queue
[2023-09-27T02:38:21.581+0000] {logging_mixin.py:151} INFO - [2023-09-27T02:38:21.580+0000] {dagbag.py:539} INFO - Filling up the DagBag from /home/airflow/.local/lib/python3.8/site-packages/airflow/example_dags/tutorial_dag.py
[2023-09-27T02:38:21.596+0000] {processor.py:839} INFO - DAG(s) dict_keys(['tutorial_dag']) retrieved from /home/airflow/.local/lib/python3.8/site-packages/airflow/example_dags/tutorial_dag.py
[2023-09-27T02:38:21.654+0000] {logging_mixin.py:151} INFO - [2023-09-27T02:38:21.654+0000] {dag.py:2915} INFO - Sync 1 DAGs
[2023-09-27T02:38:21.693+0000] {logging_mixin.py:151} INFO - [2023-09-27T02:38:21.693+0000] {dag.py:3696} INFO - Setting next_dagrun for tutorial_dag to None, run_after=None
[2023-09-27T02:38:21.771+0000] {processor.py:179} INFO - Processing /home/airflow/.local/lib/python3.8/site-packages/airflow/example_dags/tutorial_dag.py took 0.211 seconds
