[2023-09-27T02:33:34.621+0000] {processor.py:157} INFO - Started process (PID=52) to work on /home/airflow/.local/lib/python3.8/site-packages/airflow/example_dags/tutorial.py
[2023-09-27T02:33:34.631+0000] {processor.py:829} INFO - Processing file /home/airflow/.local/lib/python3.8/site-packages/airflow/example_dags/tutorial.py for tasks to queue
[2023-09-27T02:33:34.646+0000] {logging_mixin.py:151} INFO - [2023-09-27T02:33:34.645+0000] {dagbag.py:539} INFO - Filling up the DagBag from /home/airflow/.local/lib/python3.8/site-packages/airflow/example_dags/tutorial.py
[2023-09-27T02:33:34.816+0000] {processor.py:839} INFO - DAG(s) dict_keys(['tutorial']) retrieved from /home/airflow/.local/lib/python3.8/site-packages/airflow/example_dags/tutorial.py
[2023-09-27T02:33:35.723+0000] {logging_mixin.py:151} INFO - [2023-09-27T02:33:35.721+0000] {manager.py:499} INFO - Created Permission View: %s
[2023-09-27T02:33:35.808+0000] {logging_mixin.py:151} INFO - [2023-09-27T02:33:35.808+0000] {manager.py:499} INFO - Created Permission View: %s
[2023-09-27T02:33:35.905+0000] {logging_mixin.py:151} INFO - [2023-09-27T02:33:35.904+0000] {manager.py:499} INFO - Created Permission View: %s
[2023-09-27T02:33:35.908+0000] {logging_mixin.py:151} INFO - [2023-09-27T02:33:35.907+0000] {security.py:708} INFO - Not syncing DAG-level permissions for DAG 'DAG:tutorial' as access control is unset.
[2023-09-27T02:33:35.910+0000] {logging_mixin.py:151} INFO - [2023-09-27T02:33:35.910+0000] {dag.py:2915} INFO - Sync 1 DAGs
[2023-09-27T02:33:35.970+0000] {logging_mixin.py:151} INFO - [2023-09-27T02:33:35.968+0000] {dag.py:2937} INFO - Creating ORM DAG for tutorial
[2023-09-27T02:33:36.043+0000] {logging_mixin.py:151} INFO - [2023-09-27T02:33:36.042+0000] {dag.py:3696} INFO - Setting next_dagrun for tutorial to 2023-09-26T02:33:36.042155+00:00, run_after=2023-09-27T02:33:36.042155+00:00
[2023-09-27T02:33:36.162+0000] {processor.py:179} INFO - Processing /home/airflow/.local/lib/python3.8/site-packages/airflow/example_dags/tutorial.py took 1.552 seconds
[2023-09-27T02:34:06.334+0000] {processor.py:157} INFO - Started process (PID=104) to work on /home/airflow/.local/lib/python3.8/site-packages/airflow/example_dags/tutorial.py
[2023-09-27T02:34:06.343+0000] {processor.py:829} INFO - Processing file /home/airflow/.local/lib/python3.8/site-packages/airflow/example_dags/tutorial.py for tasks to queue
[2023-09-27T02:34:06.351+0000] {logging_mixin.py:151} INFO - [2023-09-27T02:34:06.351+0000] {dagbag.py:539} INFO - Filling up the DagBag from /home/airflow/.local/lib/python3.8/site-packages/airflow/example_dags/tutorial.py
[2023-09-27T02:34:06.369+0000] {processor.py:839} INFO - DAG(s) dict_keys(['tutorial']) retrieved from /home/airflow/.local/lib/python3.8/site-packages/airflow/example_dags/tutorial.py
[2023-09-27T02:34:06.451+0000] {logging_mixin.py:151} INFO - [2023-09-27T02:34:06.450+0000] {dag.py:2915} INFO - Sync 1 DAGs
[2023-09-27T02:34:06.562+0000] {logging_mixin.py:151} INFO - [2023-09-27T02:34:06.562+0000] {dag.py:3696} INFO - Setting next_dagrun for tutorial to 2023-09-26T02:34:06.561288+00:00, run_after=2023-09-27T02:34:06.561288+00:00
[2023-09-27T02:34:06.693+0000] {processor.py:179} INFO - Processing /home/airflow/.local/lib/python3.8/site-packages/airflow/example_dags/tutorial.py took 0.373 seconds
[2023-09-27T02:34:36.919+0000] {processor.py:157} INFO - Started process (PID=158) to work on /home/airflow/.local/lib/python3.8/site-packages/airflow/example_dags/tutorial.py
[2023-09-27T02:34:36.927+0000] {processor.py:829} INFO - Processing file /home/airflow/.local/lib/python3.8/site-packages/airflow/example_dags/tutorial.py for tasks to queue
[2023-09-27T02:34:36.933+0000] {logging_mixin.py:151} INFO - [2023-09-27T02:34:36.932+0000] {dagbag.py:539} INFO - Filling up the DagBag from /home/airflow/.local/lib/python3.8/site-packages/airflow/example_dags/tutorial.py
[2023-09-27T02:34:36.947+0000] {processor.py:839} INFO - DAG(s) dict_keys(['tutorial']) retrieved from /home/airflow/.local/lib/python3.8/site-packages/airflow/example_dags/tutorial.py
[2023-09-27T02:34:36.984+0000] {logging_mixin.py:151} INFO - [2023-09-27T02:34:36.983+0000] {dag.py:2915} INFO - Sync 1 DAGs
[2023-09-27T02:34:37.017+0000] {logging_mixin.py:151} INFO - [2023-09-27T02:34:37.016+0000] {dag.py:3696} INFO - Setting next_dagrun for tutorial to 2023-09-26T02:34:37.016489+00:00, run_after=2023-09-27T02:34:37.016489+00:00
[2023-09-27T02:34:37.045+0000] {processor.py:179} INFO - Processing /home/airflow/.local/lib/python3.8/site-packages/airflow/example_dags/tutorial.py took 0.133 seconds
[2023-09-27T02:35:07.322+0000] {processor.py:157} INFO - Started process (PID=212) to work on /home/airflow/.local/lib/python3.8/site-packages/airflow/example_dags/tutorial.py
[2023-09-27T02:35:07.325+0000] {processor.py:829} INFO - Processing file /home/airflow/.local/lib/python3.8/site-packages/airflow/example_dags/tutorial.py for tasks to queue
[2023-09-27T02:35:07.330+0000] {logging_mixin.py:151} INFO - [2023-09-27T02:35:07.329+0000] {dagbag.py:539} INFO - Filling up the DagBag from /home/airflow/.local/lib/python3.8/site-packages/airflow/example_dags/tutorial.py
[2023-09-27T02:35:07.341+0000] {processor.py:839} INFO - DAG(s) dict_keys(['tutorial']) retrieved from /home/airflow/.local/lib/python3.8/site-packages/airflow/example_dags/tutorial.py
[2023-09-27T02:35:07.377+0000] {logging_mixin.py:151} INFO - [2023-09-27T02:35:07.377+0000] {dag.py:2915} INFO - Sync 1 DAGs
[2023-09-27T02:35:07.418+0000] {logging_mixin.py:151} INFO - [2023-09-27T02:35:07.417+0000] {dag.py:3696} INFO - Setting next_dagrun for tutorial to 2023-09-26T02:35:07.417430+00:00, run_after=2023-09-27T02:35:07.417430+00:00
[2023-09-27T02:35:07.461+0000] {processor.py:179} INFO - Processing /home/airflow/.local/lib/python3.8/site-packages/airflow/example_dags/tutorial.py took 0.144 seconds
[2023-09-27T02:35:37.741+0000] {processor.py:157} INFO - Started process (PID=266) to work on /home/airflow/.local/lib/python3.8/site-packages/airflow/example_dags/tutorial.py
[2023-09-27T02:35:37.749+0000] {processor.py:829} INFO - Processing file /home/airflow/.local/lib/python3.8/site-packages/airflow/example_dags/tutorial.py for tasks to queue
[2023-09-27T02:35:37.763+0000] {logging_mixin.py:151} INFO - [2023-09-27T02:35:37.757+0000] {dagbag.py:539} INFO - Filling up the DagBag from /home/airflow/.local/lib/python3.8/site-packages/airflow/example_dags/tutorial.py
[2023-09-27T02:35:37.779+0000] {processor.py:839} INFO - DAG(s) dict_keys(['tutorial']) retrieved from /home/airflow/.local/lib/python3.8/site-packages/airflow/example_dags/tutorial.py
[2023-09-27T02:35:37.864+0000] {logging_mixin.py:151} INFO - [2023-09-27T02:35:37.863+0000] {dag.py:2915} INFO - Sync 1 DAGs
[2023-09-27T02:35:37.911+0000] {logging_mixin.py:151} INFO - [2023-09-27T02:35:37.910+0000] {dag.py:3696} INFO - Setting next_dagrun for tutorial to 2023-09-26T02:35:37.910330+00:00, run_after=2023-09-27T02:35:37.910330+00:00
[2023-09-27T02:35:37.951+0000] {processor.py:179} INFO - Processing /home/airflow/.local/lib/python3.8/site-packages/airflow/example_dags/tutorial.py took 0.218 seconds
[2023-09-27T02:36:08.302+0000] {processor.py:157} INFO - Started process (PID=318) to work on /home/airflow/.local/lib/python3.8/site-packages/airflow/example_dags/tutorial.py
[2023-09-27T02:36:08.305+0000] {processor.py:829} INFO - Processing file /home/airflow/.local/lib/python3.8/site-packages/airflow/example_dags/tutorial.py for tasks to queue
[2023-09-27T02:36:08.311+0000] {logging_mixin.py:151} INFO - [2023-09-27T02:36:08.311+0000] {dagbag.py:539} INFO - Filling up the DagBag from /home/airflow/.local/lib/python3.8/site-packages/airflow/example_dags/tutorial.py
[2023-09-27T02:36:08.327+0000] {processor.py:839} INFO - DAG(s) dict_keys(['tutorial']) retrieved from /home/airflow/.local/lib/python3.8/site-packages/airflow/example_dags/tutorial.py
[2023-09-27T02:36:08.377+0000] {logging_mixin.py:151} INFO - [2023-09-27T02:36:08.377+0000] {dag.py:2915} INFO - Sync 1 DAGs
[2023-09-27T02:36:08.440+0000] {logging_mixin.py:151} INFO - [2023-09-27T02:36:08.439+0000] {dag.py:3696} INFO - Setting next_dagrun for tutorial to 2023-09-26T02:36:08.438939+00:00, run_after=2023-09-27T02:36:08.438939+00:00
[2023-09-27T02:36:08.495+0000] {processor.py:179} INFO - Processing /home/airflow/.local/lib/python3.8/site-packages/airflow/example_dags/tutorial.py took 0.204 seconds
[2023-09-27T02:36:39.699+0000] {processor.py:157} INFO - Started process (PID=376) to work on /home/airflow/.local/lib/python3.8/site-packages/airflow/example_dags/tutorial.py
[2023-09-27T02:36:39.708+0000] {processor.py:829} INFO - Processing file /home/airflow/.local/lib/python3.8/site-packages/airflow/example_dags/tutorial.py for tasks to queue
[2023-09-27T02:36:39.717+0000] {logging_mixin.py:151} INFO - [2023-09-27T02:36:39.716+0000] {dagbag.py:539} INFO - Filling up the DagBag from /home/airflow/.local/lib/python3.8/site-packages/airflow/example_dags/tutorial.py
[2023-09-27T02:36:39.744+0000] {processor.py:839} INFO - DAG(s) dict_keys(['tutorial']) retrieved from /home/airflow/.local/lib/python3.8/site-packages/airflow/example_dags/tutorial.py
[2023-09-27T02:36:39.892+0000] {logging_mixin.py:151} INFO - [2023-09-27T02:36:39.891+0000] {dag.py:2915} INFO - Sync 1 DAGs
[2023-09-27T02:36:40.041+0000] {logging_mixin.py:151} INFO - [2023-09-27T02:36:40.040+0000] {dag.py:3696} INFO - Setting next_dagrun for tutorial to 2023-09-27T02:36:08.438939+00:00, run_after=2023-09-28T02:36:08.438939+00:00
[2023-09-27T02:36:40.205+0000] {processor.py:179} INFO - Processing /home/airflow/.local/lib/python3.8/site-packages/airflow/example_dags/tutorial.py took 0.517 seconds
[2023-09-27T02:37:10.946+0000] {processor.py:157} INFO - Started process (PID=436) to work on /home/airflow/.local/lib/python3.8/site-packages/airflow/example_dags/tutorial.py
[2023-09-27T02:37:10.951+0000] {processor.py:829} INFO - Processing file /home/airflow/.local/lib/python3.8/site-packages/airflow/example_dags/tutorial.py for tasks to queue
[2023-09-27T02:37:10.962+0000] {logging_mixin.py:151} INFO - [2023-09-27T02:37:10.961+0000] {dagbag.py:539} INFO - Filling up the DagBag from /home/airflow/.local/lib/python3.8/site-packages/airflow/example_dags/tutorial.py
[2023-09-27T02:37:10.993+0000] {processor.py:839} INFO - DAG(s) dict_keys(['tutorial']) retrieved from /home/airflow/.local/lib/python3.8/site-packages/airflow/example_dags/tutorial.py
[2023-09-27T02:37:11.082+0000] {logging_mixin.py:151} INFO - [2023-09-27T02:37:11.081+0000] {dag.py:2915} INFO - Sync 1 DAGs
[2023-09-27T02:37:11.214+0000] {logging_mixin.py:151} INFO - [2023-09-27T02:37:11.213+0000] {dag.py:3696} INFO - Setting next_dagrun for tutorial to 2023-09-27T02:36:08.438939+00:00, run_after=2023-09-28T02:36:08.438939+00:00
[2023-09-27T02:37:11.296+0000] {processor.py:179} INFO - Processing /home/airflow/.local/lib/python3.8/site-packages/airflow/example_dags/tutorial.py took 0.361 seconds
[2023-09-27T02:37:42.118+0000] {processor.py:157} INFO - Started process (PID=490) to work on /home/airflow/.local/lib/python3.8/site-packages/airflow/example_dags/tutorial.py
[2023-09-27T02:37:42.121+0000] {processor.py:829} INFO - Processing file /home/airflow/.local/lib/python3.8/site-packages/airflow/example_dags/tutorial.py for tasks to queue
[2023-09-27T02:37:42.126+0000] {logging_mixin.py:151} INFO - [2023-09-27T02:37:42.125+0000] {dagbag.py:539} INFO - Filling up the DagBag from /home/airflow/.local/lib/python3.8/site-packages/airflow/example_dags/tutorial.py
[2023-09-27T02:37:42.137+0000] {processor.py:839} INFO - DAG(s) dict_keys(['tutorial']) retrieved from /home/airflow/.local/lib/python3.8/site-packages/airflow/example_dags/tutorial.py
[2023-09-27T02:37:42.175+0000] {logging_mixin.py:151} INFO - [2023-09-27T02:37:42.175+0000] {dag.py:2915} INFO - Sync 1 DAGs
[2023-09-27T02:37:42.213+0000] {logging_mixin.py:151} INFO - [2023-09-27T02:37:42.213+0000] {dag.py:3696} INFO - Setting next_dagrun for tutorial to 2023-09-27T02:36:08.438939+00:00, run_after=2023-09-28T02:36:08.438939+00:00
[2023-09-27T02:37:42.245+0000] {processor.py:179} INFO - Processing /home/airflow/.local/lib/python3.8/site-packages/airflow/example_dags/tutorial.py took 0.135 seconds
[2023-09-27T02:38:12.960+0000] {processor.py:157} INFO - Started process (PID=544) to work on /home/airflow/.local/lib/python3.8/site-packages/airflow/example_dags/tutorial.py
[2023-09-27T02:38:12.962+0000] {processor.py:829} INFO - Processing file /home/airflow/.local/lib/python3.8/site-packages/airflow/example_dags/tutorial.py for tasks to queue
[2023-09-27T02:38:12.965+0000] {logging_mixin.py:151} INFO - [2023-09-27T02:38:12.964+0000] {dagbag.py:539} INFO - Filling up the DagBag from /home/airflow/.local/lib/python3.8/site-packages/airflow/example_dags/tutorial.py
[2023-09-27T02:38:12.974+0000] {processor.py:839} INFO - DAG(s) dict_keys(['tutorial']) retrieved from /home/airflow/.local/lib/python3.8/site-packages/airflow/example_dags/tutorial.py
[2023-09-27T02:38:13.001+0000] {logging_mixin.py:151} INFO - [2023-09-27T02:38:13.001+0000] {dag.py:2915} INFO - Sync 1 DAGs
[2023-09-27T02:38:13.033+0000] {logging_mixin.py:151} INFO - [2023-09-27T02:38:13.033+0000] {dag.py:3696} INFO - Setting next_dagrun for tutorial to 2023-09-27T02:36:08.438939+00:00, run_after=2023-09-28T02:36:08.438939+00:00
[2023-09-27T02:38:13.059+0000] {processor.py:179} INFO - Processing /home/airflow/.local/lib/python3.8/site-packages/airflow/example_dags/tutorial.py took 0.103 seconds
[2023-09-27T02:38:43.762+0000] {processor.py:157} INFO - Started process (PID=598) to work on /home/airflow/.local/lib/python3.8/site-packages/airflow/example_dags/tutorial.py
[2023-09-27T02:38:43.764+0000] {processor.py:829} INFO - Processing file /home/airflow/.local/lib/python3.8/site-packages/airflow/example_dags/tutorial.py for tasks to queue
[2023-09-27T02:38:43.767+0000] {logging_mixin.py:151} INFO - [2023-09-27T02:38:43.767+0000] {dagbag.py:539} INFO - Filling up the DagBag from /home/airflow/.local/lib/python3.8/site-packages/airflow/example_dags/tutorial.py
[2023-09-27T02:38:43.774+0000] {processor.py:839} INFO - DAG(s) dict_keys(['tutorial']) retrieved from /home/airflow/.local/lib/python3.8/site-packages/airflow/example_dags/tutorial.py
[2023-09-27T02:38:43.798+0000] {logging_mixin.py:151} INFO - [2023-09-27T02:38:43.798+0000] {dag.py:2915} INFO - Sync 1 DAGs
[2023-09-27T02:38:43.824+0000] {logging_mixin.py:151} INFO - [2023-09-27T02:38:43.824+0000] {dag.py:3696} INFO - Setting next_dagrun for tutorial to 2023-09-27T02:36:08.438939+00:00, run_after=2023-09-28T02:36:08.438939+00:00
[2023-09-27T02:38:43.850+0000] {processor.py:179} INFO - Processing /home/airflow/.local/lib/python3.8/site-packages/airflow/example_dags/tutorial.py took 0.092 seconds
