[2023-09-27T02:33:40.721+0000] {processor.py:157} INFO - Started process (PID=57) to work on /home/airflow/.local/lib/python3.8/site-packages/airflow/example_dags/tutorial_taskflow_api_virtualenv.py
[2023-09-27T02:33:40.725+0000] {processor.py:829} INFO - Processing file /home/airflow/.local/lib/python3.8/site-packages/airflow/example_dags/tutorial_taskflow_api_virtualenv.py for tasks to queue
[2023-09-27T02:33:40.731+0000] {logging_mixin.py:151} INFO - [2023-09-27T02:33:40.730+0000] {dagbag.py:539} INFO - Filling up the DagBag from /home/airflow/.local/lib/python3.8/site-packages/airflow/example_dags/tutorial_taskflow_api_virtualenv.py
[2023-09-27T02:33:40.766+0000] {processor.py:839} INFO - DAG(s) dict_keys(['tutorial_taskflow_api_virtualenv']) retrieved from /home/airflow/.local/lib/python3.8/site-packages/airflow/example_dags/tutorial_taskflow_api_virtualenv.py
[2023-09-27T02:33:41.425+0000] {logging_mixin.py:151} INFO - [2023-09-27T02:33:41.424+0000] {manager.py:499} INFO - Created Permission View: %s
[2023-09-27T02:33:41.467+0000] {logging_mixin.py:151} INFO - [2023-09-27T02:33:41.464+0000] {manager.py:499} INFO - Created Permission View: %s
[2023-09-27T02:33:41.500+0000] {logging_mixin.py:151} INFO - [2023-09-27T02:33:41.500+0000] {manager.py:499} INFO - Created Permission View: %s
[2023-09-27T02:33:41.503+0000] {logging_mixin.py:151} INFO - [2023-09-27T02:33:41.503+0000] {security.py:708} INFO - Not syncing DAG-level permissions for DAG 'DAG:tutorial_taskflow_api_virtualenv' as access control is unset.
[2023-09-27T02:33:41.505+0000] {logging_mixin.py:151} INFO - [2023-09-27T02:33:41.505+0000] {dag.py:2915} INFO - Sync 1 DAGs
[2023-09-27T02:33:41.590+0000] {logging_mixin.py:151} INFO - [2023-09-27T02:33:41.590+0000] {dag.py:2937} INFO - Creating ORM DAG for tutorial_taskflow_api_virtualenv
[2023-09-27T02:33:41.596+0000] {logging_mixin.py:151} INFO - [2023-09-27T02:33:41.595+0000] {dag.py:3696} INFO - Setting next_dagrun for tutorial_taskflow_api_virtualenv to None, run_after=None
[2023-09-27T02:33:41.695+0000] {processor.py:179} INFO - Processing /home/airflow/.local/lib/python3.8/site-packages/airflow/example_dags/tutorial_taskflow_api_virtualenv.py took 0.984 seconds
[2023-09-27T02:34:12.467+0000] {processor.py:157} INFO - Started process (PID=110) to work on /home/airflow/.local/lib/python3.8/site-packages/airflow/example_dags/tutorial_taskflow_api_virtualenv.py
[2023-09-27T02:34:12.475+0000] {processor.py:829} INFO - Processing file /home/airflow/.local/lib/python3.8/site-packages/airflow/example_dags/tutorial_taskflow_api_virtualenv.py for tasks to queue
[2023-09-27T02:34:12.482+0000] {logging_mixin.py:151} INFO - [2023-09-27T02:34:12.481+0000] {dagbag.py:539} INFO - Filling up the DagBag from /home/airflow/.local/lib/python3.8/site-packages/airflow/example_dags/tutorial_taskflow_api_virtualenv.py
[2023-09-27T02:34:12.513+0000] {processor.py:839} INFO - DAG(s) dict_keys(['tutorial_taskflow_api_virtualenv']) retrieved from /home/airflow/.local/lib/python3.8/site-packages/airflow/example_dags/tutorial_taskflow_api_virtualenv.py
[2023-09-27T02:34:12.603+0000] {logging_mixin.py:151} INFO - [2023-09-27T02:34:12.602+0000] {dag.py:2915} INFO - Sync 1 DAGs
[2023-09-27T02:34:12.649+0000] {logging_mixin.py:151} INFO - [2023-09-27T02:34:12.648+0000] {dag.py:3696} INFO - Setting next_dagrun for tutorial_taskflow_api_virtualenv to None, run_after=None
[2023-09-27T02:34:12.746+0000] {processor.py:179} INFO - Processing /home/airflow/.local/lib/python3.8/site-packages/airflow/example_dags/tutorial_taskflow_api_virtualenv.py took 0.291 seconds
[2023-09-27T02:34:43.389+0000] {processor.py:157} INFO - Started process (PID=164) to work on /home/airflow/.local/lib/python3.8/site-packages/airflow/example_dags/tutorial_taskflow_api_virtualenv.py
[2023-09-27T02:34:43.392+0000] {processor.py:829} INFO - Processing file /home/airflow/.local/lib/python3.8/site-packages/airflow/example_dags/tutorial_taskflow_api_virtualenv.py for tasks to queue
[2023-09-27T02:34:43.397+0000] {logging_mixin.py:151} INFO - [2023-09-27T02:34:43.397+0000] {dagbag.py:539} INFO - Filling up the DagBag from /home/airflow/.local/lib/python3.8/site-packages/airflow/example_dags/tutorial_taskflow_api_virtualenv.py
[2023-09-27T02:34:43.411+0000] {processor.py:839} INFO - DAG(s) dict_keys(['tutorial_taskflow_api_virtualenv']) retrieved from /home/airflow/.local/lib/python3.8/site-packages/airflow/example_dags/tutorial_taskflow_api_virtualenv.py
[2023-09-27T02:34:43.451+0000] {logging_mixin.py:151} INFO - [2023-09-27T02:34:43.450+0000] {dag.py:2915} INFO - Sync 1 DAGs
[2023-09-27T02:34:43.478+0000] {logging_mixin.py:151} INFO - [2023-09-27T02:34:43.478+0000] {dag.py:3696} INFO - Setting next_dagrun for tutorial_taskflow_api_virtualenv to None, run_after=None
[2023-09-27T02:34:43.527+0000] {processor.py:179} INFO - Processing /home/airflow/.local/lib/python3.8/site-packages/airflow/example_dags/tutorial_taskflow_api_virtualenv.py took 0.144 seconds
[2023-09-27T02:35:13.800+0000] {processor.py:157} INFO - Started process (PID=217) to work on /home/airflow/.local/lib/python3.8/site-packages/airflow/example_dags/tutorial_taskflow_api_virtualenv.py
[2023-09-27T02:35:13.802+0000] {processor.py:829} INFO - Processing file /home/airflow/.local/lib/python3.8/site-packages/airflow/example_dags/tutorial_taskflow_api_virtualenv.py for tasks to queue
[2023-09-27T02:35:13.805+0000] {logging_mixin.py:151} INFO - [2023-09-27T02:35:13.805+0000] {dagbag.py:539} INFO - Filling up the DagBag from /home/airflow/.local/lib/python3.8/site-packages/airflow/example_dags/tutorial_taskflow_api_virtualenv.py
[2023-09-27T02:35:13.814+0000] {processor.py:839} INFO - DAG(s) dict_keys(['tutorial_taskflow_api_virtualenv']) retrieved from /home/airflow/.local/lib/python3.8/site-packages/airflow/example_dags/tutorial_taskflow_api_virtualenv.py
[2023-09-27T02:35:13.839+0000] {logging_mixin.py:151} INFO - [2023-09-27T02:35:13.839+0000] {dag.py:2915} INFO - Sync 1 DAGs
[2023-09-27T02:35:13.855+0000] {logging_mixin.py:151} INFO - [2023-09-27T02:35:13.855+0000] {dag.py:3696} INFO - Setting next_dagrun for tutorial_taskflow_api_virtualenv to None, run_after=None
[2023-09-27T02:35:13.881+0000] {processor.py:179} INFO - Processing /home/airflow/.local/lib/python3.8/site-packages/airflow/example_dags/tutorial_taskflow_api_virtualenv.py took 0.084 seconds
[2023-09-27T02:35:44.118+0000] {processor.py:157} INFO - Started process (PID=271) to work on /home/airflow/.local/lib/python3.8/site-packages/airflow/example_dags/tutorial_taskflow_api_virtualenv.py
[2023-09-27T02:35:44.119+0000] {processor.py:829} INFO - Processing file /home/airflow/.local/lib/python3.8/site-packages/airflow/example_dags/tutorial_taskflow_api_virtualenv.py for tasks to queue
[2023-09-27T02:35:44.123+0000] {logging_mixin.py:151} INFO - [2023-09-27T02:35:44.122+0000] {dagbag.py:539} INFO - Filling up the DagBag from /home/airflow/.local/lib/python3.8/site-packages/airflow/example_dags/tutorial_taskflow_api_virtualenv.py
[2023-09-27T02:35:44.131+0000] {processor.py:839} INFO - DAG(s) dict_keys(['tutorial_taskflow_api_virtualenv']) retrieved from /home/airflow/.local/lib/python3.8/site-packages/airflow/example_dags/tutorial_taskflow_api_virtualenv.py
[2023-09-27T02:35:44.159+0000] {logging_mixin.py:151} INFO - [2023-09-27T02:35:44.159+0000] {dag.py:2915} INFO - Sync 1 DAGs
[2023-09-27T02:35:44.178+0000] {logging_mixin.py:151} INFO - [2023-09-27T02:35:44.178+0000] {dag.py:3696} INFO - Setting next_dagrun for tutorial_taskflow_api_virtualenv to None, run_after=None
[2023-09-27T02:35:44.208+0000] {processor.py:179} INFO - Processing /home/airflow/.local/lib/python3.8/site-packages/airflow/example_dags/tutorial_taskflow_api_virtualenv.py took 0.094 seconds
[2023-09-27T02:36:14.922+0000] {processor.py:157} INFO - Started process (PID=332) to work on /home/airflow/.local/lib/python3.8/site-packages/airflow/example_dags/tutorial_taskflow_api_virtualenv.py
[2023-09-27T02:36:14.924+0000] {processor.py:829} INFO - Processing file /home/airflow/.local/lib/python3.8/site-packages/airflow/example_dags/tutorial_taskflow_api_virtualenv.py for tasks to queue
[2023-09-27T02:36:14.930+0000] {logging_mixin.py:151} INFO - [2023-09-27T02:36:14.930+0000] {dagbag.py:539} INFO - Filling up the DagBag from /home/airflow/.local/lib/python3.8/site-packages/airflow/example_dags/tutorial_taskflow_api_virtualenv.py
[2023-09-27T02:36:14.951+0000] {processor.py:839} INFO - DAG(s) dict_keys(['tutorial_taskflow_api_virtualenv']) retrieved from /home/airflow/.local/lib/python3.8/site-packages/airflow/example_dags/tutorial_taskflow_api_virtualenv.py
[2023-09-27T02:36:15.015+0000] {logging_mixin.py:151} INFO - [2023-09-27T02:36:15.014+0000] {dag.py:2915} INFO - Sync 1 DAGs
[2023-09-27T02:36:15.052+0000] {logging_mixin.py:151} INFO - [2023-09-27T02:36:15.051+0000] {dag.py:3696} INFO - Setting next_dagrun for tutorial_taskflow_api_virtualenv to None, run_after=None
[2023-09-27T02:36:15.102+0000] {processor.py:179} INFO - Processing /home/airflow/.local/lib/python3.8/site-packages/airflow/example_dags/tutorial_taskflow_api_virtualenv.py took 0.190 seconds
[2023-09-27T02:36:45.323+0000] {processor.py:157} INFO - Started process (PID=396) to work on /home/airflow/.local/lib/python3.8/site-packages/airflow/example_dags/tutorial_taskflow_api_virtualenv.py
[2023-09-27T02:36:45.327+0000] {processor.py:829} INFO - Processing file /home/airflow/.local/lib/python3.8/site-packages/airflow/example_dags/tutorial_taskflow_api_virtualenv.py for tasks to queue
[2023-09-27T02:36:45.334+0000] {logging_mixin.py:151} INFO - [2023-09-27T02:36:45.333+0000] {dagbag.py:539} INFO - Filling up the DagBag from /home/airflow/.local/lib/python3.8/site-packages/airflow/example_dags/tutorial_taskflow_api_virtualenv.py
[2023-09-27T02:36:45.368+0000] {processor.py:839} INFO - DAG(s) dict_keys(['tutorial_taskflow_api_virtualenv']) retrieved from /home/airflow/.local/lib/python3.8/site-packages/airflow/example_dags/tutorial_taskflow_api_virtualenv.py
[2023-09-27T02:36:45.462+0000] {logging_mixin.py:151} INFO - [2023-09-27T02:36:45.461+0000] {dag.py:2915} INFO - Sync 1 DAGs
[2023-09-27T02:36:45.523+0000] {logging_mixin.py:151} INFO - [2023-09-27T02:36:45.523+0000] {dag.py:3696} INFO - Setting next_dagrun for tutorial_taskflow_api_virtualenv to None, run_after=None
[2023-09-27T02:36:45.588+0000] {processor.py:179} INFO - Processing /home/airflow/.local/lib/python3.8/site-packages/airflow/example_dags/tutorial_taskflow_api_virtualenv.py took 0.276 seconds
[2023-09-27T02:37:15.864+0000] {processor.py:157} INFO - Started process (PID=450) to work on /home/airflow/.local/lib/python3.8/site-packages/airflow/example_dags/tutorial_taskflow_api_virtualenv.py
[2023-09-27T02:37:15.866+0000] {processor.py:829} INFO - Processing file /home/airflow/.local/lib/python3.8/site-packages/airflow/example_dags/tutorial_taskflow_api_virtualenv.py for tasks to queue
[2023-09-27T02:37:15.871+0000] {logging_mixin.py:151} INFO - [2023-09-27T02:37:15.870+0000] {dagbag.py:539} INFO - Filling up the DagBag from /home/airflow/.local/lib/python3.8/site-packages/airflow/example_dags/tutorial_taskflow_api_virtualenv.py
[2023-09-27T02:37:15.882+0000] {processor.py:839} INFO - DAG(s) dict_keys(['tutorial_taskflow_api_virtualenv']) retrieved from /home/airflow/.local/lib/python3.8/site-packages/airflow/example_dags/tutorial_taskflow_api_virtualenv.py
[2023-09-27T02:37:15.922+0000] {logging_mixin.py:151} INFO - [2023-09-27T02:37:15.922+0000] {dag.py:2915} INFO - Sync 1 DAGs
[2023-09-27T02:37:15.947+0000] {logging_mixin.py:151} INFO - [2023-09-27T02:37:15.947+0000] {dag.py:3696} INFO - Setting next_dagrun for tutorial_taskflow_api_virtualenv to None, run_after=None
[2023-09-27T02:37:15.981+0000] {processor.py:179} INFO - Processing /home/airflow/.local/lib/python3.8/site-packages/airflow/example_dags/tutorial_taskflow_api_virtualenv.py took 0.122 seconds
[2023-09-27T02:37:46.513+0000] {processor.py:157} INFO - Started process (PID=504) to work on /home/airflow/.local/lib/python3.8/site-packages/airflow/example_dags/tutorial_taskflow_api_virtualenv.py
[2023-09-27T02:37:46.515+0000] {processor.py:829} INFO - Processing file /home/airflow/.local/lib/python3.8/site-packages/airflow/example_dags/tutorial_taskflow_api_virtualenv.py for tasks to queue
[2023-09-27T02:37:46.521+0000] {logging_mixin.py:151} INFO - [2023-09-27T02:37:46.520+0000] {dagbag.py:539} INFO - Filling up the DagBag from /home/airflow/.local/lib/python3.8/site-packages/airflow/example_dags/tutorial_taskflow_api_virtualenv.py
[2023-09-27T02:37:46.534+0000] {processor.py:839} INFO - DAG(s) dict_keys(['tutorial_taskflow_api_virtualenv']) retrieved from /home/airflow/.local/lib/python3.8/site-packages/airflow/example_dags/tutorial_taskflow_api_virtualenv.py
[2023-09-27T02:37:46.574+0000] {logging_mixin.py:151} INFO - [2023-09-27T02:37:46.573+0000] {dag.py:2915} INFO - Sync 1 DAGs
[2023-09-27T02:37:46.599+0000] {logging_mixin.py:151} INFO - [2023-09-27T02:37:46.599+0000] {dag.py:3696} INFO - Setting next_dagrun for tutorial_taskflow_api_virtualenv to None, run_after=None
[2023-09-27T02:37:46.636+0000] {processor.py:179} INFO - Processing /home/airflow/.local/lib/python3.8/site-packages/airflow/example_dags/tutorial_taskflow_api_virtualenv.py took 0.129 seconds
[2023-09-27T02:38:17.291+0000] {processor.py:157} INFO - Started process (PID=558) to work on /home/airflow/.local/lib/python3.8/site-packages/airflow/example_dags/tutorial_taskflow_api_virtualenv.py
[2023-09-27T02:38:17.292+0000] {processor.py:829} INFO - Processing file /home/airflow/.local/lib/python3.8/site-packages/airflow/example_dags/tutorial_taskflow_api_virtualenv.py for tasks to queue
[2023-09-27T02:38:17.296+0000] {logging_mixin.py:151} INFO - [2023-09-27T02:38:17.295+0000] {dagbag.py:539} INFO - Filling up the DagBag from /home/airflow/.local/lib/python3.8/site-packages/airflow/example_dags/tutorial_taskflow_api_virtualenv.py
[2023-09-27T02:38:17.307+0000] {processor.py:839} INFO - DAG(s) dict_keys(['tutorial_taskflow_api_virtualenv']) retrieved from /home/airflow/.local/lib/python3.8/site-packages/airflow/example_dags/tutorial_taskflow_api_virtualenv.py
[2023-09-27T02:38:17.333+0000] {logging_mixin.py:151} INFO - [2023-09-27T02:38:17.332+0000] {dag.py:2915} INFO - Sync 1 DAGs
[2023-09-27T02:38:17.349+0000] {logging_mixin.py:151} INFO - [2023-09-27T02:38:17.349+0000] {dag.py:3696} INFO - Setting next_dagrun for tutorial_taskflow_api_virtualenv to None, run_after=None
[2023-09-27T02:38:17.373+0000] {processor.py:179} INFO - Processing /home/airflow/.local/lib/python3.8/site-packages/airflow/example_dags/tutorial_taskflow_api_virtualenv.py took 0.086 seconds
